{"entryKind":"call","function":{"valueKind":"abstract-object","value":{"objectKind":"allocation-site","allocationSite":{"fileName":"test/sunspider/access-nsieve.js","lineNumber":"19","columnNumber":"1"}}},"base":{"valueKind":"abstract-object","value":{"objectKind":"builtin","canonicalName":"<the global object>"}},"arguments":[{"valueKind":"abstract-primitive","value":"NUM_UINT"},{"valueKind":"abstract-object","value":{"objectKind":"other"}}],"sourceLocation":{"fileName":"test/sunspider/access-nsieve.js","lineNumber":"38","columnNumber":"9"}}
{"entryKind":"call","function":{"valueKind":"abstract-object","value":{"objectKind":"allocation-site","allocationSite":{"fileName":"test/sunspider/access-nsieve.js","lineNumber":"34","columnNumber":"1"}}},"base":{"valueKind":"abstract-object","value":{"objectKind":"builtin","canonicalName":"<the global object>"}},"arguments":[],"sourceLocation":{"fileName":"test/sunspider/access-nsieve.js","lineNumber":"42","columnNumber":"1"}}
{"entryKind":"call","function":{"valueKind":"abstract-object","value":{"objectKind":"builtin","canonicalName":"Array"}},"base":{"valueKind":"abstract-object","value":{"objectKind":"builtin","canonicalName":"<the global object>"}},"arguments":[{"valueKind":"abstract-primitive","value":"NUM_UINT"}],"sourceLocation":{"fileName":"test/sunspider/access-nsieve.js","lineNumber":"37","columnNumber":"21"}}
{"entryKind":"call","function":{"valueKind":"abstract-object","value":{"objectKind":"builtin","canonicalName":"Date"}},"base":{"valueKind":"abstract-object","value":{"objectKind":"builtin","canonicalName":"<the global object>"}},"arguments":[],"sourceLocation":{"fileName":"test/sunspider/access-nsieve.js","lineNumber":"3","columnNumber":"27"}}
{"entryKind":"call","function":{"valueKind":"abstract-object","value":{"objectKind":"builtin","canonicalName":"Date"}},"base":{"valueKind":"abstract-object","value":{"objectKind":"builtin","canonicalName":"<the global object>"}},"arguments":[],"sourceLocation":{"fileName":"test/sunspider/access-nsieve.js","lineNumber":"45","columnNumber":"26"}}
{"entryKind":"call","function":{"valueKind":"abstract-object","value":{"objectKind":"other"}},"base":{"valueKind":"abstract-object","value":{"objectKind":"builtin","canonicalName":"<the global object>"}},"arguments":[{"valueKind":"abstract-primitive","value":"NUM_UINT"}],"sourceLocation":{"fileName":"test/sunspider/access-nsieve.js","lineNumber":"47","columnNumber":"1"}}
{"entryKind":"function-entry","base":{"valueKind":"abstract-object","value":{"objectKind":"builtin","canonicalName":"<the global object>"}},"arguments":[],"sourceLocation":{"fileName":"test/sunspider/access-nsieve.js","lineNumber":"34","columnNumber":"1"}}
{"entryKind":"function-entry","base":{"valueKind":"abstract-object","value":{"objectKind":"builtin","canonicalName":"<the global object>"}},"arguments":[{"valueKind":"abstract-primitive","value":"NUM_UINT"},{"valueKind":"abstract-object","value":{"objectKind":"other"}}],"sourceLocation":{"fileName":"test/sunspider/access-nsieve.js","lineNumber":"19","columnNumber":"1"}}
{"entryKind":"function-exit","returnValue":{"valueKind":"abstract-primitive","value":"NUM_UINT"},"sourceLocation":{"fileName":"test/sunspider/access-nsieve.js","lineNumber":"19","columnNumber":"1"}}
{"entryKind":"function-exit","returnValue":{"valueKind":"abstract-primitive","value":"undefined"},"sourceLocation":{"fileName":"test/sunspider/access-nsieve.js","lineNumber":"34","columnNumber":"1"}}
{"entryKind":"read-property","name":{"valueKind":"abstract-primitive","value":"NUM_UINT"},"value":{"valueKind":"abstract-primitive","value":"false"},"sourceLocation":{"fileName":"test/sunspider/access-nsieve.js","lineNumber":"26","columnNumber":"11"}}
{"entryKind":"read-property","name":{"valueKind":"abstract-primitive","value":"NUM_UINT"},"value":{"valueKind":"abstract-primitive","value":"true"},"sourceLocation":{"fileName":"test/sunspider/access-nsieve.js","lineNumber":"26","columnNumber":"11"}}
{"entryKind":"read-variable","name":{"valueKind":"concrete-string","value":"Array"},"value":{"valueKind":"abstract-object","value":{"objectKind":"builtin","canonicalName":"Array"}},"sourceLocation":{"fileName":"test/sunspider/access-nsieve.js","lineNumber":"37","columnNumber":"21"}}
{"entryKind":"read-variable","name":{"valueKind":"concrete-string","value":"Date"},"value":{"valueKind":"abstract-object","value":{"objectKind":"builtin","canonicalName":"Date"}},"sourceLocation":{"fileName":"test/sunspider/access-nsieve.js","lineNumber":"3","columnNumber":"31"}}
{"entryKind":"read-variable","name":{"valueKind":"concrete-string","value":"Date"},"value":{"valueKind":"abstract-object","value":{"objectKind":"builtin","canonicalName":"Date"}},"sourceLocation":{"fileName":"test/sunspider/access-nsieve.js","lineNumber":"45","columnNumber":"30"}}
{"entryKind":"read-variable","name":{"valueKind":"concrete-string","value":"TAJS_dumpValue"},"value":{"valueKind":"abstract-object","value":{"objectKind":"other"}},"sourceLocation":{"fileName":"test/sunspider/access-nsieve.js","lineNumber":"47","columnNumber":"1"}}
{"entryKind":"read-variable","name":{"valueKind":"concrete-string","value":"_sunSpiderInterval"},"value":{"valueKind":"abstract-primitive","value":"NUM_UINT"},"sourceLocation":{"fileName":"test/sunspider/access-nsieve.js","lineNumber":"47","columnNumber":"16"}}
{"entryKind":"read-variable","name":{"valueKind":"concrete-string","value":"_sunSpiderStartDate"},"value":{"valueKind":"abstract-object","value":{"objectKind":"allocation-site","allocationSite":{"fileName":"test/sunspider/access-nsieve.js","lineNumber":"3","columnNumber":"27"}}},"sourceLocation":{"fileName":"test/sunspider/access-nsieve.js","lineNumber":"45","columnNumber":"39"}}
{"entryKind":"read-variable","name":{"valueKind":"concrete-string","value":"count"},"value":{"valueKind":"abstract-primitive","value":"0"},"sourceLocation":{"fileName":"test/sunspider/access-nsieve.js","lineNumber":"28","columnNumber":"10"}}
{"entryKind":"read-variable","name":{"valueKind":"concrete-string","value":"count"},"value":{"valueKind":"abstract-primitive","value":"1"},"sourceLocation":{"fileName":"test/sunspider/access-nsieve.js","lineNumber":"28","columnNumber":"10"}}
{"entryKind":"read-variable","name":{"valueKind":"concrete-string","value":"count"},"value":{"valueKind":"abstract-primitive","value":"NUM_UINT"},"sourceLocation":{"fileName":"test/sunspider/access-nsieve.js","lineNumber":"28","columnNumber":"10"}}
{"entryKind":"read-variable","name":{"valueKind":"concrete-string","value":"count"},"value":{"valueKind":"abstract-primitive","value":"NUM_UINT"},"sourceLocation":{"fileName":"test/sunspider/access-nsieve.js","lineNumber":"31","columnNumber":"11"}}
{"entryKind":"read-variable","name":{"valueKind":"concrete-string","value":"flags"},"value":{"valueKind":"abstract-object","value":{"objectKind":"other"}},"sourceLocation":{"fileName":"test/sunspider/access-nsieve.js","lineNumber":"38","columnNumber":"19"}}
{"entryKind":"read-variable","name":{"valueKind":"concrete-string","value":"i"},"value":{"valueKind":"abstract-primitive","value":"1"},"sourceLocation":{"fileName":"test/sunspider/access-nsieve.js","lineNumber":"35","columnNumber":"21"}}
{"entryKind":"read-variable","name":{"valueKind":"concrete-string","value":"i"},"value":{"valueKind":"abstract-primitive","value":"1"},"sourceLocation":{"fileName":"test/sunspider/access-nsieve.js","lineNumber":"35","columnNumber":"29"}}
{"entryKind":"read-variable","name":{"valueKind":"concrete-string","value":"i"},"value":{"valueKind":"abstract-primitive","value":"1"},"sourceLocation":{"fileName":"test/sunspider/access-nsieve.js","lineNumber":"36","columnNumber":"21"}}
{"entryKind":"read-variable","name":{"valueKind":"concrete-string","value":"i"},"value":{"valueKind":"abstract-primitive","value":"NUM_UINT"},"sourceLocation":{"fileName":"test/sunspider/access-nsieve.js","lineNumber":"22","columnNumber":"14"}}
{"entryKind":"read-variable","name":{"valueKind":"concrete-string","value":"i"},"value":{"valueKind":"abstract-primitive","value":"NUM_UINT"},"sourceLocation":{"fileName":"test/sunspider/access-nsieve.js","lineNumber":"22","columnNumber":"20"}}
{"entryKind":"read-variable","name":{"valueKind":"concrete-string","value":"i"},"value":{"valueKind":"abstract-primitive","value":"NUM_UINT"},"sourceLocation":{"fileName":"test/sunspider/access-nsieve.js","lineNumber":"22","columnNumber":"35"}}
{"entryKind":"read-variable","name":{"valueKind":"concrete-string","value":"i"},"value":{"valueKind":"abstract-primitive","value":"NUM_UINT"},"sourceLocation":{"fileName":"test/sunspider/access-nsieve.js","lineNumber":"25","columnNumber":"14"}}
{"entryKind":"read-variable","name":{"valueKind":"concrete-string","value":"i"},"value":{"valueKind":"abstract-primitive","value":"NUM_UINT"},"sourceLocation":{"fileName":"test/sunspider/access-nsieve.js","lineNumber":"25","columnNumber":"20"}}
{"entryKind":"read-variable","name":{"valueKind":"concrete-string","value":"i"},"value":{"valueKind":"abstract-primitive","value":"NUM_UINT"},"sourceLocation":{"fileName":"test/sunspider/access-nsieve.js","lineNumber":"26","columnNumber":"19"}}
{"entryKind":"read-variable","name":{"valueKind":"concrete-string","value":"i"},"value":{"valueKind":"abstract-primitive","value":"NUM_UINT"},"sourceLocation":{"fileName":"test/sunspider/access-nsieve.js","lineNumber":"27","columnNumber":"17"}}
{"entryKind":"read-variable","name":{"valueKind":"concrete-string","value":"i"},"value":{"valueKind":"abstract-primitive","value":"NUM_UINT"},"sourceLocation":{"fileName":"test/sunspider/access-nsieve.js","lineNumber":"27","columnNumber":"19"}}
{"entryKind":"read-variable","name":{"valueKind":"concrete-string","value":"i"},"value":{"valueKind":"abstract-primitive","value":"NUM_UINT"},"sourceLocation":{"fileName":"test/sunspider/access-nsieve.js","lineNumber":"27","columnNumber":"31"}}
{"entryKind":"read-variable","name":{"valueKind":"concrete-string","value":"i"},"value":{"valueKind":"abstract-primitive","value":"NUM_UINT"},"sourceLocation":{"fileName":"test/sunspider/access-nsieve.js","lineNumber":"35","columnNumber":"21"}}
{"entryKind":"read-variable","name":{"valueKind":"concrete-string","value":"i"},"value":{"valueKind":"abstract-primitive","value":"NUM_UINT"},"sourceLocation":{"fileName":"test/sunspider/access-nsieve.js","lineNumber":"35","columnNumber":"29"}}
{"entryKind":"read-variable","name":{"valueKind":"concrete-string","value":"i"},"value":{"valueKind":"abstract-primitive","value":"NUM_UINT"},"sourceLocation":{"fileName":"test/sunspider/access-nsieve.js","lineNumber":"36","columnNumber":"21"}}
{"entryKind":"read-variable","name":{"valueKind":"concrete-string","value":"isPrime"},"value":{"valueKind":"abstract-object","value":{"objectKind":"other"}},"sourceLocation":{"fileName":"test/sunspider/access-nsieve.js","lineNumber":"22","columnNumber":"27"}}
{"entryKind":"read-variable","name":{"valueKind":"concrete-string","value":"isPrime"},"value":{"valueKind":"abstract-object","value":{"objectKind":"other"}},"sourceLocation":{"fileName":"test/sunspider/access-nsieve.js","lineNumber":"26","columnNumber":"11"}}
{"entryKind":"read-variable","name":{"valueKind":"concrete-string","value":"isPrime"},"value":{"valueKind":"abstract-object","value":{"objectKind":"other"}},"sourceLocation":{"fileName":"test/sunspider/access-nsieve.js","lineNumber":"27","columnNumber":"34"}}
{"entryKind":"read-variable","name":{"valueKind":"concrete-string","value":"k"},"value":{"valueKind":"abstract-primitive","value":"NUM_UINT"},"sourceLocation":{"fileName":"test/sunspider/access-nsieve.js","lineNumber":"27","columnNumber":"22"}}
{"entryKind":"read-variable","name":{"valueKind":"concrete-string","value":"k"},"value":{"valueKind":"abstract-primitive","value":"NUM_UINT"},"sourceLocation":{"fileName":"test/sunspider/access-nsieve.js","lineNumber":"27","columnNumber":"28"}}
{"entryKind":"read-variable","name":{"valueKind":"concrete-string","value":"k"},"value":{"valueKind":"abstract-primitive","value":"NUM_UINT"},"sourceLocation":{"fileName":"test/sunspider/access-nsieve.js","lineNumber":"27","columnNumber":"42"}}
{"entryKind":"read-variable","name":{"valueKind":"concrete-string","value":"m"},"value":{"valueKind":"abstract-primitive","value":"NUM_UINT"},"sourceLocation":{"fileName":"test/sunspider/access-nsieve.js","lineNumber":"22","columnNumber":"17"}}
{"entryKind":"read-variable","name":{"valueKind":"concrete-string","value":"m"},"value":{"valueKind":"abstract-primitive","value":"NUM_UINT"},"sourceLocation":{"fileName":"test/sunspider/access-nsieve.js","lineNumber":"25","columnNumber":"17"}}
{"entryKind":"read-variable","name":{"valueKind":"concrete-string","value":"m"},"value":{"valueKind":"abstract-primitive","value":"NUM_UINT"},"sourceLocation":{"fileName":"test/sunspider/access-nsieve.js","lineNumber":"27","columnNumber":"25"}}
{"entryKind":"read-variable","name":{"valueKind":"concrete-string","value":"m"},"value":{"valueKind":"abstract-primitive","value":"NUM_UINT"},"sourceLocation":{"fileName":"test/sunspider/access-nsieve.js","lineNumber":"37","columnNumber":"27"}}
{"entryKind":"read-variable","name":{"valueKind":"concrete-string","value":"m"},"value":{"valueKind":"abstract-primitive","value":"NUM_UINT"},"sourceLocation":{"fileName":"test/sunspider/access-nsieve.js","lineNumber":"38","columnNumber":"16"}}
{"entryKind":"read-variable","name":{"valueKind":"concrete-string","value":"nsieve"},"value":{"valueKind":"abstract-object","value":{"objectKind":"allocation-site","allocationSite":{"fileName":"test/sunspider/access-nsieve.js","lineNumber":"19","columnNumber":"1"}}},"sourceLocation":{"fileName":"test/sunspider/access-nsieve.js","lineNumber":"38","columnNumber":"9"}}
{"entryKind":"read-variable","name":{"valueKind":"concrete-string","value":"sieve"},"value":{"valueKind":"abstract-object","value":{"objectKind":"allocation-site","allocationSite":{"fileName":"test/sunspider/access-nsieve.js","lineNumber":"34","columnNumber":"1"}}},"sourceLocation":{"fileName":"test/sunspider/access-nsieve.js","lineNumber":"42","columnNumber":"1"}}
{"entryKind":"write-property","name":{"valueKind":"abstract-primitive","value":"NUM_UINT"},"value":{"valueKind":"abstract-primitive","value":"false"},"sourceLocation":{"fileName":"test/sunspider/access-nsieve.js","lineNumber":"27","columnNumber":"34"}}
{"entryKind":"write-property","name":{"valueKind":"abstract-primitive","value":"NUM_UINT"},"value":{"valueKind":"abstract-primitive","value":"true"},"sourceLocation":{"fileName":"test/sunspider/access-nsieve.js","lineNumber":"22","columnNumber":"27"}}
{"entryKind":"write-variable","name":{"valueKind":"concrete-string","value":"_sunSpiderInterval"},"value":{"valueKind":"abstract-primitive","value":"NUM_UINT"},"sourceLocation":{"fileName":"test/sunspider/access-nsieve.js","lineNumber":"45","columnNumber":"26"}}
{"entryKind":"write-variable","name":{"valueKind":"concrete-string","value":"_sunSpiderStartDate"},"value":{"valueKind":"abstract-object","value":{"objectKind":"allocation-site","allocationSite":{"fileName":"test/sunspider/access-nsieve.js","lineNumber":"3","columnNumber":"27"}}},"sourceLocation":{"fileName":"test/sunspider/access-nsieve.js","lineNumber":"3","columnNumber":"27"}}
{"entryKind":"write-variable","name":{"valueKind":"concrete-string","value":"count"},"value":{"valueKind":"abstract-primitive","value":"0"},"sourceLocation":{"fileName":"test/sunspider/access-nsieve.js","lineNumber":"23","columnNumber":"12"}}
{"entryKind":"write-variable","name":{"valueKind":"concrete-string","value":"count"},"value":{"valueKind":"abstract-primitive","value":"1"},"sourceLocation":{"fileName":"test/sunspider/access-nsieve.js","lineNumber":-1,"columnNumber":-1}}
{"entryKind":"write-variable","name":{"valueKind":"concrete-string","value":"count"},"value":{"valueKind":"abstract-primitive","value":"NUM_UINT"},"sourceLocation":{"fileName":"test/sunspider/access-nsieve.js","lineNumber":-1,"columnNumber":-1}}
{"entryKind":"write-variable","name":{"valueKind":"concrete-string","value":"flags"},"value":{"valueKind":"abstract-object","value":{"objectKind":"other"}},"sourceLocation":{"fileName":"test/sunspider/access-nsieve.js","lineNumber":"37","columnNumber":"21"}}
{"entryKind":"write-variable","name":{"valueKind":"concrete-string","value":"i"},"value":{"valueKind":"abstract-primitive","value":"1"},"sourceLocation":{"fileName":"test/sunspider/access-nsieve.js","lineNumber":"35","columnNumber":"18"}}
{"entryKind":"write-variable","name":{"valueKind":"concrete-string","value":"i"},"value":{"valueKind":"abstract-primitive","value":"NUM_UINT"},"sourceLocation":{"fileName":"test/sunspider/access-nsieve.js","lineNumber":"22","columnNumber":"11"}}
{"entryKind":"write-variable","name":{"valueKind":"concrete-string","value":"i"},"value":{"valueKind":"abstract-primitive","value":"NUM_UINT"},"sourceLocation":{"fileName":"test/sunspider/access-nsieve.js","lineNumber":"25","columnNumber":"11"}}
{"entryKind":"write-variable","name":{"valueKind":"concrete-string","value":"i"},"value":{"valueKind":"abstract-primitive","value":"NUM_UINT"},"sourceLocation":{"fileName":"test/sunspider/access-nsieve.js","lineNumber":-1,"columnNumber":-1}}
{"entryKind":"write-variable","name":{"valueKind":"concrete-string","value":"k"},"value":{"valueKind":"abstract-primitive","value":"NUM_UINT"},"sourceLocation":{"fileName":"test/sunspider/access-nsieve.js","lineNumber":"27","columnNumber":"17"}}
{"entryKind":"write-variable","name":{"valueKind":"concrete-string","value":"k"},"value":{"valueKind":"abstract-primitive","value":"NUM_UINT"},"sourceLocation":{"fileName":"test/sunspider/access-nsieve.js","lineNumber":"27","columnNumber":"31"}}
{"entryKind":"write-variable","name":{"valueKind":"concrete-string","value":"m"},"value":{"valueKind":"abstract-primitive","value":"NUM_UINT"},"sourceLocation":{"fileName":"test/sunspider/access-nsieve.js","lineNumber":"36","columnNumber":"17"}}
