{"sha":"81ee0931458e78d1e09e9da86c7668e35a4495e0", "time":1465383987}
{"entryKind":"call","function":{"valueKind":"abstract-object","value":{"objectKind":"allocation-site","allocationSite":{"fileName":"test/sunspider/access-fannkuch.js","lineNumber":"9","columnNumber":"1"}}},"base":{"valueKind":"abstract-object","value":{"objectKind":"builtin","canonicalName":"<the global object>"}},"arguments":[{"valueKind":"abstract-primitive","value":"NUM_UINT"}],"sourceLocation":{"fileName":"test/sunspider/access-fannkuch.js","lineNumber":"69","columnNumber":"11"}}
{"entryKind":"call","function":{"valueKind":"abstract-object","value":{"objectKind":"builtin","canonicalName":"Array"}},"base":{"valueKind":"abstract-object","value":{"objectKind":"builtin","canonicalName":"<the global object>"}},"arguments":[{"valueKind":"abstract-primitive","value":"NUM_UINT"}],"sourceLocation":{"fileName":"test/sunspider/access-fannkuch.js","lineNumber":"11","columnNumber":"15"}}
{"entryKind":"call","function":{"valueKind":"abstract-object","value":{"objectKind":"builtin","canonicalName":"Array"}},"base":{"valueKind":"abstract-object","value":{"objectKind":"builtin","canonicalName":"<the global object>"}},"arguments":[{"valueKind":"abstract-primitive","value":"NUM_UINT"}],"sourceLocation":{"fileName":"test/sunspider/access-fannkuch.js","lineNumber":"12","columnNumber":"16"}}
{"entryKind":"call","function":{"valueKind":"abstract-object","value":{"objectKind":"builtin","canonicalName":"Array"}},"base":{"valueKind":"abstract-object","value":{"objectKind":"builtin","canonicalName":"<the global object>"}},"arguments":[{"valueKind":"abstract-primitive","value":"NUM_UINT"}],"sourceLocation":{"fileName":"test/sunspider/access-fannkuch.js","lineNumber":"13","columnNumber":"16"}}
{"entryKind":"call","function":{"valueKind":"abstract-object","value":{"objectKind":"builtin","canonicalName":"Array"}},"base":{"valueKind":"abstract-object","value":{"objectKind":"builtin","canonicalName":"<the global object>"}},"arguments":[{"valueKind":"abstract-primitive","value":"NUM_UINT"}],"sourceLocation":{"fileName":"test/sunspider/access-fannkuch.js","lineNumber":"14","columnNumber":"18"}}
{"entryKind":"call","function":{"valueKind":"abstract-object","value":{"objectKind":"builtin","canonicalName":"Date"}},"base":{"valueKind":"abstract-object","value":{"objectKind":"builtin","canonicalName":"<the global object>"}},"arguments":[],"sourceLocation":{"fileName":"test/sunspider/access-fannkuch.js","lineNumber":"3","columnNumber":"27"}}
{"entryKind":"call","function":{"valueKind":"abstract-object","value":{"objectKind":"other"}},"base":{"valueKind":"abstract-primitive","value":"1"},"arguments":[],"sourceLocation":{"fileName":"test/sunspider/access-fannkuch.js","lineNumber":"25","columnNumber":"38"}}
{"entryKind":"call","function":{"valueKind":"abstract-object","value":{"objectKind":"other"}},"base":{"valueKind":"abstract-primitive","value":"NUM_UINT"},"arguments":[],"sourceLocation":{"fileName":"test/sunspider/access-fannkuch.js","lineNumber":"25","columnNumber":"38"}}
{"entryKind":"function-entry","base":{"valueKind":"abstract-object","value":{"objectKind":"builtin","canonicalName":"<the global object>"}},"arguments":[{"valueKind":"abstract-primitive","value":"NUM_UINT"}],"sourceLocation":{"fileName":"test/sunspider/access-fannkuch.js","lineNumber":"9","columnNumber":"1"}}
{"entryKind":"read-property","name":{"valueKind":"abstract-primitive","value":"0"},"value":{"valueKind":"abstract-primitive","value":"0"},"sourceLocation":{"fileName":"test/sunspider/access-fannkuch.js","lineNumber":"25","columnNumber":"39"}}
{"entryKind":"read-property","name":{"valueKind":"abstract-primitive","value":"0"},"value":{"valueKind":"abstract-primitive","value":"0"},"sourceLocation":{"fileName":"test/sunspider/access-fannkuch.js","lineNumber":"30","columnNumber":"13"}}
{"entryKind":"read-property","name":{"valueKind":"abstract-primitive","value":"0"},"value":{"valueKind":"abstract-primitive","value":"0"},"sourceLocation":{"fileName":"test/sunspider/access-fannkuch.js","lineNumber":"36","columnNumber":"24"}}
{"entryKind":"read-property","name":{"valueKind":"abstract-primitive","value":"0"},"value":{"valueKind":"abstract-primitive","value":"0"},"sourceLocation":{"fileName":"test/sunspider/access-fannkuch.js","lineNumber":"52","columnNumber":"22"}}
{"entryKind":"read-property","name":{"valueKind":"abstract-primitive","value":"0"},"value":{"valueKind":"abstract-primitive","value":"1"},"sourceLocation":{"fileName":"test/sunspider/access-fannkuch.js","lineNumber":"25","columnNumber":"39"}}
{"entryKind":"read-property","name":{"valueKind":"abstract-primitive","value":"0"},"value":{"valueKind":"abstract-primitive","value":"1"},"sourceLocation":{"fileName":"test/sunspider/access-fannkuch.js","lineNumber":"30","columnNumber":"13"}}
{"entryKind":"read-property","name":{"valueKind":"abstract-primitive","value":"0"},"value":{"valueKind":"abstract-primitive","value":"1"},"sourceLocation":{"fileName":"test/sunspider/access-fannkuch.js","lineNumber":"31","columnNumber":"48"}}
{"entryKind":"read-property","name":{"valueKind":"abstract-primitive","value":"0"},"value":{"valueKind":"abstract-primitive","value":"1"},"sourceLocation":{"fileName":"test/sunspider/access-fannkuch.js","lineNumber":"36","columnNumber":"24"}}
{"entryKind":"read-property","name":{"valueKind":"abstract-primitive","value":"0"},"value":{"valueKind":"abstract-primitive","value":"1"},"sourceLocation":{"fileName":"test/sunspider/access-fannkuch.js","lineNumber":"39","columnNumber":"27"}}
{"entryKind":"read-property","name":{"valueKind":"abstract-primitive","value":"0"},"value":{"valueKind":"abstract-primitive","value":"1"},"sourceLocation":{"fileName":"test/sunspider/access-fannkuch.js","lineNumber":"46","columnNumber":"54"}}
{"entryKind":"read-property","name":{"valueKind":"abstract-primitive","value":"0"},"value":{"valueKind":"abstract-primitive","value":"1"},"sourceLocation":{"fileName":"test/sunspider/access-fannkuch.js","lineNumber":"52","columnNumber":"22"}}
{"entryKind":"read-property","name":{"valueKind":"abstract-primitive","value":"0"},"value":{"valueKind":"abstract-primitive","value":"NUM_UINT"},"sourceLocation":{"fileName":"test/sunspider/access-fannkuch.js","lineNumber":"25","columnNumber":"39"}}
{"entryKind":"read-property","name":{"valueKind":"abstract-primitive","value":"0"},"value":{"valueKind":"abstract-primitive","value":"NUM_UINT"},"sourceLocation":{"fileName":"test/sunspider/access-fannkuch.js","lineNumber":"30","columnNumber":"13"}}
{"entryKind":"read-property","name":{"valueKind":"abstract-primitive","value":"0"},"value":{"valueKind":"abstract-primitive","value":"NUM_UINT"},"sourceLocation":{"fileName":"test/sunspider/access-fannkuch.js","lineNumber":"31","columnNumber":"48"}}
{"entryKind":"read-property","name":{"valueKind":"abstract-primitive","value":"0"},"value":{"valueKind":"abstract-primitive","value":"NUM_UINT"},"sourceLocation":{"fileName":"test/sunspider/access-fannkuch.js","lineNumber":"36","columnNumber":"24"}}
{"entryKind":"read-property","name":{"valueKind":"abstract-primitive","value":"0"},"value":{"valueKind":"abstract-primitive","value":"NUM_UINT"},"sourceLocation":{"fileName":"test/sunspider/access-fannkuch.js","lineNumber":"39","columnNumber":"27"}}
{"entryKind":"read-property","name":{"valueKind":"abstract-primitive","value":"0"},"value":{"valueKind":"abstract-primitive","value":"NUM_UINT"},"sourceLocation":{"fileName":"test/sunspider/access-fannkuch.js","lineNumber":"46","columnNumber":"54"}}
{"entryKind":"read-property","name":{"valueKind":"abstract-primitive","value":"0"},"value":{"valueKind":"abstract-primitive","value":"NUM_UINT"},"sourceLocation":{"fileName":"test/sunspider/access-fannkuch.js","lineNumber":"52","columnNumber":"22"}}
{"entryKind":"read-property","name":{"valueKind":"abstract-primitive","value":"1"},"value":{"valueKind":"abstract-primitive","value":"0"},"sourceLocation":{"fileName":"test/sunspider/access-fannkuch.js","lineNumber":"25","columnNumber":"39"}}
{"entryKind":"read-property","name":{"valueKind":"abstract-primitive","value":"1"},"value":{"valueKind":"abstract-primitive","value":"0"},"sourceLocation":{"fileName":"test/sunspider/access-fannkuch.js","lineNumber":"31","columnNumber":"48"}}
{"entryKind":"read-property","name":{"valueKind":"abstract-primitive","value":"1"},"value":{"valueKind":"abstract-primitive","value":"0"},"sourceLocation":{"fileName":"test/sunspider/access-fannkuch.js","lineNumber":"39","columnNumber":"27"}}
{"entryKind":"read-property","name":{"valueKind":"abstract-primitive","value":"1"},"value":{"valueKind":"abstract-primitive","value":"0"},"sourceLocation":{"fileName":"test/sunspider/access-fannkuch.js","lineNumber":"39","columnNumber":"46"}}
{"entryKind":"read-property","name":{"valueKind":"abstract-primitive","value":"1"},"value":{"valueKind":"abstract-primitive","value":"0"},"sourceLocation":{"fileName":"test/sunspider/access-fannkuch.js","lineNumber":"56","columnNumber":"24"}}
{"entryKind":"read-property","name":{"valueKind":"abstract-primitive","value":"1"},"value":{"valueKind":"abstract-primitive","value":"0"},"sourceLocation":{"fileName":"test/sunspider/access-fannkuch.js","lineNumber":"62","columnNumber":"14"}}
{"entryKind":"read-property","name":{"valueKind":"abstract-primitive","value":"1"},"value":{"valueKind":"abstract-primitive","value":"1"},"sourceLocation":{"fileName":"test/sunspider/access-fannkuch.js","lineNumber":"25","columnNumber":"39"}}
{"entryKind":"read-property","name":{"valueKind":"abstract-primitive","value":"1"},"value":{"valueKind":"abstract-primitive","value":"1"},"sourceLocation":{"fileName":"test/sunspider/access-fannkuch.js","lineNumber":"31","columnNumber":"48"}}
{"entryKind":"read-property","name":{"valueKind":"abstract-primitive","value":"1"},"value":{"valueKind":"abstract-primitive","value":"1"},"sourceLocation":{"fileName":"test/sunspider/access-fannkuch.js","lineNumber":"39","columnNumber":"27"}}
{"entryKind":"read-property","name":{"valueKind":"abstract-primitive","value":"1"},"value":{"valueKind":"abstract-primitive","value":"1"},"sourceLocation":{"fileName":"test/sunspider/access-fannkuch.js","lineNumber":"56","columnNumber":"24"}}
{"entryKind":"read-property","name":{"valueKind":"abstract-primitive","value":"1"},"value":{"valueKind":"abstract-primitive","value":"1"},"sourceLocation":{"fileName":"test/sunspider/access-fannkuch.js","lineNumber":"61","columnNumber":"21"}}
{"entryKind":"read-property","name":{"valueKind":"abstract-primitive","value":"1"},"value":{"valueKind":"abstract-primitive","value":"1"},"sourceLocation":{"fileName":"test/sunspider/access-fannkuch.js","lineNumber":"62","columnNumber":"14"}}
{"entryKind":"read-property","name":{"valueKind":"abstract-primitive","value":"1"},"value":{"valueKind":"abstract-primitive","value":"NUM_UINT"},"sourceLocation":{"fileName":"test/sunspider/access-fannkuch.js","lineNumber":"25","columnNumber":"39"}}
{"entryKind":"read-property","name":{"valueKind":"abstract-primitive","value":"1"},"value":{"valueKind":"abstract-primitive","value":"NUM_UINT"},"sourceLocation":{"fileName":"test/sunspider/access-fannkuch.js","lineNumber":"31","columnNumber":"48"}}
{"entryKind":"read-property","name":{"valueKind":"abstract-primitive","value":"1"},"value":{"valueKind":"abstract-primitive","value":"NUM_UINT"},"sourceLocation":{"fileName":"test/sunspider/access-fannkuch.js","lineNumber":"39","columnNumber":"27"}}
{"entryKind":"read-property","name":{"valueKind":"abstract-primitive","value":"1"},"value":{"valueKind":"abstract-primitive","value":"NUM_UINT"},"sourceLocation":{"fileName":"test/sunspider/access-fannkuch.js","lineNumber":"39","columnNumber":"46"}}
{"entryKind":"read-property","name":{"valueKind":"abstract-primitive","value":"1"},"value":{"valueKind":"abstract-primitive","value":"NUM_UINT"},"sourceLocation":{"fileName":"test/sunspider/access-fannkuch.js","lineNumber":"46","columnNumber":"54"}}
{"entryKind":"read-property","name":{"valueKind":"abstract-primitive","value":"1"},"value":{"valueKind":"abstract-primitive","value":"NUM_UINT"},"sourceLocation":{"fileName":"test/sunspider/access-fannkuch.js","lineNumber":"56","columnNumber":"24"}}
{"entryKind":"read-property","name":{"valueKind":"abstract-primitive","value":"1"},"value":{"valueKind":"abstract-primitive","value":"NUM_UINT"},"sourceLocation":{"fileName":"test/sunspider/access-fannkuch.js","lineNumber":"61","columnNumber":"21"}}
{"entryKind":"read-property","name":{"valueKind":"abstract-primitive","value":"NUM_UINT"},"value":{"valueKind":"abstract-primitive","value":"0"},"sourceLocation":{"fileName":"test/sunspider/access-fannkuch.js","lineNumber":"25","columnNumber":"39"}}
{"entryKind":"read-property","name":{"valueKind":"abstract-primitive","value":"NUM_UINT"},"value":{"valueKind":"abstract-primitive","value":"0"},"sourceLocation":{"fileName":"test/sunspider/access-fannkuch.js","lineNumber":"30","columnNumber":"30"}}
{"entryKind":"read-property","name":{"valueKind":"abstract-primitive","value":"NUM_UINT"},"value":{"valueKind":"abstract-primitive","value":"0"},"sourceLocation":{"fileName":"test/sunspider/access-fannkuch.js","lineNumber":"31","columnNumber":"48"}}
{"entryKind":"read-property","name":{"valueKind":"abstract-primitive","value":"NUM_UINT"},"value":{"valueKind":"abstract-primitive","value":"0"},"sourceLocation":{"fileName":"test/sunspider/access-fannkuch.js","lineNumber":"39","columnNumber":"27"}}
{"entryKind":"read-property","name":{"valueKind":"abstract-primitive","value":"NUM_UINT"},"value":{"valueKind":"abstract-primitive","value":"0"},"sourceLocation":{"fileName":"test/sunspider/access-fannkuch.js","lineNumber":"39","columnNumber":"46"}}
{"entryKind":"read-property","name":{"valueKind":"abstract-primitive","value":"NUM_UINT"},"value":{"valueKind":"abstract-primitive","value":"0"},"sourceLocation":{"fileName":"test/sunspider/access-fannkuch.js","lineNumber":"46","columnNumber":"54"}}
{"entryKind":"read-property","name":{"valueKind":"abstract-primitive","value":"NUM_UINT"},"value":{"valueKind":"abstract-primitive","value":"0"},"sourceLocation":{"fileName":"test/sunspider/access-fannkuch.js","lineNumber":"56","columnNumber":"24"}}
{"entryKind":"read-property","name":{"valueKind":"abstract-primitive","value":"NUM_UINT"},"value":{"valueKind":"abstract-primitive","value":"0"},"sourceLocation":{"fileName":"test/sunspider/access-fannkuch.js","lineNumber":"62","columnNumber":"14"}}
{"entryKind":"read-property","name":{"valueKind":"abstract-primitive","value":"NUM_UINT"},"value":{"valueKind":"abstract-primitive","value":"1"},"sourceLocation":{"fileName":"test/sunspider/access-fannkuch.js","lineNumber":"25","columnNumber":"39"}}
{"entryKind":"read-property","name":{"valueKind":"abstract-primitive","value":"NUM_UINT"},"value":{"valueKind":"abstract-primitive","value":"1"},"sourceLocation":{"fileName":"test/sunspider/access-fannkuch.js","lineNumber":"30","columnNumber":"30"}}
{"entryKind":"read-property","name":{"valueKind":"abstract-primitive","value":"NUM_UINT"},"value":{"valueKind":"abstract-primitive","value":"1"},"sourceLocation":{"fileName":"test/sunspider/access-fannkuch.js","lineNumber":"31","columnNumber":"48"}}
{"entryKind":"read-property","name":{"valueKind":"abstract-primitive","value":"NUM_UINT"},"value":{"valueKind":"abstract-primitive","value":"1"},"sourceLocation":{"fileName":"test/sunspider/access-fannkuch.js","lineNumber":"39","columnNumber":"27"}}
{"entryKind":"read-property","name":{"valueKind":"abstract-primitive","value":"NUM_UINT"},"value":{"valueKind":"abstract-primitive","value":"1"},"sourceLocation":{"fileName":"test/sunspider/access-fannkuch.js","lineNumber":"39","columnNumber":"46"}}
{"entryKind":"read-property","name":{"valueKind":"abstract-primitive","value":"NUM_UINT"},"value":{"valueKind":"abstract-primitive","value":"1"},"sourceLocation":{"fileName":"test/sunspider/access-fannkuch.js","lineNumber":"46","columnNumber":"54"}}
{"entryKind":"read-property","name":{"valueKind":"abstract-primitive","value":"NUM_UINT"},"value":{"valueKind":"abstract-primitive","value":"1"},"sourceLocation":{"fileName":"test/sunspider/access-fannkuch.js","lineNumber":"56","columnNumber":"24"}}
{"entryKind":"read-property","name":{"valueKind":"abstract-primitive","value":"NUM_UINT"},"value":{"valueKind":"abstract-primitive","value":"1"},"sourceLocation":{"fileName":"test/sunspider/access-fannkuch.js","lineNumber":"61","columnNumber":"21"}}
{"entryKind":"read-property","name":{"valueKind":"abstract-primitive","value":"NUM_UINT"},"value":{"valueKind":"abstract-primitive","value":"1"},"sourceLocation":{"fileName":"test/sunspider/access-fannkuch.js","lineNumber":"62","columnNumber":"14"}}
{"entryKind":"read-property","name":{"valueKind":"abstract-primitive","value":"NUM_UINT"},"value":{"valueKind":"abstract-primitive","value":"NUM_UINT"},"sourceLocation":{"fileName":"test/sunspider/access-fannkuch.js","lineNumber":"25","columnNumber":"39"}}
{"entryKind":"read-property","name":{"valueKind":"abstract-primitive","value":"NUM_UINT"},"value":{"valueKind":"abstract-primitive","value":"NUM_UINT"},"sourceLocation":{"fileName":"test/sunspider/access-fannkuch.js","lineNumber":"30","columnNumber":"30"}}
{"entryKind":"read-property","name":{"valueKind":"abstract-primitive","value":"NUM_UINT"},"value":{"valueKind":"abstract-primitive","value":"NUM_UINT"},"sourceLocation":{"fileName":"test/sunspider/access-fannkuch.js","lineNumber":"31","columnNumber":"48"}}
{"entryKind":"read-property","name":{"valueKind":"abstract-primitive","value":"NUM_UINT"},"value":{"valueKind":"abstract-primitive","value":"NUM_UINT"},"sourceLocation":{"fileName":"test/sunspider/access-fannkuch.js","lineNumber":"39","columnNumber":"27"}}
{"entryKind":"read-property","name":{"valueKind":"abstract-primitive","value":"NUM_UINT"},"value":{"valueKind":"abstract-primitive","value":"NUM_UINT"},"sourceLocation":{"fileName":"test/sunspider/access-fannkuch.js","lineNumber":"39","columnNumber":"46"}}
{"entryKind":"read-property","name":{"valueKind":"abstract-primitive","value":"NUM_UINT"},"value":{"valueKind":"abstract-primitive","value":"NUM_UINT"},"sourceLocation":{"fileName":"test/sunspider/access-fannkuch.js","lineNumber":"46","columnNumber":"54"}}
{"entryKind":"read-property","name":{"valueKind":"abstract-primitive","value":"NUM_UINT"},"value":{"valueKind":"abstract-primitive","value":"NUM_UINT"},"sourceLocation":{"fileName":"test/sunspider/access-fannkuch.js","lineNumber":"56","columnNumber":"24"}}
{"entryKind":"read-property","name":{"valueKind":"abstract-primitive","value":"NUM_UINT"},"value":{"valueKind":"abstract-primitive","value":"NUM_UINT"},"sourceLocation":{"fileName":"test/sunspider/access-fannkuch.js","lineNumber":"61","columnNumber":"21"}}
{"entryKind":"read-property","name":{"valueKind":"abstract-primitive","value":"NUM_UINT"},"value":{"valueKind":"abstract-primitive","value":"NUM_UINT"},"sourceLocation":{"fileName":"test/sunspider/access-fannkuch.js","lineNumber":"62","columnNumber":"14"}}
{"entryKind":"read-property","name":{"valueKind":"concrete-string","value":"toString"},"value":{"valueKind":"abstract-object","value":{"objectKind":"other"}},"sourceLocation":{"fileName":"test/sunspider/access-fannkuch.js","lineNumber":"25","columnNumber":"38"}}
{"entryKind":"read-variable","name":{"valueKind":"concrete-string","value":"Array"},"value":{"valueKind":"abstract-object","value":{"objectKind":"builtin","canonicalName":"Array"}},"sourceLocation":{"fileName":"test/sunspider/access-fannkuch.js","lineNumber":"11","columnNumber":"15"}}
{"entryKind":"read-variable","name":{"valueKind":"concrete-string","value":"Array"},"value":{"valueKind":"abstract-object","value":{"objectKind":"builtin","canonicalName":"Array"}},"sourceLocation":{"fileName":"test/sunspider/access-fannkuch.js","lineNumber":"12","columnNumber":"16"}}
{"entryKind":"read-variable","name":{"valueKind":"concrete-string","value":"Array"},"value":{"valueKind":"abstract-object","value":{"objectKind":"builtin","canonicalName":"Array"}},"sourceLocation":{"fileName":"test/sunspider/access-fannkuch.js","lineNumber":"13","columnNumber":"16"}}
{"entryKind":"read-variable","name":{"valueKind":"concrete-string","value":"Array"},"value":{"valueKind":"abstract-object","value":{"objectKind":"builtin","canonicalName":"Array"}},"sourceLocation":{"fileName":"test/sunspider/access-fannkuch.js","lineNumber":"14","columnNumber":"18"}}
{"entryKind":"read-variable","name":{"valueKind":"concrete-string","value":"Date"},"value":{"valueKind":"abstract-object","value":{"objectKind":"builtin","canonicalName":"Date"}},"sourceLocation":{"fileName":"test/sunspider/access-fannkuch.js","lineNumber":"3","columnNumber":"31"}}
{"entryKind":"read-variable","name":{"valueKind":"concrete-string","value":"check"},"value":{"valueKind":"abstract-primitive","value":"0"},"sourceLocation":{"fileName":"test/sunspider/access-fannkuch.js","lineNumber":"23","columnNumber":"11"}}
{"entryKind":"read-variable","name":{"valueKind":"concrete-string","value":"check"},"value":{"valueKind":"abstract-primitive","value":"0"},"sourceLocation":{"fileName":"test/sunspider/access-fannkuch.js","lineNumber":"26","columnNumber":"10"}}
{"entryKind":"read-variable","name":{"valueKind":"concrete-string","value":"check"},"value":{"valueKind":"abstract-primitive","value":"1"},"sourceLocation":{"fileName":"test/sunspider/access-fannkuch.js","lineNumber":"23","columnNumber":"11"}}
{"entryKind":"read-variable","name":{"valueKind":"concrete-string","value":"check"},"value":{"valueKind":"abstract-primitive","value":"1"},"sourceLocation":{"fileName":"test/sunspider/access-fannkuch.js","lineNumber":"26","columnNumber":"10"}}
{"entryKind":"read-variable","name":{"valueKind":"concrete-string","value":"check"},"value":{"valueKind":"abstract-primitive","value":"NUM_UINT"},"sourceLocation":{"fileName":"test/sunspider/access-fannkuch.js","lineNumber":"23","columnNumber":"11"}}
{"entryKind":"read-variable","name":{"valueKind":"concrete-string","value":"check"},"value":{"valueKind":"abstract-primitive","value":"NUM_UINT"},"sourceLocation":{"fileName":"test/sunspider/access-fannkuch.js","lineNumber":"26","columnNumber":"10"}}
{"entryKind":"read-variable","name":{"valueKind":"concrete-string","value":"count"},"value":{"valueKind":"abstract-object","value":{"objectKind":"other"}},"sourceLocation":{"fileName":"test/sunspider/access-fannkuch.js","lineNumber":"29","columnNumber":"24"}}
{"entryKind":"read-variable","name":{"valueKind":"concrete-string","value":"count"},"value":{"valueKind":"abstract-object","value":{"objectKind":"other"}},"sourceLocation":{"fileName":"test/sunspider/access-fannkuch.js","lineNumber":"61","columnNumber":"10"}}
{"entryKind":"read-variable","name":{"valueKind":"concrete-string","value":"count"},"value":{"valueKind":"abstract-object","value":{"objectKind":"other"}},"sourceLocation":{"fileName":"test/sunspider/access-fannkuch.js","lineNumber":"61","columnNumber":"21"}}
{"entryKind":"read-variable","name":{"valueKind":"concrete-string","value":"count"},"value":{"valueKind":"abstract-object","value":{"objectKind":"other"}},"sourceLocation":{"fileName":"test/sunspider/access-fannkuch.js","lineNumber":"62","columnNumber":"14"}}
{"entryKind":"read-variable","name":{"valueKind":"concrete-string","value":"fannkuch"},"value":{"valueKind":"abstract-object","value":{"objectKind":"allocation-site","allocationSite":{"fileName":"test/sunspider/access-fannkuch.js","lineNumber":"9","columnNumber":"1"}}},"sourceLocation":{"fileName":"test/sunspider/access-fannkuch.js","lineNumber":"69","columnNumber":"11"}}
{"entryKind":"read-variable","name":{"valueKind":"concrete-string","value":"flipsCount"},"value":{"valueKind":"abstract-primitive","value":"0"},"sourceLocation":{"fileName":"test/sunspider/access-fannkuch.js","lineNumber":"41","columnNumber":"13"}}
{"entryKind":"read-variable","name":{"valueKind":"concrete-string","value":"flipsCount"},"value":{"valueKind":"abstract-primitive","value":"1"},"sourceLocation":{"fileName":"test/sunspider/access-fannkuch.js","lineNumber":"41","columnNumber":"13"}}
{"entryKind":"read-variable","name":{"valueKind":"concrete-string","value":"flipsCount"},"value":{"valueKind":"abstract-primitive","value":"1"},"sourceLocation":{"fileName":"test/sunspider/access-fannkuch.js","lineNumber":"44","columnNumber":"14"}}
{"entryKind":"read-variable","name":{"valueKind":"concrete-string","value":"flipsCount"},"value":{"valueKind":"abstract-primitive","value":"NUM_UINT"},"sourceLocation":{"fileName":"test/sunspider/access-fannkuch.js","lineNumber":"41","columnNumber":"13"}}
{"entryKind":"read-variable","name":{"valueKind":"concrete-string","value":"flipsCount"},"value":{"valueKind":"abstract-primitive","value":"NUM_UINT"},"sourceLocation":{"fileName":"test/sunspider/access-fannkuch.js","lineNumber":"44","columnNumber":"14"}}
{"entryKind":"read-variable","name":{"valueKind":"concrete-string","value":"flipsCount"},"value":{"valueKind":"abstract-primitive","value":"NUM_UINT"},"sourceLocation":{"fileName":"test/sunspider/access-fannkuch.js","lineNumber":"45","columnNumber":"29"}}
{"entryKind":"read-variable","name":{"valueKind":"concrete-string","value":"i"},"value":{"valueKind":"abstract-primitive","value":"0"},"sourceLocation":{"fileName":"test/sunspider/access-fannkuch.js","lineNumber":"18","columnNumber":"20"}}
{"entryKind":"read-variable","name":{"valueKind":"concrete-string","value":"i"},"value":{"valueKind":"abstract-primitive","value":"0"},"sourceLocation":{"fileName":"test/sunspider/access-fannkuch.js","lineNumber":"18","columnNumber":"27"}}
{"entryKind":"read-variable","name":{"valueKind":"concrete-string","value":"i"},"value":{"valueKind":"abstract-primitive","value":"0"},"sourceLocation":{"fileName":"test/sunspider/access-fannkuch.js","lineNumber":"18","columnNumber":"38"}}
{"entryKind":"read-variable","name":{"valueKind":"concrete-string","value":"i"},"value":{"valueKind":"abstract-primitive","value":"0"},"sourceLocation":{"fileName":"test/sunspider/access-fannkuch.js","lineNumber":"18","columnNumber":"43"}}
{"entryKind":"read-variable","name":{"valueKind":"concrete-string","value":"i"},"value":{"valueKind":"abstract-primitive","value":"0"},"sourceLocation":{"fileName":"test/sunspider/access-fannkuch.js","lineNumber":"25","columnNumber":"23"}}
{"entryKind":"read-variable","name":{"valueKind":"concrete-string","value":"i"},"value":{"valueKind":"abstract-primitive","value":"0"},"sourceLocation":{"fileName":"test/sunspider/access-fannkuch.js","lineNumber":"25","columnNumber":"28"}}
{"entryKind":"read-variable","name":{"valueKind":"concrete-string","value":"i"},"value":{"valueKind":"abstract-primitive","value":"0"},"sourceLocation":{"fileName":"test/sunspider/access-fannkuch.js","lineNumber":"25","columnNumber":"45"}}
{"entryKind":"read-variable","name":{"valueKind":"concrete-string","value":"i"},"value":{"valueKind":"abstract-primitive","value":"0"},"sourceLocation":{"fileName":"test/sunspider/access-fannkuch.js","lineNumber":"31","columnNumber":"26"}}
{"entryKind":"read-variable","name":{"valueKind":"concrete-string","value":"i"},"value":{"valueKind":"abstract-primitive","value":"0"},"sourceLocation":{"fileName":"test/sunspider/access-fannkuch.js","lineNumber":"31","columnNumber":"33"}}
{"entryKind":"read-variable","name":{"valueKind":"concrete-string","value":"i"},"value":{"valueKind":"abstract-primitive","value":"0"},"sourceLocation":{"fileName":"test/sunspider/access-fannkuch.js","lineNumber":"31","columnNumber":"43"}}
{"entryKind":"read-variable","name":{"valueKind":"concrete-string","value":"i"},"value":{"valueKind":"abstract-primitive","value":"0"},"sourceLocation":{"fileName":"test/sunspider/access-fannkuch.js","lineNumber":"31","columnNumber":"54"}}
{"entryKind":"read-variable","name":{"valueKind":"concrete-string","value":"i"},"value":{"valueKind":"abstract-primitive","value":"0"},"sourceLocation":{"fileName":"test/sunspider/access-fannkuch.js","lineNumber":"38","columnNumber":"29"}}
{"entryKind":"read-variable","name":{"valueKind":"concrete-string","value":"i"},"value":{"valueKind":"abstract-primitive","value":"0"},"sourceLocation":{"fileName":"test/sunspider/access-fannkuch.js","lineNumber":"38","columnNumber":"37"}}
{"entryKind":"read-variable","name":{"valueKind":"concrete-string","value":"i"},"value":{"valueKind":"abstract-primitive","value":"0"},"sourceLocation":{"fileName":"test/sunspider/access-fannkuch.js","lineNumber":"39","columnNumber":"32"}}
{"entryKind":"read-variable","name":{"valueKind":"concrete-string","value":"i"},"value":{"valueKind":"abstract-primitive","value":"0"},"sourceLocation":{"fileName":"test/sunspider/access-fannkuch.js","lineNumber":"39","columnNumber":"41"}}
{"entryKind":"read-variable","name":{"valueKind":"concrete-string","value":"i"},"value":{"valueKind":"abstract-primitive","value":"0"},"sourceLocation":{"fileName":"test/sunspider/access-fannkuch.js","lineNumber":"39","columnNumber":"55"}}
{"entryKind":"read-variable","name":{"valueKind":"concrete-string","value":"i"},"value":{"valueKind":"abstract-primitive","value":"0"},"sourceLocation":{"fileName":"test/sunspider/access-fannkuch.js","lineNumber":"39","columnNumber":"68"}}
{"entryKind":"read-variable","name":{"valueKind":"concrete-string","value":"i"},"value":{"valueKind":"abstract-primitive","value":"0"},"sourceLocation":{"fileName":"test/sunspider/access-fannkuch.js","lineNumber":"46","columnNumber":"29"}}
{"entryKind":"read-variable","name":{"valueKind":"concrete-string","value":"i"},"value":{"valueKind":"abstract-primitive","value":"0"},"sourceLocation":{"fileName":"test/sunspider/access-fannkuch.js","lineNumber":"46","columnNumber":"36"}}
{"entryKind":"read-variable","name":{"valueKind":"concrete-string","value":"i"},"value":{"valueKind":"abstract-primitive","value":"0"},"sourceLocation":{"fileName":"test/sunspider/access-fannkuch.js","lineNumber":"46","columnNumber":"49"}}
{"entryKind":"read-variable","name":{"valueKind":"concrete-string","value":"i"},"value":{"valueKind":"abstract-primitive","value":"0"},"sourceLocation":{"fileName":"test/sunspider/access-fannkuch.js","lineNumber":"46","columnNumber":"60"}}
{"entryKind":"read-variable","name":{"valueKind":"concrete-string","value":"i"},"value":{"valueKind":"abstract-primitive","value":"0"},"sourceLocation":{"fileName":"test/sunspider/access-fannkuch.js","lineNumber":"54","columnNumber":"17"}}
{"entryKind":"read-variable","name":{"valueKind":"concrete-string","value":"i"},"value":{"valueKind":"abstract-primitive","value":"0"},"sourceLocation":{"fileName":"test/sunspider/access-fannkuch.js","lineNumber":"55","columnNumber":"21"}}
{"entryKind":"read-variable","name":{"valueKind":"concrete-string","value":"i"},"value":{"valueKind":"abstract-primitive","value":"0"},"sourceLocation":{"fileName":"test/sunspider/access-fannkuch.js","lineNumber":"56","columnNumber":"19"}}
{"entryKind":"read-variable","name":{"valueKind":"concrete-string","value":"i"},"value":{"valueKind":"abstract-primitive","value":"1"},"sourceLocation":{"fileName":"test/sunspider/access-fannkuch.js","lineNumber":"18","columnNumber":"20"}}
{"entryKind":"read-variable","name":{"valueKind":"concrete-string","value":"i"},"value":{"valueKind":"abstract-primitive","value":"1"},"sourceLocation":{"fileName":"test/sunspider/access-fannkuch.js","lineNumber":"18","columnNumber":"27"}}
{"entryKind":"read-variable","name":{"valueKind":"concrete-string","value":"i"},"value":{"valueKind":"abstract-primitive","value":"1"},"sourceLocation":{"fileName":"test/sunspider/access-fannkuch.js","lineNumber":"18","columnNumber":"38"}}
{"entryKind":"read-variable","name":{"valueKind":"concrete-string","value":"i"},"value":{"valueKind":"abstract-primitive","value":"1"},"sourceLocation":{"fileName":"test/sunspider/access-fannkuch.js","lineNumber":"18","columnNumber":"43"}}
{"entryKind":"read-variable","name":{"valueKind":"concrete-string","value":"i"},"value":{"valueKind":"abstract-primitive","value":"1"},"sourceLocation":{"fileName":"test/sunspider/access-fannkuch.js","lineNumber":"25","columnNumber":"23"}}
{"entryKind":"read-variable","name":{"valueKind":"concrete-string","value":"i"},"value":{"valueKind":"abstract-primitive","value":"1"},"sourceLocation":{"fileName":"test/sunspider/access-fannkuch.js","lineNumber":"25","columnNumber":"28"}}
{"entryKind":"read-variable","name":{"valueKind":"concrete-string","value":"i"},"value":{"valueKind":"abstract-primitive","value":"1"},"sourceLocation":{"fileName":"test/sunspider/access-fannkuch.js","lineNumber":"25","columnNumber":"45"}}
{"entryKind":"read-variable","name":{"valueKind":"concrete-string","value":"i"},"value":{"valueKind":"abstract-primitive","value":"1"},"sourceLocation":{"fileName":"test/sunspider/access-fannkuch.js","lineNumber":"31","columnNumber":"26"}}
{"entryKind":"read-variable","name":{"valueKind":"concrete-string","value":"i"},"value":{"valueKind":"abstract-primitive","value":"1"},"sourceLocation":{"fileName":"test/sunspider/access-fannkuch.js","lineNumber":"31","columnNumber":"33"}}
{"entryKind":"read-variable","name":{"valueKind":"concrete-string","value":"i"},"value":{"valueKind":"abstract-primitive","value":"1"},"sourceLocation":{"fileName":"test/sunspider/access-fannkuch.js","lineNumber":"31","columnNumber":"43"}}
{"entryKind":"read-variable","name":{"valueKind":"concrete-string","value":"i"},"value":{"valueKind":"abstract-primitive","value":"1"},"sourceLocation":{"fileName":"test/sunspider/access-fannkuch.js","lineNumber":"31","columnNumber":"54"}}
{"entryKind":"read-variable","name":{"valueKind":"concrete-string","value":"i"},"value":{"valueKind":"abstract-primitive","value":"1"},"sourceLocation":{"fileName":"test/sunspider/access-fannkuch.js","lineNumber":"38","columnNumber":"29"}}
{"entryKind":"read-variable","name":{"valueKind":"concrete-string","value":"i"},"value":{"valueKind":"abstract-primitive","value":"1"},"sourceLocation":{"fileName":"test/sunspider/access-fannkuch.js","lineNumber":"38","columnNumber":"37"}}
{"entryKind":"read-variable","name":{"valueKind":"concrete-string","value":"i"},"value":{"valueKind":"abstract-primitive","value":"1"},"sourceLocation":{"fileName":"test/sunspider/access-fannkuch.js","lineNumber":"39","columnNumber":"32"}}
{"entryKind":"read-variable","name":{"valueKind":"concrete-string","value":"i"},"value":{"valueKind":"abstract-primitive","value":"1"},"sourceLocation":{"fileName":"test/sunspider/access-fannkuch.js","lineNumber":"39","columnNumber":"41"}}
{"entryKind":"read-variable","name":{"valueKind":"concrete-string","value":"i"},"value":{"valueKind":"abstract-primitive","value":"1"},"sourceLocation":{"fileName":"test/sunspider/access-fannkuch.js","lineNumber":"39","columnNumber":"55"}}
{"entryKind":"read-variable","name":{"valueKind":"concrete-string","value":"i"},"value":{"valueKind":"abstract-primitive","value":"1"},"sourceLocation":{"fileName":"test/sunspider/access-fannkuch.js","lineNumber":"39","columnNumber":"68"}}
{"entryKind":"read-variable","name":{"valueKind":"concrete-string","value":"i"},"value":{"valueKind":"abstract-primitive","value":"1"},"sourceLocation":{"fileName":"test/sunspider/access-fannkuch.js","lineNumber":"46","columnNumber":"29"}}
{"entryKind":"read-variable","name":{"valueKind":"concrete-string","value":"i"},"value":{"valueKind":"abstract-primitive","value":"1"},"sourceLocation":{"fileName":"test/sunspider/access-fannkuch.js","lineNumber":"46","columnNumber":"36"}}
{"entryKind":"read-variable","name":{"valueKind":"concrete-string","value":"i"},"value":{"valueKind":"abstract-primitive","value":"1"},"sourceLocation":{"fileName":"test/sunspider/access-fannkuch.js","lineNumber":"46","columnNumber":"49"}}
{"entryKind":"read-variable","name":{"valueKind":"concrete-string","value":"i"},"value":{"valueKind":"abstract-primitive","value":"1"},"sourceLocation":{"fileName":"test/sunspider/access-fannkuch.js","lineNumber":"46","columnNumber":"60"}}
{"entryKind":"read-variable","name":{"valueKind":"concrete-string","value":"i"},"value":{"valueKind":"abstract-primitive","value":"1"},"sourceLocation":{"fileName":"test/sunspider/access-fannkuch.js","lineNumber":"54","columnNumber":"17"}}
{"entryKind":"read-variable","name":{"valueKind":"concrete-string","value":"i"},"value":{"valueKind":"abstract-primitive","value":"1"},"sourceLocation":{"fileName":"test/sunspider/access-fannkuch.js","lineNumber":"55","columnNumber":"21"}}
{"entryKind":"read-variable","name":{"valueKind":"concrete-string","value":"i"},"value":{"valueKind":"abstract-primitive","value":"1"},"sourceLocation":{"fileName":"test/sunspider/access-fannkuch.js","lineNumber":"56","columnNumber":"19"}}
{"entryKind":"read-variable","name":{"valueKind":"concrete-string","value":"i"},"value":{"valueKind":"abstract-primitive","value":"NUM_UINT"},"sourceLocation":{"fileName":"test/sunspider/access-fannkuch.js","lineNumber":"18","columnNumber":"20"}}
{"entryKind":"read-variable","name":{"valueKind":"concrete-string","value":"i"},"value":{"valueKind":"abstract-primitive","value":"NUM_UINT"},"sourceLocation":{"fileName":"test/sunspider/access-fannkuch.js","lineNumber":"18","columnNumber":"27"}}
{"entryKind":"read-variable","name":{"valueKind":"concrete-string","value":"i"},"value":{"valueKind":"abstract-primitive","value":"NUM_UINT"},"sourceLocation":{"fileName":"test/sunspider/access-fannkuch.js","lineNumber":"18","columnNumber":"38"}}
{"entryKind":"read-variable","name":{"valueKind":"concrete-string","value":"i"},"value":{"valueKind":"abstract-primitive","value":"NUM_UINT"},"sourceLocation":{"fileName":"test/sunspider/access-fannkuch.js","lineNumber":"18","columnNumber":"43"}}
{"entryKind":"read-variable","name":{"valueKind":"concrete-string","value":"i"},"value":{"valueKind":"abstract-primitive","value":"NUM_UINT"},"sourceLocation":{"fileName":"test/sunspider/access-fannkuch.js","lineNumber":"25","columnNumber":"23"}}
{"entryKind":"read-variable","name":{"valueKind":"concrete-string","value":"i"},"value":{"valueKind":"abstract-primitive","value":"NUM_UINT"},"sourceLocation":{"fileName":"test/sunspider/access-fannkuch.js","lineNumber":"25","columnNumber":"28"}}
{"entryKind":"read-variable","name":{"valueKind":"concrete-string","value":"i"},"value":{"valueKind":"abstract-primitive","value":"NUM_UINT"},"sourceLocation":{"fileName":"test/sunspider/access-fannkuch.js","lineNumber":"25","columnNumber":"45"}}
{"entryKind":"read-variable","name":{"valueKind":"concrete-string","value":"i"},"value":{"valueKind":"abstract-primitive","value":"NUM_UINT"},"sourceLocation":{"fileName":"test/sunspider/access-fannkuch.js","lineNumber":"31","columnNumber":"26"}}
{"entryKind":"read-variable","name":{"valueKind":"concrete-string","value":"i"},"value":{"valueKind":"abstract-primitive","value":"NUM_UINT"},"sourceLocation":{"fileName":"test/sunspider/access-fannkuch.js","lineNumber":"31","columnNumber":"33"}}
{"entryKind":"read-variable","name":{"valueKind":"concrete-string","value":"i"},"value":{"valueKind":"abstract-primitive","value":"NUM_UINT"},"sourceLocation":{"fileName":"test/sunspider/access-fannkuch.js","lineNumber":"31","columnNumber":"43"}}
{"entryKind":"read-variable","name":{"valueKind":"concrete-string","value":"i"},"value":{"valueKind":"abstract-primitive","value":"NUM_UINT"},"sourceLocation":{"fileName":"test/sunspider/access-fannkuch.js","lineNumber":"31","columnNumber":"54"}}
{"entryKind":"read-variable","name":{"valueKind":"concrete-string","value":"i"},"value":{"valueKind":"abstract-primitive","value":"NUM_UINT"},"sourceLocation":{"fileName":"test/sunspider/access-fannkuch.js","lineNumber":"38","columnNumber":"29"}}
{"entryKind":"read-variable","name":{"valueKind":"concrete-string","value":"i"},"value":{"valueKind":"abstract-primitive","value":"NUM_UINT"},"sourceLocation":{"fileName":"test/sunspider/access-fannkuch.js","lineNumber":"38","columnNumber":"37"}}
{"entryKind":"read-variable","name":{"valueKind":"concrete-string","value":"i"},"value":{"valueKind":"abstract-primitive","value":"NUM_UINT"},"sourceLocation":{"fileName":"test/sunspider/access-fannkuch.js","lineNumber":"39","columnNumber":"32"}}
{"entryKind":"read-variable","name":{"valueKind":"concrete-string","value":"i"},"value":{"valueKind":"abstract-primitive","value":"NUM_UINT"},"sourceLocation":{"fileName":"test/sunspider/access-fannkuch.js","lineNumber":"39","columnNumber":"41"}}
{"entryKind":"read-variable","name":{"valueKind":"concrete-string","value":"i"},"value":{"valueKind":"abstract-primitive","value":"NUM_UINT"},"sourceLocation":{"fileName":"test/sunspider/access-fannkuch.js","lineNumber":"39","columnNumber":"55"}}
{"entryKind":"read-variable","name":{"valueKind":"concrete-string","value":"i"},"value":{"valueKind":"abstract-primitive","value":"NUM_UINT"},"sourceLocation":{"fileName":"test/sunspider/access-fannkuch.js","lineNumber":"39","columnNumber":"68"}}
{"entryKind":"read-variable","name":{"valueKind":"concrete-string","value":"i"},"value":{"valueKind":"abstract-primitive","value":"NUM_UINT"},"sourceLocation":{"fileName":"test/sunspider/access-fannkuch.js","lineNumber":"46","columnNumber":"29"}}
{"entryKind":"read-variable","name":{"valueKind":"concrete-string","value":"i"},"value":{"valueKind":"abstract-primitive","value":"NUM_UINT"},"sourceLocation":{"fileName":"test/sunspider/access-fannkuch.js","lineNumber":"46","columnNumber":"36"}}
{"entryKind":"read-variable","name":{"valueKind":"concrete-string","value":"i"},"value":{"valueKind":"abstract-primitive","value":"NUM_UINT"},"sourceLocation":{"fileName":"test/sunspider/access-fannkuch.js","lineNumber":"46","columnNumber":"49"}}
{"entryKind":"read-variable","name":{"valueKind":"concrete-string","value":"i"},"value":{"valueKind":"abstract-primitive","value":"NUM_UINT"},"sourceLocation":{"fileName":"test/sunspider/access-fannkuch.js","lineNumber":"46","columnNumber":"60"}}
{"entryKind":"read-variable","name":{"valueKind":"concrete-string","value":"i"},"value":{"valueKind":"abstract-primitive","value":"NUM_UINT"},"sourceLocation":{"fileName":"test/sunspider/access-fannkuch.js","lineNumber":"54","columnNumber":"17"}}
{"entryKind":"read-variable","name":{"valueKind":"concrete-string","value":"i"},"value":{"valueKind":"abstract-primitive","value":"NUM_UINT"},"sourceLocation":{"fileName":"test/sunspider/access-fannkuch.js","lineNumber":"55","columnNumber":"21"}}
{"entryKind":"read-variable","name":{"valueKind":"concrete-string","value":"i"},"value":{"valueKind":"abstract-primitive","value":"NUM_UINT"},"sourceLocation":{"fileName":"test/sunspider/access-fannkuch.js","lineNumber":"56","columnNumber":"19"}}
{"entryKind":"read-variable","name":{"valueKind":"concrete-string","value":"j"},"value":{"valueKind":"abstract-primitive","value":"1"},"sourceLocation":{"fileName":"test/sunspider/access-fannkuch.js","lineNumber":"56","columnNumber":"30"}}
{"entryKind":"read-variable","name":{"valueKind":"concrete-string","value":"j"},"value":{"valueKind":"abstract-primitive","value":"1"},"sourceLocation":{"fileName":"test/sunspider/access-fannkuch.js","lineNumber":"57","columnNumber":"17"}}
{"entryKind":"read-variable","name":{"valueKind":"concrete-string","value":"j"},"value":{"valueKind":"abstract-primitive","value":"NUM_UINT"},"sourceLocation":{"fileName":"test/sunspider/access-fannkuch.js","lineNumber":"56","columnNumber":"30"}}
{"entryKind":"read-variable","name":{"valueKind":"concrete-string","value":"j"},"value":{"valueKind":"abstract-primitive","value":"NUM_UINT"},"sourceLocation":{"fileName":"test/sunspider/access-fannkuch.js","lineNumber":"57","columnNumber":"17"}}
{"entryKind":"read-variable","name":{"valueKind":"concrete-string","value":"k"},"value":{"valueKind":"abstract-primitive","value":"1"},"sourceLocation":{"fileName":"test/sunspider/access-fannkuch.js","lineNumber":"37","columnNumber":"23"}}
{"entryKind":"read-variable","name":{"valueKind":"concrete-string","value":"k"},"value":{"valueKind":"abstract-primitive","value":"1"},"sourceLocation":{"fileName":"test/sunspider/access-fannkuch.js","lineNumber":"39","columnNumber":"51"}}
{"entryKind":"read-variable","name":{"valueKind":"concrete-string","value":"k"},"value":{"valueKind":"abstract-primitive","value":"1"},"sourceLocation":{"fileName":"test/sunspider/access-fannkuch.js","lineNumber":"39","columnNumber":"64"}}
{"entryKind":"read-variable","name":{"valueKind":"concrete-string","value":"k"},"value":{"valueKind":"abstract-primitive","value":"NUM_UINT"},"sourceLocation":{"fileName":"test/sunspider/access-fannkuch.js","lineNumber":"37","columnNumber":"23"}}
{"entryKind":"read-variable","name":{"valueKind":"concrete-string","value":"k"},"value":{"valueKind":"abstract-primitive","value":"NUM_UINT"},"sourceLocation":{"fileName":"test/sunspider/access-fannkuch.js","lineNumber":"39","columnNumber":"51"}}
{"entryKind":"read-variable","name":{"valueKind":"concrete-string","value":"k"},"value":{"valueKind":"abstract-primitive","value":"NUM_UINT"},"sourceLocation":{"fileName":"test/sunspider/access-fannkuch.js","lineNumber":"39","columnNumber":"64"}}
{"entryKind":"read-variable","name":{"valueKind":"concrete-string","value":"k2"},"value":{"valueKind":"abstract-primitive","value":"1"},"sourceLocation":{"fileName":"test/sunspider/access-fannkuch.js","lineNumber":"38","columnNumber":"33"}}
{"entryKind":"read-variable","name":{"valueKind":"concrete-string","value":"k2"},"value":{"valueKind":"abstract-primitive","value":"NUM_UINT"},"sourceLocation":{"fileName":"test/sunspider/access-fannkuch.js","lineNumber":"38","columnNumber":"33"}}
{"entryKind":"read-variable","name":{"valueKind":"concrete-string","value":"m"},"value":{"valueKind":"abstract-primitive","value":"NUM_UINT"},"sourceLocation":{"fileName":"test/sunspider/access-fannkuch.js","lineNumber":"30","columnNumber":"36"}}
{"entryKind":"read-variable","name":{"valueKind":"concrete-string","value":"m"},"value":{"valueKind":"abstract-primitive","value":"NUM_UINT"},"sourceLocation":{"fileName":"test/sunspider/access-fannkuch.js","lineNumber":"30","columnNumber":"42"}}
{"entryKind":"read-variable","name":{"valueKind":"concrete-string","value":"maxFlipsCount"},"value":{"valueKind":"abstract-primitive","value":"0"},"sourceLocation":{"fileName":"test/sunspider/access-fannkuch.js","lineNumber":"44","columnNumber":"27"}}
{"entryKind":"read-variable","name":{"valueKind":"concrete-string","value":"maxFlipsCount"},"value":{"valueKind":"abstract-primitive","value":"NUM_UINT"},"sourceLocation":{"fileName":"test/sunspider/access-fannkuch.js","lineNumber":"44","columnNumber":"27"}}
{"entryKind":"read-variable","name":{"valueKind":"concrete-string","value":"maxPerm"},"value":{"valueKind":"abstract-object","value":{"objectKind":"other"}},"sourceLocation":{"fileName":"test/sunspider/access-fannkuch.js","lineNumber":"46","columnNumber":"41"}}
{"entryKind":"read-variable","name":{"valueKind":"concrete-string","value":"n"},"value":{"valueKind":"abstract-primitive","value":"NUM_UINT"},"sourceLocation":{"fileName":"test/sunspider/access-fannkuch.js","lineNumber":"11","columnNumber":"21"}}
{"entryKind":"read-variable","name":{"valueKind":"concrete-string","value":"n"},"value":{"valueKind":"abstract-primitive","value":"NUM_UINT"},"sourceLocation":{"fileName":"test/sunspider/access-fannkuch.js","lineNumber":"12","columnNumber":"22"}}
{"entryKind":"read-variable","name":{"valueKind":"concrete-string","value":"n"},"value":{"valueKind":"abstract-primitive","value":"NUM_UINT"},"sourceLocation":{"fileName":"test/sunspider/access-fannkuch.js","lineNumber":"13","columnNumber":"22"}}
{"entryKind":"read-variable","name":{"valueKind":"concrete-string","value":"n"},"value":{"valueKind":"abstract-primitive","value":"NUM_UINT"},"sourceLocation":{"fileName":"test/sunspider/access-fannkuch.js","lineNumber":"14","columnNumber":"24"}}
{"entryKind":"read-variable","name":{"valueKind":"concrete-string","value":"n"},"value":{"valueKind":"abstract-primitive","value":"NUM_UINT"},"sourceLocation":{"fileName":"test/sunspider/access-fannkuch.js","lineNumber":"16","columnNumber":"12"}}
{"entryKind":"read-variable","name":{"valueKind":"concrete-string","value":"n"},"value":{"valueKind":"abstract-primitive","value":"NUM_UINT"},"sourceLocation":{"fileName":"test/sunspider/access-fannkuch.js","lineNumber":"18","columnNumber":"24"}}
{"entryKind":"read-variable","name":{"valueKind":"concrete-string","value":"n"},"value":{"valueKind":"abstract-primitive","value":"NUM_UINT"},"sourceLocation":{"fileName":"test/sunspider/access-fannkuch.js","lineNumber":"19","columnNumber":"12"}}
{"entryKind":"read-variable","name":{"valueKind":"concrete-string","value":"n"},"value":{"valueKind":"abstract-primitive","value":"NUM_UINT"},"sourceLocation":{"fileName":"test/sunspider/access-fannkuch.js","lineNumber":"25","columnNumber":"25"}}
{"entryKind":"read-variable","name":{"valueKind":"concrete-string","value":"n"},"value":{"valueKind":"abstract-primitive","value":"NUM_UINT"},"sourceLocation":{"fileName":"test/sunspider/access-fannkuch.js","lineNumber":"31","columnNumber":"30"}}
{"entryKind":"read-variable","name":{"valueKind":"concrete-string","value":"n"},"value":{"valueKind":"abstract-primitive","value":"NUM_UINT"},"sourceLocation":{"fileName":"test/sunspider/access-fannkuch.js","lineNumber":"46","columnNumber":"33"}}
{"entryKind":"read-variable","name":{"valueKind":"concrete-string","value":"n"},"value":{"valueKind":"abstract-primitive","value":"NUM_UINT"},"sourceLocation":{"fileName":"test/sunspider/access-fannkuch.js","lineNumber":"51","columnNumber":"19"}}
{"entryKind":"read-variable","name":{"valueKind":"concrete-string","value":"n"},"value":{"valueKind":"abstract-primitive","value":"NUM_UINT"},"sourceLocation":{"fileName":"test/sunspider/access-fannkuch.js","lineNumber":"69","columnNumber":"20"}}
{"entryKind":"read-variable","name":{"valueKind":"concrete-string","value":"perm"},"value":{"valueKind":"abstract-object","value":{"objectKind":"other"}},"sourceLocation":{"fileName":"test/sunspider/access-fannkuch.js","lineNumber":"31","columnNumber":"38"}}
{"entryKind":"read-variable","name":{"valueKind":"concrete-string","value":"perm"},"value":{"valueKind":"abstract-object","value":{"objectKind":"other"}},"sourceLocation":{"fileName":"test/sunspider/access-fannkuch.js","lineNumber":"36","columnNumber":"24"}}
{"entryKind":"read-variable","name":{"valueKind":"concrete-string","value":"perm"},"value":{"valueKind":"abstract-object","value":{"objectKind":"other"}},"sourceLocation":{"fileName":"test/sunspider/access-fannkuch.js","lineNumber":"39","columnNumber":"27"}}
{"entryKind":"read-variable","name":{"valueKind":"concrete-string","value":"perm"},"value":{"valueKind":"abstract-object","value":{"objectKind":"other"}},"sourceLocation":{"fileName":"test/sunspider/access-fannkuch.js","lineNumber":"39","columnNumber":"36"}}
{"entryKind":"read-variable","name":{"valueKind":"concrete-string","value":"perm"},"value":{"valueKind":"abstract-object","value":{"objectKind":"other"}},"sourceLocation":{"fileName":"test/sunspider/access-fannkuch.js","lineNumber":"39","columnNumber":"46"}}
{"entryKind":"read-variable","name":{"valueKind":"concrete-string","value":"perm"},"value":{"valueKind":"abstract-object","value":{"objectKind":"other"}},"sourceLocation":{"fileName":"test/sunspider/access-fannkuch.js","lineNumber":"39","columnNumber":"59"}}
{"entryKind":"read-variable","name":{"valueKind":"concrete-string","value":"perm0"},"value":{"valueKind":"abstract-primitive","value":"0"},"sourceLocation":{"fileName":"test/sunspider/access-fannkuch.js","lineNumber":"59","columnNumber":"21"}}
{"entryKind":"read-variable","name":{"valueKind":"concrete-string","value":"perm0"},"value":{"valueKind":"abstract-primitive","value":"1"},"sourceLocation":{"fileName":"test/sunspider/access-fannkuch.js","lineNumber":"59","columnNumber":"21"}}
{"entryKind":"read-variable","name":{"valueKind":"concrete-string","value":"perm0"},"value":{"valueKind":"abstract-primitive","value":"NUM_UINT"},"sourceLocation":{"fileName":"test/sunspider/access-fannkuch.js","lineNumber":"59","columnNumber":"21"}}
{"entryKind":"read-variable","name":{"valueKind":"concrete-string","value":"perm1"},"value":{"valueKind":"abstract-object","value":{"objectKind":"other"}},"sourceLocation":{"fileName":"test/sunspider/access-fannkuch.js","lineNumber":"18","columnNumber":"32"}}
{"entryKind":"read-variable","name":{"valueKind":"concrete-string","value":"perm1"},"value":{"valueKind":"abstract-object","value":{"objectKind":"other"}},"sourceLocation":{"fileName":"test/sunspider/access-fannkuch.js","lineNumber":"25","columnNumber":"39"}}
{"entryKind":"read-variable","name":{"valueKind":"concrete-string","value":"perm1"},"value":{"valueKind":"abstract-object","value":{"objectKind":"other"}},"sourceLocation":{"fileName":"test/sunspider/access-fannkuch.js","lineNumber":"30","columnNumber":"13"}}
{"entryKind":"read-variable","name":{"valueKind":"concrete-string","value":"perm1"},"value":{"valueKind":"abstract-object","value":{"objectKind":"other"}},"sourceLocation":{"fileName":"test/sunspider/access-fannkuch.js","lineNumber":"30","columnNumber":"30"}}
{"entryKind":"read-variable","name":{"valueKind":"concrete-string","value":"perm1"},"value":{"valueKind":"abstract-object","value":{"objectKind":"other"}},"sourceLocation":{"fileName":"test/sunspider/access-fannkuch.js","lineNumber":"31","columnNumber":"48"}}
{"entryKind":"read-variable","name":{"valueKind":"concrete-string","value":"perm1"},"value":{"valueKind":"abstract-object","value":{"objectKind":"other"}},"sourceLocation":{"fileName":"test/sunspider/access-fannkuch.js","lineNumber":"46","columnNumber":"54"}}
{"entryKind":"read-variable","name":{"valueKind":"concrete-string","value":"perm1"},"value":{"valueKind":"abstract-object","value":{"objectKind":"other"}},"sourceLocation":{"fileName":"test/sunspider/access-fannkuch.js","lineNumber":"52","columnNumber":"22"}}
{"entryKind":"read-variable","name":{"valueKind":"concrete-string","value":"perm1"},"value":{"valueKind":"abstract-object","value":{"objectKind":"other"}},"sourceLocation":{"fileName":"test/sunspider/access-fannkuch.js","lineNumber":"56","columnNumber":"13"}}
{"entryKind":"read-variable","name":{"valueKind":"concrete-string","value":"perm1"},"value":{"valueKind":"abstract-object","value":{"objectKind":"other"}},"sourceLocation":{"fileName":"test/sunspider/access-fannkuch.js","lineNumber":"56","columnNumber":"24"}}
{"entryKind":"read-variable","name":{"valueKind":"concrete-string","value":"perm1"},"value":{"valueKind":"abstract-object","value":{"objectKind":"other"}},"sourceLocation":{"fileName":"test/sunspider/access-fannkuch.js","lineNumber":"59","columnNumber":"10"}}
{"entryKind":"read-variable","name":{"valueKind":"concrete-string","value":"r"},"value":{"valueKind":"abstract-primitive","value":"1"},"sourceLocation":{"fileName":"test/sunspider/access-fannkuch.js","lineNumber":"29","columnNumber":"14"}}
{"entryKind":"read-variable","name":{"valueKind":"concrete-string","value":"r"},"value":{"valueKind":"abstract-primitive","value":"1"},"sourceLocation":{"fileName":"test/sunspider/access-fannkuch.js","lineNumber":"51","columnNumber":"14"}}
{"entryKind":"read-variable","name":{"valueKind":"concrete-string","value":"r"},"value":{"valueKind":"abstract-primitive","value":"1"},"sourceLocation":{"fileName":"test/sunspider/access-fannkuch.js","lineNumber":"54","columnNumber":"21"}}
{"entryKind":"read-variable","name":{"valueKind":"concrete-string","value":"r"},"value":{"valueKind":"abstract-primitive","value":"1"},"sourceLocation":{"fileName":"test/sunspider/access-fannkuch.js","lineNumber":"59","columnNumber":"16"}}
{"entryKind":"read-variable","name":{"valueKind":"concrete-string","value":"r"},"value":{"valueKind":"abstract-primitive","value":"1"},"sourceLocation":{"fileName":"test/sunspider/access-fannkuch.js","lineNumber":"61","columnNumber":"16"}}
{"entryKind":"read-variable","name":{"valueKind":"concrete-string","value":"r"},"value":{"valueKind":"abstract-primitive","value":"1"},"sourceLocation":{"fileName":"test/sunspider/access-fannkuch.js","lineNumber":"61","columnNumber":"27"}}
{"entryKind":"read-variable","name":{"valueKind":"concrete-string","value":"r"},"value":{"valueKind":"abstract-primitive","value":"1"},"sourceLocation":{"fileName":"test/sunspider/access-fannkuch.js","lineNumber":"62","columnNumber":"20"}}
{"entryKind":"read-variable","name":{"valueKind":"concrete-string","value":"r"},"value":{"valueKind":"abstract-primitive","value":"1"},"sourceLocation":{"fileName":"test/sunspider/access-fannkuch.js","lineNumber":"63","columnNumber":"10"}}
{"entryKind":"read-variable","name":{"valueKind":"concrete-string","value":"r"},"value":{"valueKind":"abstract-primitive","value":"NUM_UINT"},"sourceLocation":{"fileName":"test/sunspider/access-fannkuch.js","lineNumber":"29","columnNumber":"14"}}
{"entryKind":"read-variable","name":{"valueKind":"concrete-string","value":"r"},"value":{"valueKind":"abstract-primitive","value":"NUM_UINT"},"sourceLocation":{"fileName":"test/sunspider/access-fannkuch.js","lineNumber":"29","columnNumber":"30"}}
{"entryKind":"read-variable","name":{"valueKind":"concrete-string","value":"r"},"value":{"valueKind":"abstract-primitive","value":"NUM_UINT"},"sourceLocation":{"fileName":"test/sunspider/access-fannkuch.js","lineNumber":"29","columnNumber":"39"}}
{"entryKind":"read-variable","name":{"valueKind":"concrete-string","value":"r"},"value":{"valueKind":"abstract-primitive","value":"NUM_UINT"},"sourceLocation":{"fileName":"test/sunspider/access-fannkuch.js","lineNumber":"29","columnNumber":"42"}}
{"entryKind":"read-variable","name":{"valueKind":"concrete-string","value":"r"},"value":{"valueKind":"abstract-primitive","value":"NUM_UINT"},"sourceLocation":{"fileName":"test/sunspider/access-fannkuch.js","lineNumber":"51","columnNumber":"14"}}
{"entryKind":"read-variable","name":{"valueKind":"concrete-string","value":"r"},"value":{"valueKind":"abstract-primitive","value":"NUM_UINT"},"sourceLocation":{"fileName":"test/sunspider/access-fannkuch.js","lineNumber":"54","columnNumber":"21"}}
{"entryKind":"read-variable","name":{"valueKind":"concrete-string","value":"r"},"value":{"valueKind":"abstract-primitive","value":"NUM_UINT"},"sourceLocation":{"fileName":"test/sunspider/access-fannkuch.js","lineNumber":"59","columnNumber":"16"}}
{"entryKind":"read-variable","name":{"valueKind":"concrete-string","value":"r"},"value":{"valueKind":"abstract-primitive","value":"NUM_UINT"},"sourceLocation":{"fileName":"test/sunspider/access-fannkuch.js","lineNumber":"61","columnNumber":"16"}}
{"entryKind":"read-variable","name":{"valueKind":"concrete-string","value":"r"},"value":{"valueKind":"abstract-primitive","value":"NUM_UINT"},"sourceLocation":{"fileName":"test/sunspider/access-fannkuch.js","lineNumber":"61","columnNumber":"27"}}
{"entryKind":"read-variable","name":{"valueKind":"concrete-string","value":"r"},"value":{"valueKind":"abstract-primitive","value":"NUM_UINT"},"sourceLocation":{"fileName":"test/sunspider/access-fannkuch.js","lineNumber":"62","columnNumber":"20"}}
{"entryKind":"read-variable","name":{"valueKind":"concrete-string","value":"r"},"value":{"valueKind":"abstract-primitive","value":"NUM_UINT"},"sourceLocation":{"fileName":"test/sunspider/access-fannkuch.js","lineNumber":"63","columnNumber":"10"}}
{"entryKind":"read-variable","name":{"valueKind":"concrete-string","value":"s"},"value":{"valueKind":"abstract-primitive","value":"STR_IDENTIFIERPARTS"},"sourceLocation":{"fileName":"test/sunspider/access-fannkuch.js","lineNumber":"25","columnNumber":"33"}}
{"entryKind":"read-variable","name":{"valueKind":"concrete-string","value":"s"},"value":{"valueKind":"abstract-primitive","value":"STR_UINT"},"sourceLocation":{"fileName":"test/sunspider/access-fannkuch.js","lineNumber":"25","columnNumber":"33"}}
{"entryKind":"read-variable","name":{"valueKind":"concrete-string","value":"temp"},"value":{"valueKind":"abstract-primitive","value":"0"},"sourceLocation":{"fileName":"test/sunspider/access-fannkuch.js","lineNumber":"39","columnNumber":"73"}}
{"entryKind":"read-variable","name":{"valueKind":"concrete-string","value":"temp"},"value":{"valueKind":"abstract-primitive","value":"1"},"sourceLocation":{"fileName":"test/sunspider/access-fannkuch.js","lineNumber":"39","columnNumber":"73"}}
{"entryKind":"read-variable","name":{"valueKind":"concrete-string","value":"temp"},"value":{"valueKind":"abstract-primitive","value":"NUM_UINT"},"sourceLocation":{"fileName":"test/sunspider/access-fannkuch.js","lineNumber":"39","columnNumber":"73"}}
{"entryKind":"write-property","name":{"valueKind":"abstract-primitive","value":"0"},"value":{"valueKind":"abstract-primitive","value":"0"},"sourceLocation":{"fileName":"test/sunspider/access-fannkuch.js","lineNumber":"18","columnNumber":"32"}}
{"entryKind":"write-property","name":{"valueKind":"abstract-primitive","value":"0"},"value":{"valueKind":"abstract-primitive","value":"0"},"sourceLocation":{"fileName":"test/sunspider/access-fannkuch.js","lineNumber":"39","columnNumber":"36"}}
{"entryKind":"write-property","name":{"valueKind":"abstract-primitive","value":"0"},"value":{"valueKind":"abstract-primitive","value":"0"},"sourceLocation":{"fileName":"test/sunspider/access-fannkuch.js","lineNumber":"56","columnNumber":"13"}}
{"entryKind":"write-property","name":{"valueKind":"abstract-primitive","value":"0"},"value":{"valueKind":"abstract-primitive","value":"1"},"sourceLocation":{"fileName":"test/sunspider/access-fannkuch.js","lineNumber":"31","columnNumber":"38"}}
{"entryKind":"write-property","name":{"valueKind":"abstract-primitive","value":"0"},"value":{"valueKind":"abstract-primitive","value":"1"},"sourceLocation":{"fileName":"test/sunspider/access-fannkuch.js","lineNumber":"39","columnNumber":"36"}}
{"entryKind":"write-property","name":{"valueKind":"abstract-primitive","value":"0"},"value":{"valueKind":"abstract-primitive","value":"1"},"sourceLocation":{"fileName":"test/sunspider/access-fannkuch.js","lineNumber":"46","columnNumber":"41"}}
{"entryKind":"write-property","name":{"valueKind":"abstract-primitive","value":"0"},"value":{"valueKind":"abstract-primitive","value":"1"},"sourceLocation":{"fileName":"test/sunspider/access-fannkuch.js","lineNumber":"56","columnNumber":"13"}}
{"entryKind":"write-property","name":{"valueKind":"abstract-primitive","value":"0"},"value":{"valueKind":"abstract-primitive","value":"NUM_UINT"},"sourceLocation":{"fileName":"test/sunspider/access-fannkuch.js","lineNumber":"31","columnNumber":"38"}}
{"entryKind":"write-property","name":{"valueKind":"abstract-primitive","value":"0"},"value":{"valueKind":"abstract-primitive","value":"NUM_UINT"},"sourceLocation":{"fileName":"test/sunspider/access-fannkuch.js","lineNumber":"39","columnNumber":"36"}}
{"entryKind":"write-property","name":{"valueKind":"abstract-primitive","value":"0"},"value":{"valueKind":"abstract-primitive","value":"NUM_UINT"},"sourceLocation":{"fileName":"test/sunspider/access-fannkuch.js","lineNumber":"46","columnNumber":"41"}}
{"entryKind":"write-property","name":{"valueKind":"abstract-primitive","value":"0"},"value":{"valueKind":"abstract-primitive","value":"NUM_UINT"},"sourceLocation":{"fileName":"test/sunspider/access-fannkuch.js","lineNumber":"56","columnNumber":"13"}}
{"entryKind":"write-property","name":{"valueKind":"abstract-primitive","value":"1"},"value":{"valueKind":"abstract-primitive","value":"0"},"sourceLocation":{"fileName":"test/sunspider/access-fannkuch.js","lineNumber":"31","columnNumber":"38"}}
{"entryKind":"write-property","name":{"valueKind":"abstract-primitive","value":"1"},"value":{"valueKind":"abstract-primitive","value":"0"},"sourceLocation":{"fileName":"test/sunspider/access-fannkuch.js","lineNumber":"39","columnNumber":"36"}}
{"entryKind":"write-property","name":{"valueKind":"abstract-primitive","value":"1"},"value":{"valueKind":"abstract-primitive","value":"0"},"sourceLocation":{"fileName":"test/sunspider/access-fannkuch.js","lineNumber":"56","columnNumber":"13"}}
{"entryKind":"write-property","name":{"valueKind":"abstract-primitive","value":"1"},"value":{"valueKind":"abstract-primitive","value":"0"},"sourceLocation":{"fileName":"test/sunspider/access-fannkuch.js","lineNumber":"59","columnNumber":"10"}}
{"entryKind":"write-property","name":{"valueKind":"abstract-primitive","value":"1"},"value":{"valueKind":"abstract-primitive","value":"0"},"sourceLocation":{"fileName":"test/sunspider/access-fannkuch.js","lineNumber":"61","columnNumber":"10"}}
{"entryKind":"write-property","name":{"valueKind":"abstract-primitive","value":"1"},"value":{"valueKind":"abstract-primitive","value":"1"},"sourceLocation":{"fileName":"test/sunspider/access-fannkuch.js","lineNumber":"18","columnNumber":"32"}}
{"entryKind":"write-property","name":{"valueKind":"abstract-primitive","value":"1"},"value":{"valueKind":"abstract-primitive","value":"1"},"sourceLocation":{"fileName":"test/sunspider/access-fannkuch.js","lineNumber":"31","columnNumber":"38"}}
{"entryKind":"write-property","name":{"valueKind":"abstract-primitive","value":"1"},"value":{"valueKind":"abstract-primitive","value":"1"},"sourceLocation":{"fileName":"test/sunspider/access-fannkuch.js","lineNumber":"39","columnNumber":"36"}}
{"entryKind":"write-property","name":{"valueKind":"abstract-primitive","value":"1"},"value":{"valueKind":"abstract-primitive","value":"1"},"sourceLocation":{"fileName":"test/sunspider/access-fannkuch.js","lineNumber":"39","columnNumber":"59"}}
{"entryKind":"write-property","name":{"valueKind":"abstract-primitive","value":"1"},"value":{"valueKind":"abstract-primitive","value":"1"},"sourceLocation":{"fileName":"test/sunspider/access-fannkuch.js","lineNumber":"56","columnNumber":"13"}}
{"entryKind":"write-property","name":{"valueKind":"abstract-primitive","value":"1"},"value":{"valueKind":"abstract-primitive","value":"1"},"sourceLocation":{"fileName":"test/sunspider/access-fannkuch.js","lineNumber":"59","columnNumber":"10"}}
{"entryKind":"write-property","name":{"valueKind":"abstract-primitive","value":"1"},"value":{"valueKind":"abstract-primitive","value":"1"},"sourceLocation":{"fileName":"test/sunspider/access-fannkuch.js","lineNumber":"61","columnNumber":"10"}}
{"entryKind":"write-property","name":{"valueKind":"abstract-primitive","value":"1"},"value":{"valueKind":"abstract-primitive","value":"NUM_UINT"},"sourceLocation":{"fileName":"test/sunspider/access-fannkuch.js","lineNumber":"29","columnNumber":"24"}}
{"entryKind":"write-property","name":{"valueKind":"abstract-primitive","value":"1"},"value":{"valueKind":"abstract-primitive","value":"NUM_UINT"},"sourceLocation":{"fileName":"test/sunspider/access-fannkuch.js","lineNumber":"31","columnNumber":"38"}}
{"entryKind":"write-property","name":{"valueKind":"abstract-primitive","value":"1"},"value":{"valueKind":"abstract-primitive","value":"NUM_UINT"},"sourceLocation":{"fileName":"test/sunspider/access-fannkuch.js","lineNumber":"39","columnNumber":"36"}}
{"entryKind":"write-property","name":{"valueKind":"abstract-primitive","value":"1"},"value":{"valueKind":"abstract-primitive","value":"NUM_UINT"},"sourceLocation":{"fileName":"test/sunspider/access-fannkuch.js","lineNumber":"46","columnNumber":"41"}}
{"entryKind":"write-property","name":{"valueKind":"abstract-primitive","value":"1"},"value":{"valueKind":"abstract-primitive","value":"NUM_UINT"},"sourceLocation":{"fileName":"test/sunspider/access-fannkuch.js","lineNumber":"56","columnNumber":"13"}}
{"entryKind":"write-property","name":{"valueKind":"abstract-primitive","value":"1"},"value":{"valueKind":"abstract-primitive","value":"NUM_UINT"},"sourceLocation":{"fileName":"test/sunspider/access-fannkuch.js","lineNumber":"59","columnNumber":"10"}}
{"entryKind":"write-property","name":{"valueKind":"abstract-primitive","value":"NUM_UINT"},"value":{"valueKind":"abstract-primitive","value":"0"},"sourceLocation":{"fileName":"test/sunspider/access-fannkuch.js","lineNumber":"31","columnNumber":"38"}}
{"entryKind":"write-property","name":{"valueKind":"abstract-primitive","value":"NUM_UINT"},"value":{"valueKind":"abstract-primitive","value":"0"},"sourceLocation":{"fileName":"test/sunspider/access-fannkuch.js","lineNumber":"39","columnNumber":"36"}}
{"entryKind":"write-property","name":{"valueKind":"abstract-primitive","value":"NUM_UINT"},"value":{"valueKind":"abstract-primitive","value":"0"},"sourceLocation":{"fileName":"test/sunspider/access-fannkuch.js","lineNumber":"39","columnNumber":"59"}}
{"entryKind":"write-property","name":{"valueKind":"abstract-primitive","value":"NUM_UINT"},"value":{"valueKind":"abstract-primitive","value":"0"},"sourceLocation":{"fileName":"test/sunspider/access-fannkuch.js","lineNumber":"46","columnNumber":"41"}}
{"entryKind":"write-property","name":{"valueKind":"abstract-primitive","value":"NUM_UINT"},"value":{"valueKind":"abstract-primitive","value":"0"},"sourceLocation":{"fileName":"test/sunspider/access-fannkuch.js","lineNumber":"56","columnNumber":"13"}}
{"entryKind":"write-property","name":{"valueKind":"abstract-primitive","value":"NUM_UINT"},"value":{"valueKind":"abstract-primitive","value":"0"},"sourceLocation":{"fileName":"test/sunspider/access-fannkuch.js","lineNumber":"59","columnNumber":"10"}}
{"entryKind":"write-property","name":{"valueKind":"abstract-primitive","value":"NUM_UINT"},"value":{"valueKind":"abstract-primitive","value":"0"},"sourceLocation":{"fileName":"test/sunspider/access-fannkuch.js","lineNumber":"61","columnNumber":"10"}}
{"entryKind":"write-property","name":{"valueKind":"abstract-primitive","value":"NUM_UINT"},"value":{"valueKind":"abstract-primitive","value":"1"},"sourceLocation":{"fileName":"test/sunspider/access-fannkuch.js","lineNumber":"31","columnNumber":"38"}}
{"entryKind":"write-property","name":{"valueKind":"abstract-primitive","value":"NUM_UINT"},"value":{"valueKind":"abstract-primitive","value":"1"},"sourceLocation":{"fileName":"test/sunspider/access-fannkuch.js","lineNumber":"39","columnNumber":"36"}}
{"entryKind":"write-property","name":{"valueKind":"abstract-primitive","value":"NUM_UINT"},"value":{"valueKind":"abstract-primitive","value":"1"},"sourceLocation":{"fileName":"test/sunspider/access-fannkuch.js","lineNumber":"39","columnNumber":"59"}}
{"entryKind":"write-property","name":{"valueKind":"abstract-primitive","value":"NUM_UINT"},"value":{"valueKind":"abstract-primitive","value":"1"},"sourceLocation":{"fileName":"test/sunspider/access-fannkuch.js","lineNumber":"46","columnNumber":"41"}}
{"entryKind":"write-property","name":{"valueKind":"abstract-primitive","value":"NUM_UINT"},"value":{"valueKind":"abstract-primitive","value":"1"},"sourceLocation":{"fileName":"test/sunspider/access-fannkuch.js","lineNumber":"56","columnNumber":"13"}}
{"entryKind":"write-property","name":{"valueKind":"abstract-primitive","value":"NUM_UINT"},"value":{"valueKind":"abstract-primitive","value":"1"},"sourceLocation":{"fileName":"test/sunspider/access-fannkuch.js","lineNumber":"59","columnNumber":"10"}}
{"entryKind":"write-property","name":{"valueKind":"abstract-primitive","value":"NUM_UINT"},"value":{"valueKind":"abstract-primitive","value":"1"},"sourceLocation":{"fileName":"test/sunspider/access-fannkuch.js","lineNumber":"61","columnNumber":"10"}}
{"entryKind":"write-property","name":{"valueKind":"abstract-primitive","value":"NUM_UINT"},"value":{"valueKind":"abstract-primitive","value":"NUM_UINT"},"sourceLocation":{"fileName":"test/sunspider/access-fannkuch.js","lineNumber":"18","columnNumber":"32"}}
{"entryKind":"write-property","name":{"valueKind":"abstract-primitive","value":"NUM_UINT"},"value":{"valueKind":"abstract-primitive","value":"NUM_UINT"},"sourceLocation":{"fileName":"test/sunspider/access-fannkuch.js","lineNumber":"29","columnNumber":"24"}}
{"entryKind":"write-property","name":{"valueKind":"abstract-primitive","value":"NUM_UINT"},"value":{"valueKind":"abstract-primitive","value":"NUM_UINT"},"sourceLocation":{"fileName":"test/sunspider/access-fannkuch.js","lineNumber":"31","columnNumber":"38"}}
{"entryKind":"write-property","name":{"valueKind":"abstract-primitive","value":"NUM_UINT"},"value":{"valueKind":"abstract-primitive","value":"NUM_UINT"},"sourceLocation":{"fileName":"test/sunspider/access-fannkuch.js","lineNumber":"39","columnNumber":"36"}}
{"entryKind":"write-property","name":{"valueKind":"abstract-primitive","value":"NUM_UINT"},"value":{"valueKind":"abstract-primitive","value":"NUM_UINT"},"sourceLocation":{"fileName":"test/sunspider/access-fannkuch.js","lineNumber":"39","columnNumber":"59"}}
{"entryKind":"write-property","name":{"valueKind":"abstract-primitive","value":"NUM_UINT"},"value":{"valueKind":"abstract-primitive","value":"NUM_UINT"},"sourceLocation":{"fileName":"test/sunspider/access-fannkuch.js","lineNumber":"46","columnNumber":"41"}}
{"entryKind":"write-property","name":{"valueKind":"abstract-primitive","value":"NUM_UINT"},"value":{"valueKind":"abstract-primitive","value":"NUM_UINT"},"sourceLocation":{"fileName":"test/sunspider/access-fannkuch.js","lineNumber":"56","columnNumber":"13"}}
{"entryKind":"write-property","name":{"valueKind":"abstract-primitive","value":"NUM_UINT"},"value":{"valueKind":"abstract-primitive","value":"NUM_UINT"},"sourceLocation":{"fileName":"test/sunspider/access-fannkuch.js","lineNumber":"59","columnNumber":"10"}}
{"entryKind":"write-property","name":{"valueKind":"abstract-primitive","value":"NUM_UINT"},"value":{"valueKind":"abstract-primitive","value":"NUM_UINT"},"sourceLocation":{"fileName":"test/sunspider/access-fannkuch.js","lineNumber":"61","columnNumber":"10"}}
{"entryKind":"write-variable","name":{"valueKind":"concrete-string","value":"_sunSpiderStartDate"},"value":{"valueKind":"abstract-object","value":{"objectKind":"allocation-site","allocationSite":{"fileName":"test/sunspider/access-fannkuch.js","lineNumber":"3","columnNumber":"27"}}},"sourceLocation":{"fileName":"test/sunspider/access-fannkuch.js","lineNumber":"3","columnNumber":"27"}}
{"entryKind":"write-variable","name":{"valueKind":"concrete-string","value":"check"},"value":{"valueKind":"abstract-primitive","value":"0"},"sourceLocation":{"fileName":"test/sunspider/access-fannkuch.js","lineNumber":"10","columnNumber":"16"}}
{"entryKind":"write-variable","name":{"valueKind":"concrete-string","value":"check"},"value":{"valueKind":"abstract-primitive","value":"1"},"sourceLocation":{"fileName":"test/sunspider/access-fannkuch.js","lineNumber":-1,"columnNumber":-1}}
{"entryKind":"write-variable","name":{"valueKind":"concrete-string","value":"check"},"value":{"valueKind":"abstract-primitive","value":"NUM_UINT"},"sourceLocation":{"fileName":"test/sunspider/access-fannkuch.js","lineNumber":-1,"columnNumber":-1}}
{"entryKind":"write-variable","name":{"valueKind":"concrete-string","value":"count"},"value":{"valueKind":"abstract-object","value":{"objectKind":"other"}},"sourceLocation":{"fileName":"test/sunspider/access-fannkuch.js","lineNumber":"13","columnNumber":"16"}}
{"entryKind":"write-variable","name":{"valueKind":"concrete-string","value":"flipsCount"},"value":{"valueKind":"abstract-primitive","value":"0"},"sourceLocation":{"fileName":"test/sunspider/access-fannkuch.js","lineNumber":"33","columnNumber":"27"}}
{"entryKind":"write-variable","name":{"valueKind":"concrete-string","value":"flipsCount"},"value":{"valueKind":"abstract-primitive","value":"1"},"sourceLocation":{"fileName":"test/sunspider/access-fannkuch.js","lineNumber":-1,"columnNumber":-1}}
{"entryKind":"write-variable","name":{"valueKind":"concrete-string","value":"flipsCount"},"value":{"valueKind":"abstract-primitive","value":"NUM_UINT"},"sourceLocation":{"fileName":"test/sunspider/access-fannkuch.js","lineNumber":-1,"columnNumber":-1}}
{"entryKind":"write-variable","name":{"valueKind":"concrete-string","value":"i"},"value":{"valueKind":"abstract-primitive","value":"0"},"sourceLocation":{"fileName":"test/sunspider/access-fannkuch.js","lineNumber":"18","columnNumber":"17"}}
{"entryKind":"write-variable","name":{"valueKind":"concrete-string","value":"i"},"value":{"valueKind":"abstract-primitive","value":"0"},"sourceLocation":{"fileName":"test/sunspider/access-fannkuch.js","lineNumber":"25","columnNumber":"20"}}
{"entryKind":"write-variable","name":{"valueKind":"concrete-string","value":"i"},"value":{"valueKind":"abstract-primitive","value":"0"},"sourceLocation":{"fileName":"test/sunspider/access-fannkuch.js","lineNumber":"31","columnNumber":"23"}}
{"entryKind":"write-variable","name":{"valueKind":"concrete-string","value":"i"},"value":{"valueKind":"abstract-primitive","value":"0"},"sourceLocation":{"fileName":"test/sunspider/access-fannkuch.js","lineNumber":"38","columnNumber":"26"}}
{"entryKind":"write-variable","name":{"valueKind":"concrete-string","value":"i"},"value":{"valueKind":"abstract-primitive","value":"0"},"sourceLocation":{"fileName":"test/sunspider/access-fannkuch.js","lineNumber":"46","columnNumber":"26"}}
{"entryKind":"write-variable","name":{"valueKind":"concrete-string","value":"i"},"value":{"valueKind":"abstract-primitive","value":"0"},"sourceLocation":{"fileName":"test/sunspider/access-fannkuch.js","lineNumber":"53","columnNumber":"18"}}
{"entryKind":"write-variable","name":{"valueKind":"concrete-string","value":"i"},"value":{"valueKind":"abstract-primitive","value":"1"},"sourceLocation":{"fileName":"test/sunspider/access-fannkuch.js","lineNumber":"57","columnNumber":"17"}}
{"entryKind":"write-variable","name":{"valueKind":"concrete-string","value":"i"},"value":{"valueKind":"abstract-primitive","value":"1"},"sourceLocation":{"fileName":"test/sunspider/access-fannkuch.js","lineNumber":-1,"columnNumber":-1}}
{"entryKind":"write-variable","name":{"valueKind":"concrete-string","value":"i"},"value":{"valueKind":"abstract-primitive","value":"NUM_UINT"},"sourceLocation":{"fileName":"test/sunspider/access-fannkuch.js","lineNumber":"57","columnNumber":"17"}}
{"entryKind":"write-variable","name":{"valueKind":"concrete-string","value":"i"},"value":{"valueKind":"abstract-primitive","value":"NUM_UINT"},"sourceLocation":{"fileName":"test/sunspider/access-fannkuch.js","lineNumber":-1,"columnNumber":-1}}
{"entryKind":"write-variable","name":{"valueKind":"concrete-string","value":"j"},"value":{"valueKind":"abstract-primitive","value":"1"},"sourceLocation":{"fileName":"test/sunspider/access-fannkuch.js","lineNumber":"55","columnNumber":"21"}}
{"entryKind":"write-variable","name":{"valueKind":"concrete-string","value":"j"},"value":{"valueKind":"abstract-primitive","value":"NUM_UINT"},"sourceLocation":{"fileName":"test/sunspider/access-fannkuch.js","lineNumber":"55","columnNumber":"21"}}
{"entryKind":"write-variable","name":{"valueKind":"concrete-string","value":"k"},"value":{"valueKind":"abstract-primitive","value":"0"},"sourceLocation":{"fileName":"test/sunspider/access-fannkuch.js","lineNumber":"36","columnNumber":"24"}}
{"entryKind":"write-variable","name":{"valueKind":"concrete-string","value":"k"},"value":{"valueKind":"abstract-primitive","value":"1"},"sourceLocation":{"fileName":"test/sunspider/access-fannkuch.js","lineNumber":"36","columnNumber":"24"}}
{"entryKind":"write-variable","name":{"valueKind":"concrete-string","value":"k"},"value":{"valueKind":"abstract-primitive","value":"NUM_UINT"},"sourceLocation":{"fileName":"test/sunspider/access-fannkuch.js","lineNumber":"36","columnNumber":"24"}}
{"entryKind":"write-variable","name":{"valueKind":"concrete-string","value":"k2"},"value":{"valueKind":"abstract-primitive","value":"1"},"sourceLocation":{"fileName":"test/sunspider/access-fannkuch.js","lineNumber":"37","columnNumber":"22"}}
{"entryKind":"write-variable","name":{"valueKind":"concrete-string","value":"k2"},"value":{"valueKind":"abstract-primitive","value":"NUM_UINT"},"sourceLocation":{"fileName":"test/sunspider/access-fannkuch.js","lineNumber":"37","columnNumber":"22"}}
{"entryKind":"write-variable","name":{"valueKind":"concrete-string","value":"m"},"value":{"valueKind":"abstract-primitive","value":"NUM_UINT"},"sourceLocation":{"fileName":"test/sunspider/access-fannkuch.js","lineNumber":"16","columnNumber":"12"}}
{"entryKind":"write-variable","name":{"valueKind":"concrete-string","value":"maxFlipsCount"},"value":{"valueKind":"abstract-primitive","value":"0"},"sourceLocation":{"fileName":"test/sunspider/access-fannkuch.js","lineNumber":"15","columnNumber":"24"}}
{"entryKind":"write-variable","name":{"valueKind":"concrete-string","value":"maxFlipsCount"},"value":{"valueKind":"abstract-primitive","value":"NUM_UINT"},"sourceLocation":{"fileName":"test/sunspider/access-fannkuch.js","lineNumber":"45","columnNumber":"29"}}
{"entryKind":"write-variable","name":{"valueKind":"concrete-string","value":"maxPerm"},"value":{"valueKind":"abstract-object","value":{"objectKind":"other"}},"sourceLocation":{"fileName":"test/sunspider/access-fannkuch.js","lineNumber":"14","columnNumber":"18"}}
{"entryKind":"write-variable","name":{"valueKind":"concrete-string","value":"n"},"value":{"valueKind":"abstract-primitive","value":"NUM_UINT"},"sourceLocation":{"fileName":"test/sunspider/access-fannkuch.js","lineNumber":"68","columnNumber":"9"}}
{"entryKind":"write-variable","name":{"valueKind":"concrete-string","value":"perm"},"value":{"valueKind":"abstract-object","value":{"objectKind":"other"}},"sourceLocation":{"fileName":"test/sunspider/access-fannkuch.js","lineNumber":"11","columnNumber":"15"}}
{"entryKind":"write-variable","name":{"valueKind":"concrete-string","value":"perm0"},"value":{"valueKind":"abstract-primitive","value":"0"},"sourceLocation":{"fileName":"test/sunspider/access-fannkuch.js","lineNumber":"52","columnNumber":"22"}}
{"entryKind":"write-variable","name":{"valueKind":"concrete-string","value":"perm0"},"value":{"valueKind":"abstract-primitive","value":"1"},"sourceLocation":{"fileName":"test/sunspider/access-fannkuch.js","lineNumber":"52","columnNumber":"22"}}
{"entryKind":"write-variable","name":{"valueKind":"concrete-string","value":"perm0"},"value":{"valueKind":"abstract-primitive","value":"NUM_UINT"},"sourceLocation":{"fileName":"test/sunspider/access-fannkuch.js","lineNumber":"52","columnNumber":"22"}}
{"entryKind":"write-variable","name":{"valueKind":"concrete-string","value":"perm1"},"value":{"valueKind":"abstract-object","value":{"objectKind":"other"}},"sourceLocation":{"fileName":"test/sunspider/access-fannkuch.js","lineNumber":"12","columnNumber":"16"}}
{"entryKind":"write-variable","name":{"valueKind":"concrete-string","value":"r"},"value":{"valueKind":"abstract-primitive","value":"1"},"sourceLocation":{"fileName":"test/sunspider/access-fannkuch.js","lineNumber":-1,"columnNumber":-1}}
{"entryKind":"write-variable","name":{"valueKind":"concrete-string","value":"r"},"value":{"valueKind":"abstract-primitive","value":"NUM_UINT"},"sourceLocation":{"fileName":"test/sunspider/access-fannkuch.js","lineNumber":"19","columnNumber":"12"}}
{"entryKind":"write-variable","name":{"valueKind":"concrete-string","value":"r"},"value":{"valueKind":"abstract-primitive","value":"NUM_UINT"},"sourceLocation":{"fileName":"test/sunspider/access-fannkuch.js","lineNumber":-1,"columnNumber":-1}}
{"entryKind":"write-variable","name":{"valueKind":"concrete-string","value":"s"},"value":{"valueKind":"abstract-primitive","value":"STR_IDENTIFIERPARTS"},"sourceLocation":{"fileName":"test/sunspider/access-fannkuch.js","lineNumber":"24","columnNumber":"18"}}
{"entryKind":"write-variable","name":{"valueKind":"concrete-string","value":"s"},"value":{"valueKind":"abstract-primitive","value":"STR_UINT"},"sourceLocation":{"fileName":"test/sunspider/access-fannkuch.js","lineNumber":"25","columnNumber":"38"}}
{"entryKind":"write-variable","name":{"valueKind":"concrete-string","value":"temp"},"value":{"valueKind":"abstract-primitive","value":"0"},"sourceLocation":{"fileName":"test/sunspider/access-fannkuch.js","lineNumber":"39","columnNumber":"27"}}
{"entryKind":"write-variable","name":{"valueKind":"concrete-string","value":"temp"},"value":{"valueKind":"abstract-primitive","value":"1"},"sourceLocation":{"fileName":"test/sunspider/access-fannkuch.js","lineNumber":"39","columnNumber":"27"}}
{"entryKind":"write-variable","name":{"valueKind":"concrete-string","value":"temp"},"value":{"valueKind":"abstract-primitive","value":"NUM_UINT"},"sourceLocation":{"fileName":"test/sunspider/access-fannkuch.js","lineNumber":"39","columnNumber":"27"}}
