{"sha":"8a3490d39b05d6dfcb088f5434fb7cd9c978101f", "time":1465383987}
{"entryKind":"call","function":{"valueKind":"abstract-object","value":{"objectKind":"allocation-site","allocationSite":{"fileName":"test/sunspider/bitops-nsieve-bits.js","lineNumber":"16","columnNumber":"1"}}},"base":{"valueKind":"abstract-object","value":{"objectKind":"builtin","canonicalName":"<the global object>"}},"arguments":[{"valueKind":"abstract-object","value":{"objectKind":"allocation-site","allocationSite":{"fileName":"test/sunspider/bitops-nsieve-bits.js","lineNumber":"31","columnNumber":"23"}}},{"valueKind":"abstract-primitive","value":"NUM_UINT"}],"sourceLocation":{"fileName":"test/sunspider/bitops-nsieve-bits.js","lineNumber":"32","columnNumber":"9"}}
{"entryKind":"call","function":{"valueKind":"abstract-object","value":{"objectKind":"allocation-site","allocationSite":{"fileName":"test/sunspider/bitops-nsieve-bits.js","lineNumber":"29","columnNumber":"1"}}},"base":{"valueKind":"abstract-object","value":{"objectKind":"builtin","canonicalName":"<the global object>"}},"arguments":[],"sourceLocation":{"fileName":"test/sunspider/bitops-nsieve-bits.js","lineNumber":"36","columnNumber":"1"}}
{"entryKind":"call","function":{"valueKind":"abstract-object","value":{"objectKind":"builtin","canonicalName":"Array"}},"base":{"valueKind":"abstract-object","value":{"objectKind":"builtin","canonicalName":"<the global object>"}},"arguments":[{"valueKind":"abstract-primitive","value":"NUM_UINT"}],"sourceLocation":{"fileName":"test/sunspider/bitops-nsieve-bits.js","lineNumber":"31","columnNumber":"23"}}
{"entryKind":"call","function":{"valueKind":"abstract-object","value":{"objectKind":"builtin","canonicalName":"Date"}},"base":{"valueKind":"abstract-object","value":{"objectKind":"builtin","canonicalName":"<the global object>"}},"arguments":[],"sourceLocation":{"fileName":"test/sunspider/bitops-nsieve-bits.js","lineNumber":"3","columnNumber":"27"}}
{"entryKind":"function-entry","base":{"valueKind":"abstract-object","value":{"objectKind":"builtin","canonicalName":"<the global object>"}},"arguments":[],"sourceLocation":{"fileName":"test/sunspider/bitops-nsieve-bits.js","lineNumber":"29","columnNumber":"1"}}
{"entryKind":"function-entry","base":{"valueKind":"abstract-object","value":{"objectKind":"builtin","canonicalName":"<the global object>"}},"arguments":[{"valueKind":"abstract-object","value":{"objectKind":"allocation-site","allocationSite":{"fileName":"test/sunspider/bitops-nsieve-bits.js","lineNumber":"31","columnNumber":"23"}}},{"valueKind":"abstract-primitive","value":"NUM_UINT"}],"sourceLocation":{"fileName":"test/sunspider/bitops-nsieve-bits.js","lineNumber":"16","columnNumber":"1"}}
{"entryKind":"read-property","name":{"valueKind":"abstract-primitive","value":"0"},"value":{"valueKind":"abstract-primitive","value":"NUM_OTHER"},"sourceLocation":{"fileName":"test/sunspider/bitops-nsieve-bits.js","lineNumber":"22","columnNumber":"9"}}
{"entryKind":"read-property","name":{"valueKind":"abstract-primitive","value":"0"},"value":{"valueKind":"abstract-primitive","value":"NUM_OTHER"},"sourceLocation":{"fileName":"test/sunspider/bitops-nsieve-bits.js","lineNumber":-1,"columnNumber":-1}}
{"entryKind":"read-property","name":{"valueKind":"abstract-primitive","value":"0"},"value":{"valueKind":"abstract-primitive","value":"NUM_UINT"},"sourceLocation":{"fileName":"test/sunspider/bitops-nsieve-bits.js","lineNumber":"22","columnNumber":"9"}}
{"entryKind":"read-property","name":{"valueKind":"abstract-primitive","value":"0"},"value":{"valueKind":"abstract-primitive","value":"NUM_UINT"},"sourceLocation":{"fileName":"test/sunspider/bitops-nsieve-bits.js","lineNumber":-1,"columnNumber":-1}}
{"entryKind":"read-property","name":{"valueKind":"abstract-primitive","value":"1"},"value":{"valueKind":"abstract-primitive","value":"NUM_OTHER"},"sourceLocation":{"fileName":"test/sunspider/bitops-nsieve-bits.js","lineNumber":-1,"columnNumber":-1}}
{"entryKind":"read-property","name":{"valueKind":"abstract-primitive","value":"1"},"value":{"valueKind":"abstract-primitive","value":"NUM_UINT"},"sourceLocation":{"fileName":"test/sunspider/bitops-nsieve-bits.js","lineNumber":"22","columnNumber":"9"}}
{"entryKind":"read-property","name":{"valueKind":"abstract-primitive","value":"1"},"value":{"valueKind":"abstract-primitive","value":"NUM_UINT"},"sourceLocation":{"fileName":"test/sunspider/bitops-nsieve-bits.js","lineNumber":-1,"columnNumber":-1}}
{"entryKind":"read-property","name":{"valueKind":"abstract-primitive","value":"NUM_UINT"},"value":{"valueKind":"abstract-primitive","value":"0"},"sourceLocation":{"fileName":"test/sunspider/bitops-nsieve-bits.js","lineNumber":"22","columnNumber":"9"}}
{"entryKind":"read-property","name":{"valueKind":"abstract-primitive","value":"NUM_UINT"},"value":{"valueKind":"abstract-primitive","value":"0"},"sourceLocation":{"fileName":"test/sunspider/bitops-nsieve-bits.js","lineNumber":-1,"columnNumber":-1}}
{"entryKind":"read-property","name":{"valueKind":"abstract-primitive","value":"NUM_UINT"},"value":{"valueKind":"abstract-primitive","value":"NUM_OTHER"},"sourceLocation":{"fileName":"test/sunspider/bitops-nsieve-bits.js","lineNumber":"22","columnNumber":"9"}}
{"entryKind":"read-property","name":{"valueKind":"abstract-primitive","value":"NUM_UINT"},"value":{"valueKind":"abstract-primitive","value":"NUM_OTHER"},"sourceLocation":{"fileName":"test/sunspider/bitops-nsieve-bits.js","lineNumber":-1,"columnNumber":-1}}
{"entryKind":"read-property","name":{"valueKind":"abstract-primitive","value":"NUM_UINT"},"value":{"valueKind":"abstract-primitive","value":"NUM_UINT"},"sourceLocation":{"fileName":"test/sunspider/bitops-nsieve-bits.js","lineNumber":"22","columnNumber":"9"}}
{"entryKind":"read-property","name":{"valueKind":"abstract-primitive","value":"NUM_UINT"},"value":{"valueKind":"abstract-primitive","value":"NUM_UINT"},"sourceLocation":{"fileName":"test/sunspider/bitops-nsieve-bits.js","lineNumber":-1,"columnNumber":-1}}
{"entryKind":"read-variable","name":{"valueKind":"concrete-string","value":"Array"},"value":{"valueKind":"abstract-object","value":{"objectKind":"builtin","canonicalName":"Array"}},"sourceLocation":{"fileName":"test/sunspider/bitops-nsieve-bits.js","lineNumber":"31","columnNumber":"27"}}
{"entryKind":"read-variable","name":{"valueKind":"concrete-string","value":"Date"},"value":{"valueKind":"abstract-object","value":{"objectKind":"builtin","canonicalName":"Date"}},"sourceLocation":{"fileName":"test/sunspider/bitops-nsieve-bits.js","lineNumber":"3","columnNumber":"31"}}
{"entryKind":"read-variable","name":{"valueKind":"concrete-string","value":"count"},"value":{"valueKind":"abstract-primitive","value":"0"},"sourceLocation":{"fileName":"test/sunspider/bitops-nsieve-bits.js","lineNumber":"25","columnNumber":"7"}}
{"entryKind":"read-variable","name":{"valueKind":"concrete-string","value":"count"},"value":{"valueKind":"abstract-primitive","value":"1"},"sourceLocation":{"fileName":"test/sunspider/bitops-nsieve-bits.js","lineNumber":"25","columnNumber":"7"}}
{"entryKind":"read-variable","name":{"valueKind":"concrete-string","value":"count"},"value":{"valueKind":"abstract-primitive","value":"NUM_UINT"},"sourceLocation":{"fileName":"test/sunspider/bitops-nsieve-bits.js","lineNumber":"25","columnNumber":"7"}}
{"entryKind":"read-variable","name":{"valueKind":"concrete-string","value":"i"},"value":{"valueKind":"abstract-primitive","value":"0"},"sourceLocation":{"fileName":"test/sunspider/bitops-nsieve-bits.js","lineNumber":"19","columnNumber":"13"}}
{"entryKind":"read-variable","name":{"valueKind":"concrete-string","value":"i"},"value":{"valueKind":"abstract-primitive","value":"0"},"sourceLocation":{"fileName":"test/sunspider/bitops-nsieve-bits.js","lineNumber":"19","columnNumber":"21"}}
{"entryKind":"read-variable","name":{"valueKind":"concrete-string","value":"i"},"value":{"valueKind":"abstract-primitive","value":"0"},"sourceLocation":{"fileName":"test/sunspider/bitops-nsieve-bits.js","lineNumber":"19","columnNumber":"34"}}
{"entryKind":"read-variable","name":{"valueKind":"concrete-string","value":"i"},"value":{"valueKind":"abstract-primitive","value":"1"},"sourceLocation":{"fileName":"test/sunspider/bitops-nsieve-bits.js","lineNumber":"19","columnNumber":"13"}}
{"entryKind":"read-variable","name":{"valueKind":"concrete-string","value":"i"},"value":{"valueKind":"abstract-primitive","value":"1"},"sourceLocation":{"fileName":"test/sunspider/bitops-nsieve-bits.js","lineNumber":"19","columnNumber":"21"}}
{"entryKind":"read-variable","name":{"valueKind":"concrete-string","value":"i"},"value":{"valueKind":"abstract-primitive","value":"1"},"sourceLocation":{"fileName":"test/sunspider/bitops-nsieve-bits.js","lineNumber":"19","columnNumber":"34"}}
{"entryKind":"read-variable","name":{"valueKind":"concrete-string","value":"i"},"value":{"valueKind":"abstract-primitive","value":"NUM_UINT"},"sourceLocation":{"fileName":"test/sunspider/bitops-nsieve-bits.js","lineNumber":"19","columnNumber":"13"}}
{"entryKind":"read-variable","name":{"valueKind":"concrete-string","value":"i"},"value":{"valueKind":"abstract-primitive","value":"NUM_UINT"},"sourceLocation":{"fileName":"test/sunspider/bitops-nsieve-bits.js","lineNumber":"19","columnNumber":"21"}}
{"entryKind":"read-variable","name":{"valueKind":"concrete-string","value":"i"},"value":{"valueKind":"abstract-primitive","value":"NUM_UINT"},"sourceLocation":{"fileName":"test/sunspider/bitops-nsieve-bits.js","lineNumber":"19","columnNumber":"34"}}
{"entryKind":"read-variable","name":{"valueKind":"concrete-string","value":"i"},"value":{"valueKind":"abstract-primitive","value":"NUM_UINT"},"sourceLocation":{"fileName":"test/sunspider/bitops-nsieve-bits.js","lineNumber":"21","columnNumber":"13"}}
{"entryKind":"read-variable","name":{"valueKind":"concrete-string","value":"i"},"value":{"valueKind":"abstract-primitive","value":"NUM_UINT"},"sourceLocation":{"fileName":"test/sunspider/bitops-nsieve-bits.js","lineNumber":"21","columnNumber":"18"}}
{"entryKind":"read-variable","name":{"valueKind":"concrete-string","value":"i"},"value":{"valueKind":"abstract-primitive","value":"NUM_UINT"},"sourceLocation":{"fileName":"test/sunspider/bitops-nsieve-bits.js","lineNumber":"22","columnNumber":"17"}}
{"entryKind":"read-variable","name":{"valueKind":"concrete-string","value":"i"},"value":{"valueKind":"abstract-primitive","value":"NUM_UINT"},"sourceLocation":{"fileName":"test/sunspider/bitops-nsieve-bits.js","lineNumber":"22","columnNumber":"29"}}
{"entryKind":"read-variable","name":{"valueKind":"concrete-string","value":"i"},"value":{"valueKind":"abstract-primitive","value":"NUM_UINT"},"sourceLocation":{"fileName":"test/sunspider/bitops-nsieve-bits.js","lineNumber":"23","columnNumber":"18"}}
{"entryKind":"read-variable","name":{"valueKind":"concrete-string","value":"i"},"value":{"valueKind":"abstract-primitive","value":"NUM_UINT"},"sourceLocation":{"fileName":"test/sunspider/bitops-nsieve-bits.js","lineNumber":"23","columnNumber":"20"}}
{"entryKind":"read-variable","name":{"valueKind":"concrete-string","value":"i"},"value":{"valueKind":"abstract-primitive","value":"NUM_UINT"},"sourceLocation":{"fileName":"test/sunspider/bitops-nsieve-bits.js","lineNumber":"23","columnNumber":"31"}}
{"entryKind":"read-variable","name":{"valueKind":"concrete-string","value":"i"},"value":{"valueKind":"abstract-primitive","value":"NUM_UINT"},"sourceLocation":{"fileName":"test/sunspider/bitops-nsieve-bits.js","lineNumber":"30","columnNumber":"21"}}
{"entryKind":"read-variable","name":{"valueKind":"concrete-string","value":"i"},"value":{"valueKind":"abstract-primitive","value":"NUM_UINT"},"sourceLocation":{"fileName":"test/sunspider/bitops-nsieve-bits.js","lineNumber":"31","columnNumber":"41"}}
{"entryKind":"read-variable","name":{"valueKind":"concrete-string","value":"i"},"value":{"valueKind":"abstract-primitive","value":"NUM_UINT"},"sourceLocation":{"fileName":"test/sunspider/bitops-nsieve-bits.js","lineNumber":"32","columnNumber":"25"}}
{"entryKind":"read-variable","name":{"valueKind":"concrete-string","value":"isPrime"},"value":{"valueKind":"abstract-object","value":{"objectKind":"allocation-site","allocationSite":{"fileName":"test/sunspider/bitops-nsieve-bits.js","lineNumber":"31","columnNumber":"23"}}},"sourceLocation":{"fileName":"test/sunspider/bitops-nsieve-bits.js","lineNumber":"19","columnNumber":"26"}}
{"entryKind":"read-variable","name":{"valueKind":"concrete-string","value":"isPrime"},"value":{"valueKind":"abstract-object","value":{"objectKind":"allocation-site","allocationSite":{"fileName":"test/sunspider/bitops-nsieve-bits.js","lineNumber":"31","columnNumber":"23"}}},"sourceLocation":{"fileName":"test/sunspider/bitops-nsieve-bits.js","lineNumber":"22","columnNumber":"9"}}
{"entryKind":"read-variable","name":{"valueKind":"concrete-string","value":"isPrime"},"value":{"valueKind":"abstract-object","value":{"objectKind":"allocation-site","allocationSite":{"fileName":"test/sunspider/bitops-nsieve-bits.js","lineNumber":"31","columnNumber":"23"}}},"sourceLocation":{"fileName":"test/sunspider/bitops-nsieve-bits.js","lineNumber":"24","columnNumber":"9"}}
{"entryKind":"read-variable","name":{"valueKind":"concrete-string","value":"isPrime"},"value":{"valueKind":"abstract-object","value":{"objectKind":"allocation-site","allocationSite":{"fileName":"test/sunspider/bitops-nsieve-bits.js","lineNumber":"31","columnNumber":"23"}}},"sourceLocation":{"fileName":"test/sunspider/bitops-nsieve-bits.js","lineNumber":"32","columnNumber":"16"}}
{"entryKind":"read-variable","name":{"valueKind":"concrete-string","value":"j"},"value":{"valueKind":"abstract-primitive","value":"NUM_UINT"},"sourceLocation":{"fileName":"test/sunspider/bitops-nsieve-bits.js","lineNumber":"23","columnNumber":"23"}}
{"entryKind":"read-variable","name":{"valueKind":"concrete-string","value":"j"},"value":{"valueKind":"abstract-primitive","value":"NUM_UINT"},"sourceLocation":{"fileName":"test/sunspider/bitops-nsieve-bits.js","lineNumber":"23","columnNumber":"28"}}
{"entryKind":"read-variable","name":{"valueKind":"concrete-string","value":"j"},"value":{"valueKind":"abstract-primitive","value":"NUM_UINT"},"sourceLocation":{"fileName":"test/sunspider/bitops-nsieve-bits.js","lineNumber":"24","columnNumber":"17"}}
{"entryKind":"read-variable","name":{"valueKind":"concrete-string","value":"j"},"value":{"valueKind":"abstract-primitive","value":"NUM_UINT"},"sourceLocation":{"fileName":"test/sunspider/bitops-nsieve-bits.js","lineNumber":"24","columnNumber":"32"}}
{"entryKind":"read-variable","name":{"valueKind":"concrete-string","value":"m"},"value":{"valueKind":"abstract-primitive","value":"NUM_UINT"},"sourceLocation":{"fileName":"test/sunspider/bitops-nsieve-bits.js","lineNumber":"17","columnNumber":"42"}}
{"entryKind":"read-variable","name":{"valueKind":"concrete-string","value":"m"},"value":{"valueKind":"abstract-primitive","value":"NUM_UINT"},"sourceLocation":{"fileName":"test/sunspider/bitops-nsieve-bits.js","lineNumber":"21","columnNumber":"15"}}
{"entryKind":"read-variable","name":{"valueKind":"concrete-string","value":"m"},"value":{"valueKind":"abstract-primitive","value":"NUM_UINT"},"sourceLocation":{"fileName":"test/sunspider/bitops-nsieve-bits.js","lineNumber":"23","columnNumber":"25"}}
{"entryKind":"read-variable","name":{"valueKind":"concrete-string","value":"n"},"value":{"valueKind":"abstract-primitive","value":"NUM_UINT"},"sourceLocation":{"fileName":"test/sunspider/bitops-nsieve-bits.js","lineNumber":"17","columnNumber":"32"}}
{"entryKind":"read-variable","name":{"valueKind":"concrete-string","value":"primes"},"value":{"valueKind":"abstract-object","value":{"objectKind":"allocation-site","allocationSite":{"fileName":"test/sunspider/bitops-nsieve-bits.js","lineNumber":"16","columnNumber":"1"}}},"sourceLocation":{"fileName":"test/sunspider/bitops-nsieve-bits.js","lineNumber":"32","columnNumber":"9"}}
{"entryKind":"read-variable","name":{"valueKind":"concrete-string","value":"sieve"},"value":{"valueKind":"abstract-object","value":{"objectKind":"allocation-site","allocationSite":{"fileName":"test/sunspider/bitops-nsieve-bits.js","lineNumber":"29","columnNumber":"1"}}},"sourceLocation":{"fileName":"test/sunspider/bitops-nsieve-bits.js","lineNumber":"36","columnNumber":"1"}}
{"entryKind":"read-variable","name":{"valueKind":"concrete-string","value":"size"},"value":{"valueKind":"abstract-primitive","value":"NUM_UINT"},"sourceLocation":{"fileName":"test/sunspider/bitops-nsieve-bits.js","lineNumber":"19","columnNumber":"15"}}
{"entryKind":"write-property","name":{"valueKind":"abstract-primitive","value":"0"},"value":{"valueKind":"abstract-primitive","value":"NUM_OTHER"},"sourceLocation":{"fileName":"test/sunspider/bitops-nsieve-bits.js","lineNumber":"24","columnNumber":"9"}}
{"entryKind":"write-property","name":{"valueKind":"abstract-primitive","value":"0"},"value":{"valueKind":"abstract-primitive","value":"NUM_UINT"},"sourceLocation":{"fileName":"test/sunspider/bitops-nsieve-bits.js","lineNumber":"19","columnNumber":"26"}}
{"entryKind":"write-property","name":{"valueKind":"abstract-primitive","value":"1"},"value":{"valueKind":"abstract-primitive","value":"NUM_OTHER"},"sourceLocation":{"fileName":"test/sunspider/bitops-nsieve-bits.js","lineNumber":"24","columnNumber":"9"}}
{"entryKind":"write-property","name":{"valueKind":"abstract-primitive","value":"1"},"value":{"valueKind":"abstract-primitive","value":"NUM_UINT"},"sourceLocation":{"fileName":"test/sunspider/bitops-nsieve-bits.js","lineNumber":"19","columnNumber":"26"}}
{"entryKind":"write-property","name":{"valueKind":"abstract-primitive","value":"1"},"value":{"valueKind":"abstract-primitive","value":"NUM_UINT"},"sourceLocation":{"fileName":"test/sunspider/bitops-nsieve-bits.js","lineNumber":"24","columnNumber":"9"}}
{"entryKind":"write-property","name":{"valueKind":"abstract-primitive","value":"NUM_UINT"},"value":{"valueKind":"abstract-primitive","value":"0"},"sourceLocation":{"fileName":"test/sunspider/bitops-nsieve-bits.js","lineNumber":"24","columnNumber":"9"}}
{"entryKind":"write-property","name":{"valueKind":"abstract-primitive","value":"NUM_UINT"},"value":{"valueKind":"abstract-primitive","value":"NUM_OTHER"},"sourceLocation":{"fileName":"test/sunspider/bitops-nsieve-bits.js","lineNumber":"24","columnNumber":"9"}}
{"entryKind":"write-property","name":{"valueKind":"abstract-primitive","value":"NUM_UINT"},"value":{"valueKind":"abstract-primitive","value":"NUM_UINT"},"sourceLocation":{"fileName":"test/sunspider/bitops-nsieve-bits.js","lineNumber":"19","columnNumber":"26"}}
{"entryKind":"write-property","name":{"valueKind":"abstract-primitive","value":"NUM_UINT"},"value":{"valueKind":"abstract-primitive","value":"NUM_UINT"},"sourceLocation":{"fileName":"test/sunspider/bitops-nsieve-bits.js","lineNumber":"24","columnNumber":"9"}}
{"entryKind":"write-variable","name":{"valueKind":"concrete-string","value":"_sunSpiderStartDate"},"value":{"valueKind":"abstract-object","value":{"objectKind":"allocation-site","allocationSite":{"fileName":"test/sunspider/bitops-nsieve-bits.js","lineNumber":"3","columnNumber":"27"}}},"sourceLocation":{"fileName":"test/sunspider/bitops-nsieve-bits.js","lineNumber":"3","columnNumber":"27"}}
{"entryKind":"write-variable","name":{"valueKind":"concrete-string","value":"count"},"value":{"valueKind":"abstract-primitive","value":"0"},"sourceLocation":{"fileName":"test/sunspider/bitops-nsieve-bits.js","lineNumber":"17","columnNumber":"18"}}
{"entryKind":"write-variable","name":{"valueKind":"concrete-string","value":"count"},"value":{"valueKind":"abstract-primitive","value":"1"},"sourceLocation":{"fileName":"test/sunspider/bitops-nsieve-bits.js","lineNumber":-1,"columnNumber":-1}}
{"entryKind":"write-variable","name":{"valueKind":"concrete-string","value":"count"},"value":{"valueKind":"abstract-primitive","value":"NUM_UINT"},"sourceLocation":{"fileName":"test/sunspider/bitops-nsieve-bits.js","lineNumber":-1,"columnNumber":-1}}
{"entryKind":"write-variable","name":{"valueKind":"concrete-string","value":"i"},"value":{"valueKind":"abstract-primitive","value":"0"},"sourceLocation":{"fileName":"test/sunspider/bitops-nsieve-bits.js","lineNumber":"19","columnNumber":"10"}}
{"entryKind":"write-variable","name":{"valueKind":"concrete-string","value":"i"},"value":{"valueKind":"abstract-primitive","value":"1"},"sourceLocation":{"fileName":"test/sunspider/bitops-nsieve-bits.js","lineNumber":-1,"columnNumber":-1}}
{"entryKind":"write-variable","name":{"valueKind":"concrete-string","value":"i"},"value":{"valueKind":"abstract-primitive","value":"NUM_UINT"},"sourceLocation":{"fileName":"test/sunspider/bitops-nsieve-bits.js","lineNumber":"21","columnNumber":"10"}}
{"entryKind":"write-variable","name":{"valueKind":"concrete-string","value":"i"},"value":{"valueKind":"abstract-primitive","value":"NUM_UINT"},"sourceLocation":{"fileName":"test/sunspider/bitops-nsieve-bits.js","lineNumber":"30","columnNumber":"18"}}
{"entryKind":"write-variable","name":{"valueKind":"concrete-string","value":"i"},"value":{"valueKind":"abstract-primitive","value":"NUM_UINT"},"sourceLocation":{"fileName":"test/sunspider/bitops-nsieve-bits.js","lineNumber":-1,"columnNumber":-1}}
{"entryKind":"write-variable","name":{"valueKind":"concrete-string","value":"isPrime"},"value":{"valueKind":"abstract-object","value":{"objectKind":"allocation-site","allocationSite":{"fileName":"test/sunspider/bitops-nsieve-bits.js","lineNumber":"31","columnNumber":"23"}}},"sourceLocation":{"fileName":"test/sunspider/bitops-nsieve-bits.js","lineNumber":"31","columnNumber":"23"}}
{"entryKind":"write-variable","name":{"valueKind":"concrete-string","value":"j"},"value":{"valueKind":"abstract-primitive","value":"NUM_UINT"},"sourceLocation":{"fileName":"test/sunspider/bitops-nsieve-bits.js","lineNumber":"23","columnNumber":"18"}}
{"entryKind":"write-variable","name":{"valueKind":"concrete-string","value":"j"},"value":{"valueKind":"abstract-primitive","value":"NUM_UINT"},"sourceLocation":{"fileName":"test/sunspider/bitops-nsieve-bits.js","lineNumber":"23","columnNumber":"31"}}
{"entryKind":"write-variable","name":{"valueKind":"concrete-string","value":"m"},"value":{"valueKind":"abstract-primitive","value":"NUM_UINT"},"sourceLocation":{"fileName":"test/sunspider/bitops-nsieve-bits.js","lineNumber":"17","columnNumber":"25"}}
{"entryKind":"write-variable","name":{"valueKind":"concrete-string","value":"size"},"value":{"valueKind":"abstract-primitive","value":"NUM_UINT"},"sourceLocation":{"fileName":"test/sunspider/bitops-nsieve-bits.js","lineNumber":"17","columnNumber":"42"}}
