{"entryKind":"call","function":{"valueKind":"abstract-object","value":{"objectKind":"allocation-site","allocationSite":{"fileName":"test/sunspider/string-fasta.js","lineNumber":"12","columnNumber":"1"}}},"base":{"valueKind":"abstract-object","value":{"objectKind":"builtin","canonicalName":"<the global object>"}},"arguments":[{"valueKind":"abstract-primitive","value":"1"}],"sourceLocation":{"fileName":"test/sunspider/string-fasta.js","lineNumber":"70","columnNumber":"15"}}
{"entryKind":"call","function":{"valueKind":"abstract-object","value":{"objectKind":"allocation-site","allocationSite":{"fileName":"test/sunspider/string-fasta.js","lineNumber":"40","columnNumber":"1"}}},"base":{"valueKind":"abstract-object","value":{"objectKind":"builtin","canonicalName":"<the global object>"}},"arguments":[{"valueKind":"abstract-object","value":{"objectKind":"allocation-site","allocationSite":{"fileName":"test/sunspider/string-fasta.js","lineNumber":"26","columnNumber":"11"}}}],"sourceLocation":{"fileName":"test/sunspider/string-fasta.js","lineNumber":"66","columnNumber":"3"}}
{"entryKind":"call","function":{"valueKind":"abstract-object","value":{"objectKind":"allocation-site","allocationSite":{"fileName":"test/sunspider/string-fasta.js","lineNumber":"40","columnNumber":"1"}}},"base":{"valueKind":"abstract-object","value":{"objectKind":"builtin","canonicalName":"<the global object>"}},"arguments":[{"valueKind":"abstract-object","value":{"objectKind":"allocation-site","allocationSite":{"fileName":"test/sunspider/string-fasta.js","lineNumber":"33","columnNumber":"15"}}}],"sourceLocation":{"fileName":"test/sunspider/string-fasta.js","lineNumber":"66","columnNumber":"3"}}
{"entryKind":"call","function":{"valueKind":"abstract-object","value":{"objectKind":"allocation-site","allocationSite":{"fileName":"test/sunspider/string-fasta.js","lineNumber":"48","columnNumber":"1"}}},"base":{"valueKind":"abstract-object","value":{"objectKind":"builtin","canonicalName":"<the global object>"}},"arguments":[{"valueKind":"abstract-primitive","value":"NUM_UINT"},{"valueKind":"abstract-primitive","value":"STR_IDENTIFIER"}],"sourceLocation":{"fileName":"test/sunspider/string-fasta.js","lineNumber":"86","columnNumber":"7"}}
{"entryKind":"call","function":{"valueKind":"abstract-object","value":{"objectKind":"allocation-site","allocationSite":{"fileName":"test/sunspider/string-fasta.js","lineNumber":"64","columnNumber":"1"}}},"base":{"valueKind":"abstract-object","value":{"objectKind":"builtin","canonicalName":"<the global object>"}},"arguments":[{"valueKind":"abstract-primitive","value":"NUM_UINT"},{"valueKind":"abstract-object","value":{"objectKind":"allocation-site","allocationSite":{"fileName":"test/sunspider/string-fasta.js","lineNumber":"26","columnNumber":"11"}}}],"sourceLocation":{"fileName":"test/sunspider/string-fasta.js","lineNumber":"87","columnNumber":"7"}}
{"entryKind":"call","function":{"valueKind":"abstract-object","value":{"objectKind":"allocation-site","allocationSite":{"fileName":"test/sunspider/string-fasta.js","lineNumber":"64","columnNumber":"1"}}},"base":{"valueKind":"abstract-object","value":{"objectKind":"builtin","canonicalName":"<the global object>"}},"arguments":[{"valueKind":"abstract-primitive","value":"NUM_UINT"},{"valueKind":"abstract-object","value":{"objectKind":"allocation-site","allocationSite":{"fileName":"test/sunspider/string-fasta.js","lineNumber":"33","columnNumber":"15"}}}],"sourceLocation":{"fileName":"test/sunspider/string-fasta.js","lineNumber":"88","columnNumber":"7"}}
{"entryKind":"call","function":{"valueKind":"abstract-object","value":{"objectKind":"builtin","canonicalName":"Array"}},"base":{"valueKind":"abstract-object","value":{"objectKind":"builtin","canonicalName":"<the global object>"}},"arguments":[{"valueKind":"abstract-primitive","value":"NUM_UINT"}],"sourceLocation":{"fileName":"test/sunspider/string-fasta.js","lineNumber":"65","columnNumber":"14"}}
{"entryKind":"call","function":{"valueKind":"abstract-object","value":{"objectKind":"builtin","canonicalName":"Array"}},"base":{"valueKind":"abstract-object","value":{"objectKind":"builtin","canonicalName":"<the global object>"}},"arguments":[{"valueKind":"abstract-primitive","value":"NUM_UINT"}],"sourceLocation":{"fileName":"test/sunspider/string-fasta.js","lineNumber":"68","columnNumber":"31"}}
{"entryKind":"call","function":{"valueKind":"abstract-object","value":{"objectKind":"builtin","canonicalName":"Array.prototype.join"}},"base":{"valueKind":"abstract-object","value":{"objectKind":"allocation-site","allocationSite":{"fileName":"test/sunspider/string-fasta.js","lineNumber":"65","columnNumber":"14"}}},"arguments":[{"valueKind":"abstract-primitive","value":"STR_IDENTIFIERPARTS"}],"sourceLocation":{"fileName":"test/sunspider/string-fasta.js","lineNumber":"78","columnNumber":"11"}}
{"entryKind":"call","function":{"valueKind":"abstract-object","value":{"objectKind":"builtin","canonicalName":"Array.prototype.join"}},"base":{"valueKind":"abstract-object","value":{"objectKind":"allocation-site","allocationSite":{"fileName":"test/sunspider/string-fasta.js","lineNumber":"68","columnNumber":"31"}}},"arguments":[{"valueKind":"abstract-primitive","value":"STR_IDENTIFIERPARTS"}],"sourceLocation":{"fileName":"test/sunspider/string-fasta.js","lineNumber":"78","columnNumber":"11"}}
{"entryKind":"call","function":{"valueKind":"abstract-object","value":{"objectKind":"builtin","canonicalName":"Date"}},"base":{"valueKind":"abstract-object","value":{"objectKind":"builtin","canonicalName":"<the global object>"}},"arguments":[],"sourceLocation":{"fileName":"test/sunspider/string-fasta.js","lineNumber":"3","columnNumber":"27"}}
{"entryKind":"call","function":{"valueKind":"abstract-object","value":{"objectKind":"builtin","canonicalName":"Date"}},"base":{"valueKind":"abstract-object","value":{"objectKind":"builtin","canonicalName":"<the global object>"}},"arguments":[],"sourceLocation":{"fileName":"test/sunspider/string-fasta.js","lineNumber":"92","columnNumber":"26"}}
{"entryKind":"call","function":{"valueKind":"abstract-object","value":{"objectKind":"other"}},"base":{"valueKind":"abstract-object","value":{"objectKind":"builtin","canonicalName":"<the global object>"}},"arguments":[{"valueKind":"abstract-primitive","value":"NUM_UINT"}],"sourceLocation":{"fileName":"test/sunspider/string-fasta.js","lineNumber":"94","columnNumber":"1"}}
{"entryKind":"call","function":{"valueKind":"abstract-object","value":{"objectKind":"other"}},"base":{"valueKind":"abstract-primitive","value":"STR_IDENTIFIER"},"arguments":[{"valueKind":"abstract-primitive","value":"0"},{"valueKind":"abstract-primitive","value":"0"}],"sourceLocation":{"fileName":"test/sunspider/string-fasta.js","lineNumber":"58","columnNumber":"17"}}
{"entryKind":"call","function":{"valueKind":"abstract-object","value":{"objectKind":"other"}},"base":{"valueKind":"abstract-primitive","value":"STR_IDENTIFIER"},"arguments":[{"valueKind":"abstract-primitive","value":"0"},{"valueKind":"abstract-primitive","value":"1"}],"sourceLocation":{"fileName":"test/sunspider/string-fasta.js","lineNumber":"58","columnNumber":"17"}}
{"entryKind":"call","function":{"valueKind":"abstract-object","value":{"objectKind":"other"}},"base":{"valueKind":"abstract-primitive","value":"STR_IDENTIFIER"},"arguments":[{"valueKind":"abstract-primitive","value":"0"},{"valueKind":"abstract-primitive","value":"NUM_UINT"}],"sourceLocation":{"fileName":"test/sunspider/string-fasta.js","lineNumber":"53","columnNumber":"13"}}
{"entryKind":"call","function":{"valueKind":"abstract-object","value":{"objectKind":"other"}},"base":{"valueKind":"abstract-primitive","value":"STR_IDENTIFIER"},"arguments":[{"valueKind":"abstract-primitive","value":"0"},{"valueKind":"abstract-primitive","value":"NUM_UINT"}],"sourceLocation":{"fileName":"test/sunspider/string-fasta.js","lineNumber":"58","columnNumber":"17"}}
{"entryKind":"call","function":{"valueKind":"abstract-object","value":{"objectKind":"other"}},"base":{"valueKind":"abstract-primitive","value":"STR_IDENTIFIER"},"arguments":[{"valueKind":"abstract-primitive","value":"1"},{"valueKind":"abstract-primitive","value":"NUM_UINT"}],"sourceLocation":{"fileName":"test/sunspider/string-fasta.js","lineNumber":"53","columnNumber":"13"}}
{"entryKind":"call","function":{"valueKind":"abstract-object","value":{"objectKind":"other"}},"base":{"valueKind":"abstract-primitive","value":"STR_IDENTIFIER"},"arguments":[{"valueKind":"abstract-primitive","value":"NUM_UINT"},{"valueKind":"abstract-primitive","value":"NUM_UINT"}],"sourceLocation":{"fileName":"test/sunspider/string-fasta.js","lineNumber":"53","columnNumber":"13"}}
{"entryKind":"call","function":{"valueKind":"abstract-object","value":{"objectKind":"other"}},"base":{"valueKind":"abstract-primitive","value":"STR_IDENTIFIER"},"arguments":[{"valueKind":"abstract-primitive","value":"NUM_UINT"}],"sourceLocation":{"fileName":"test/sunspider/string-fasta.js","lineNumber":"56","columnNumber":"15"}}
{"entryKind":"function-entry","base":{"valueKind":"abstract-object","value":{"objectKind":"builtin","canonicalName":"<the global object>"}},"arguments":[{"valueKind":"abstract-object","value":{"objectKind":"allocation-site","allocationSite":{"fileName":"test/sunspider/string-fasta.js","lineNumber":"26","columnNumber":"11"}}}],"sourceLocation":{"fileName":"test/sunspider/string-fasta.js","lineNumber":"40","columnNumber":"1"}}
{"entryKind":"function-entry","base":{"valueKind":"abstract-object","value":{"objectKind":"builtin","canonicalName":"<the global object>"}},"arguments":[{"valueKind":"abstract-object","value":{"objectKind":"allocation-site","allocationSite":{"fileName":"test/sunspider/string-fasta.js","lineNumber":"33","columnNumber":"15"}}}],"sourceLocation":{"fileName":"test/sunspider/string-fasta.js","lineNumber":"40","columnNumber":"1"}}
{"entryKind":"function-entry","base":{"valueKind":"abstract-object","value":{"objectKind":"builtin","canonicalName":"<the global object>"}},"arguments":[{"valueKind":"abstract-primitive","value":"1"}],"sourceLocation":{"fileName":"test/sunspider/string-fasta.js","lineNumber":"12","columnNumber":"1"}}
{"entryKind":"function-entry","base":{"valueKind":"abstract-object","value":{"objectKind":"builtin","canonicalName":"<the global object>"}},"arguments":[{"valueKind":"abstract-primitive","value":"NUM_UINT"},{"valueKind":"abstract-object","value":{"objectKind":"allocation-site","allocationSite":{"fileName":"test/sunspider/string-fasta.js","lineNumber":"26","columnNumber":"11"}}}],"sourceLocation":{"fileName":"test/sunspider/string-fasta.js","lineNumber":"64","columnNumber":"1"}}
{"entryKind":"function-entry","base":{"valueKind":"abstract-object","value":{"objectKind":"builtin","canonicalName":"<the global object>"}},"arguments":[{"valueKind":"abstract-primitive","value":"NUM_UINT"},{"valueKind":"abstract-object","value":{"objectKind":"allocation-site","allocationSite":{"fileName":"test/sunspider/string-fasta.js","lineNumber":"33","columnNumber":"15"}}}],"sourceLocation":{"fileName":"test/sunspider/string-fasta.js","lineNumber":"64","columnNumber":"1"}}
{"entryKind":"function-entry","base":{"valueKind":"abstract-object","value":{"objectKind":"builtin","canonicalName":"<the global object>"}},"arguments":[{"valueKind":"abstract-primitive","value":"NUM_UINT"},{"valueKind":"abstract-primitive","value":"STR_IDENTIFIER"}],"sourceLocation":{"fileName":"test/sunspider/string-fasta.js","lineNumber":"48","columnNumber":"1"}}
{"entryKind":"function-exit","returnValue":{"valueKind":"abstract-primitive","value":"0"},"sourceLocation":{"fileName":"test/sunspider/string-fasta.js","lineNumber":"12","columnNumber":"1"}}
{"entryKind":"function-exit","returnValue":{"valueKind":"abstract-primitive","value":"NUM_OTHER"},"sourceLocation":{"fileName":"test/sunspider/string-fasta.js","lineNumber":"12","columnNumber":"1"}}
{"entryKind":"function-exit","returnValue":{"valueKind":"abstract-primitive","value":"undefined"},"sourceLocation":{"fileName":"test/sunspider/string-fasta.js","lineNumber":"40","columnNumber":"1"}}
{"entryKind":"function-exit","returnValue":{"valueKind":"abstract-primitive","value":"undefined"},"sourceLocation":{"fileName":"test/sunspider/string-fasta.js","lineNumber":"48","columnNumber":"1"}}
{"entryKind":"function-exit","returnValue":{"valueKind":"abstract-primitive","value":"undefined"},"sourceLocation":{"fileName":"test/sunspider/string-fasta.js","lineNumber":"64","columnNumber":"1"}}
{"entryKind":"read-property","name":{"valueKind":"concrete-string","value":"B"},"value":{"valueKind":"abstract-primitive","value":"NUM_OTHER"},"sourceLocation":{"fileName":"test/sunspider/string-fasta.js","lineNumber":"43","columnNumber":"27"}}
{"entryKind":"read-property","name":{"valueKind":"concrete-string","value":"B"},"value":{"valueKind":"abstract-primitive","value":"NUM_OTHER"},"sourceLocation":{"fileName":"test/sunspider/string-fasta.js","lineNumber":"72","columnNumber":"17"}}
{"entryKind":"read-property","name":{"valueKind":"concrete-string","value":"B"},"value":{"valueKind":"abstract-primitive","value":"NUM_OTHER"},"sourceLocation":{"fileName":"test/sunspider/string-fasta.js","lineNumber":-1,"columnNumber":-1}}
{"entryKind":"read-property","name":{"valueKind":"concrete-string","value":"D"},"value":{"valueKind":"abstract-primitive","value":"NUM_OTHER"},"sourceLocation":{"fileName":"test/sunspider/string-fasta.js","lineNumber":"43","columnNumber":"27"}}
{"entryKind":"read-property","name":{"valueKind":"concrete-string","value":"D"},"value":{"valueKind":"abstract-primitive","value":"NUM_OTHER"},"sourceLocation":{"fileName":"test/sunspider/string-fasta.js","lineNumber":"72","columnNumber":"17"}}
{"entryKind":"read-property","name":{"valueKind":"concrete-string","value":"D"},"value":{"valueKind":"abstract-primitive","value":"NUM_OTHER"},"sourceLocation":{"fileName":"test/sunspider/string-fasta.js","lineNumber":-1,"columnNumber":-1}}
{"entryKind":"read-property","name":{"valueKind":"concrete-string","value":"H"},"value":{"valueKind":"abstract-primitive","value":"NUM_OTHER"},"sourceLocation":{"fileName":"test/sunspider/string-fasta.js","lineNumber":"43","columnNumber":"27"}}
{"entryKind":"read-property","name":{"valueKind":"concrete-string","value":"H"},"value":{"valueKind":"abstract-primitive","value":"NUM_OTHER"},"sourceLocation":{"fileName":"test/sunspider/string-fasta.js","lineNumber":"72","columnNumber":"17"}}
{"entryKind":"read-property","name":{"valueKind":"concrete-string","value":"H"},"value":{"valueKind":"abstract-primitive","value":"NUM_OTHER"},"sourceLocation":{"fileName":"test/sunspider/string-fasta.js","lineNumber":-1,"columnNumber":-1}}
{"entryKind":"read-property","name":{"valueKind":"concrete-string","value":"K"},"value":{"valueKind":"abstract-primitive","value":"NUM_OTHER"},"sourceLocation":{"fileName":"test/sunspider/string-fasta.js","lineNumber":"43","columnNumber":"27"}}
{"entryKind":"read-property","name":{"valueKind":"concrete-string","value":"K"},"value":{"valueKind":"abstract-primitive","value":"NUM_OTHER"},"sourceLocation":{"fileName":"test/sunspider/string-fasta.js","lineNumber":"72","columnNumber":"17"}}
{"entryKind":"read-property","name":{"valueKind":"concrete-string","value":"K"},"value":{"valueKind":"abstract-primitive","value":"NUM_OTHER"},"sourceLocation":{"fileName":"test/sunspider/string-fasta.js","lineNumber":-1,"columnNumber":-1}}
{"entryKind":"read-property","name":{"valueKind":"concrete-string","value":"M"},"value":{"valueKind":"abstract-primitive","value":"NUM_OTHER"},"sourceLocation":{"fileName":"test/sunspider/string-fasta.js","lineNumber":"43","columnNumber":"27"}}
{"entryKind":"read-property","name":{"valueKind":"concrete-string","value":"M"},"value":{"valueKind":"abstract-primitive","value":"NUM_OTHER"},"sourceLocation":{"fileName":"test/sunspider/string-fasta.js","lineNumber":"72","columnNumber":"17"}}
{"entryKind":"read-property","name":{"valueKind":"concrete-string","value":"M"},"value":{"valueKind":"abstract-primitive","value":"NUM_OTHER"},"sourceLocation":{"fileName":"test/sunspider/string-fasta.js","lineNumber":-1,"columnNumber":-1}}
{"entryKind":"read-property","name":{"valueKind":"concrete-string","value":"N"},"value":{"valueKind":"abstract-primitive","value":"NUM_OTHER"},"sourceLocation":{"fileName":"test/sunspider/string-fasta.js","lineNumber":"43","columnNumber":"27"}}
{"entryKind":"read-property","name":{"valueKind":"concrete-string","value":"N"},"value":{"valueKind":"abstract-primitive","value":"NUM_OTHER"},"sourceLocation":{"fileName":"test/sunspider/string-fasta.js","lineNumber":"72","columnNumber":"17"}}
{"entryKind":"read-property","name":{"valueKind":"concrete-string","value":"N"},"value":{"valueKind":"abstract-primitive","value":"NUM_OTHER"},"sourceLocation":{"fileName":"test/sunspider/string-fasta.js","lineNumber":-1,"columnNumber":-1}}
{"entryKind":"read-property","name":{"valueKind":"concrete-string","value":"R"},"value":{"valueKind":"abstract-primitive","value":"NUM_OTHER"},"sourceLocation":{"fileName":"test/sunspider/string-fasta.js","lineNumber":"43","columnNumber":"27"}}
{"entryKind":"read-property","name":{"valueKind":"concrete-string","value":"R"},"value":{"valueKind":"abstract-primitive","value":"NUM_OTHER"},"sourceLocation":{"fileName":"test/sunspider/string-fasta.js","lineNumber":"72","columnNumber":"17"}}
{"entryKind":"read-property","name":{"valueKind":"concrete-string","value":"R"},"value":{"valueKind":"abstract-primitive","value":"NUM_OTHER"},"sourceLocation":{"fileName":"test/sunspider/string-fasta.js","lineNumber":-1,"columnNumber":-1}}
{"entryKind":"read-property","name":{"valueKind":"concrete-string","value":"S"},"value":{"valueKind":"abstract-primitive","value":"NUM_OTHER"},"sourceLocation":{"fileName":"test/sunspider/string-fasta.js","lineNumber":"43","columnNumber":"27"}}
{"entryKind":"read-property","name":{"valueKind":"concrete-string","value":"S"},"value":{"valueKind":"abstract-primitive","value":"NUM_OTHER"},"sourceLocation":{"fileName":"test/sunspider/string-fasta.js","lineNumber":"72","columnNumber":"17"}}
{"entryKind":"read-property","name":{"valueKind":"concrete-string","value":"S"},"value":{"valueKind":"abstract-primitive","value":"NUM_OTHER"},"sourceLocation":{"fileName":"test/sunspider/string-fasta.js","lineNumber":-1,"columnNumber":-1}}
{"entryKind":"read-property","name":{"valueKind":"concrete-string","value":"V"},"value":{"valueKind":"abstract-primitive","value":"NUM_OTHER"},"sourceLocation":{"fileName":"test/sunspider/string-fasta.js","lineNumber":"43","columnNumber":"27"}}
{"entryKind":"read-property","name":{"valueKind":"concrete-string","value":"V"},"value":{"valueKind":"abstract-primitive","value":"NUM_OTHER"},"sourceLocation":{"fileName":"test/sunspider/string-fasta.js","lineNumber":"72","columnNumber":"17"}}
{"entryKind":"read-property","name":{"valueKind":"concrete-string","value":"V"},"value":{"valueKind":"abstract-primitive","value":"NUM_OTHER"},"sourceLocation":{"fileName":"test/sunspider/string-fasta.js","lineNumber":-1,"columnNumber":-1}}
{"entryKind":"read-property","name":{"valueKind":"concrete-string","value":"W"},"value":{"valueKind":"abstract-primitive","value":"NUM_OTHER"},"sourceLocation":{"fileName":"test/sunspider/string-fasta.js","lineNumber":"43","columnNumber":"27"}}
{"entryKind":"read-property","name":{"valueKind":"concrete-string","value":"W"},"value":{"valueKind":"abstract-primitive","value":"NUM_OTHER"},"sourceLocation":{"fileName":"test/sunspider/string-fasta.js","lineNumber":"72","columnNumber":"17"}}
{"entryKind":"read-property","name":{"valueKind":"concrete-string","value":"W"},"value":{"valueKind":"abstract-primitive","value":"NUM_OTHER"},"sourceLocation":{"fileName":"test/sunspider/string-fasta.js","lineNumber":-1,"columnNumber":-1}}
{"entryKind":"read-property","name":{"valueKind":"concrete-string","value":"Y"},"value":{"valueKind":"abstract-primitive","value":"NUM_OTHER"},"sourceLocation":{"fileName":"test/sunspider/string-fasta.js","lineNumber":"72","columnNumber":"17"}}
{"entryKind":"read-property","name":{"valueKind":"concrete-string","value":"Y"},"value":{"valueKind":"abstract-primitive","value":"NUM_OTHER"},"sourceLocation":{"fileName":"test/sunspider/string-fasta.js","lineNumber":-1,"columnNumber":-1}}
{"entryKind":"read-property","name":{"valueKind":"concrete-string","value":"a"},"value":{"valueKind":"abstract-primitive","value":"NUM_OTHER"},"sourceLocation":{"fileName":"test/sunspider/string-fasta.js","lineNumber":"43","columnNumber":"27"}}
{"entryKind":"read-property","name":{"valueKind":"concrete-string","value":"a"},"value":{"valueKind":"abstract-primitive","value":"NUM_OTHER"},"sourceLocation":{"fileName":"test/sunspider/string-fasta.js","lineNumber":"72","columnNumber":"17"}}
{"entryKind":"read-property","name":{"valueKind":"concrete-string","value":"c"},"value":{"valueKind":"abstract-primitive","value":"NUM_OTHER"},"sourceLocation":{"fileName":"test/sunspider/string-fasta.js","lineNumber":"43","columnNumber":"27"}}
{"entryKind":"read-property","name":{"valueKind":"concrete-string","value":"c"},"value":{"valueKind":"abstract-primitive","value":"NUM_OTHER"},"sourceLocation":{"fileName":"test/sunspider/string-fasta.js","lineNumber":"72","columnNumber":"17"}}
{"entryKind":"read-property","name":{"valueKind":"concrete-string","value":"c"},"value":{"valueKind":"abstract-primitive","value":"NUM_OTHER"},"sourceLocation":{"fileName":"test/sunspider/string-fasta.js","lineNumber":-1,"columnNumber":-1}}
{"entryKind":"read-property","name":{"valueKind":"concrete-string","value":"g"},"value":{"valueKind":"abstract-primitive","value":"NUM_OTHER"},"sourceLocation":{"fileName":"test/sunspider/string-fasta.js","lineNumber":"43","columnNumber":"27"}}
{"entryKind":"read-property","name":{"valueKind":"concrete-string","value":"g"},"value":{"valueKind":"abstract-primitive","value":"NUM_OTHER"},"sourceLocation":{"fileName":"test/sunspider/string-fasta.js","lineNumber":"72","columnNumber":"17"}}
{"entryKind":"read-property","name":{"valueKind":"concrete-string","value":"g"},"value":{"valueKind":"abstract-primitive","value":"NUM_OTHER"},"sourceLocation":{"fileName":"test/sunspider/string-fasta.js","lineNumber":-1,"columnNumber":-1}}
{"entryKind":"read-property","name":{"valueKind":"concrete-string","value":"join"},"value":{"valueKind":"abstract-object","value":{"objectKind":"builtin","canonicalName":"Array.prototype.join"}},"sourceLocation":{"fileName":"test/sunspider/string-fasta.js","lineNumber":"78","columnNumber":"11"}}
{"entryKind":"read-property","name":{"valueKind":"concrete-string","value":"length"},"value":{"valueKind":"abstract-primitive","value":"1"},"sourceLocation":{"fileName":"test/sunspider/string-fasta.js","lineNumber":"57","columnNumber":"23"}}
{"entryKind":"read-property","name":{"valueKind":"concrete-string","value":"length"},"value":{"valueKind":"abstract-primitive","value":"NUM_UINT"},"sourceLocation":{"fileName":"test/sunspider/string-fasta.js","lineNumber":"52","columnNumber":"25"}}
{"entryKind":"read-property","name":{"valueKind":"concrete-string","value":"length"},"value":{"valueKind":"abstract-primitive","value":"NUM_UINT"},"sourceLocation":{"fileName":"test/sunspider/string-fasta.js","lineNumber":"57","columnNumber":"23"}}
{"entryKind":"read-property","name":{"valueKind":"concrete-string","value":"length"},"value":{"valueKind":"abstract-primitive","value":"NUM_UINT"},"sourceLocation":{"fileName":"test/sunspider/string-fasta.js","lineNumber":"68","columnNumber":"11"}}
{"entryKind":"read-property","name":{"valueKind":"concrete-string","value":"length"},"value":{"valueKind":"abstract-primitive","value":"NUM_UINT"},"sourceLocation":{"fileName":"test/sunspider/string-fasta.js","lineNumber":"69","columnNumber":"21"}}
{"entryKind":"read-property","name":{"valueKind":"concrete-string","value":"length"},"value":{"valueKind":"abstract-primitive","value":"NUM_UINT"},"sourceLocation":{"fileName":"test/sunspider/string-fasta.js","lineNumber":"79","columnNumber":"10"}}
{"entryKind":"read-property","name":{"valueKind":"concrete-string","value":"substring"},"value":{"valueKind":"abstract-object","value":{"objectKind":"other"}},"sourceLocation":{"fileName":"test/sunspider/string-fasta.js","lineNumber":"53","columnNumber":"13"}}
{"entryKind":"read-property","name":{"valueKind":"concrete-string","value":"substring"},"value":{"valueKind":"abstract-object","value":{"objectKind":"other"}},"sourceLocation":{"fileName":"test/sunspider/string-fasta.js","lineNumber":"56","columnNumber":"15"}}
{"entryKind":"read-property","name":{"valueKind":"concrete-string","value":"substring"},"value":{"valueKind":"abstract-object","value":{"objectKind":"other"}},"sourceLocation":{"fileName":"test/sunspider/string-fasta.js","lineNumber":"58","columnNumber":"17"}}
{"entryKind":"read-property","name":{"valueKind":"concrete-string","value":"t"},"value":{"valueKind":"abstract-primitive","value":"1"},"sourceLocation":{"fileName":"test/sunspider/string-fasta.js","lineNumber":"72","columnNumber":"17"}}
{"entryKind":"read-property","name":{"valueKind":"concrete-string","value":"t"},"value":{"valueKind":"abstract-primitive","value":"NUM_OTHER"},"sourceLocation":{"fileName":"test/sunspider/string-fasta.js","lineNumber":"43","columnNumber":"27"}}
{"entryKind":"read-property","name":{"valueKind":"concrete-string","value":"t"},"value":{"valueKind":"abstract-primitive","value":"NUM_OTHER"},"sourceLocation":{"fileName":"test/sunspider/string-fasta.js","lineNumber":"72","columnNumber":"17"}}
{"entryKind":"read-property","name":{"valueKind":"concrete-string","value":"t"},"value":{"valueKind":"abstract-primitive","value":"NUM_OTHER"},"sourceLocation":{"fileName":"test/sunspider/string-fasta.js","lineNumber":-1,"columnNumber":-1}}
{"entryKind":"read-variable","name":{"valueKind":"concrete-string","value":"A"},"value":{"valueKind":"abstract-primitive","value":"NUM_UINT"},"sourceLocation":{"fileName":"test/sunspider/string-fasta.js","lineNumber":"13","columnNumber":"18"}}
{"entryKind":"read-variable","name":{"valueKind":"concrete-string","value":"ALU"},"value":{"valueKind":"abstract-primitive","value":"STR_IDENTIFIER"},"sourceLocation":{"fileName":"test/sunspider/string-fasta.js","lineNumber":"86","columnNumber":"35"}}
{"entryKind":"read-variable","name":{"valueKind":"concrete-string","value":"Array"},"value":{"valueKind":"abstract-object","value":{"objectKind":"builtin","canonicalName":"Array"}},"sourceLocation":{"fileName":"test/sunspider/string-fasta.js","lineNumber":"65","columnNumber":"18"}}
{"entryKind":"read-variable","name":{"valueKind":"concrete-string","value":"Array"},"value":{"valueKind":"abstract-object","value":{"objectKind":"builtin","canonicalName":"Array"}},"sourceLocation":{"fileName":"test/sunspider/string-fasta.js","lineNumber":"68","columnNumber":"35"}}
{"entryKind":"read-variable","name":{"valueKind":"concrete-string","value":"C"},"value":{"valueKind":"abstract-primitive","value":"NUM_UINT"},"sourceLocation":{"fileName":"test/sunspider/string-fasta.js","lineNumber":"13","columnNumber":"22"}}
{"entryKind":"read-variable","name":{"valueKind":"concrete-string","value":"Date"},"value":{"valueKind":"abstract-object","value":{"objectKind":"builtin","canonicalName":"Date"}},"sourceLocation":{"fileName":"test/sunspider/string-fasta.js","lineNumber":"3","columnNumber":"31"}}
{"entryKind":"read-variable","name":{"valueKind":"concrete-string","value":"Date"},"value":{"valueKind":"abstract-object","value":{"objectKind":"builtin","canonicalName":"Date"}},"sourceLocation":{"fileName":"test/sunspider/string-fasta.js","lineNumber":"92","columnNumber":"30"}}
{"entryKind":"read-variable","name":{"valueKind":"concrete-string","value":"HomoSap"},"value":{"valueKind":"abstract-object","value":{"objectKind":"allocation-site","allocationSite":{"fileName":"test/sunspider/string-fasta.js","lineNumber":"33","columnNumber":"15"}}},"sourceLocation":{"fileName":"test/sunspider/string-fasta.js","lineNumber":"88","columnNumber":"33"}}
{"entryKind":"read-variable","name":{"valueKind":"concrete-string","value":"IUB"},"value":{"valueKind":"abstract-object","value":{"objectKind":"allocation-site","allocationSite":{"fileName":"test/sunspider/string-fasta.js","lineNumber":"26","columnNumber":"11"}}},"sourceLocation":{"fileName":"test/sunspider/string-fasta.js","lineNumber":"87","columnNumber":"33"}}
{"entryKind":"read-variable","name":{"valueKind":"concrete-string","value":"M"},"value":{"valueKind":"abstract-primitive","value":"NUM_UINT"},"sourceLocation":{"fileName":"test/sunspider/string-fasta.js","lineNumber":"13","columnNumber":"27"}}
{"entryKind":"read-variable","name":{"valueKind":"concrete-string","value":"M"},"value":{"valueKind":"abstract-primitive","value":"NUM_UINT"},"sourceLocation":{"fileName":"test/sunspider/string-fasta.js","lineNumber":"14","columnNumber":"23"}}
{"entryKind":"read-variable","name":{"valueKind":"concrete-string","value":"TAJS_dumpValue"},"value":{"valueKind":"abstract-object","value":{"objectKind":"other"}},"sourceLocation":{"fileName":"test/sunspider/string-fasta.js","lineNumber":"94","columnNumber":"1"}}
{"entryKind":"read-variable","name":{"valueKind":"concrete-string","value":"_sunSpiderInterval"},"value":{"valueKind":"abstract-primitive","value":"NUM_UINT"},"sourceLocation":{"fileName":"test/sunspider/string-fasta.js","lineNumber":"94","columnNumber":"16"}}
{"entryKind":"read-variable","name":{"valueKind":"concrete-string","value":"_sunSpiderStartDate"},"value":{"valueKind":"abstract-object","value":{"objectKind":"allocation-site","allocationSite":{"fileName":"test/sunspider/string-fasta.js","lineNumber":"3","columnNumber":"27"}}},"sourceLocation":{"fileName":"test/sunspider/string-fasta.js","lineNumber":"92","columnNumber":"39"}}
{"entryKind":"read-variable","name":{"valueKind":"concrete-string","value":"c"},"value":{"valueKind":"abstract-primitive","value":"STR_IDENTIFIER"},"sourceLocation":{"fileName":"test/sunspider/string-fasta.js","lineNumber":"43","columnNumber":"21"}}
{"entryKind":"read-variable","name":{"valueKind":"concrete-string","value":"c"},"value":{"valueKind":"abstract-primitive","value":"STR_IDENTIFIER"},"sourceLocation":{"fileName":"test/sunspider/string-fasta.js","lineNumber":"44","columnNumber":"12"}}
{"entryKind":"read-variable","name":{"valueKind":"concrete-string","value":"c"},"value":{"valueKind":"abstract-primitive","value":"STR_IDENTIFIER"},"sourceLocation":{"fileName":"test/sunspider/string-fasta.js","lineNumber":"72","columnNumber":"23"}}
{"entryKind":"read-variable","name":{"valueKind":"concrete-string","value":"c"},"value":{"valueKind":"abstract-primitive","value":"STR_IDENTIFIER"},"sourceLocation":{"fileName":"test/sunspider/string-fasta.js","lineNumber":"73","columnNumber":"21"}}
{"entryKind":"read-variable","name":{"valueKind":"concrete-string","value":"count"},"value":{"valueKind":"abstract-primitive","value":"NUM_UINT"},"sourceLocation":{"fileName":"test/sunspider/string-fasta.js","lineNumber":"86","columnNumber":"21"}}
{"entryKind":"read-variable","name":{"valueKind":"concrete-string","value":"count"},"value":{"valueKind":"abstract-primitive","value":"NUM_UINT"},"sourceLocation":{"fileName":"test/sunspider/string-fasta.js","lineNumber":"87","columnNumber":"21"}}
{"entryKind":"read-variable","name":{"valueKind":"concrete-string","value":"count"},"value":{"valueKind":"abstract-primitive","value":"NUM_UINT"},"sourceLocation":{"fileName":"test/sunspider/string-fasta.js","lineNumber":"88","columnNumber":"21"}}
{"entryKind":"read-variable","name":{"valueKind":"concrete-string","value":"fastaRandom"},"value":{"valueKind":"abstract-object","value":{"objectKind":"allocation-site","allocationSite":{"fileName":"test/sunspider/string-fasta.js","lineNumber":"64","columnNumber":"1"}}},"sourceLocation":{"fileName":"test/sunspider/string-fasta.js","lineNumber":"87","columnNumber":"7"}}
{"entryKind":"read-variable","name":{"valueKind":"concrete-string","value":"fastaRandom"},"value":{"valueKind":"abstract-object","value":{"objectKind":"allocation-site","allocationSite":{"fileName":"test/sunspider/string-fasta.js","lineNumber":"64","columnNumber":"1"}}},"sourceLocation":{"fileName":"test/sunspider/string-fasta.js","lineNumber":"88","columnNumber":"7"}}
{"entryKind":"read-variable","name":{"valueKind":"concrete-string","value":"fastaRepeat"},"value":{"valueKind":"abstract-object","value":{"objectKind":"allocation-site","allocationSite":{"fileName":"test/sunspider/string-fasta.js","lineNumber":"48","columnNumber":"1"}}},"sourceLocation":{"fileName":"test/sunspider/string-fasta.js","lineNumber":"86","columnNumber":"7"}}
{"entryKind":"read-variable","name":{"valueKind":"concrete-string","value":"i"},"value":{"valueKind":"abstract-primitive","value":"0"},"sourceLocation":{"fileName":"test/sunspider/string-fasta.js","lineNumber":"69","columnNumber":"19"}}
{"entryKind":"read-variable","name":{"valueKind":"concrete-string","value":"i"},"value":{"valueKind":"abstract-primitive","value":"0"},"sourceLocation":{"fileName":"test/sunspider/string-fasta.js","lineNumber":"69","columnNumber":"34"}}
{"entryKind":"read-variable","name":{"valueKind":"concrete-string","value":"i"},"value":{"valueKind":"abstract-primitive","value":"0"},"sourceLocation":{"fileName":"test/sunspider/string-fasta.js","lineNumber":"73","columnNumber":"16"}}
{"entryKind":"read-variable","name":{"valueKind":"concrete-string","value":"i"},"value":{"valueKind":"abstract-primitive","value":"1"},"sourceLocation":{"fileName":"test/sunspider/string-fasta.js","lineNumber":"69","columnNumber":"19"}}
{"entryKind":"read-variable","name":{"valueKind":"concrete-string","value":"i"},"value":{"valueKind":"abstract-primitive","value":"1"},"sourceLocation":{"fileName":"test/sunspider/string-fasta.js","lineNumber":"69","columnNumber":"34"}}
{"entryKind":"read-variable","name":{"valueKind":"concrete-string","value":"i"},"value":{"valueKind":"abstract-primitive","value":"1"},"sourceLocation":{"fileName":"test/sunspider/string-fasta.js","lineNumber":"73","columnNumber":"16"}}
{"entryKind":"read-variable","name":{"valueKind":"concrete-string","value":"i"},"value":{"valueKind":"abstract-primitive","value":"NUM_UINT"},"sourceLocation":{"fileName":"test/sunspider/string-fasta.js","lineNumber":"69","columnNumber":"19"}}
{"entryKind":"read-variable","name":{"valueKind":"concrete-string","value":"i"},"value":{"valueKind":"abstract-primitive","value":"NUM_UINT"},"sourceLocation":{"fileName":"test/sunspider/string-fasta.js","lineNumber":"69","columnNumber":"34"}}
{"entryKind":"read-variable","name":{"valueKind":"concrete-string","value":"i"},"value":{"valueKind":"abstract-primitive","value":"NUM_UINT"},"sourceLocation":{"fileName":"test/sunspider/string-fasta.js","lineNumber":"73","columnNumber":"16"}}
{"entryKind":"read-variable","name":{"valueKind":"concrete-string","value":"last"},"value":{"valueKind":"abstract-primitive","value":"0"},"sourceLocation":{"fileName":"test/sunspider/string-fasta.js","lineNumber":"13","columnNumber":"11"}}
{"entryKind":"read-variable","name":{"valueKind":"concrete-string","value":"last"},"value":{"valueKind":"abstract-primitive","value":"0"},"sourceLocation":{"fileName":"test/sunspider/string-fasta.js","lineNumber":"14","columnNumber":"16"}}
{"entryKind":"read-variable","name":{"valueKind":"concrete-string","value":"last"},"value":{"valueKind":"abstract-primitive","value":"NUM_UINT"},"sourceLocation":{"fileName":"test/sunspider/string-fasta.js","lineNumber":"13","columnNumber":"11"}}
{"entryKind":"read-variable","name":{"valueKind":"concrete-string","value":"last"},"value":{"valueKind":"abstract-primitive","value":"NUM_UINT"},"sourceLocation":{"fileName":"test/sunspider/string-fasta.js","lineNumber":"14","columnNumber":"16"}}
{"entryKind":"read-variable","name":{"valueKind":"concrete-string","value":"last"},"value":{"valueKind":"abstract-primitive","value":"STR_IDENTIFIER"},"sourceLocation":{"fileName":"test/sunspider/string-fasta.js","lineNumber":"43","columnNumber":"33"}}
{"entryKind":"read-variable","name":{"valueKind":"concrete-string","value":"last"},"value":{"valueKind":"abstract-primitive","value":"STR_IDENTIFIER"},"sourceLocation":{"fileName":"test/sunspider/string-fasta.js","lineNumber":"43","columnNumber":"9"}}
{"entryKind":"read-variable","name":{"valueKind":"concrete-string","value":"last"},"value":{"valueKind":"abstract-primitive","value":"null"},"sourceLocation":{"fileName":"test/sunspider/string-fasta.js","lineNumber":"43","columnNumber":"9"}}
{"entryKind":"read-variable","name":{"valueKind":"concrete-string","value":"lenOut"},"value":{"valueKind":"abstract-primitive","value":"NUM_UINT"},"sourceLocation":{"fileName":"test/sunspider/string-fasta.js","lineNumber":"51","columnNumber":"11"}}
{"entryKind":"read-variable","name":{"valueKind":"concrete-string","value":"lenOut"},"value":{"valueKind":"abstract-primitive","value":"NUM_UINT"},"sourceLocation":{"fileName":"test/sunspider/string-fasta.js","lineNumber":"52","columnNumber":"16"}}
{"entryKind":"read-variable","name":{"valueKind":"concrete-string","value":"lenOut"},"value":{"valueKind":"abstract-primitive","value":"NUM_UINT"},"sourceLocation":{"fileName":"test/sunspider/string-fasta.js","lineNumber":"53","columnNumber":"38"}}
{"entryKind":"read-variable","name":{"valueKind":"concrete-string","value":"lenOut"},"value":{"valueKind":"abstract-primitive","value":"NUM_UINT"},"sourceLocation":{"fileName":"test/sunspider/string-fasta.js","lineNumber":"54","columnNumber":"15"}}
{"entryKind":"read-variable","name":{"valueKind":"concrete-string","value":"lenOut"},"value":{"valueKind":"abstract-primitive","value":"NUM_UINT"},"sourceLocation":{"fileName":"test/sunspider/string-fasta.js","lineNumber":"57","columnNumber":"14"}}
{"entryKind":"read-variable","name":{"valueKind":"concrete-string","value":"lenOut"},"value":{"valueKind":"abstract-primitive","value":"NUM_UINT"},"sourceLocation":{"fileName":"test/sunspider/string-fasta.js","lineNumber":"60","columnNumber":"10"}}
{"entryKind":"read-variable","name":{"valueKind":"concrete-string","value":"line"},"value":{"valueKind":"abstract-object","value":{"objectKind":"allocation-site","allocationSite":{"fileName":"test/sunspider/string-fasta.js","lineNumber":"65","columnNumber":"14"}}},"sourceLocation":{"fileName":"test/sunspider/string-fasta.js","lineNumber":"68","columnNumber":"11"}}
{"entryKind":"read-variable","name":{"valueKind":"concrete-string","value":"line"},"value":{"valueKind":"abstract-object","value":{"objectKind":"allocation-site","allocationSite":{"fileName":"test/sunspider/string-fasta.js","lineNumber":"65","columnNumber":"14"}}},"sourceLocation":{"fileName":"test/sunspider/string-fasta.js","lineNumber":"69","columnNumber":"21"}}
{"entryKind":"read-variable","name":{"valueKind":"concrete-string","value":"line"},"value":{"valueKind":"abstract-object","value":{"objectKind":"allocation-site","allocationSite":{"fileName":"test/sunspider/string-fasta.js","lineNumber":"65","columnNumber":"14"}}},"sourceLocation":{"fileName":"test/sunspider/string-fasta.js","lineNumber":"73","columnNumber":"11"}}
{"entryKind":"read-variable","name":{"valueKind":"concrete-string","value":"line"},"value":{"valueKind":"abstract-object","value":{"objectKind":"allocation-site","allocationSite":{"fileName":"test/sunspider/string-fasta.js","lineNumber":"65","columnNumber":"14"}}},"sourceLocation":{"fileName":"test/sunspider/string-fasta.js","lineNumber":"78","columnNumber":"11"}}
{"entryKind":"read-variable","name":{"valueKind":"concrete-string","value":"line"},"value":{"valueKind":"abstract-object","value":{"objectKind":"allocation-site","allocationSite":{"fileName":"test/sunspider/string-fasta.js","lineNumber":"65","columnNumber":"14"}}},"sourceLocation":{"fileName":"test/sunspider/string-fasta.js","lineNumber":"79","columnNumber":"10"}}
{"entryKind":"read-variable","name":{"valueKind":"concrete-string","value":"line"},"value":{"valueKind":"abstract-object","value":{"objectKind":"allocation-site","allocationSite":{"fileName":"test/sunspider/string-fasta.js","lineNumber":"68","columnNumber":"31"}}},"sourceLocation":{"fileName":"test/sunspider/string-fasta.js","lineNumber":"69","columnNumber":"21"}}
{"entryKind":"read-variable","name":{"valueKind":"concrete-string","value":"line"},"value":{"valueKind":"abstract-object","value":{"objectKind":"allocation-site","allocationSite":{"fileName":"test/sunspider/string-fasta.js","lineNumber":"68","columnNumber":"31"}}},"sourceLocation":{"fileName":"test/sunspider/string-fasta.js","lineNumber":"73","columnNumber":"11"}}
{"entryKind":"read-variable","name":{"valueKind":"concrete-string","value":"line"},"value":{"valueKind":"abstract-object","value":{"objectKind":"allocation-site","allocationSite":{"fileName":"test/sunspider/string-fasta.js","lineNumber":"68","columnNumber":"31"}}},"sourceLocation":{"fileName":"test/sunspider/string-fasta.js","lineNumber":"78","columnNumber":"11"}}
{"entryKind":"read-variable","name":{"valueKind":"concrete-string","value":"line"},"value":{"valueKind":"abstract-object","value":{"objectKind":"allocation-site","allocationSite":{"fileName":"test/sunspider/string-fasta.js","lineNumber":"68","columnNumber":"31"}}},"sourceLocation":{"fileName":"test/sunspider/string-fasta.js","lineNumber":"79","columnNumber":"10"}}
{"entryKind":"read-variable","name":{"valueKind":"concrete-string","value":"makeCumulative"},"value":{"valueKind":"abstract-object","value":{"objectKind":"allocation-site","allocationSite":{"fileName":"test/sunspider/string-fasta.js","lineNumber":"40","columnNumber":"1"}}},"sourceLocation":{"fileName":"test/sunspider/string-fasta.js","lineNumber":"66","columnNumber":"3"}}
{"entryKind":"read-variable","name":{"valueKind":"concrete-string","value":"max"},"value":{"valueKind":"abstract-primitive","value":"1"},"sourceLocation":{"fileName":"test/sunspider/string-fasta.js","lineNumber":"14","columnNumber":"10"}}
{"entryKind":"read-variable","name":{"valueKind":"concrete-string","value":"n"},"value":{"valueKind":"abstract-primitive","value":"0"},"sourceLocation":{"fileName":"test/sunspider/string-fasta.js","lineNumber":"50","columnNumber":"10"}}
{"entryKind":"read-variable","name":{"valueKind":"concrete-string","value":"n"},"value":{"valueKind":"abstract-primitive","value":"0"},"sourceLocation":{"fileName":"test/sunspider/string-fasta.js","lineNumber":"67","columnNumber":"10"}}
{"entryKind":"read-variable","name":{"valueKind":"concrete-string","value":"n"},"value":{"valueKind":"abstract-primitive","value":"NUM_UINT"},"sourceLocation":{"fileName":"test/sunspider/string-fasta.js","lineNumber":"50","columnNumber":"10"}}
{"entryKind":"read-variable","name":{"valueKind":"concrete-string","value":"n"},"value":{"valueKind":"abstract-primitive","value":"NUM_UINT"},"sourceLocation":{"fileName":"test/sunspider/string-fasta.js","lineNumber":"51","columnNumber":"28"}}
{"entryKind":"read-variable","name":{"valueKind":"concrete-string","value":"n"},"value":{"valueKind":"abstract-primitive","value":"NUM_UINT"},"sourceLocation":{"fileName":"test/sunspider/string-fasta.js","lineNumber":"51","columnNumber":"9"}}
{"entryKind":"read-variable","name":{"valueKind":"concrete-string","value":"n"},"value":{"valueKind":"abstract-primitive","value":"NUM_UINT"},"sourceLocation":{"fileName":"test/sunspider/string-fasta.js","lineNumber":"60","columnNumber":"5"}}
{"entryKind":"read-variable","name":{"valueKind":"concrete-string","value":"n"},"value":{"valueKind":"abstract-primitive","value":"NUM_UINT"},"sourceLocation":{"fileName":"test/sunspider/string-fasta.js","lineNumber":"67","columnNumber":"10"}}
{"entryKind":"read-variable","name":{"valueKind":"concrete-string","value":"n"},"value":{"valueKind":"abstract-primitive","value":"NUM_UINT"},"sourceLocation":{"fileName":"test/sunspider/string-fasta.js","lineNumber":"68","columnNumber":"41"}}
{"entryKind":"read-variable","name":{"valueKind":"concrete-string","value":"n"},"value":{"valueKind":"abstract-primitive","value":"NUM_UINT"},"sourceLocation":{"fileName":"test/sunspider/string-fasta.js","lineNumber":"68","columnNumber":"9"}}
{"entryKind":"read-variable","name":{"valueKind":"concrete-string","value":"n"},"value":{"valueKind":"abstract-primitive","value":"NUM_UINT"},"sourceLocation":{"fileName":"test/sunspider/string-fasta.js","lineNumber":"79","columnNumber":"5"}}
{"entryKind":"read-variable","name":{"valueKind":"concrete-string","value":"r"},"value":{"valueKind":"abstract-primitive","value":"0"},"sourceLocation":{"fileName":"test/sunspider/string-fasta.js","lineNumber":"72","columnNumber":"13"}}
{"entryKind":"read-variable","name":{"valueKind":"concrete-string","value":"r"},"value":{"valueKind":"abstract-primitive","value":"NUM_OTHER"},"sourceLocation":{"fileName":"test/sunspider/string-fasta.js","lineNumber":"72","columnNumber":"13"}}
{"entryKind":"read-variable","name":{"valueKind":"concrete-string","value":"rand"},"value":{"valueKind":"abstract-object","value":{"objectKind":"allocation-site","allocationSite":{"fileName":"test/sunspider/string-fasta.js","lineNumber":"12","columnNumber":"1"}}},"sourceLocation":{"fileName":"test/sunspider/string-fasta.js","lineNumber":"70","columnNumber":"15"}}
{"entryKind":"read-variable","name":{"valueKind":"concrete-string","value":"s"},"value":{"valueKind":"abstract-primitive","value":"STR_IDENTIFIER"},"sourceLocation":{"fileName":"test/sunspider/string-fasta.js","lineNumber":"57","columnNumber":"23"}}
{"entryKind":"read-variable","name":{"valueKind":"concrete-string","value":"s"},"value":{"valueKind":"abstract-primitive","value":"STR_IDENTIFIER"},"sourceLocation":{"fileName":"test/sunspider/string-fasta.js","lineNumber":"58","columnNumber":"13"}}
{"entryKind":"read-variable","name":{"valueKind":"concrete-string","value":"seq"},"value":{"valueKind":"abstract-primitive","value":"STR_IDENTIFIER"},"sourceLocation":{"fileName":"test/sunspider/string-fasta.js","lineNumber":"52","columnNumber":"25"}}
{"entryKind":"read-variable","name":{"valueKind":"concrete-string","value":"seq"},"value":{"valueKind":"abstract-primitive","value":"STR_IDENTIFIER"},"sourceLocation":{"fileName":"test/sunspider/string-fasta.js","lineNumber":"53","columnNumber":"13"}}
{"entryKind":"read-variable","name":{"valueKind":"concrete-string","value":"seq"},"value":{"valueKind":"abstract-primitive","value":"STR_IDENTIFIER"},"sourceLocation":{"fileName":"test/sunspider/string-fasta.js","lineNumber":"56","columnNumber":"15"}}
{"entryKind":"read-variable","name":{"valueKind":"concrete-string","value":"seq"},"value":{"valueKind":"abstract-primitive","value":"STR_IDENTIFIER"},"sourceLocation":{"fileName":"test/sunspider/string-fasta.js","lineNumber":"58","columnNumber":"17"}}
{"entryKind":"read-variable","name":{"valueKind":"concrete-string","value":"seqi"},"value":{"valueKind":"abstract-primitive","value":"0"},"sourceLocation":{"fileName":"test/sunspider/string-fasta.js","lineNumber":"52","columnNumber":"9"}}
{"entryKind":"read-variable","name":{"valueKind":"concrete-string","value":"seqi"},"value":{"valueKind":"abstract-primitive","value":"0"},"sourceLocation":{"fileName":"test/sunspider/string-fasta.js","lineNumber":"53","columnNumber":"27"}}
{"entryKind":"read-variable","name":{"valueKind":"concrete-string","value":"seqi"},"value":{"valueKind":"abstract-primitive","value":"0"},"sourceLocation":{"fileName":"test/sunspider/string-fasta.js","lineNumber":"53","columnNumber":"33"}}
{"entryKind":"read-variable","name":{"valueKind":"concrete-string","value":"seqi"},"value":{"valueKind":"abstract-primitive","value":"0"},"sourceLocation":{"fileName":"test/sunspider/string-fasta.js","lineNumber":"54","columnNumber":"7"}}
{"entryKind":"read-variable","name":{"valueKind":"concrete-string","value":"seqi"},"value":{"valueKind":"abstract-primitive","value":"0"},"sourceLocation":{"fileName":"test/sunspider/string-fasta.js","lineNumber":"58","columnNumber":"34"}}
{"entryKind":"read-variable","name":{"valueKind":"concrete-string","value":"seqi"},"value":{"valueKind":"abstract-primitive","value":"1"},"sourceLocation":{"fileName":"test/sunspider/string-fasta.js","lineNumber":"52","columnNumber":"9"}}
{"entryKind":"read-variable","name":{"valueKind":"concrete-string","value":"seqi"},"value":{"valueKind":"abstract-primitive","value":"1"},"sourceLocation":{"fileName":"test/sunspider/string-fasta.js","lineNumber":"53","columnNumber":"27"}}
{"entryKind":"read-variable","name":{"valueKind":"concrete-string","value":"seqi"},"value":{"valueKind":"abstract-primitive","value":"1"},"sourceLocation":{"fileName":"test/sunspider/string-fasta.js","lineNumber":"53","columnNumber":"33"}}
{"entryKind":"read-variable","name":{"valueKind":"concrete-string","value":"seqi"},"value":{"valueKind":"abstract-primitive","value":"1"},"sourceLocation":{"fileName":"test/sunspider/string-fasta.js","lineNumber":"54","columnNumber":"7"}}
{"entryKind":"read-variable","name":{"valueKind":"concrete-string","value":"seqi"},"value":{"valueKind":"abstract-primitive","value":"1"},"sourceLocation":{"fileName":"test/sunspider/string-fasta.js","lineNumber":"58","columnNumber":"34"}}
{"entryKind":"read-variable","name":{"valueKind":"concrete-string","value":"seqi"},"value":{"valueKind":"abstract-primitive","value":"NUM_UINT"},"sourceLocation":{"fileName":"test/sunspider/string-fasta.js","lineNumber":"52","columnNumber":"9"}}
{"entryKind":"read-variable","name":{"valueKind":"concrete-string","value":"seqi"},"value":{"valueKind":"abstract-primitive","value":"NUM_UINT"},"sourceLocation":{"fileName":"test/sunspider/string-fasta.js","lineNumber":"53","columnNumber":"27"}}
{"entryKind":"read-variable","name":{"valueKind":"concrete-string","value":"seqi"},"value":{"valueKind":"abstract-primitive","value":"NUM_UINT"},"sourceLocation":{"fileName":"test/sunspider/string-fasta.js","lineNumber":"53","columnNumber":"33"}}
{"entryKind":"read-variable","name":{"valueKind":"concrete-string","value":"seqi"},"value":{"valueKind":"abstract-primitive","value":"NUM_UINT"},"sourceLocation":{"fileName":"test/sunspider/string-fasta.js","lineNumber":"54","columnNumber":"7"}}
{"entryKind":"read-variable","name":{"valueKind":"concrete-string","value":"seqi"},"value":{"valueKind":"abstract-primitive","value":"NUM_UINT"},"sourceLocation":{"fileName":"test/sunspider/string-fasta.js","lineNumber":"56","columnNumber":"29"}}
{"entryKind":"read-variable","name":{"valueKind":"concrete-string","value":"seqi"},"value":{"valueKind":"abstract-primitive","value":"NUM_UINT"},"sourceLocation":{"fileName":"test/sunspider/string-fasta.js","lineNumber":"58","columnNumber":"34"}}
{"entryKind":"read-variable","name":{"valueKind":"concrete-string","value":"table"},"value":{"valueKind":"abstract-object","value":{"objectKind":"allocation-site","allocationSite":{"fileName":"test/sunspider/string-fasta.js","lineNumber":"26","columnNumber":"11"}}},"sourceLocation":{"fileName":"test/sunspider/string-fasta.js","lineNumber":"42","columnNumber":"17"}}
{"entryKind":"read-variable","name":{"valueKind":"concrete-string","value":"table"},"value":{"valueKind":"abstract-object","value":{"objectKind":"allocation-site","allocationSite":{"fileName":"test/sunspider/string-fasta.js","lineNumber":"26","columnNumber":"11"}}},"sourceLocation":{"fileName":"test/sunspider/string-fasta.js","lineNumber":"43","columnNumber":"15"}}
{"entryKind":"read-variable","name":{"valueKind":"concrete-string","value":"table"},"value":{"valueKind":"abstract-object","value":{"objectKind":"allocation-site","allocationSite":{"fileName":"test/sunspider/string-fasta.js","lineNumber":"26","columnNumber":"11"}}},"sourceLocation":{"fileName":"test/sunspider/string-fasta.js","lineNumber":"43","columnNumber":"27"}}
{"entryKind":"read-variable","name":{"valueKind":"concrete-string","value":"table"},"value":{"valueKind":"abstract-object","value":{"objectKind":"allocation-site","allocationSite":{"fileName":"test/sunspider/string-fasta.js","lineNumber":"26","columnNumber":"11"}}},"sourceLocation":{"fileName":"test/sunspider/string-fasta.js","lineNumber":"66","columnNumber":"18"}}
{"entryKind":"read-variable","name":{"valueKind":"concrete-string","value":"table"},"value":{"valueKind":"abstract-object","value":{"objectKind":"allocation-site","allocationSite":{"fileName":"test/sunspider/string-fasta.js","lineNumber":"26","columnNumber":"11"}}},"sourceLocation":{"fileName":"test/sunspider/string-fasta.js","lineNumber":"71","columnNumber":"21"}}
{"entryKind":"read-variable","name":{"valueKind":"concrete-string","value":"table"},"value":{"valueKind":"abstract-object","value":{"objectKind":"allocation-site","allocationSite":{"fileName":"test/sunspider/string-fasta.js","lineNumber":"26","columnNumber":"11"}}},"sourceLocation":{"fileName":"test/sunspider/string-fasta.js","lineNumber":"72","columnNumber":"17"}}
{"entryKind":"read-variable","name":{"valueKind":"concrete-string","value":"table"},"value":{"valueKind":"abstract-object","value":{"objectKind":"allocation-site","allocationSite":{"fileName":"test/sunspider/string-fasta.js","lineNumber":"33","columnNumber":"15"}}},"sourceLocation":{"fileName":"test/sunspider/string-fasta.js","lineNumber":"42","columnNumber":"17"}}
{"entryKind":"read-variable","name":{"valueKind":"concrete-string","value":"table"},"value":{"valueKind":"abstract-object","value":{"objectKind":"allocation-site","allocationSite":{"fileName":"test/sunspider/string-fasta.js","lineNumber":"33","columnNumber":"15"}}},"sourceLocation":{"fileName":"test/sunspider/string-fasta.js","lineNumber":"43","columnNumber":"15"}}
{"entryKind":"read-variable","name":{"valueKind":"concrete-string","value":"table"},"value":{"valueKind":"abstract-object","value":{"objectKind":"allocation-site","allocationSite":{"fileName":"test/sunspider/string-fasta.js","lineNumber":"33","columnNumber":"15"}}},"sourceLocation":{"fileName":"test/sunspider/string-fasta.js","lineNumber":"43","columnNumber":"27"}}
{"entryKind":"read-variable","name":{"valueKind":"concrete-string","value":"table"},"value":{"valueKind":"abstract-object","value":{"objectKind":"allocation-site","allocationSite":{"fileName":"test/sunspider/string-fasta.js","lineNumber":"33","columnNumber":"15"}}},"sourceLocation":{"fileName":"test/sunspider/string-fasta.js","lineNumber":"66","columnNumber":"18"}}
{"entryKind":"read-variable","name":{"valueKind":"concrete-string","value":"table"},"value":{"valueKind":"abstract-object","value":{"objectKind":"allocation-site","allocationSite":{"fileName":"test/sunspider/string-fasta.js","lineNumber":"33","columnNumber":"15"}}},"sourceLocation":{"fileName":"test/sunspider/string-fasta.js","lineNumber":"71","columnNumber":"21"}}
{"entryKind":"read-variable","name":{"valueKind":"concrete-string","value":"table"},"value":{"valueKind":"abstract-object","value":{"objectKind":"allocation-site","allocationSite":{"fileName":"test/sunspider/string-fasta.js","lineNumber":"33","columnNumber":"15"}}},"sourceLocation":{"fileName":"test/sunspider/string-fasta.js","lineNumber":"72","columnNumber":"17"}}
{"entryKind":"write-property","name":{"valueKind":"abstract-primitive","value":"0"},"value":{"valueKind":"abstract-primitive","value":"STR_IDENTIFIER"},"sourceLocation":{"fileName":"test/sunspider/string-fasta.js","lineNumber":"73","columnNumber":"11"}}
{"entryKind":"write-property","name":{"valueKind":"abstract-primitive","value":"1"},"value":{"valueKind":"abstract-primitive","value":"STR_IDENTIFIER"},"sourceLocation":{"fileName":"test/sunspider/string-fasta.js","lineNumber":"73","columnNumber":"11"}}
{"entryKind":"write-property","name":{"valueKind":"abstract-primitive","value":"NUM_UINT"},"value":{"valueKind":"abstract-primitive","value":"STR_IDENTIFIER"},"sourceLocation":{"fileName":"test/sunspider/string-fasta.js","lineNumber":"73","columnNumber":"11"}}
{"entryKind":"write-property","name":{"valueKind":"concrete-string","value":"B"},"value":{"valueKind":"abstract-primitive","value":"NUM_OTHER"},"sourceLocation":{"fileName":"test/sunspider/string-fasta.js","lineNumber":"43","columnNumber":"15"}}
{"entryKind":"write-property","name":{"valueKind":"concrete-string","value":"D"},"value":{"valueKind":"abstract-primitive","value":"NUM_OTHER"},"sourceLocation":{"fileName":"test/sunspider/string-fasta.js","lineNumber":"43","columnNumber":"15"}}
{"entryKind":"write-property","name":{"valueKind":"concrete-string","value":"H"},"value":{"valueKind":"abstract-primitive","value":"NUM_OTHER"},"sourceLocation":{"fileName":"test/sunspider/string-fasta.js","lineNumber":"43","columnNumber":"15"}}
{"entryKind":"write-property","name":{"valueKind":"concrete-string","value":"K"},"value":{"valueKind":"abstract-primitive","value":"NUM_OTHER"},"sourceLocation":{"fileName":"test/sunspider/string-fasta.js","lineNumber":"43","columnNumber":"15"}}
{"entryKind":"write-property","name":{"valueKind":"concrete-string","value":"M"},"value":{"valueKind":"abstract-primitive","value":"NUM_OTHER"},"sourceLocation":{"fileName":"test/sunspider/string-fasta.js","lineNumber":"43","columnNumber":"15"}}
{"entryKind":"write-property","name":{"valueKind":"concrete-string","value":"N"},"value":{"valueKind":"abstract-primitive","value":"NUM_OTHER"},"sourceLocation":{"fileName":"test/sunspider/string-fasta.js","lineNumber":"43","columnNumber":"15"}}
{"entryKind":"write-property","name":{"valueKind":"concrete-string","value":"R"},"value":{"valueKind":"abstract-primitive","value":"NUM_OTHER"},"sourceLocation":{"fileName":"test/sunspider/string-fasta.js","lineNumber":"43","columnNumber":"15"}}
{"entryKind":"write-property","name":{"valueKind":"concrete-string","value":"S"},"value":{"valueKind":"abstract-primitive","value":"NUM_OTHER"},"sourceLocation":{"fileName":"test/sunspider/string-fasta.js","lineNumber":"43","columnNumber":"15"}}
{"entryKind":"write-property","name":{"valueKind":"concrete-string","value":"V"},"value":{"valueKind":"abstract-primitive","value":"NUM_OTHER"},"sourceLocation":{"fileName":"test/sunspider/string-fasta.js","lineNumber":"43","columnNumber":"15"}}
{"entryKind":"write-property","name":{"valueKind":"concrete-string","value":"W"},"value":{"valueKind":"abstract-primitive","value":"NUM_OTHER"},"sourceLocation":{"fileName":"test/sunspider/string-fasta.js","lineNumber":"43","columnNumber":"15"}}
{"entryKind":"write-property","name":{"valueKind":"concrete-string","value":"Y"},"value":{"valueKind":"abstract-primitive","value":"NUM_OTHER"},"sourceLocation":{"fileName":"test/sunspider/string-fasta.js","lineNumber":"43","columnNumber":"15"}}
{"entryKind":"write-property","name":{"valueKind":"concrete-string","value":"c"},"value":{"valueKind":"abstract-primitive","value":"NUM_OTHER"},"sourceLocation":{"fileName":"test/sunspider/string-fasta.js","lineNumber":"43","columnNumber":"15"}}
{"entryKind":"write-property","name":{"valueKind":"concrete-string","value":"g"},"value":{"valueKind":"abstract-primitive","value":"NUM_OTHER"},"sourceLocation":{"fileName":"test/sunspider/string-fasta.js","lineNumber":"43","columnNumber":"15"}}
{"entryKind":"write-property","name":{"valueKind":"concrete-string","value":"t"},"value":{"valueKind":"abstract-primitive","value":"1"},"sourceLocation":{"fileName":"test/sunspider/string-fasta.js","lineNumber":"43","columnNumber":"15"}}
{"entryKind":"write-property","name":{"valueKind":"concrete-string","value":"t"},"value":{"valueKind":"abstract-primitive","value":"NUM_OTHER"},"sourceLocation":{"fileName":"test/sunspider/string-fasta.js","lineNumber":"43","columnNumber":"15"}}
{"entryKind":"write-variable","name":{"valueKind":"concrete-string","value":"A"},"value":{"valueKind":"abstract-primitive","value":"NUM_UINT"},"sourceLocation":{"fileName":"test/sunspider/string-fasta.js","lineNumber":"10","columnNumber":"20"}}
{"entryKind":"write-variable","name":{"valueKind":"concrete-string","value":"ALU"},"value":{"valueKind":"abstract-primitive","value":"STR_IDENTIFIER"},"sourceLocation":{"fileName":"test/sunspider/string-fasta.js","lineNumber":"18","columnNumber":"3"}}
{"entryKind":"write-variable","name":{"valueKind":"concrete-string","value":"C"},"value":{"valueKind":"abstract-primitive","value":"NUM_UINT"},"sourceLocation":{"fileName":"test/sunspider/string-fasta.js","lineNumber":"10","columnNumber":"30"}}
{"entryKind":"write-variable","name":{"valueKind":"concrete-string","value":"HomoSap"},"value":{"valueKind":"abstract-object","value":{"objectKind":"allocation-site","allocationSite":{"fileName":"test/sunspider/string-fasta.js","lineNumber":"33","columnNumber":"15"}}},"sourceLocation":{"fileName":"test/sunspider/string-fasta.js","lineNumber":"33","columnNumber":"15"}}
{"entryKind":"write-variable","name":{"valueKind":"concrete-string","value":"IUB"},"value":{"valueKind":"abstract-object","value":{"objectKind":"allocation-site","allocationSite":{"fileName":"test/sunspider/string-fasta.js","lineNumber":"26","columnNumber":"11"}}},"sourceLocation":{"fileName":"test/sunspider/string-fasta.js","lineNumber":"26","columnNumber":"11"}}
{"entryKind":"write-variable","name":{"valueKind":"concrete-string","value":"M"},"value":{"valueKind":"abstract-primitive","value":"NUM_UINT"},"sourceLocation":{"fileName":"test/sunspider/string-fasta.js","lineNumber":"10","columnNumber":"41"}}
{"entryKind":"write-variable","name":{"valueKind":"concrete-string","value":"_sunSpiderInterval"},"value":{"valueKind":"abstract-primitive","value":"NUM_UINT"},"sourceLocation":{"fileName":"test/sunspider/string-fasta.js","lineNumber":"92","columnNumber":"26"}}
{"entryKind":"write-variable","name":{"valueKind":"concrete-string","value":"_sunSpiderStartDate"},"value":{"valueKind":"abstract-object","value":{"objectKind":"allocation-site","allocationSite":{"fileName":"test/sunspider/string-fasta.js","lineNumber":"3","columnNumber":"27"}}},"sourceLocation":{"fileName":"test/sunspider/string-fasta.js","lineNumber":"3","columnNumber":"27"}}
{"entryKind":"write-variable","name":{"valueKind":"concrete-string","value":"c"},"value":{"valueKind":"abstract-primitive","value":"STR_IDENTIFIER"},"sourceLocation":{"fileName":"test/sunspider/string-fasta.js","lineNumber":"42","columnNumber":"3"}}
{"entryKind":"write-variable","name":{"valueKind":"concrete-string","value":"c"},"value":{"valueKind":"abstract-primitive","value":"STR_IDENTIFIER"},"sourceLocation":{"fileName":"test/sunspider/string-fasta.js","lineNumber":"71","columnNumber":"7"}}
{"entryKind":"write-variable","name":{"valueKind":"concrete-string","value":"count"},"value":{"valueKind":"abstract-primitive","value":"NUM_UINT"},"sourceLocation":{"fileName":"test/sunspider/string-fasta.js","lineNumber":"85","columnNumber":"13"}}
{"entryKind":"write-variable","name":{"valueKind":"concrete-string","value":"i"},"value":{"valueKind":"abstract-primitive","value":"0"},"sourceLocation":{"fileName":"test/sunspider/string-fasta.js","lineNumber":"69","columnNumber":"16"}}
{"entryKind":"write-variable","name":{"valueKind":"concrete-string","value":"i"},"value":{"valueKind":"abstract-primitive","value":"1"},"sourceLocation":{"fileName":"test/sunspider/string-fasta.js","lineNumber":-1,"columnNumber":-1}}
{"entryKind":"write-variable","name":{"valueKind":"concrete-string","value":"i"},"value":{"valueKind":"abstract-primitive","value":"NUM_UINT"},"sourceLocation":{"fileName":"test/sunspider/string-fasta.js","lineNumber":-1,"columnNumber":-1}}
{"entryKind":"write-variable","name":{"valueKind":"concrete-string","value":"last"},"value":{"valueKind":"abstract-primitive","value":"0"},"sourceLocation":{"fileName":"test/sunspider/string-fasta.js","lineNumber":"13","columnNumber":"10"}}
{"entryKind":"write-variable","name":{"valueKind":"concrete-string","value":"last"},"value":{"valueKind":"abstract-primitive","value":"NUM_UINT"},"sourceLocation":{"fileName":"test/sunspider/string-fasta.js","lineNumber":"10","columnNumber":"12"}}
{"entryKind":"write-variable","name":{"valueKind":"concrete-string","value":"last"},"value":{"valueKind":"abstract-primitive","value":"NUM_UINT"},"sourceLocation":{"fileName":"test/sunspider/string-fasta.js","lineNumber":"13","columnNumber":"10"}}
{"entryKind":"write-variable","name":{"valueKind":"concrete-string","value":"last"},"value":{"valueKind":"abstract-primitive","value":"STR_IDENTIFIER"},"sourceLocation":{"fileName":"test/sunspider/string-fasta.js","lineNumber":"44","columnNumber":"12"}}
{"entryKind":"write-variable","name":{"valueKind":"concrete-string","value":"last"},"value":{"valueKind":"abstract-primitive","value":"null"},"sourceLocation":{"fileName":"test/sunspider/string-fasta.js","lineNumber":"41","columnNumber":"14"}}
{"entryKind":"write-variable","name":{"valueKind":"concrete-string","value":"lenOut"},"value":{"valueKind":"abstract-primitive","value":"NUM_UINT"},"sourceLocation":{"fileName":"test/sunspider/string-fasta.js","lineNumber":"49","columnNumber":"26"}}
{"entryKind":"write-variable","name":{"valueKind":"concrete-string","value":"lenOut"},"value":{"valueKind":"abstract-primitive","value":"NUM_UINT"},"sourceLocation":{"fileName":"test/sunspider/string-fasta.js","lineNumber":"51","columnNumber":"28"}}
{"entryKind":"write-variable","name":{"valueKind":"concrete-string","value":"line"},"value":{"valueKind":"abstract-object","value":{"objectKind":"allocation-site","allocationSite":{"fileName":"test/sunspider/string-fasta.js","lineNumber":"65","columnNumber":"14"}}},"sourceLocation":{"fileName":"test/sunspider/string-fasta.js","lineNumber":"65","columnNumber":"14"}}
{"entryKind":"write-variable","name":{"valueKind":"concrete-string","value":"line"},"value":{"valueKind":"abstract-object","value":{"objectKind":"allocation-site","allocationSite":{"fileName":"test/sunspider/string-fasta.js","lineNumber":"68","columnNumber":"31"}}},"sourceLocation":{"fileName":"test/sunspider/string-fasta.js","lineNumber":"68","columnNumber":"31"}}
{"entryKind":"write-variable","name":{"valueKind":"concrete-string","value":"n"},"value":{"valueKind":"abstract-primitive","value":"0"},"sourceLocation":{"fileName":"test/sunspider/string-fasta.js","lineNumber":"60","columnNumber":"10"}}
{"entryKind":"write-variable","name":{"valueKind":"concrete-string","value":"n"},"value":{"valueKind":"abstract-primitive","value":"0"},"sourceLocation":{"fileName":"test/sunspider/string-fasta.js","lineNumber":"79","columnNumber":"10"}}
{"entryKind":"write-variable","name":{"valueKind":"concrete-string","value":"n"},"value":{"valueKind":"abstract-primitive","value":"NUM_UINT"},"sourceLocation":{"fileName":"test/sunspider/string-fasta.js","lineNumber":"60","columnNumber":"10"}}
{"entryKind":"write-variable","name":{"valueKind":"concrete-string","value":"n"},"value":{"valueKind":"abstract-primitive","value":"NUM_UINT"},"sourceLocation":{"fileName":"test/sunspider/string-fasta.js","lineNumber":"79","columnNumber":"10"}}
{"entryKind":"write-variable","name":{"valueKind":"concrete-string","value":"r"},"value":{"valueKind":"abstract-primitive","value":"0"},"sourceLocation":{"fileName":"test/sunspider/string-fasta.js","lineNumber":"70","columnNumber":"15"}}
{"entryKind":"write-variable","name":{"valueKind":"concrete-string","value":"r"},"value":{"valueKind":"abstract-primitive","value":"NUM_OTHER"},"sourceLocation":{"fileName":"test/sunspider/string-fasta.js","lineNumber":"70","columnNumber":"15"}}
{"entryKind":"write-variable","name":{"valueKind":"concrete-string","value":"ret"},"value":{"valueKind":"abstract-primitive","value":"STR_IDENTIFIER"},"sourceLocation":{"fileName":"test/sunspider/string-fasta.js","lineNumber":"53","columnNumber":"13"}}
{"entryKind":"write-variable","name":{"valueKind":"concrete-string","value":"ret"},"value":{"valueKind":"abstract-primitive","value":"STR_IDENTIFIER"},"sourceLocation":{"fileName":"test/sunspider/string-fasta.js","lineNumber":"58","columnNumber":"13"}}
{"entryKind":"write-variable","name":{"valueKind":"concrete-string","value":"ret"},"value":{"valueKind":"abstract-primitive","value":"STR_IDENTIFIER"},"sourceLocation":{"fileName":"test/sunspider/string-fasta.js","lineNumber":"78","columnNumber":"11"}}
{"entryKind":"write-variable","name":{"valueKind":"concrete-string","value":"ret"},"value":{"valueKind":"abstract-primitive","value":"undefined"},"sourceLocation":{"fileName":"test/sunspider/string-fasta.js","lineNumber":"86","columnNumber":"7"}}
{"entryKind":"write-variable","name":{"valueKind":"concrete-string","value":"ret"},"value":{"valueKind":"abstract-primitive","value":"undefined"},"sourceLocation":{"fileName":"test/sunspider/string-fasta.js","lineNumber":"87","columnNumber":"7"}}
{"entryKind":"write-variable","name":{"valueKind":"concrete-string","value":"ret"},"value":{"valueKind":"abstract-primitive","value":"undefined"},"sourceLocation":{"fileName":"test/sunspider/string-fasta.js","lineNumber":"88","columnNumber":"7"}}
{"entryKind":"write-variable","name":{"valueKind":"concrete-string","value":"s"},"value":{"valueKind":"abstract-primitive","value":"STR_IDENTIFIER"},"sourceLocation":{"fileName":"test/sunspider/string-fasta.js","lineNumber":"56","columnNumber":"15"}}
{"entryKind":"write-variable","name":{"valueKind":"concrete-string","value":"seqi"},"value":{"valueKind":"abstract-primitive","value":"0"},"sourceLocation":{"fileName":"test/sunspider/string-fasta.js","lineNumber":"49","columnNumber":"14"}}
{"entryKind":"write-variable","name":{"valueKind":"concrete-string","value":"seqi"},"value":{"valueKind":"abstract-primitive","value":"0"},"sourceLocation":{"fileName":"test/sunspider/string-fasta.js","lineNumber":"57","columnNumber":"14"}}
{"entryKind":"write-variable","name":{"valueKind":"concrete-string","value":"seqi"},"value":{"valueKind":"abstract-primitive","value":"1"},"sourceLocation":{"fileName":"test/sunspider/string-fasta.js","lineNumber":"57","columnNumber":"14"}}
{"entryKind":"write-variable","name":{"valueKind":"concrete-string","value":"seqi"},"value":{"valueKind":"abstract-primitive","value":"NUM_UINT"},"sourceLocation":{"fileName":"test/sunspider/string-fasta.js","lineNumber":"54","columnNumber":"15"}}
{"entryKind":"write-variable","name":{"valueKind":"concrete-string","value":"seqi"},"value":{"valueKind":"abstract-primitive","value":"NUM_UINT"},"sourceLocation":{"fileName":"test/sunspider/string-fasta.js","lineNumber":"57","columnNumber":"14"}}
