{"entryKind":"call","function":{"valueKind":"abstract-object","value":{"objectKind":"allocation-site","allocationSite":{"fileName":"test/sunspider/string-base64.js","lineNumber":"49","columnNumber":"1"}}},"base":{"valueKind":"abstract-object","value":{"objectKind":"builtin","canonicalName":"<the global object>"}},"arguments":[{"valueKind":"abstract-primitive","value":"STR_IDENTIFIER"}],"sourceLocation":{"fileName":"test/sunspider/string-base64.js","lineNumber":"132","columnNumber":"14"}}
{"entryKind":"call","function":{"valueKind":"abstract-object","value":{"objectKind":"allocation-site","allocationSite":{"fileName":"test/sunspider/string-base64.js","lineNumber":"90","columnNumber":"1"}}},"base":{"valueKind":"abstract-object","value":{"objectKind":"builtin","canonicalName":"<the global object>"}},"arguments":[{"valueKind":"abstract-primitive","value":"STR_OTHER"}],"sourceLocation":{"fileName":"test/sunspider/string-base64.js","lineNumber":"133","columnNumber":"5"}}
{"entryKind":"call","function":{"valueKind":"abstract-object","value":{"objectKind":"builtin","canonicalName":"Date"}},"base":{"valueKind":"abstract-object","value":{"objectKind":"builtin","canonicalName":"<the global object>"}},"arguments":[],"sourceLocation":{"fileName":"test/sunspider/string-base64.js","lineNumber":"142","columnNumber":"26"}}
{"entryKind":"call","function":{"valueKind":"abstract-object","value":{"objectKind":"builtin","canonicalName":"Date"}},"base":{"valueKind":"abstract-object","value":{"objectKind":"builtin","canonicalName":"<the global object>"}},"arguments":[],"sourceLocation":{"fileName":"test/sunspider/string-base64.js","lineNumber":"3","columnNumber":"27"}}
{"entryKind":"call","function":{"valueKind":"abstract-object","value":{"objectKind":"builtin","canonicalName":"Math.random"}},"base":{"valueKind":"abstract-object","value":{"objectKind":"builtin","canonicalName":"Math"}},"arguments":[],"sourceLocation":{"fileName":"test/sunspider/string-base64.js","lineNumber":"126","columnNumber":"43"}}
{"entryKind":"call","function":{"valueKind":"abstract-object","value":{"objectKind":"other"}},"base":{"valueKind":"abstract-object","value":{"objectKind":"builtin","canonicalName":"<the global object>"}},"arguments":[{"valueKind":"abstract-primitive","value":"NUM_UINT"}],"sourceLocation":{"fileName":"test/sunspider/string-base64.js","lineNumber":"144","columnNumber":"1"}}
{"entryKind":"call","function":{"valueKind":"abstract-object","value":{"objectKind":"other"}},"base":{"valueKind":"abstract-object","value":{"objectKind":"other"}},"arguments":[{"valueKind":"abstract-primitive","value":"0"}],"sourceLocation":{"fileName":"test/sunspider/string-base64.js","lineNumber":"111","columnNumber":"27"}}
{"entryKind":"call","function":{"valueKind":"abstract-object","value":{"objectKind":"other"}},"base":{"valueKind":"abstract-object","value":{"objectKind":"other"}},"arguments":[{"valueKind":"abstract-primitive","value":"NUM_OTHER"}],"sourceLocation":{"fileName":"test/sunspider/string-base64.js","lineNumber":"126","columnNumber":"16"}}
{"entryKind":"call","function":{"valueKind":"abstract-object","value":{"objectKind":"other"}},"base":{"valueKind":"abstract-primitive","value":"STR_OTHER"},"arguments":[{"valueKind":"abstract-primitive","value":"0"}],"sourceLocation":{"fileName":"test/sunspider/string-base64.js","lineNumber":"97","columnNumber":"31"}}
{"entryKind":"call","function":{"valueKind":"abstract-object","value":{"objectKind":"other"}},"base":{"valueKind":"abstract-primitive","value":"STR_OTHER"},"arguments":[{"valueKind":"abstract-primitive","value":"1"}],"sourceLocation":{"fileName":"test/sunspider/string-base64.js","lineNumber":"97","columnNumber":"31"}}
{"entryKind":"call","function":{"valueKind":"abstract-object","value":{"objectKind":"other"}},"base":{"valueKind":"abstract-primitive","value":"STR_OTHER"},"arguments":[{"valueKind":"abstract-primitive","value":"NUM_UINT"}],"sourceLocation":{"fileName":"test/sunspider/string-base64.js","lineNumber":"97","columnNumber":"31"}}
{"entryKind":"function-entry","base":{"valueKind":"abstract-object","value":{"objectKind":"builtin","canonicalName":"<the global object>"}},"arguments":[{"valueKind":"abstract-primitive","value":"STR_IDENTIFIER"}],"sourceLocation":{"fileName":"test/sunspider/string-base64.js","lineNumber":"49","columnNumber":"1"}}
{"entryKind":"function-entry","base":{"valueKind":"abstract-object","value":{"objectKind":"builtin","canonicalName":"<the global object>"}},"arguments":[{"valueKind":"abstract-primitive","value":"STR_OTHER"}],"sourceLocation":{"fileName":"test/sunspider/string-base64.js","lineNumber":"90","columnNumber":"1"}}
{"entryKind":"function-exit","returnValue":{"valueKind":"abstract-primitive","value":"STR_OTHER"},"sourceLocation":{"fileName":"test/sunspider/string-base64.js","lineNumber":"49","columnNumber":"1"}}
{"entryKind":"function-exit","returnValue":{"valueKind":"abstract-primitive","value":"STR_OTHER"},"sourceLocation":{"fileName":"test/sunspider/string-base64.js","lineNumber":"90","columnNumber":"1"}}
{"entryKind":"read-property","name":{"valueKind":"abstract-primitive","value":"0"},"value":{"valueKind":"abstract-primitive","value":"STR_IDENTIFIER"},"sourceLocation":{"fileName":"test/sunspider/string-base64.js","lineNumber":"55","columnNumber":"19"}}
{"entryKind":"read-property","name":{"valueKind":"abstract-primitive","value":"0"},"value":{"valueKind":"abstract-primitive","value":"STR_IDENTIFIER"},"sourceLocation":{"fileName":"test/sunspider/string-base64.js","lineNumber":"55","columnNumber":"33"}}
{"entryKind":"read-property","name":{"valueKind":"abstract-primitive","value":"0"},"value":{"valueKind":"abstract-primitive","value":"STR_IDENTIFIER"},"sourceLocation":{"fileName":"test/sunspider/string-base64.js","lineNumber":"56","columnNumber":"19"}}
{"entryKind":"read-property","name":{"valueKind":"abstract-primitive","value":"0"},"value":{"valueKind":"abstract-primitive","value":"STR_IDENTIFIER"},"sourceLocation":{"fileName":"test/sunspider/string-base64.js","lineNumber":"56","columnNumber":"35"}}
{"entryKind":"read-property","name":{"valueKind":"abstract-primitive","value":"0"},"value":{"valueKind":"abstract-primitive","value":"STR_IDENTIFIER"},"sourceLocation":{"fileName":"test/sunspider/string-base64.js","lineNumber":"57","columnNumber":"19"}}
{"entryKind":"read-property","name":{"valueKind":"abstract-primitive","value":"0"},"value":{"valueKind":"abstract-primitive","value":"STR_IDENTIFIER"},"sourceLocation":{"fileName":"test/sunspider/string-base64.js","lineNumber":"58","columnNumber":"19"}}
{"entryKind":"read-property","name":{"valueKind":"abstract-primitive","value":"0"},"value":{"valueKind":"abstract-primitive","value":"STR_IDENTIFIER"},"sourceLocation":{"fileName":"test/sunspider/string-base64.js","lineNumber":"64","columnNumber":"19"}}
{"entryKind":"read-property","name":{"valueKind":"abstract-primitive","value":"0"},"value":{"valueKind":"abstract-primitive","value":"STR_IDENTIFIER"},"sourceLocation":{"fileName":"test/sunspider/string-base64.js","lineNumber":"66","columnNumber":"23"}}
{"entryKind":"read-property","name":{"valueKind":"abstract-primitive","value":"0"},"value":{"valueKind":"abstract-primitive","value":"STR_IDENTIFIER"},"sourceLocation":{"fileName":"test/sunspider/string-base64.js","lineNumber":"67","columnNumber":"23"}}
{"entryKind":"read-property","name":{"valueKind":"abstract-primitive","value":"0"},"value":{"valueKind":"abstract-primitive","value":"STR_IDENTIFIER"},"sourceLocation":{"fileName":"test/sunspider/string-base64.js","lineNumber":"70","columnNumber":"23"}}
{"entryKind":"read-property","name":{"valueKind":"abstract-primitive","value":"0"},"value":{"valueKind":"abstract-primitive","value":"STR_IDENTIFIER"},"sourceLocation":{"fileName":"test/sunspider/string-base64.js","lineNumber":"98","columnNumber":"24"}}
{"entryKind":"read-property","name":{"valueKind":"abstract-primitive","value":"1"},"value":{"valueKind":"abstract-primitive","value":"STR_IDENTIFIER"},"sourceLocation":{"fileName":"test/sunspider/string-base64.js","lineNumber":"56","columnNumber":"60"}}
{"entryKind":"read-property","name":{"valueKind":"abstract-primitive","value":"1"},"value":{"valueKind":"abstract-primitive","value":"STR_IDENTIFIER"},"sourceLocation":{"fileName":"test/sunspider/string-base64.js","lineNumber":"57","columnNumber":"35"}}
{"entryKind":"read-property","name":{"valueKind":"abstract-primitive","value":"1"},"value":{"valueKind":"abstract-primitive","value":"STR_IDENTIFIER"},"sourceLocation":{"fileName":"test/sunspider/string-base64.js","lineNumber":"98","columnNumber":"24"}}
{"entryKind":"read-property","name":{"valueKind":"abstract-primitive","value":"NUM_UINT"},"value":{"valueKind":"abstract-primitive","value":"0"},"sourceLocation":{"fileName":"test/sunspider/string-base64.js","lineNumber":"97","columnNumber":"17"}}
{"entryKind":"read-property","name":{"valueKind":"abstract-primitive","value":"NUM_UINT"},"value":{"valueKind":"abstract-primitive","value":"STR_IDENTIFIER"},"sourceLocation":{"fileName":"test/sunspider/string-base64.js","lineNumber":"55","columnNumber":"33"}}
{"entryKind":"read-property","name":{"valueKind":"abstract-primitive","value":"NUM_UINT"},"value":{"valueKind":"abstract-primitive","value":"STR_IDENTIFIER"},"sourceLocation":{"fileName":"test/sunspider/string-base64.js","lineNumber":"56","columnNumber":"35"}}
{"entryKind":"read-property","name":{"valueKind":"abstract-primitive","value":"NUM_UINT"},"value":{"valueKind":"abstract-primitive","value":"STR_IDENTIFIER"},"sourceLocation":{"fileName":"test/sunspider/string-base64.js","lineNumber":"56","columnNumber":"60"}}
{"entryKind":"read-property","name":{"valueKind":"abstract-primitive","value":"NUM_UINT"},"value":{"valueKind":"abstract-primitive","value":"STR_IDENTIFIER"},"sourceLocation":{"fileName":"test/sunspider/string-base64.js","lineNumber":"57","columnNumber":"35"}}
{"entryKind":"read-property","name":{"valueKind":"abstract-primitive","value":"NUM_UINT"},"value":{"valueKind":"abstract-primitive","value":"STR_IDENTIFIER"},"sourceLocation":{"fileName":"test/sunspider/string-base64.js","lineNumber":"57","columnNumber":"62"}}
{"entryKind":"read-property","name":{"valueKind":"abstract-primitive","value":"NUM_UINT"},"value":{"valueKind":"abstract-primitive","value":"STR_IDENTIFIER"},"sourceLocation":{"fileName":"test/sunspider/string-base64.js","lineNumber":"58","columnNumber":"33"}}
{"entryKind":"read-property","name":{"valueKind":"abstract-primitive","value":"NUM_UINT"},"value":{"valueKind":"abstract-primitive","value":"STR_IDENTIFIER"},"sourceLocation":{"fileName":"test/sunspider/string-base64.js","lineNumber":"64","columnNumber":"33"}}
{"entryKind":"read-property","name":{"valueKind":"abstract-primitive","value":"NUM_UINT"},"value":{"valueKind":"abstract-primitive","value":"STR_IDENTIFIER"},"sourceLocation":{"fileName":"test/sunspider/string-base64.js","lineNumber":"66","columnNumber":"39"}}
{"entryKind":"read-property","name":{"valueKind":"abstract-primitive","value":"NUM_UINT"},"value":{"valueKind":"abstract-primitive","value":"STR_IDENTIFIER"},"sourceLocation":{"fileName":"test/sunspider/string-base64.js","lineNumber":"66","columnNumber":"64"}}
{"entryKind":"read-property","name":{"valueKind":"abstract-primitive","value":"NUM_UINT"},"value":{"valueKind":"abstract-primitive","value":"STR_IDENTIFIER"},"sourceLocation":{"fileName":"test/sunspider/string-base64.js","lineNumber":"67","columnNumber":"38"}}
{"entryKind":"read-property","name":{"valueKind":"abstract-primitive","value":"NUM_UINT"},"value":{"valueKind":"abstract-primitive","value":"STR_IDENTIFIER"},"sourceLocation":{"fileName":"test/sunspider/string-base64.js","lineNumber":"70","columnNumber":"38"}}
{"entryKind":"read-property","name":{"valueKind":"abstract-primitive","value":"NUM_UINT"},"value":{"valueKind":"abstract-primitive","value":"STR_IDENTIFIER"},"sourceLocation":{"fileName":"test/sunspider/string-base64.js","lineNumber":"98","columnNumber":"24"}}
{"entryKind":"read-property","name":{"valueKind":"abstract-primitive","value":"NUM_UINT"},"value":{"valueKind":"abstract-primitive","value":"STR_OTHER"},"sourceLocation":{"fileName":"test/sunspider/string-base64.js","lineNumber":"98","columnNumber":"24"}}
{"entryKind":"read-property","name":{"valueKind":"concrete-string","value":"charCodeAt"},"value":{"valueKind":"abstract-object","value":{"objectKind":"other"}},"sourceLocation":{"fileName":"test/sunspider/string-base64.js","lineNumber":"97","columnNumber":"31"}}
{"entryKind":"read-property","name":{"valueKind":"concrete-string","value":"fromCharCode"},"value":{"valueKind":"abstract-object","value":{"objectKind":"other"}},"sourceLocation":{"fileName":"test/sunspider/string-base64.js","lineNumber":"111","columnNumber":"27"}}
{"entryKind":"read-property","name":{"valueKind":"concrete-string","value":"fromCharCode"},"value":{"valueKind":"abstract-object","value":{"objectKind":"other"}},"sourceLocation":{"fileName":"test/sunspider/string-base64.js","lineNumber":"126","columnNumber":"16"}}
{"entryKind":"read-property","name":{"valueKind":"concrete-string","value":"length"},"value":{"valueKind":"abstract-primitive","value":"NUM_UINT"},"sourceLocation":{"fileName":"test/sunspider/string-base64.js","lineNumber":"51","columnNumber":"18"}}
{"entryKind":"read-property","name":{"valueKind":"concrete-string","value":"length"},"value":{"valueKind":"abstract-primitive","value":"NUM_UINT"},"sourceLocation":{"fileName":"test/sunspider/string-base64.js","lineNumber":"96","columnNumber":"25"}}
{"entryKind":"read-property","name":{"valueKind":"concrete-string","value":"random"},"value":{"valueKind":"abstract-object","value":{"objectKind":"builtin","canonicalName":"Math.random"}},"sourceLocation":{"fileName":"test/sunspider/string-base64.js","lineNumber":"126","columnNumber":"43"}}
{"entryKind":"read-variable","name":{"valueKind":"concrete-string","value":"Date"},"value":{"valueKind":"abstract-object","value":{"objectKind":"builtin","canonicalName":"Date"}},"sourceLocation":{"fileName":"test/sunspider/string-base64.js","lineNumber":"142","columnNumber":"30"}}
{"entryKind":"read-variable","name":{"valueKind":"concrete-string","value":"Date"},"value":{"valueKind":"abstract-object","value":{"objectKind":"builtin","canonicalName":"Date"}},"sourceLocation":{"fileName":"test/sunspider/string-base64.js","lineNumber":"3","columnNumber":"31"}}
{"entryKind":"read-variable","name":{"valueKind":"concrete-string","value":"Math"},"value":{"valueKind":"abstract-object","value":{"objectKind":"builtin","canonicalName":"Math"}},"sourceLocation":{"fileName":"test/sunspider/string-base64.js","lineNumber":"126","columnNumber":"43"}}
{"entryKind":"read-variable","name":{"valueKind":"concrete-string","value":"String"},"value":{"valueKind":"abstract-object","value":{"objectKind":"other"}},"sourceLocation":{"fileName":"test/sunspider/string-base64.js","lineNumber":"111","columnNumber":"27"}}
{"entryKind":"read-variable","name":{"valueKind":"concrete-string","value":"String"},"value":{"valueKind":"abstract-object","value":{"objectKind":"other"}},"sourceLocation":{"fileName":"test/sunspider/string-base64.js","lineNumber":"126","columnNumber":"16"}}
{"entryKind":"read-variable","name":{"valueKind":"concrete-string","value":"TAJS_dumpValue"},"value":{"valueKind":"abstract-object","value":{"objectKind":"other"}},"sourceLocation":{"fileName":"test/sunspider/string-base64.js","lineNumber":"144","columnNumber":"1"}}
{"entryKind":"read-variable","name":{"valueKind":"concrete-string","value":"_sunSpiderInterval"},"value":{"valueKind":"abstract-primitive","value":"NUM_UINT"},"sourceLocation":{"fileName":"test/sunspider/string-base64.js","lineNumber":"144","columnNumber":"16"}}
{"entryKind":"read-variable","name":{"valueKind":"concrete-string","value":"_sunSpiderStartDate"},"value":{"valueKind":"abstract-object","value":{"objectKind":"allocation-site","allocationSite":{"fileName":"test/sunspider/string-base64.js","lineNumber":"3","columnNumber":"27"}}},"sourceLocation":{"fileName":"test/sunspider/string-base64.js","lineNumber":"142","columnNumber":"39"}}
{"entryKind":"read-variable","name":{"valueKind":"concrete-string","value":"base64"},"value":{"valueKind":"abstract-primitive","value":"STR_OTHER"},"sourceLocation":{"fileName":"test/sunspider/string-base64.js","lineNumber":"133","columnNumber":"20"}}
{"entryKind":"read-variable","name":{"valueKind":"concrete-string","value":"base64Pad"},"value":{"valueKind":"abstract-primitive","value":"STR_OTHER"},"sourceLocation":{"fileName":"test/sunspider/string-base64.js","lineNumber":"68","columnNumber":"23"}}
{"entryKind":"read-variable","name":{"valueKind":"concrete-string","value":"base64Pad"},"value":{"valueKind":"abstract-primitive","value":"STR_OTHER"},"sourceLocation":{"fileName":"test/sunspider/string-base64.js","lineNumber":"71","columnNumber":"23"}}
{"entryKind":"read-variable","name":{"valueKind":"concrete-string","value":"base64Pad"},"value":{"valueKind":"abstract-primitive","value":"STR_OTHER"},"sourceLocation":{"fileName":"test/sunspider/string-base64.js","lineNumber":"71","columnNumber":"35"}}
{"entryKind":"read-variable","name":{"valueKind":"concrete-string","value":"base64Pad"},"value":{"valueKind":"abstract-primitive","value":"STR_OTHER"},"sourceLocation":{"fileName":"test/sunspider/string-base64.js","lineNumber":"98","columnNumber":"35"}}
{"entryKind":"read-variable","name":{"valueKind":"concrete-string","value":"base64ToString"},"value":{"valueKind":"abstract-object","value":{"objectKind":"allocation-site","allocationSite":{"fileName":"test/sunspider/string-base64.js","lineNumber":"90","columnNumber":"1"}}},"sourceLocation":{"fileName":"test/sunspider/string-base64.js","lineNumber":"133","columnNumber":"5"}}
{"entryKind":"read-variable","name":{"valueKind":"concrete-string","value":"c"},"value":{"valueKind":"abstract-primitive","value":"0"},"sourceLocation":{"fileName":"test/sunspider/string-base64.js","lineNumber":"100","columnNumber":"13"}}
{"entryKind":"read-variable","name":{"valueKind":"concrete-string","value":"c"},"value":{"valueKind":"abstract-primitive","value":"0"},"sourceLocation":{"fileName":"test/sunspider/string-base64.js","lineNumber":"103","columnNumber":"38"}}
{"entryKind":"read-variable","name":{"valueKind":"concrete-string","value":"data"},"value":{"valueKind":"abstract-primitive","value":"STR_IDENTIFIER"},"sourceLocation":{"fileName":"test/sunspider/string-base64.js","lineNumber":"51","columnNumber":"18"}}
{"entryKind":"read-variable","name":{"valueKind":"concrete-string","value":"data"},"value":{"valueKind":"abstract-primitive","value":"STR_IDENTIFIER"},"sourceLocation":{"fileName":"test/sunspider/string-base64.js","lineNumber":"55","columnNumber":"33"}}
{"entryKind":"read-variable","name":{"valueKind":"concrete-string","value":"data"},"value":{"valueKind":"abstract-primitive","value":"STR_IDENTIFIER"},"sourceLocation":{"fileName":"test/sunspider/string-base64.js","lineNumber":"56","columnNumber":"35"}}
{"entryKind":"read-variable","name":{"valueKind":"concrete-string","value":"data"},"value":{"valueKind":"abstract-primitive","value":"STR_IDENTIFIER"},"sourceLocation":{"fileName":"test/sunspider/string-base64.js","lineNumber":"56","columnNumber":"60"}}
{"entryKind":"read-variable","name":{"valueKind":"concrete-string","value":"data"},"value":{"valueKind":"abstract-primitive","value":"STR_IDENTIFIER"},"sourceLocation":{"fileName":"test/sunspider/string-base64.js","lineNumber":"57","columnNumber":"35"}}
{"entryKind":"read-variable","name":{"valueKind":"concrete-string","value":"data"},"value":{"valueKind":"abstract-primitive","value":"STR_IDENTIFIER"},"sourceLocation":{"fileName":"test/sunspider/string-base64.js","lineNumber":"57","columnNumber":"62"}}
{"entryKind":"read-variable","name":{"valueKind":"concrete-string","value":"data"},"value":{"valueKind":"abstract-primitive","value":"STR_IDENTIFIER"},"sourceLocation":{"fileName":"test/sunspider/string-base64.js","lineNumber":"58","columnNumber":"33"}}
{"entryKind":"read-variable","name":{"valueKind":"concrete-string","value":"data"},"value":{"valueKind":"abstract-primitive","value":"STR_IDENTIFIER"},"sourceLocation":{"fileName":"test/sunspider/string-base64.js","lineNumber":"64","columnNumber":"33"}}
{"entryKind":"read-variable","name":{"valueKind":"concrete-string","value":"data"},"value":{"valueKind":"abstract-primitive","value":"STR_IDENTIFIER"},"sourceLocation":{"fileName":"test/sunspider/string-base64.js","lineNumber":"66","columnNumber":"39"}}
{"entryKind":"read-variable","name":{"valueKind":"concrete-string","value":"data"},"value":{"valueKind":"abstract-primitive","value":"STR_IDENTIFIER"},"sourceLocation":{"fileName":"test/sunspider/string-base64.js","lineNumber":"66","columnNumber":"64"}}
{"entryKind":"read-variable","name":{"valueKind":"concrete-string","value":"data"},"value":{"valueKind":"abstract-primitive","value":"STR_IDENTIFIER"},"sourceLocation":{"fileName":"test/sunspider/string-base64.js","lineNumber":"67","columnNumber":"38"}}
{"entryKind":"read-variable","name":{"valueKind":"concrete-string","value":"data"},"value":{"valueKind":"abstract-primitive","value":"STR_IDENTIFIER"},"sourceLocation":{"fileName":"test/sunspider/string-base64.js","lineNumber":"70","columnNumber":"38"}}
{"entryKind":"read-variable","name":{"valueKind":"concrete-string","value":"data"},"value":{"valueKind":"abstract-primitive","value":"STR_OTHER"},"sourceLocation":{"fileName":"test/sunspider/string-base64.js","lineNumber":"96","columnNumber":"25"}}
{"entryKind":"read-variable","name":{"valueKind":"concrete-string","value":"data"},"value":{"valueKind":"abstract-primitive","value":"STR_OTHER"},"sourceLocation":{"fileName":"test/sunspider/string-base64.js","lineNumber":"97","columnNumber":"31"}}
{"entryKind":"read-variable","name":{"valueKind":"concrete-string","value":"data"},"value":{"valueKind":"abstract-primitive","value":"STR_OTHER"},"sourceLocation":{"fileName":"test/sunspider/string-base64.js","lineNumber":"98","columnNumber":"24"}}
{"entryKind":"read-variable","name":{"valueKind":"concrete-string","value":"i"},"value":{"valueKind":"abstract-primitive","value":"0"},"sourceLocation":{"fileName":"test/sunspider/string-base64.js","lineNumber":"125","columnNumber":"18"}}
{"entryKind":"read-variable","name":{"valueKind":"concrete-string","value":"i"},"value":{"valueKind":"abstract-primitive","value":"0"},"sourceLocation":{"fileName":"test/sunspider/string-base64.js","lineNumber":"125","columnNumber":"28"}}
{"entryKind":"read-variable","name":{"valueKind":"concrete-string","value":"i"},"value":{"valueKind":"abstract-primitive","value":"0"},"sourceLocation":{"fileName":"test/sunspider/string-base64.js","lineNumber":"54","columnNumber":"17"}}
{"entryKind":"read-variable","name":{"valueKind":"concrete-string","value":"i"},"value":{"valueKind":"abstract-primitive","value":"0"},"sourceLocation":{"fileName":"test/sunspider/string-base64.js","lineNumber":"54","columnNumber":"35"}}
{"entryKind":"read-variable","name":{"valueKind":"concrete-string","value":"i"},"value":{"valueKind":"abstract-primitive","value":"0"},"sourceLocation":{"fileName":"test/sunspider/string-base64.js","lineNumber":"55","columnNumber":"38"}}
{"entryKind":"read-variable","name":{"valueKind":"concrete-string","value":"i"},"value":{"valueKind":"abstract-primitive","value":"0"},"sourceLocation":{"fileName":"test/sunspider/string-base64.js","lineNumber":"56","columnNumber":"40"}}
{"entryKind":"read-variable","name":{"valueKind":"concrete-string","value":"i"},"value":{"valueKind":"abstract-primitive","value":"0"},"sourceLocation":{"fileName":"test/sunspider/string-base64.js","lineNumber":"56","columnNumber":"65"}}
{"entryKind":"read-variable","name":{"valueKind":"concrete-string","value":"i"},"value":{"valueKind":"abstract-primitive","value":"0"},"sourceLocation":{"fileName":"test/sunspider/string-base64.js","lineNumber":"57","columnNumber":"40"}}
{"entryKind":"read-variable","name":{"valueKind":"concrete-string","value":"i"},"value":{"valueKind":"abstract-primitive","value":"0"},"sourceLocation":{"fileName":"test/sunspider/string-base64.js","lineNumber":"57","columnNumber":"67"}}
{"entryKind":"read-variable","name":{"valueKind":"concrete-string","value":"i"},"value":{"valueKind":"abstract-primitive","value":"0"},"sourceLocation":{"fileName":"test/sunspider/string-base64.js","lineNumber":"58","columnNumber":"38"}}
{"entryKind":"read-variable","name":{"valueKind":"concrete-string","value":"i"},"value":{"valueKind":"abstract-primitive","value":"0"},"sourceLocation":{"fileName":"test/sunspider/string-base64.js","lineNumber":"96","columnNumber":"21"}}
{"entryKind":"read-variable","name":{"valueKind":"concrete-string","value":"i"},"value":{"valueKind":"abstract-primitive","value":"0"},"sourceLocation":{"fileName":"test/sunspider/string-base64.js","lineNumber":"96","columnNumber":"38"}}
{"entryKind":"read-variable","name":{"valueKind":"concrete-string","value":"i"},"value":{"valueKind":"abstract-primitive","value":"0"},"sourceLocation":{"fileName":"test/sunspider/string-base64.js","lineNumber":"97","columnNumber":"47"}}
{"entryKind":"read-variable","name":{"valueKind":"concrete-string","value":"i"},"value":{"valueKind":"abstract-primitive","value":"0"},"sourceLocation":{"fileName":"test/sunspider/string-base64.js","lineNumber":"98","columnNumber":"29"}}
{"entryKind":"read-variable","name":{"valueKind":"concrete-string","value":"i"},"value":{"valueKind":"abstract-primitive","value":"1"},"sourceLocation":{"fileName":"test/sunspider/string-base64.js","lineNumber":"125","columnNumber":"18"}}
{"entryKind":"read-variable","name":{"valueKind":"concrete-string","value":"i"},"value":{"valueKind":"abstract-primitive","value":"1"},"sourceLocation":{"fileName":"test/sunspider/string-base64.js","lineNumber":"125","columnNumber":"28"}}
{"entryKind":"read-variable","name":{"valueKind":"concrete-string","value":"i"},"value":{"valueKind":"abstract-primitive","value":"1"},"sourceLocation":{"fileName":"test/sunspider/string-base64.js","lineNumber":"96","columnNumber":"21"}}
{"entryKind":"read-variable","name":{"valueKind":"concrete-string","value":"i"},"value":{"valueKind":"abstract-primitive","value":"1"},"sourceLocation":{"fileName":"test/sunspider/string-base64.js","lineNumber":"96","columnNumber":"38"}}
{"entryKind":"read-variable","name":{"valueKind":"concrete-string","value":"i"},"value":{"valueKind":"abstract-primitive","value":"1"},"sourceLocation":{"fileName":"test/sunspider/string-base64.js","lineNumber":"97","columnNumber":"47"}}
{"entryKind":"read-variable","name":{"valueKind":"concrete-string","value":"i"},"value":{"valueKind":"abstract-primitive","value":"1"},"sourceLocation":{"fileName":"test/sunspider/string-base64.js","lineNumber":"98","columnNumber":"29"}}
{"entryKind":"read-variable","name":{"valueKind":"concrete-string","value":"i"},"value":{"valueKind":"abstract-primitive","value":"NUM_UINT"},"sourceLocation":{"fileName":"test/sunspider/string-base64.js","lineNumber":"125","columnNumber":"18"}}
{"entryKind":"read-variable","name":{"valueKind":"concrete-string","value":"i"},"value":{"valueKind":"abstract-primitive","value":"NUM_UINT"},"sourceLocation":{"fileName":"test/sunspider/string-base64.js","lineNumber":"125","columnNumber":"28"}}
{"entryKind":"read-variable","name":{"valueKind":"concrete-string","value":"i"},"value":{"valueKind":"abstract-primitive","value":"NUM_UINT"},"sourceLocation":{"fileName":"test/sunspider/string-base64.js","lineNumber":"128","columnNumber":"21"}}
{"entryKind":"read-variable","name":{"valueKind":"concrete-string","value":"i"},"value":{"valueKind":"abstract-primitive","value":"NUM_UINT"},"sourceLocation":{"fileName":"test/sunspider/string-base64.js","lineNumber":"128","columnNumber":"33"}}
{"entryKind":"read-variable","name":{"valueKind":"concrete-string","value":"i"},"value":{"valueKind":"abstract-primitive","value":"NUM_UINT"},"sourceLocation":{"fileName":"test/sunspider/string-base64.js","lineNumber":"54","columnNumber":"17"}}
{"entryKind":"read-variable","name":{"valueKind":"concrete-string","value":"i"},"value":{"valueKind":"abstract-primitive","value":"NUM_UINT"},"sourceLocation":{"fileName":"test/sunspider/string-base64.js","lineNumber":"54","columnNumber":"35"}}
{"entryKind":"read-variable","name":{"valueKind":"concrete-string","value":"i"},"value":{"valueKind":"abstract-primitive","value":"NUM_UINT"},"sourceLocation":{"fileName":"test/sunspider/string-base64.js","lineNumber":"55","columnNumber":"38"}}
{"entryKind":"read-variable","name":{"valueKind":"concrete-string","value":"i"},"value":{"valueKind":"abstract-primitive","value":"NUM_UINT"},"sourceLocation":{"fileName":"test/sunspider/string-base64.js","lineNumber":"56","columnNumber":"40"}}
{"entryKind":"read-variable","name":{"valueKind":"concrete-string","value":"i"},"value":{"valueKind":"abstract-primitive","value":"NUM_UINT"},"sourceLocation":{"fileName":"test/sunspider/string-base64.js","lineNumber":"56","columnNumber":"65"}}
{"entryKind":"read-variable","name":{"valueKind":"concrete-string","value":"i"},"value":{"valueKind":"abstract-primitive","value":"NUM_UINT"},"sourceLocation":{"fileName":"test/sunspider/string-base64.js","lineNumber":"57","columnNumber":"40"}}
{"entryKind":"read-variable","name":{"valueKind":"concrete-string","value":"i"},"value":{"valueKind":"abstract-primitive","value":"NUM_UINT"},"sourceLocation":{"fileName":"test/sunspider/string-base64.js","lineNumber":"57","columnNumber":"67"}}
{"entryKind":"read-variable","name":{"valueKind":"concrete-string","value":"i"},"value":{"valueKind":"abstract-primitive","value":"NUM_UINT"},"sourceLocation":{"fileName":"test/sunspider/string-base64.js","lineNumber":"58","columnNumber":"38"}}
{"entryKind":"read-variable","name":{"valueKind":"concrete-string","value":"i"},"value":{"valueKind":"abstract-primitive","value":"NUM_UINT"},"sourceLocation":{"fileName":"test/sunspider/string-base64.js","lineNumber":"64","columnNumber":"38"}}
{"entryKind":"read-variable","name":{"valueKind":"concrete-string","value":"i"},"value":{"valueKind":"abstract-primitive","value":"NUM_UINT"},"sourceLocation":{"fileName":"test/sunspider/string-base64.js","lineNumber":"66","columnNumber":"44"}}
{"entryKind":"read-variable","name":{"valueKind":"concrete-string","value":"i"},"value":{"valueKind":"abstract-primitive","value":"NUM_UINT"},"sourceLocation":{"fileName":"test/sunspider/string-base64.js","lineNumber":"66","columnNumber":"69"}}
{"entryKind":"read-variable","name":{"valueKind":"concrete-string","value":"i"},"value":{"valueKind":"abstract-primitive","value":"NUM_UINT"},"sourceLocation":{"fileName":"test/sunspider/string-base64.js","lineNumber":"67","columnNumber":"43"}}
{"entryKind":"read-variable","name":{"valueKind":"concrete-string","value":"i"},"value":{"valueKind":"abstract-primitive","value":"NUM_UINT"},"sourceLocation":{"fileName":"test/sunspider/string-base64.js","lineNumber":"70","columnNumber":"43"}}
{"entryKind":"read-variable","name":{"valueKind":"concrete-string","value":"i"},"value":{"valueKind":"abstract-primitive","value":"NUM_UINT"},"sourceLocation":{"fileName":"test/sunspider/string-base64.js","lineNumber":"96","columnNumber":"21"}}
{"entryKind":"read-variable","name":{"valueKind":"concrete-string","value":"i"},"value":{"valueKind":"abstract-primitive","value":"NUM_UINT"},"sourceLocation":{"fileName":"test/sunspider/string-base64.js","lineNumber":"96","columnNumber":"38"}}
{"entryKind":"read-variable","name":{"valueKind":"concrete-string","value":"i"},"value":{"valueKind":"abstract-primitive","value":"NUM_UINT"},"sourceLocation":{"fileName":"test/sunspider/string-base64.js","lineNumber":"97","columnNumber":"47"}}
{"entryKind":"read-variable","name":{"valueKind":"concrete-string","value":"i"},"value":{"valueKind":"abstract-primitive","value":"NUM_UINT"},"sourceLocation":{"fileName":"test/sunspider/string-base64.js","lineNumber":"98","columnNumber":"29"}}
{"entryKind":"read-variable","name":{"valueKind":"concrete-string","value":"leftbits"},"value":{"valueKind":"abstract-primitive","value":"0"},"sourceLocation":{"fileName":"test/sunspider/string-base64.js","lineNumber":"104","columnNumber":"9"}}
{"entryKind":"read-variable","name":{"valueKind":"concrete-string","value":"leftbits"},"value":{"valueKind":"abstract-primitive","value":"0"},"sourceLocation":{"fileName":"test/sunspider/string-base64.js","lineNumber":"111","columnNumber":"60"}}
{"entryKind":"read-variable","name":{"valueKind":"concrete-string","value":"leftbits"},"value":{"valueKind":"abstract-primitive","value":"0"},"sourceLocation":{"fileName":"test/sunspider/string-base64.js","lineNumber":"112","columnNumber":"31"}}
{"entryKind":"read-variable","name":{"valueKind":"concrete-string","value":"leftbits"},"value":{"valueKind":"abstract-primitive","value":"0"},"sourceLocation":{"fileName":"test/sunspider/string-base64.js","lineNumber":"117","columnNumber":"9"}}
{"entryKind":"read-variable","name":{"valueKind":"concrete-string","value":"leftbits"},"value":{"valueKind":"abstract-primitive","value":"NUM_UINT"},"sourceLocation":{"fileName":"test/sunspider/string-base64.js","lineNumber":"104","columnNumber":"9"}}
{"entryKind":"read-variable","name":{"valueKind":"concrete-string","value":"leftbits"},"value":{"valueKind":"abstract-primitive","value":"NUM_UINT"},"sourceLocation":{"fileName":"test/sunspider/string-base64.js","lineNumber":"107","columnNumber":"13"}}
{"entryKind":"read-variable","name":{"valueKind":"concrete-string","value":"leftbits"},"value":{"valueKind":"abstract-primitive","value":"NUM_UINT"},"sourceLocation":{"fileName":"test/sunspider/string-base64.js","lineNumber":"108","columnNumber":"13"}}
{"entryKind":"read-variable","name":{"valueKind":"concrete-string","value":"leftbits"},"value":{"valueKind":"abstract-primitive","value":"NUM_UINT"},"sourceLocation":{"fileName":"test/sunspider/string-base64.js","lineNumber":"111","columnNumber":"60"}}
{"entryKind":"read-variable","name":{"valueKind":"concrete-string","value":"leftbits"},"value":{"valueKind":"abstract-primitive","value":"NUM_UINT"},"sourceLocation":{"fileName":"test/sunspider/string-base64.js","lineNumber":"112","columnNumber":"31"}}
{"entryKind":"read-variable","name":{"valueKind":"concrete-string","value":"leftdata"},"value":{"valueKind":"abstract-primitive","value":"0"},"sourceLocation":{"fileName":"test/sunspider/string-base64.js","lineNumber":"103","columnNumber":"21"}}
{"entryKind":"read-variable","name":{"valueKind":"concrete-string","value":"leftdata"},"value":{"valueKind":"abstract-primitive","value":"0"},"sourceLocation":{"fileName":"test/sunspider/string-base64.js","lineNumber":"111","columnNumber":"48"}}
{"entryKind":"read-variable","name":{"valueKind":"concrete-string","value":"leftdata"},"value":{"valueKind":"abstract-primitive","value":"0"},"sourceLocation":{"fileName":"test/sunspider/string-base64.js","lineNumber":"112","columnNumber":"13"}}
{"entryKind":"read-variable","name":{"valueKind":"concrete-string","value":"length"},"value":{"valueKind":"abstract-primitive","value":"NUM_UINT"},"sourceLocation":{"fileName":"test/sunspider/string-base64.js","lineNumber":"54","columnNumber":"22"}}
{"entryKind":"read-variable","name":{"valueKind":"concrete-string","value":"length"},"value":{"valueKind":"abstract-primitive","value":"NUM_UINT"},"sourceLocation":{"fileName":"test/sunspider/string-base64.js","lineNumber":"62","columnNumber":"9"}}
{"entryKind":"read-variable","name":{"valueKind":"concrete-string","value":"length"},"value":{"valueKind":"abstract-primitive","value":"NUM_UINT"},"sourceLocation":{"fileName":"test/sunspider/string-base64.js","lineNumber":"63","columnNumber":"13"}}
{"entryKind":"read-variable","name":{"valueKind":"concrete-string","value":"length"},"value":{"valueKind":"abstract-primitive","value":"NUM_UINT"},"sourceLocation":{"fileName":"test/sunspider/string-base64.js","lineNumber":"63","columnNumber":"23"}}
{"entryKind":"read-variable","name":{"valueKind":"concrete-string","value":"length"},"value":{"valueKind":"abstract-primitive","value":"NUM_UINT"},"sourceLocation":{"fileName":"test/sunspider/string-base64.js","lineNumber":"65","columnNumber":"14"}}
{"entryKind":"read-variable","name":{"valueKind":"concrete-string","value":"padding"},"value":{"valueKind":"abstract-primitive","value":"false"},"sourceLocation":{"fileName":"test/sunspider/string-base64.js","lineNumber":"110","columnNumber":"18"}}
{"entryKind":"read-variable","name":{"valueKind":"concrete-string","value":"padding"},"value":{"valueKind":"abstract-primitive","value":"true"},"sourceLocation":{"fileName":"test/sunspider/string-base64.js","lineNumber":"110","columnNumber":"18"}}
{"entryKind":"read-variable","name":{"valueKind":"concrete-string","value":"result"},"value":{"valueKind":"abstract-primitive","value":"STR_IDENTIFIER"},"sourceLocation":{"fileName":"test/sunspider/string-base64.js","lineNumber":"55","columnNumber":"9"}}
{"entryKind":"read-variable","name":{"valueKind":"concrete-string","value":"result"},"value":{"valueKind":"abstract-primitive","value":"STR_IDENTIFIER"},"sourceLocation":{"fileName":"test/sunspider/string-base64.js","lineNumber":"56","columnNumber":"9"}}
{"entryKind":"read-variable","name":{"valueKind":"concrete-string","value":"result"},"value":{"valueKind":"abstract-primitive","value":"STR_IDENTIFIER"},"sourceLocation":{"fileName":"test/sunspider/string-base64.js","lineNumber":"57","columnNumber":"9"}}
{"entryKind":"read-variable","name":{"valueKind":"concrete-string","value":"result"},"value":{"valueKind":"abstract-primitive","value":"STR_IDENTIFIER"},"sourceLocation":{"fileName":"test/sunspider/string-base64.js","lineNumber":"58","columnNumber":"9"}}
{"entryKind":"read-variable","name":{"valueKind":"concrete-string","value":"result"},"value":{"valueKind":"abstract-primitive","value":"STR_IDENTIFIER"},"sourceLocation":{"fileName":"test/sunspider/string-base64.js","lineNumber":"64","columnNumber":"9"}}
{"entryKind":"read-variable","name":{"valueKind":"concrete-string","value":"result"},"value":{"valueKind":"abstract-primitive","value":"STR_IDENTIFIER"},"sourceLocation":{"fileName":"test/sunspider/string-base64.js","lineNumber":"66","columnNumber":"13"}}
{"entryKind":"read-variable","name":{"valueKind":"concrete-string","value":"result"},"value":{"valueKind":"abstract-primitive","value":"STR_IDENTIFIER"},"sourceLocation":{"fileName":"test/sunspider/string-base64.js","lineNumber":"67","columnNumber":"13"}}
{"entryKind":"read-variable","name":{"valueKind":"concrete-string","value":"result"},"value":{"valueKind":"abstract-primitive","value":"STR_IDENTIFIER"},"sourceLocation":{"fileName":"test/sunspider/string-base64.js","lineNumber":"68","columnNumber":"13"}}
{"entryKind":"read-variable","name":{"valueKind":"concrete-string","value":"result"},"value":{"valueKind":"abstract-primitive","value":"STR_IDENTIFIER"},"sourceLocation":{"fileName":"test/sunspider/string-base64.js","lineNumber":"70","columnNumber":"13"}}
{"entryKind":"read-variable","name":{"valueKind":"concrete-string","value":"result"},"value":{"valueKind":"abstract-primitive","value":"STR_IDENTIFIER"},"sourceLocation":{"fileName":"test/sunspider/string-base64.js","lineNumber":"71","columnNumber":"13"}}
{"entryKind":"read-variable","name":{"valueKind":"concrete-string","value":"result"},"value":{"valueKind":"abstract-primitive","value":"STR_IDENTIFIERPARTS"},"sourceLocation":{"fileName":"test/sunspider/string-base64.js","lineNumber":"111","columnNumber":"17"}}
{"entryKind":"read-variable","name":{"valueKind":"concrete-string","value":"result"},"value":{"valueKind":"abstract-primitive","value":"STR_IDENTIFIERPARTS"},"sourceLocation":{"fileName":"test/sunspider/string-base64.js","lineNumber":"55","columnNumber":"9"}}
{"entryKind":"read-variable","name":{"valueKind":"concrete-string","value":"result"},"value":{"valueKind":"abstract-primitive","value":"STR_OTHER"},"sourceLocation":{"fileName":"test/sunspider/string-base64.js","lineNumber":"111","columnNumber":"17"}}
{"entryKind":"read-variable","name":{"valueKind":"concrete-string","value":"result"},"value":{"valueKind":"abstract-primitive","value":"STR_OTHER"},"sourceLocation":{"fileName":"test/sunspider/string-base64.js","lineNumber":"120","columnNumber":"12"}}
{"entryKind":"read-variable","name":{"valueKind":"concrete-string","value":"result"},"value":{"valueKind":"abstract-primitive","value":"STR_OTHER"},"sourceLocation":{"fileName":"test/sunspider/string-base64.js","lineNumber":"75","columnNumber":"12"}}
{"entryKind":"read-variable","name":{"valueKind":"concrete-string","value":"str"},"value":{"valueKind":"abstract-primitive","value":"STR_IDENTIFIER"},"sourceLocation":{"fileName":"test/sunspider/string-base64.js","lineNumber":"126","columnNumber":"9"}}
{"entryKind":"read-variable","name":{"valueKind":"concrete-string","value":"str"},"value":{"valueKind":"abstract-primitive","value":"STR_IDENTIFIER"},"sourceLocation":{"fileName":"test/sunspider/string-base64.js","lineNumber":"132","columnNumber":"23"}}
{"entryKind":"read-variable","name":{"valueKind":"concrete-string","value":"str"},"value":{"valueKind":"abstract-primitive","value":"STR_IDENTIFIER"},"sourceLocation":{"fileName":"test/sunspider/string-base64.js","lineNumber":"136","columnNumber":"12"}}
{"entryKind":"read-variable","name":{"valueKind":"concrete-string","value":"str"},"value":{"valueKind":"abstract-primitive","value":"STR_IDENTIFIER"},"sourceLocation":{"fileName":"test/sunspider/string-base64.js","lineNumber":"136","columnNumber":"5"}}
{"entryKind":"read-variable","name":{"valueKind":"concrete-string","value":"str"},"value":{"valueKind":"abstract-primitive","value":"STR_IDENTIFIERPARTS"},"sourceLocation":{"fileName":"test/sunspider/string-base64.js","lineNumber":"126","columnNumber":"9"}}
{"entryKind":"read-variable","name":{"valueKind":"concrete-string","value":"toBase64"},"value":{"valueKind":"abstract-object","value":{"objectKind":"allocation-site","allocationSite":{"fileName":"test/sunspider/string-base64.js","lineNumber":"49","columnNumber":"1"}}},"sourceLocation":{"fileName":"test/sunspider/string-base64.js","lineNumber":"132","columnNumber":"14"}}
{"entryKind":"read-variable","name":{"valueKind":"concrete-string","value":"toBase64Table"},"value":{"valueKind":"abstract-primitive","value":"STR_OTHER"},"sourceLocation":{"fileName":"test/sunspider/string-base64.js","lineNumber":"55","columnNumber":"19"}}
{"entryKind":"read-variable","name":{"valueKind":"concrete-string","value":"toBase64Table"},"value":{"valueKind":"abstract-primitive","value":"STR_OTHER"},"sourceLocation":{"fileName":"test/sunspider/string-base64.js","lineNumber":"56","columnNumber":"19"}}
{"entryKind":"read-variable","name":{"valueKind":"concrete-string","value":"toBase64Table"},"value":{"valueKind":"abstract-primitive","value":"STR_OTHER"},"sourceLocation":{"fileName":"test/sunspider/string-base64.js","lineNumber":"57","columnNumber":"19"}}
{"entryKind":"read-variable","name":{"valueKind":"concrete-string","value":"toBase64Table"},"value":{"valueKind":"abstract-primitive","value":"STR_OTHER"},"sourceLocation":{"fileName":"test/sunspider/string-base64.js","lineNumber":"58","columnNumber":"19"}}
{"entryKind":"read-variable","name":{"valueKind":"concrete-string","value":"toBase64Table"},"value":{"valueKind":"abstract-primitive","value":"STR_OTHER"},"sourceLocation":{"fileName":"test/sunspider/string-base64.js","lineNumber":"64","columnNumber":"19"}}
{"entryKind":"read-variable","name":{"valueKind":"concrete-string","value":"toBase64Table"},"value":{"valueKind":"abstract-primitive","value":"STR_OTHER"},"sourceLocation":{"fileName":"test/sunspider/string-base64.js","lineNumber":"66","columnNumber":"23"}}
{"entryKind":"read-variable","name":{"valueKind":"concrete-string","value":"toBase64Table"},"value":{"valueKind":"abstract-primitive","value":"STR_OTHER"},"sourceLocation":{"fileName":"test/sunspider/string-base64.js","lineNumber":"67","columnNumber":"23"}}
{"entryKind":"read-variable","name":{"valueKind":"concrete-string","value":"toBase64Table"},"value":{"valueKind":"abstract-primitive","value":"STR_OTHER"},"sourceLocation":{"fileName":"test/sunspider/string-base64.js","lineNumber":"70","columnNumber":"23"}}
{"entryKind":"read-variable","name":{"valueKind":"concrete-string","value":"toBinaryTable"},"value":{"valueKind":"abstract-object","value":{"objectKind":"allocation-site","allocationSite":{"fileName":"test/sunspider/string-base64.js","lineNumber":"79","columnNumber":"21"}}},"sourceLocation":{"fileName":"test/sunspider/string-base64.js","lineNumber":"97","columnNumber":"17"}}
{"entryKind":"write-variable","name":{"valueKind":"concrete-string","value":"_sunSpiderInterval"},"value":{"valueKind":"abstract-primitive","value":"NUM_UINT"},"sourceLocation":{"fileName":"test/sunspider/string-base64.js","lineNumber":"142","columnNumber":"26"}}
{"entryKind":"write-variable","name":{"valueKind":"concrete-string","value":"_sunSpiderStartDate"},"value":{"valueKind":"abstract-object","value":{"objectKind":"allocation-site","allocationSite":{"fileName":"test/sunspider/string-base64.js","lineNumber":"3","columnNumber":"27"}}},"sourceLocation":{"fileName":"test/sunspider/string-base64.js","lineNumber":"3","columnNumber":"27"}}
{"entryKind":"write-variable","name":{"valueKind":"concrete-string","value":"base64"},"value":{"valueKind":"abstract-primitive","value":"STR_OTHER"},"sourceLocation":{"fileName":"test/sunspider/string-base64.js","lineNumber":"132","columnNumber":"14"}}
{"entryKind":"write-variable","name":{"valueKind":"concrete-string","value":"base64Pad"},"value":{"valueKind":"abstract-primitive","value":"STR_OTHER"},"sourceLocation":{"fileName":"test/sunspider/string-base64.js","lineNumber":"47","columnNumber":"17"}}
{"entryKind":"write-variable","name":{"valueKind":"concrete-string","value":"c"},"value":{"valueKind":"abstract-primitive","value":"0"},"sourceLocation":{"fileName":"test/sunspider/string-base64.js","lineNumber":"97","columnNumber":"17"}}
{"entryKind":"write-variable","name":{"valueKind":"concrete-string","value":"i"},"value":{"valueKind":"abstract-primitive","value":"0"},"sourceLocation":{"fileName":"test/sunspider/string-base64.js","lineNumber":"125","columnNumber":"15"}}
{"entryKind":"write-variable","name":{"valueKind":"concrete-string","value":"i"},"value":{"valueKind":"abstract-primitive","value":"0"},"sourceLocation":{"fileName":"test/sunspider/string-base64.js","lineNumber":"54","columnNumber":"14"}}
{"entryKind":"write-variable","name":{"valueKind":"concrete-string","value":"i"},"value":{"valueKind":"abstract-primitive","value":"0"},"sourceLocation":{"fileName":"test/sunspider/string-base64.js","lineNumber":"96","columnNumber":"18"}}
{"entryKind":"write-variable","name":{"valueKind":"concrete-string","value":"i"},"value":{"valueKind":"abstract-primitive","value":"1"},"sourceLocation":{"fileName":"test/sunspider/string-base64.js","lineNumber":-1,"columnNumber":-1}}
{"entryKind":"write-variable","name":{"valueKind":"concrete-string","value":"i"},"value":{"valueKind":"abstract-primitive","value":"NUM_UINT"},"sourceLocation":{"fileName":"test/sunspider/string-base64.js","lineNumber":"128","columnNumber":"15"}}
{"entryKind":"write-variable","name":{"valueKind":"concrete-string","value":"i"},"value":{"valueKind":"abstract-primitive","value":"NUM_UINT"},"sourceLocation":{"fileName":"test/sunspider/string-base64.js","lineNumber":"128","columnNumber":"38"}}
{"entryKind":"write-variable","name":{"valueKind":"concrete-string","value":"i"},"value":{"valueKind":"abstract-primitive","value":"NUM_UINT"},"sourceLocation":{"fileName":"test/sunspider/string-base64.js","lineNumber":"54","columnNumber":"40"}}
{"entryKind":"write-variable","name":{"valueKind":"concrete-string","value":"i"},"value":{"valueKind":"abstract-primitive","value":"NUM_UINT"},"sourceLocation":{"fileName":"test/sunspider/string-base64.js","lineNumber":"63","columnNumber":"13"}}
{"entryKind":"write-variable","name":{"valueKind":"concrete-string","value":"i"},"value":{"valueKind":"abstract-primitive","value":"NUM_UINT"},"sourceLocation":{"fileName":"test/sunspider/string-base64.js","lineNumber":-1,"columnNumber":-1}}
{"entryKind":"write-variable","name":{"valueKind":"concrete-string","value":"leftbits"},"value":{"valueKind":"abstract-primitive","value":"0"},"sourceLocation":{"fileName":"test/sunspider/string-base64.js","lineNumber":"108","columnNumber":"25"}}
{"entryKind":"write-variable","name":{"valueKind":"concrete-string","value":"leftbits"},"value":{"valueKind":"abstract-primitive","value":"0"},"sourceLocation":{"fileName":"test/sunspider/string-base64.js","lineNumber":"92","columnNumber":"20"}}
{"entryKind":"write-variable","name":{"valueKind":"concrete-string","value":"leftbits"},"value":{"valueKind":"abstract-primitive","value":"NUM_UINT"},"sourceLocation":{"fileName":"test/sunspider/string-base64.js","lineNumber":"104","columnNumber":"21"}}
{"entryKind":"write-variable","name":{"valueKind":"concrete-string","value":"leftbits"},"value":{"valueKind":"abstract-primitive","value":"NUM_UINT"},"sourceLocation":{"fileName":"test/sunspider/string-base64.js","lineNumber":"108","columnNumber":"25"}}
{"entryKind":"write-variable","name":{"valueKind":"concrete-string","value":"leftdata"},"value":{"valueKind":"abstract-primitive","value":"0"},"sourceLocation":{"fileName":"test/sunspider/string-base64.js","lineNumber":"103","columnNumber":"20"}}
{"entryKind":"write-variable","name":{"valueKind":"concrete-string","value":"leftdata"},"value":{"valueKind":"abstract-primitive","value":"0"},"sourceLocation":{"fileName":"test/sunspider/string-base64.js","lineNumber":"112","columnNumber":"25"}}
{"entryKind":"write-variable","name":{"valueKind":"concrete-string","value":"leftdata"},"value":{"valueKind":"abstract-primitive","value":"0"},"sourceLocation":{"fileName":"test/sunspider/string-base64.js","lineNumber":"93","columnNumber":"20"}}
{"entryKind":"write-variable","name":{"valueKind":"concrete-string","value":"length"},"value":{"valueKind":"abstract-primitive","value":"NUM_UINT"},"sourceLocation":{"fileName":"test/sunspider/string-base64.js","lineNumber":"51","columnNumber":"18"}}
{"entryKind":"write-variable","name":{"valueKind":"concrete-string","value":"padding"},"value":{"valueKind":"abstract-primitive","value":"false"},"sourceLocation":{"fileName":"test/sunspider/string-base64.js","lineNumber":"98","columnNumber":"24"}}
{"entryKind":"write-variable","name":{"valueKind":"concrete-string","value":"padding"},"value":{"valueKind":"abstract-primitive","value":"true"},"sourceLocation":{"fileName":"test/sunspider/string-base64.js","lineNumber":"98","columnNumber":"24"}}
{"entryKind":"write-variable","name":{"valueKind":"concrete-string","value":"result"},"value":{"valueKind":"abstract-primitive","value":"STR_IDENTIFIER"},"sourceLocation":{"fileName":"test/sunspider/string-base64.js","lineNumber":"55","columnNumber":"19"}}
{"entryKind":"write-variable","name":{"valueKind":"concrete-string","value":"result"},"value":{"valueKind":"abstract-primitive","value":"STR_IDENTIFIER"},"sourceLocation":{"fileName":"test/sunspider/string-base64.js","lineNumber":"56","columnNumber":"19"}}
{"entryKind":"write-variable","name":{"valueKind":"concrete-string","value":"result"},"value":{"valueKind":"abstract-primitive","value":"STR_IDENTIFIER"},"sourceLocation":{"fileName":"test/sunspider/string-base64.js","lineNumber":"57","columnNumber":"19"}}
{"entryKind":"write-variable","name":{"valueKind":"concrete-string","value":"result"},"value":{"valueKind":"abstract-primitive","value":"STR_IDENTIFIER"},"sourceLocation":{"fileName":"test/sunspider/string-base64.js","lineNumber":"58","columnNumber":"19"}}
{"entryKind":"write-variable","name":{"valueKind":"concrete-string","value":"result"},"value":{"valueKind":"abstract-primitive","value":"STR_IDENTIFIER"},"sourceLocation":{"fileName":"test/sunspider/string-base64.js","lineNumber":"64","columnNumber":"19"}}
{"entryKind":"write-variable","name":{"valueKind":"concrete-string","value":"result"},"value":{"valueKind":"abstract-primitive","value":"STR_IDENTIFIER"},"sourceLocation":{"fileName":"test/sunspider/string-base64.js","lineNumber":"66","columnNumber":"23"}}
{"entryKind":"write-variable","name":{"valueKind":"concrete-string","value":"result"},"value":{"valueKind":"abstract-primitive","value":"STR_IDENTIFIER"},"sourceLocation":{"fileName":"test/sunspider/string-base64.js","lineNumber":"67","columnNumber":"23"}}
{"entryKind":"write-variable","name":{"valueKind":"concrete-string","value":"result"},"value":{"valueKind":"abstract-primitive","value":"STR_IDENTIFIER"},"sourceLocation":{"fileName":"test/sunspider/string-base64.js","lineNumber":"70","columnNumber":"23"}}
{"entryKind":"write-variable","name":{"valueKind":"concrete-string","value":"result"},"value":{"valueKind":"abstract-primitive","value":"STR_IDENTIFIERPARTS"},"sourceLocation":{"fileName":"test/sunspider/string-base64.js","lineNumber":"50","columnNumber":"18"}}
{"entryKind":"write-variable","name":{"valueKind":"concrete-string","value":"result"},"value":{"valueKind":"abstract-primitive","value":"STR_IDENTIFIERPARTS"},"sourceLocation":{"fileName":"test/sunspider/string-base64.js","lineNumber":"91","columnNumber":"18"}}
{"entryKind":"write-variable","name":{"valueKind":"concrete-string","value":"result"},"value":{"valueKind":"abstract-primitive","value":"STR_OTHER"},"sourceLocation":{"fileName":"test/sunspider/string-base64.js","lineNumber":"111","columnNumber":"27"}}
{"entryKind":"write-variable","name":{"valueKind":"concrete-string","value":"result"},"value":{"valueKind":"abstract-primitive","value":"STR_OTHER"},"sourceLocation":{"fileName":"test/sunspider/string-base64.js","lineNumber":"68","columnNumber":"23"}}
{"entryKind":"write-variable","name":{"valueKind":"concrete-string","value":"result"},"value":{"valueKind":"abstract-primitive","value":"STR_OTHER"},"sourceLocation":{"fileName":"test/sunspider/string-base64.js","lineNumber":"71","columnNumber":"23"}}
{"entryKind":"write-variable","name":{"valueKind":"concrete-string","value":"str"},"value":{"valueKind":"abstract-primitive","value":"STR_IDENTIFIER"},"sourceLocation":{"fileName":"test/sunspider/string-base64.js","lineNumber":"126","columnNumber":"16"}}
{"entryKind":"write-variable","name":{"valueKind":"concrete-string","value":"str"},"value":{"valueKind":"abstract-primitive","value":"STR_IDENTIFIER"},"sourceLocation":{"fileName":"test/sunspider/string-base64.js","lineNumber":"136","columnNumber":"12"}}
{"entryKind":"write-variable","name":{"valueKind":"concrete-string","value":"str"},"value":{"valueKind":"abstract-primitive","value":"STR_IDENTIFIERPARTS"},"sourceLocation":{"fileName":"test/sunspider/string-base64.js","lineNumber":"123","columnNumber":"11"}}
{"entryKind":"write-variable","name":{"valueKind":"concrete-string","value":"toBase64Table"},"value":{"valueKind":"abstract-primitive","value":"STR_OTHER"},"sourceLocation":{"fileName":"test/sunspider/string-base64.js","lineNumber":"46","columnNumber":"21"}}
{"entryKind":"write-variable","name":{"valueKind":"concrete-string","value":"toBinaryTable"},"value":{"valueKind":"abstract-object","value":{"objectKind":"allocation-site","allocationSite":{"fileName":"test/sunspider/string-base64.js","lineNumber":"79","columnNumber":"21"}}},"sourceLocation":{"fileName":"test/sunspider/string-base64.js","lineNumber":"79","columnNumber":"21"}}
{"entryKind":"write-variable","name":{"valueKind":"concrete-string","value":"toBinaryTable"},"value":{"valueKind":"abstract-primitive","value":"null"},"sourceLocation":{"fileName":"test/sunspider/string-base64.js","lineNumber":"139","columnNumber":"17"}}
