{"entryKind":"read-variable","name":{"valueKind":"concrete-string","value":"Math"},"value":{"valueKind":"abstract-object","value":{"objectKind":"builtin","canonicalName":"Math"}},"sourceLocation":{"fileName":"inline-0_orig_.js","lineNumber":"2","columnNumber":"18"}}
{"entryKind":"read-property","name":{"valueKind":"concrete-string","value":"floor"},"value":{"valueKind":"abstract-object","value":{"objectKind":"builtin","canonicalName":"Math.floor"}},"sourceLocation":{"fileName":"inline-0_orig_.js","lineNumber":"2","columnNumber":"18"}}
{"entryKind":"write-variable","name":{"valueKind":"concrete-string","value":"mf"},"value":{"valueKind":"abstract-object","value":{"objectKind":"builtin","canonicalName":"Math.floor"}},"sourceLocation":{"fileName":"inline-0_orig_.js","lineNumber":"2","columnNumber":"18"}}
{"entryKind":"read-variable","name":{"valueKind":"concrete-string","value":"Math"},"value":{"valueKind":"abstract-object","value":{"objectKind":"builtin","canonicalName":"Math"}},"sourceLocation":{"fileName":"inline-0_orig_.js","lineNumber":"2","columnNumber":"34"}}
{"entryKind":"read-property","name":{"valueKind":"concrete-string","value":"random"},"value":{"valueKind":"abstract-object","value":{"objectKind":"builtin","canonicalName":"Math.random"}},"sourceLocation":{"fileName":"inline-0_orig_.js","lineNumber":"2","columnNumber":"34"}}
{"entryKind":"write-variable","name":{"valueKind":"concrete-string","value":"mr"},"value":{"valueKind":"abstract-object","value":{"objectKind":"builtin","canonicalName":"Math.random"}},"sourceLocation":{"fileName":"inline-0_orig_.js","lineNumber":"2","columnNumber":"34"}}
{"entryKind":"read-variable","name":{"valueKind":"concrete-string","value":"Math"},"value":{"valueKind":"abstract-object","value":{"objectKind":"builtin","canonicalName":"Math"}},"sourceLocation":{"fileName":"inline-0_orig_.js","lineNumber":"2","columnNumber":"51"}}
{"entryKind":"read-property","name":{"valueKind":"concrete-string","value":"round"},"value":{"valueKind":"abstract-object","value":{"objectKind":"builtin","canonicalName":"Math.round"}},"sourceLocation":{"fileName":"inline-0_orig_.js","lineNumber":"2","columnNumber":"51"}}
{"entryKind":"write-variable","name":{"valueKind":"concrete-string","value":"ms"},"value":{"valueKind":"abstract-object","value":{"objectKind":"builtin","canonicalName":"Math.round"}},"sourceLocation":{"fileName":"inline-0_orig_.js","lineNumber":"2","columnNumber":"51"}}
{"entryKind":"write-variable","name":{"valueKind":"concrete-string","value":"W"},"value":{"valueKind":"abstract-primitive","value":"NUM_UINT"},"sourceLocation":{"fileName":"inline-0_orig_.js","lineNumber":"3","columnNumber":"17"}}
{"entryKind":"write-variable","name":{"valueKind":"concrete-string","value":"H"},"value":{"valueKind":"abstract-primitive","value":"NUM_UINT"},"sourceLocation":{"fileName":"inline-0_orig_.js","lineNumber":"3","columnNumber":"25"}}
{"entryKind":"read-variable","name":{"valueKind":"concrete-string","value":"Math"},"value":{"valueKind":"abstract-object","value":{"objectKind":"builtin","canonicalName":"Math"}},"sourceLocation":{"fileName":"inline-0_orig_.js","lineNumber":"3","columnNumber":"33"}}
{"entryKind":"read-property","name":{"valueKind":"concrete-string","value":"min"},"value":{"valueKind":"abstract-object","value":{"objectKind":"builtin","canonicalName":"Math.min"}},"sourceLocation":{"fileName":"inline-0_orig_.js","lineNumber":"3","columnNumber":"33"}}
{"entryKind":"read-variable","name":{"valueKind":"concrete-string","value":"window"},"value":{"valueKind":"abstract-object","value":{"objectKind":"builtin","canonicalName":"<the global object>"}},"sourceLocation":{"fileName":"inline-0_orig_.js","lineNumber":"3","columnNumber":"42"}}
{"entryKind":"read-property","name":{"valueKind":"concrete-string","value":"innerWidth"},"value":{"valueKind":"abstract-primitive","value":"NUM_UINT"},"sourceLocation":{"fileName":"inline-0_orig_.js","lineNumber":"3","columnNumber":"42"}}
{"entryKind":"read-variable","name":{"valueKind":"concrete-string","value":"W"},"value":{"valueKind":"abstract-primitive","value":"NUM_UINT"},"sourceLocation":{"fileName":"inline-0_orig_.js","lineNumber":"3","columnNumber":"62"}}
{"entryKind":"read-variable","name":{"valueKind":"concrete-string","value":"window"},"value":{"valueKind":"abstract-object","value":{"objectKind":"builtin","canonicalName":"<the global object>"}},"sourceLocation":{"fileName":"inline-0_orig_.js","lineNumber":"3","columnNumber":"65"}}
{"entryKind":"read-property","name":{"valueKind":"concrete-string","value":"innerHeight"},"value":{"valueKind":"abstract-primitive","value":"NUM_UINT"},"sourceLocation":{"fileName":"inline-0_orig_.js","lineNumber":"3","columnNumber":"65"}}
{"entryKind":"read-variable","name":{"valueKind":"concrete-string","value":"H"},"value":{"valueKind":"abstract-primitive","value":"NUM_UINT"},"sourceLocation":{"fileName":"inline-0_orig_.js","lineNumber":"3","columnNumber":"86"}}
{"entryKind":"call","function":{"valueKind":"abstract-object","value":{"objectKind":"builtin","canonicalName":"Math.min"}},"base":{"valueKind":"abstract-object","value":{"objectKind":"builtin","canonicalName":"Math"}},"arguments":[{"valueKind":"abstract-primitive","value":"NUM_OTHER"},{"valueKind":"abstract-primitive","value":"NUM_OTHER"}],"sourceLocation":{"fileName":"inline-0_orig_.js","lineNumber":"3","columnNumber":"33"}}
{"entryKind":"write-variable","name":{"valueKind":"concrete-string","value":"s"},"value":{"valueKind":"abstract-primitive","value":"NUM_OTHER"},"sourceLocation":{"fileName":"inline-0_orig_.js","lineNumber":"3","columnNumber":"33"}}
{"entryKind":"read-variable","name":{"valueKind":"concrete-string","value":"mf"},"value":{"valueKind":"abstract-object","value":{"objectKind":"builtin","canonicalName":"Math.floor"}},"sourceLocation":{"fileName":"inline-0_orig_.js","lineNumber":"3","columnNumber":"93"}}
{"entryKind":"read-variable","name":{"valueKind":"concrete-string","value":"W"},"value":{"valueKind":"abstract-primitive","value":"NUM_UINT"},"sourceLocation":{"fileName":"inline-0_orig_.js","lineNumber":"3","columnNumber":"96"}}
{"entryKind":"read-variable","name":{"valueKind":"concrete-string","value":"s"},"value":{"valueKind":"abstract-primitive","value":"NUM_OTHER"},"sourceLocation":{"fileName":"inline-0_orig_.js","lineNumber":"3","columnNumber":"100"}}
{"entryKind":"call","function":{"valueKind":"abstract-object","value":{"objectKind":"builtin","canonicalName":"Math.floor"}},"base":{"valueKind":"abstract-object","value":{"objectKind":"builtin","canonicalName":"<the global object>"}},"arguments":[{"valueKind":"abstract-primitive","value":"NUM_UINT"}],"sourceLocation":{"fileName":"inline-0_orig_.js","lineNumber":"3","columnNumber":"93"}}
{"entryKind":"write-variable","name":{"valueKind":"concrete-string","value":"w"},"value":{"valueKind":"abstract-primitive","value":"NUM_UINT"},"sourceLocation":{"fileName":"inline-0_orig_.js","lineNumber":"3","columnNumber":"93"}}
{"entryKind":"read-variable","name":{"valueKind":"concrete-string","value":"mf"},"value":{"valueKind":"abstract-object","value":{"objectKind":"builtin","canonicalName":"Math.floor"}},"sourceLocation":{"fileName":"inline-0_orig_.js","lineNumber":"3","columnNumber":"107"}}
{"entryKind":"read-variable","name":{"valueKind":"concrete-string","value":"H"},"value":{"valueKind":"abstract-primitive","value":"NUM_UINT"},"sourceLocation":{"fileName":"inline-0_orig_.js","lineNumber":"3","columnNumber":"110"}}
{"entryKind":"read-variable","name":{"valueKind":"concrete-string","value":"s"},"value":{"valueKind":"abstract-primitive","value":"NUM_OTHER"},"sourceLocation":{"fileName":"inline-0_orig_.js","lineNumber":"3","columnNumber":"114"}}
{"entryKind":"call","function":{"valueKind":"abstract-object","value":{"objectKind":"builtin","canonicalName":"Math.floor"}},"base":{"valueKind":"abstract-object","value":{"objectKind":"builtin","canonicalName":"<the global object>"}},"arguments":[{"valueKind":"abstract-primitive","value":"NUM_UINT"}],"sourceLocation":{"fileName":"inline-0_orig_.js","lineNumber":"3","columnNumber":"107"}}
{"entryKind":"write-variable","name":{"valueKind":"concrete-string","value":"h"},"value":{"valueKind":"abstract-primitive","value":"NUM_UINT"},"sourceLocation":{"fileName":"inline-0_orig_.js","lineNumber":"3","columnNumber":"107"}}
{"entryKind":"read-variable","name":{"valueKind":"concrete-string","value":"Array"},"value":{"valueKind":"abstract-object","value":{"objectKind":"builtin","canonicalName":"Array"}},"sourceLocation":{"fileName":"inline-0_orig_.js","lineNumber":"3","columnNumber":"127"}}
{"entryKind":"read-variable","name":{"valueKind":"concrete-string","value":"w"},"value":{"valueKind":"abstract-primitive","value":"NUM_UINT"},"sourceLocation":{"fileName":"inline-0_orig_.js","lineNumber":"3","columnNumber":"133"}}
{"entryKind":"read-variable","name":{"valueKind":"concrete-string","value":"h"},"value":{"valueKind":"abstract-primitive","value":"NUM_UINT"},"sourceLocation":{"fileName":"inline-0_orig_.js","lineNumber":"3","columnNumber":"137"}}
{"entryKind":"call","function":{"valueKind":"abstract-object","value":{"objectKind":"builtin","canonicalName":"Array"}},"base":{"valueKind":"abstract-object","value":{"objectKind":"builtin","canonicalName":"<the global object>"}},"arguments":[{"valueKind":"abstract-primitive","value":"NUM_UINT"}],"sourceLocation":{"fileName":"inline-0_orig_.js","lineNumber":"3","columnNumber":"123"}}
{"entryKind":"write-variable","name":{"valueKind":"concrete-string","value":"pdf"},"value":{"valueKind":"abstract-object","value":{"objectKind":"allocation-site","allocationSite":{"fileName":"inline-0_orig_.js","lineNumber":"3","columnNumber":"123"}}},"sourceLocation":{"fileName":"inline-0_orig_.js","lineNumber":"3","columnNumber":"123"}}
{"entryKind":"write-variable","name":{"valueKind":"concrete-string","value":"rate"},"value":{"valueKind":"abstract-primitive","value":"NUM_UINT"},"sourceLocation":{"fileName":"inline-0_orig_.js","lineNumber":"3","columnNumber":"157"}}
{"entryKind":"read-variable","name":{"valueKind":"concrete-string","value":"l"},"value":{"valueKind":"abstract-object","value":{"objectKind":"allocation-site","allocationSite":{"fileName":"event-handler-0_orig_.js","lineNumber":-1,"columnNumber":-1}}},"sourceLocation":{"fileName":"event-handler-0_orig_.js","lineNumber":"1","columnNumber":"1"}}
{"entryKind":"call","function":{"valueKind":"abstract-object","value":{"objectKind":"allocation-site","allocationSite":{"fileName":"event-handler-0_orig_.js","lineNumber":-1,"columnNumber":-1}}},"base":{"valueKind":"abstract-object","value":{"objectKind":"builtin","canonicalName":"<the global object>"}},"arguments":[],"sourceLocation":{"fileName":"event-handler-0_orig_.js","lineNumber":"1","columnNumber":"1"}}
{"entryKind":"function-entry","base":{"valueKind":"abstract-object","value":{"objectKind":"builtin","canonicalName":"<the global object>"}},"arguments":[],"sourceLocation":{"fileName":"inline-0_orig_.js","lineNumber":"4","columnNumber":"9"}}
{"entryKind":"read-variable","name":{"valueKind":"concrete-string","value":"Image"},"value":{"valueKind":"abstract-object","value":{"objectKind":"other"}},"sourceLocation":{"fileName":"inline-0_orig_.js","lineNumber":"5","columnNumber":"27"}}
{"entryKind":"call","function":{"valueKind":"abstract-object","value":{"objectKind":"other"}},"base":{"valueKind":"abstract-object","value":{"objectKind":"builtin","canonicalName":"<the global object>"}},"arguments":[],"sourceLocation":{"fileName":"inline-0_orig_.js","lineNumber":"5","columnNumber":"23"}}
{"entryKind":"write-variable","name":{"valueKind":"concrete-string","value":"img"},"value":{"valueKind":"abstract-object","value":{"objectKind":"allocation-site","allocationSite":{"fileName":"inline-0_orig_.js","lineNumber":"5","columnNumber":"23"}}},"sourceLocation":{"fileName":"inline-0_orig_.js","lineNumber":"5","columnNumber":"23"}}
{"entryKind":"read-variable","name":{"valueKind":"concrete-string","value":"document"},"value":{"valueKind":"abstract-object","value":{"objectKind":"other"}},"sourceLocation":{"fileName":"inline-0_orig_.js","lineNumber":"6","columnNumber":"23"}}
{"entryKind":"read-property","name":{"valueKind":"concrete-string","value":"getElementById"},"value":{"valueKind":"abstract-object","value":{"objectKind":"other"}},"sourceLocation":{"fileName":"inline-0_orig_.js","lineNumber":"6","columnNumber":"23"}}
{"entryKind":"call","function":{"valueKind":"abstract-object","value":{"objectKind":"other"}},"base":{"valueKind":"abstract-object","value":{"objectKind":"other"}},"arguments":[{"valueKind":"abstract-primitive","value":"STR_IDENTIFIER"}],"sourceLocation":{"fileName":"inline-0_orig_.js","lineNumber":"6","columnNumber":"23"}}
{"entryKind":"write-variable","name":{"valueKind":"concrete-string","value":"cvs"},"value":{"valueKind":"abstract-object","value":{"objectKind":"other"}},"sourceLocation":{"fileName":"inline-0_orig_.js","lineNumber":"6","columnNumber":"23"}}
{"entryKind":"read-variable","name":{"valueKind":"concrete-string","value":"cvs"},"value":{"valueKind":"abstract-object","value":{"objectKind":"other"}},"sourceLocation":{"fileName":"inline-0_orig_.js","lineNumber":"6","columnNumber":"61"}}
{"entryKind":"read-property","name":{"valueKind":"concrete-string","value":"getContext"},"value":{"valueKind":"abstract-object","value":{"objectKind":"other"}},"sourceLocation":{"fileName":"inline-0_orig_.js","lineNumber":"6","columnNumber":"61"}}
{"entryKind":"call","function":{"valueKind":"abstract-object","value":{"objectKind":"other"}},"base":{"valueKind":"abstract-object","value":{"objectKind":"other"}},"arguments":[{"valueKind":"abstract-primitive","value":"STR_IDENTIFIERPARTS"}],"sourceLocation":{"fileName":"inline-0_orig_.js","lineNumber":"6","columnNumber":"61"}}
{"entryKind":"write-variable","name":{"valueKind":"concrete-string","value":"ctx"},"value":{"valueKind":"abstract-object","value":{"objectKind":"other"}},"sourceLocation":{"fileName":"inline-0_orig_.js","lineNumber":"6","columnNumber":"61"}}
{"entryKind":"read-variable","name":{"valueKind":"concrete-string","value":"Image"},"value":{"valueKind":"abstract-object","value":{"objectKind":"other"}},"sourceLocation":{"fileName":"inline-0_orig_.js","lineNumber":"7","columnNumber":"31"}}
{"entryKind":"call","function":{"valueKind":"abstract-object","value":{"objectKind":"other"}},"base":{"valueKind":"abstract-object","value":{"objectKind":"builtin","canonicalName":"<the global object>"}},"arguments":[],"sourceLocation":{"fileName":"inline-0_orig_.js","lineNumber":"7","columnNumber":"27"}}
{"entryKind":"write-variable","name":{"valueKind":"concrete-string","value":"outline"},"value":{"valueKind":"abstract-object","value":{"objectKind":"allocation-site","allocationSite":{"fileName":"inline-0_orig_.js","lineNumber":"7","columnNumber":"27"}}},"sourceLocation":{"fileName":"inline-0_orig_.js","lineNumber":"7","columnNumber":"27"}}
{"entryKind":"read-variable","name":{"valueKind":"concrete-string","value":"outline"},"value":{"valueKind":"abstract-object","value":{"objectKind":"allocation-site","allocationSite":{"fileName":"inline-0_orig_.js","lineNumber":"7","columnNumber":"27"}}},"sourceLocation":{"fileName":"inline-0_orig_.js","lineNumber":"8","columnNumber":"13"}}
{"entryKind":"write-property","name":{"valueKind":"concrete-string","value":"src"},"value":{"valueKind":"abstract-primitive","value":"STR_OTHER"},"sourceLocation":{"fileName":"inline-0_orig_.js","lineNumber":"8","columnNumber":"13"}}
{"entryKind":"write-variable","name":{"valueKind":"concrete-string","value":"de"},"value":{"valueKind":"abstract-primitive","value":"false"},"sourceLocation":{"fileName":"inline-0_orig_.js","lineNumber":"9","columnNumber":"22"}}
{"entryKind":"read-variable","name":{"valueKind":"concrete-string","value":"img"},"value":{"valueKind":"abstract-object","value":{"objectKind":"allocation-site","allocationSite":{"fileName":"inline-0_orig_.js","lineNumber":"5","columnNumber":"23"}}},"sourceLocation":{"fileName":"inline-0_orig_.js","lineNumber":"10","columnNumber":"13"}}
{"entryKind":"write-property","name":{"valueKind":"concrete-string","value":"onload"},"value":{"valueKind":"abstract-object","value":{"objectKind":"allocation-site","allocationSite":{"fileName":"inline-0_orig_.js","lineNumber":"10","columnNumber":"26"}}},"sourceLocation":{"fileName":"inline-0_orig_.js","lineNumber":"10","columnNumber":"13"}}
{"entryKind":"read-variable","name":{"valueKind":"concrete-string","value":"img"},"value":{"valueKind":"abstract-object","value":{"objectKind":"allocation-site","allocationSite":{"fileName":"inline-0_orig_.js","lineNumber":"5","columnNumber":"23"}}},"sourceLocation":{"fileName":"inline-0_orig_.js","lineNumber":"29","columnNumber":"13"}}
{"entryKind":"write-property","name":{"valueKind":"concrete-string","value":"src"},"value":{"valueKind":"abstract-primitive","value":"STR_OTHER"},"sourceLocation":{"fileName":"inline-0_orig_.js","lineNumber":"29","columnNumber":"13"}}
{"entryKind":"read-variable","name":{"valueKind":"concrete-string","value":"document"},"value":{"valueKind":"abstract-object","value":{"objectKind":"other"}},"sourceLocation":{"fileName":"inline-0_orig_.js","lineNumber":"63","columnNumber":"13"}}
{"entryKind":"read-property","name":{"valueKind":"concrete-string","value":"getElementById"},"value":{"valueKind":"abstract-object","value":{"objectKind":"other"}},"sourceLocation":{"fileName":"inline-0_orig_.js","lineNumber":"63","columnNumber":"13"}}
{"entryKind":"call","function":{"valueKind":"abstract-object","value":{"objectKind":"other"}},"base":{"valueKind":"abstract-object","value":{"objectKind":"other"}},"arguments":[{"valueKind":"abstract-primitive","value":"STR_IDENTIFIER"}],"sourceLocation":{"fileName":"inline-0_orig_.js","lineNumber":"63","columnNumber":"13"}}
{"entryKind":"write-property","name":{"valueKind":"concrete-string","value":"onclick"},"value":{"valueKind":"abstract-object","value":{"objectKind":"allocation-site","allocationSite":{"fileName":"inline-0_orig_.js","lineNumber":"63","columnNumber":"55"}}},"sourceLocation":{"fileName":"inline-0_orig_.js","lineNumber":"63","columnNumber":"13"}}
{"entryKind":"function-exit","returnValue":{"valueKind":"abstract-primitive","value":"undefined"},"sourceLocation":{"fileName":"inline-0_orig_.js","lineNumber":"4","columnNumber":"9"}}
