{"entryKind":"read-variable","name":{"valueKind":"concrete-string","value":"createTerrain"},"value":{"valueKind":"abstract-object","value":{"objectKind":"allocation-site","allocationSite":{"fileName":"event-handler-0_orig_.js","lineNumber":-1,"columnNumber":-1}}},"sourceLocation":{"fileName":"event-handler-0_orig_.js","lineNumber":"1","columnNumber":"1"}}
{"entryKind":"call","function":{"valueKind":"abstract-object","value":{"objectKind":"allocation-site","allocationSite":{"fileName":"event-handler-0_orig_.js","lineNumber":-1,"columnNumber":-1}}},"base":{"valueKind":"abstract-object","value":{"objectKind":"builtin","canonicalName":"<the global object>"}},"arguments":[],"sourceLocation":{"fileName":"event-handler-0_orig_.js","lineNumber":"1","columnNumber":"1"}}
{"entryKind":"function-entry","base":{"valueKind":"abstract-object","value":{"objectKind":"builtin","canonicalName":"<the global object>"}},"arguments":[],"sourceLocation":{"fileName":"inline-0_orig_.js","lineNumber":"2","columnNumber":"9"}}
{"entryKind":"read-variable","name":{"valueKind":"concrete-string","value":"parseFloat"},"value":{"valueKind":"abstract-object","value":{"objectKind":"other"}},"sourceLocation":{"fileName":"inline-0_orig_.js","lineNumber":"4","columnNumber":"33"}}
{"entryKind":"read-variable","name":{"valueKind":"concrete-string","value":"document"},"value":{"valueKind":"abstract-object","value":{"objectKind":"other"}},"sourceLocation":{"fileName":"inline-0_orig_.js","lineNumber":"4","columnNumber":"44"}}
{"entryKind":"read-property","name":{"valueKind":"concrete-string","value":"getElementById"},"value":{"valueKind":"abstract-object","value":{"objectKind":"other"}},"sourceLocation":{"fileName":"inline-0_orig_.js","lineNumber":"4","columnNumber":"44"}}
{"entryKind":"call","function":{"valueKind":"abstract-object","value":{"objectKind":"other"}},"base":{"valueKind":"abstract-object","value":{"objectKind":"other"}},"arguments":[{"valueKind":"abstract-primitive","value":"STR_IDENTIFIER"}],"sourceLocation":{"fileName":"inline-0_orig_.js","lineNumber":"4","columnNumber":"44"}}
{"entryKind":"read-property","name":{"valueKind":"concrete-string","value":"value"},"value":{"valueKind":"abstract-primitive","value":"STR_OTHERNUM"},"sourceLocation":{"fileName":"inline-0_orig_.js","lineNumber":"4","columnNumber":"44"}}
{"entryKind":"call","function":{"valueKind":"abstract-object","value":{"objectKind":"other"}},"base":{"valueKind":"abstract-object","value":{"objectKind":"builtin","canonicalName":"<the global object>"}},"arguments":[{"valueKind":"abstract-primitive","value":"STR_OTHERNUM"}],"sourceLocation":{"fileName":"inline-0_orig_.js","lineNumber":"4","columnNumber":"33"}}
{"entryKind":"write-variable","name":{"valueKind":"concrete-string","value":"initialHeight"},"value":{"valueKind":"abstract-primitive","value":"NUM_OTHER"},"sourceLocation":{"fileName":"inline-0_orig_.js","lineNumber":"4","columnNumber":"33"}}
{"entryKind":"read-variable","name":{"valueKind":"concrete-string","value":"initialHeight"},"value":{"valueKind":"abstract-primitive","value":"NUM_OTHER"},"sourceLocation":{"fileName":"inline-0_orig_.js","lineNumber":"5","columnNumber":"26"}}
{"entryKind":"read-variable","name":{"valueKind":"concrete-string","value":"initialHeight"},"value":{"valueKind":"abstract-primitive","value":"NUM_OTHER"},"sourceLocation":{"fileName":"inline-0_orig_.js","lineNumber":"5","columnNumber":"41"}}
{"entryKind":"write-variable","name":{"valueKind":"concrete-string","value":"theCoords"},"value":{"valueKind":"abstract-object","value":{"objectKind":"allocation-site","allocationSite":{"fileName":"inline-0_orig_.js","lineNumber":"5","columnNumber":"25"}}},"sourceLocation":{"fileName":"inline-0_orig_.js","lineNumber":"5","columnNumber":"25"}}
{"entryKind":"read-variable","name":{"valueKind":"concrete-string","value":"parseFloat"},"value":{"valueKind":"abstract-object","value":{"objectKind":"other"}},"sourceLocation":{"fileName":"inline-0_orig_.js","lineNumber":"6","columnNumber":"25"}}
{"entryKind":"read-variable","name":{"valueKind":"concrete-string","value":"document"},"value":{"valueKind":"abstract-object","value":{"objectKind":"other"}},"sourceLocation":{"fileName":"inline-0_orig_.js","lineNumber":"6","columnNumber":"36"}}
{"entryKind":"read-property","name":{"valueKind":"concrete-string","value":"getElementById"},"value":{"valueKind":"abstract-object","value":{"objectKind":"other"}},"sourceLocation":{"fileName":"inline-0_orig_.js","lineNumber":"6","columnNumber":"36"}}
{"entryKind":"call","function":{"valueKind":"abstract-object","value":{"objectKind":"other"}},"base":{"valueKind":"abstract-object","value":{"objectKind":"other"}},"arguments":[{"valueKind":"abstract-primitive","value":"STR_IDENTIFIER"}],"sourceLocation":{"fileName":"inline-0_orig_.js","lineNumber":"6","columnNumber":"36"}}
{"entryKind":"read-property","name":{"valueKind":"concrete-string","value":"value"},"value":{"valueKind":"abstract-primitive","value":"STR_OTHERNUM"},"sourceLocation":{"fileName":"inline-0_orig_.js","lineNumber":"6","columnNumber":"36"}}
{"entryKind":"call","function":{"valueKind":"abstract-object","value":{"objectKind":"other"}},"base":{"valueKind":"abstract-object","value":{"objectKind":"builtin","canonicalName":"<the global object>"}},"arguments":[{"valueKind":"abstract-primitive","value":"STR_OTHERNUM"}],"sourceLocation":{"fileName":"inline-0_orig_.js","lineNumber":"6","columnNumber":"25"}}
{"entryKind":"write-variable","name":{"valueKind":"concrete-string","value":"extremity"},"value":{"valueKind":"abstract-primitive","value":"NUM_OTHER"},"sourceLocation":{"fileName":"inline-0_orig_.js","lineNumber":"6","columnNumber":"25"}}
{"entryKind":"read-variable","name":{"valueKind":"concrete-string","value":"parseInt"},"value":{"valueKind":"abstract-object","value":{"objectKind":"other"}},"sourceLocation":{"fileName":"inline-0_orig_.js","lineNumber":"7","columnNumber":"22"}}
{"entryKind":"read-variable","name":{"valueKind":"concrete-string","value":"document"},"value":{"valueKind":"abstract-object","value":{"objectKind":"other"}},"sourceLocation":{"fileName":"inline-0_orig_.js","lineNumber":"7","columnNumber":"31"}}
{"entryKind":"read-property","name":{"valueKind":"concrete-string","value":"getElementById"},"value":{"valueKind":"abstract-object","value":{"objectKind":"other"}},"sourceLocation":{"fileName":"inline-0_orig_.js","lineNumber":"7","columnNumber":"31"}}
{"entryKind":"call","function":{"valueKind":"abstract-object","value":{"objectKind":"other"}},"base":{"valueKind":"abstract-object","value":{"objectKind":"other"}},"arguments":[{"valueKind":"abstract-primitive","value":"STR_IDENTIFIER"}],"sourceLocation":{"fileName":"inline-0_orig_.js","lineNumber":"7","columnNumber":"31"}}
{"entryKind":"read-property","name":{"valueKind":"concrete-string","value":"value"},"value":{"valueKind":"abstract-primitive","value":"STR_UINT"},"sourceLocation":{"fileName":"inline-0_orig_.js","lineNumber":"7","columnNumber":"31"}}
{"entryKind":"call","function":{"valueKind":"abstract-object","value":{"objectKind":"other"}},"base":{"valueKind":"abstract-object","value":{"objectKind":"builtin","canonicalName":"<the global object>"}},"arguments":[{"valueKind":"abstract-primitive","value":"STR_UINT"}],"sourceLocation":{"fileName":"inline-0_orig_.js","lineNumber":"7","columnNumber":"22"}}
{"entryKind":"write-variable","name":{"valueKind":"concrete-string","value":"detail"},"value":{"valueKind":"abstract-primitive","value":"NUM_UINT"},"sourceLocation":{"fileName":"inline-0_orig_.js","lineNumber":"7","columnNumber":"22"}}
{"entryKind":"read-variable","name":{"valueKind":"concrete-string","value":"parseInt"},"value":{"valueKind":"abstract-object","value":{"objectKind":"other"}},"sourceLocation":{"fileName":"inline-0_orig_.js","lineNumber":"8","columnNumber":"21"}}
{"entryKind":"read-variable","name":{"valueKind":"concrete-string","value":"document"},"value":{"valueKind":"abstract-object","value":{"objectKind":"other"}},"sourceLocation":{"fileName":"inline-0_orig_.js","lineNumber":"8","columnNumber":"30"}}
{"entryKind":"read-property","name":{"valueKind":"concrete-string","value":"getElementById"},"value":{"valueKind":"abstract-object","value":{"objectKind":"other"}},"sourceLocation":{"fileName":"inline-0_orig_.js","lineNumber":"8","columnNumber":"30"}}
{"entryKind":"call","function":{"valueKind":"abstract-object","value":{"objectKind":"other"}},"base":{"valueKind":"abstract-object","value":{"objectKind":"other"}},"arguments":[{"valueKind":"abstract-primitive","value":"STR_IDENTIFIER"}],"sourceLocation":{"fileName":"inline-0_orig_.js","lineNumber":"8","columnNumber":"30"}}
{"entryKind":"read-property","name":{"valueKind":"concrete-string","value":"value"},"value":{"valueKind":"abstract-primitive","value":"STR_UINT"},"sourceLocation":{"fileName":"inline-0_orig_.js","lineNumber":"8","columnNumber":"30"}}
{"entryKind":"call","function":{"valueKind":"abstract-object","value":{"objectKind":"other"}},"base":{"valueKind":"abstract-object","value":{"objectKind":"builtin","canonicalName":"<the global object>"}},"arguments":[{"valueKind":"abstract-primitive","value":"STR_UINT"}],"sourceLocation":{"fileName":"inline-0_orig_.js","lineNumber":"8","columnNumber":"21"}}
{"entryKind":"write-variable","name":{"valueKind":"concrete-string","value":"xsize"},"value":{"valueKind":"abstract-primitive","value":"NUM_UINT"},"sourceLocation":{"fileName":"inline-0_orig_.js","lineNumber":"8","columnNumber":"21"}}
{"entryKind":"read-variable","name":{"valueKind":"concrete-string","value":"parseInt"},"value":{"valueKind":"abstract-object","value":{"objectKind":"other"}},"sourceLocation":{"fileName":"inline-0_orig_.js","lineNumber":"9","columnNumber":"21"}}
{"entryKind":"read-variable","name":{"valueKind":"concrete-string","value":"document"},"value":{"valueKind":"abstract-object","value":{"objectKind":"other"}},"sourceLocation":{"fileName":"inline-0_orig_.js","lineNumber":"9","columnNumber":"30"}}
{"entryKind":"read-property","name":{"valueKind":"concrete-string","value":"getElementById"},"value":{"valueKind":"abstract-object","value":{"objectKind":"other"}},"sourceLocation":{"fileName":"inline-0_orig_.js","lineNumber":"9","columnNumber":"30"}}
{"entryKind":"call","function":{"valueKind":"abstract-object","value":{"objectKind":"other"}},"base":{"valueKind":"abstract-object","value":{"objectKind":"other"}},"arguments":[{"valueKind":"abstract-primitive","value":"STR_IDENTIFIER"}],"sourceLocation":{"fileName":"inline-0_orig_.js","lineNumber":"9","columnNumber":"30"}}
{"entryKind":"read-property","name":{"valueKind":"concrete-string","value":"value"},"value":{"valueKind":"abstract-primitive","value":"STR_UINT"},"sourceLocation":{"fileName":"inline-0_orig_.js","lineNumber":"9","columnNumber":"30"}}
{"entryKind":"call","function":{"valueKind":"abstract-object","value":{"objectKind":"other"}},"base":{"valueKind":"abstract-object","value":{"objectKind":"builtin","canonicalName":"<the global object>"}},"arguments":[{"valueKind":"abstract-primitive","value":"STR_UINT"}],"sourceLocation":{"fileName":"inline-0_orig_.js","lineNumber":"9","columnNumber":"21"}}
{"entryKind":"write-variable","name":{"valueKind":"concrete-string","value":"ysize"},"value":{"valueKind":"abstract-primitive","value":"NUM_UINT"},"sourceLocation":{"fileName":"inline-0_orig_.js","lineNumber":"9","columnNumber":"21"}}
{"entryKind":"read-variable","name":{"valueKind":"concrete-string","value":"document"},"value":{"valueKind":"abstract-object","value":{"objectKind":"other"}},"sourceLocation":{"fileName":"inline-0_orig_.js","lineNumber":"10","columnNumber":"28"}}
{"entryKind":"read-property","name":{"valueKind":"concrete-string","value":"getElementById"},"value":{"valueKind":"abstract-object","value":{"objectKind":"other"}},"sourceLocation":{"fileName":"inline-0_orig_.js","lineNumber":"10","columnNumber":"28"}}
{"entryKind":"call","function":{"valueKind":"abstract-object","value":{"objectKind":"other"}},"base":{"valueKind":"abstract-object","value":{"objectKind":"other"}},"arguments":[{"valueKind":"abstract-primitive","value":"STR_IDENTIFIER"}],"sourceLocation":{"fileName":"inline-0_orig_.js","lineNumber":"10","columnNumber":"28"}}
{"entryKind":"read-property","name":{"valueKind":"concrete-string","value":"selectedIndex"},"value":{"valueKind":"abstract-primitive","value":"1"},"sourceLocation":{"fileName":"inline-0_orig_.js","lineNumber":"10","columnNumber":"28"}}
{"entryKind":"write-variable","name":{"valueKind":"concrete-string","value":"mountain"},"value":{"valueKind":"abstract-primitive","value":"1"},"sourceLocation":{"fileName":"inline-0_orig_.js","lineNumber":"10","columnNumber":"28"}}
{"entryKind":"read-variable","name":{"valueKind":"concrete-string","value":"mountain"},"value":{"valueKind":"abstract-primitive","value":"1"},"sourceLocation":{"fileName":"inline-0_orig_.js","lineNumber":"11","columnNumber":"17"}}
{"entryKind":"write-variable","name":{"valueKind":"concrete-string","value":"displacement"},"value":{"valueKind":"abstract-primitive","value":"1"},"sourceLocation":{"fileName":"inline-0_orig_.js","lineNumber":"12","columnNumber":"32"}}
{"entryKind":"write-variable","name":{"valueKind":"concrete-string","value":"IntervalCounter"},"value":{"valueKind":"abstract-primitive","value":"0"},"sourceLocation":{"fileName":"inline-0_orig_.js","lineNumber":"17","columnNumber":"31"}}
{"entryKind":"read-variable","name":{"valueKind":"concrete-string","value":"document"},"value":{"valueKind":"abstract-object","value":{"objectKind":"other"}},"sourceLocation":{"fileName":"inline-0_orig_.js","lineNumber":"19","columnNumber":"22"}}
{"entryKind":"read-property","name":{"valueKind":"concrete-string","value":"getElementById"},"value":{"valueKind":"abstract-object","value":{"objectKind":"other"}},"sourceLocation":{"fileName":"inline-0_orig_.js","lineNumber":"19","columnNumber":"22"}}
{"entryKind":"call","function":{"valueKind":"abstract-object","value":{"objectKind":"other"}},"base":{"valueKind":"abstract-object","value":{"objectKind":"other"}},"arguments":[{"valueKind":"abstract-primitive","value":"STR_IDENTIFIER"}],"sourceLocation":{"fileName":"inline-0_orig_.js","lineNumber":"19","columnNumber":"22"}}
{"entryKind":"write-variable","name":{"valueKind":"concrete-string","value":"canvas"},"value":{"valueKind":"abstract-object","value":{"objectKind":"other"}},"sourceLocation":{"fileName":"inline-0_orig_.js","lineNumber":"19","columnNumber":"22"}}
{"entryKind":"read-variable","name":{"valueKind":"concrete-string","value":"canvas"},"value":{"valueKind":"abstract-object","value":{"objectKind":"other"}},"sourceLocation":{"fileName":"inline-0_orig_.js","lineNumber":"20","columnNumber":"13"}}
{"entryKind":"read-variable","name":{"valueKind":"concrete-string","value":"ysize"},"value":{"valueKind":"abstract-primitive","value":"NUM_UINT"},"sourceLocation":{"fileName":"inline-0_orig_.js","lineNumber":"20","columnNumber":"29"}}
{"entryKind":"write-property","name":{"valueKind":"concrete-string","value":"height"},"value":{"valueKind":"abstract-primitive","value":"NUM_UINT"},"sourceLocation":{"fileName":"inline-0_orig_.js","lineNumber":"20","columnNumber":"13"}}
{"entryKind":"read-variable","name":{"valueKind":"concrete-string","value":"canvas"},"value":{"valueKind":"abstract-object","value":{"objectKind":"other"}},"sourceLocation":{"fileName":"inline-0_orig_.js","lineNumber":"21","columnNumber":"13"}}
{"entryKind":"read-variable","name":{"valueKind":"concrete-string","value":"xsize"},"value":{"valueKind":"abstract-primitive","value":"NUM_UINT"},"sourceLocation":{"fileName":"inline-0_orig_.js","lineNumber":"21","columnNumber":"28"}}
{"entryKind":"write-property","name":{"valueKind":"concrete-string","value":"width"},"value":{"valueKind":"abstract-primitive","value":"NUM_UINT"},"sourceLocation":{"fileName":"inline-0_orig_.js","lineNumber":"21","columnNumber":"13"}}
{"entryKind":"read-variable","name":{"valueKind":"concrete-string","value":"canvas"},"value":{"valueKind":"abstract-object","value":{"objectKind":"other"}},"sourceLocation":{"fileName":"inline-0_orig_.js","lineNumber":"23","columnNumber":"19"}}
{"entryKind":"read-property","name":{"valueKind":"concrete-string","value":"getContext"},"value":{"valueKind":"abstract-object","value":{"objectKind":"other"}},"sourceLocation":{"fileName":"inline-0_orig_.js","lineNumber":"23","columnNumber":"19"}}
{"entryKind":"call","function":{"valueKind":"abstract-object","value":{"objectKind":"other"}},"base":{"valueKind":"abstract-object","value":{"objectKind":"other"}},"arguments":[{"valueKind":"abstract-primitive","value":"STR_IDENTIFIERPARTS"}],"sourceLocation":{"fileName":"inline-0_orig_.js","lineNumber":"23","columnNumber":"19"}}
{"entryKind":"write-variable","name":{"valueKind":"concrete-string","value":"ctx"},"value":{"valueKind":"abstract-object","value":{"objectKind":"other"}},"sourceLocation":{"fileName":"inline-0_orig_.js","lineNumber":"23","columnNumber":"19"}}
{"entryKind":"read-variable","name":{"valueKind":"concrete-string","value":"ctx"},"value":{"valueKind":"abstract-object","value":{"objectKind":"other"}},"sourceLocation":{"fileName":"inline-0_orig_.js","lineNumber":"24","columnNumber":"30"}}
{"entryKind":"read-property","name":{"valueKind":"concrete-string","value":"createLinearGradient"},"value":{"valueKind":"abstract-object","value":{"objectKind":"other"}},"sourceLocation":{"fileName":"inline-0_orig_.js","lineNumber":"24","columnNumber":"30"}}
{"entryKind":"read-variable","name":{"valueKind":"concrete-string","value":"xsize"},"value":{"valueKind":"abstract-primitive","value":"NUM_UINT"},"sourceLocation":{"fileName":"inline-0_orig_.js","lineNumber":"24","columnNumber":"55"}}
{"entryKind":"read-variable","name":{"valueKind":"concrete-string","value":"ysize"},"value":{"valueKind":"abstract-primitive","value":"NUM_UINT"},"sourceLocation":{"fileName":"inline-0_orig_.js","lineNumber":"24","columnNumber":"66"}}
{"entryKind":"read-variable","name":{"valueKind":"concrete-string","value":"xsize"},"value":{"valueKind":"abstract-primitive","value":"NUM_UINT"},"sourceLocation":{"fileName":"inline-0_orig_.js","lineNumber":"24","columnNumber":"77"}}
{"entryKind":"read-variable","name":{"valueKind":"concrete-string","value":"ysize"},"value":{"valueKind":"abstract-primitive","value":"NUM_UINT"},"sourceLocation":{"fileName":"inline-0_orig_.js","lineNumber":"24","columnNumber":"88"}}
{"entryKind":"call","function":{"valueKind":"abstract-object","value":{"objectKind":"other"}},"base":{"valueKind":"abstract-object","value":{"objectKind":"other"}},"arguments":[{"valueKind":"abstract-primitive","value":"NUM_UINT"},{"valueKind":"abstract-primitive","value":"NUM_UINT"},{"valueKind":"abstract-primitive","value":"NUM_UINT"},{"valueKind":"abstract-primitive","value":"NUM_UINT"}],"sourceLocation":{"fileName":"inline-0_orig_.js","lineNumber":"24","columnNumber":"30"}}
{"entryKind":"write-variable","name":{"valueKind":"concrete-string","value":"lineargradient"},"value":{"valueKind":"abstract-object","value":{"objectKind":"other"}},"sourceLocation":{"fileName":"inline-0_orig_.js","lineNumber":"24","columnNumber":"30"}}
{"entryKind":"read-variable","name":{"valueKind":"concrete-string","value":"Math"},"value":{"valueKind":"abstract-object","value":{"objectKind":"builtin","canonicalName":"Math"}},"sourceLocation":{"fileName":"inline-0_orig_.js","lineNumber":"25","columnNumber":"31"}}
{"entryKind":"read-property","name":{"valueKind":"concrete-string","value":"floor"},"value":{"valueKind":"abstract-object","value":{"objectKind":"builtin","canonicalName":"Math.floor"}},"sourceLocation":{"fileName":"inline-0_orig_.js","lineNumber":"25","columnNumber":"31"}}
{"entryKind":"read-variable","name":{"valueKind":"concrete-string","value":"Math"},"value":{"valueKind":"abstract-object","value":{"objectKind":"builtin","canonicalName":"Math"}},"sourceLocation":{"fileName":"inline-0_orig_.js","lineNumber":"25","columnNumber":"42"}}
{"entryKind":"read-property","name":{"valueKind":"concrete-string","value":"random"},"value":{"valueKind":"abstract-object","value":{"objectKind":"builtin","canonicalName":"Math.random"}},"sourceLocation":{"fileName":"inline-0_orig_.js","lineNumber":"25","columnNumber":"42"}}
{"entryKind":"call","function":{"valueKind":"abstract-object","value":{"objectKind":"builtin","canonicalName":"Math.random"}},"base":{"valueKind":"abstract-object","value":{"objectKind":"builtin","canonicalName":"Math"}},"arguments":[],"sourceLocation":{"fileName":"inline-0_orig_.js","lineNumber":"25","columnNumber":"42"}}
{"entryKind":"call","function":{"valueKind":"abstract-object","value":{"objectKind":"builtin","canonicalName":"Math.floor"}},"base":{"valueKind":"abstract-object","value":{"objectKind":"builtin","canonicalName":"Math"}},"arguments":[{"valueKind":"abstract-primitive","value":"NUM_OTHER"}],"sourceLocation":{"fileName":"inline-0_orig_.js","lineNumber":"25","columnNumber":"31"}}
{"entryKind":"read-variable","name":{"valueKind":"concrete-string","value":"Math"},"value":{"valueKind":"abstract-object","value":{"objectKind":"builtin","canonicalName":"Math"}},"sourceLocation":{"fileName":"inline-0_orig_.js","lineNumber":"25","columnNumber":"71"}}
{"entryKind":"read-property","name":{"valueKind":"concrete-string","value":"floor"},"value":{"valueKind":"abstract-object","value":{"objectKind":"builtin","canonicalName":"Math.floor"}},"sourceLocation":{"fileName":"inline-0_orig_.js","lineNumber":"25","columnNumber":"71"}}
{"entryKind":"read-variable","name":{"valueKind":"concrete-string","value":"Math"},"value":{"valueKind":"abstract-object","value":{"objectKind":"builtin","canonicalName":"Math"}},"sourceLocation":{"fileName":"inline-0_orig_.js","lineNumber":"25","columnNumber":"82"}}
{"entryKind":"read-property","name":{"valueKind":"concrete-string","value":"random"},"value":{"valueKind":"abstract-object","value":{"objectKind":"builtin","canonicalName":"Math.random"}},"sourceLocation":{"fileName":"inline-0_orig_.js","lineNumber":"25","columnNumber":"82"}}
{"entryKind":"call","function":{"valueKind":"abstract-object","value":{"objectKind":"builtin","canonicalName":"Math.random"}},"base":{"valueKind":"abstract-object","value":{"objectKind":"builtin","canonicalName":"Math"}},"arguments":[],"sourceLocation":{"fileName":"inline-0_orig_.js","lineNumber":"25","columnNumber":"82"}}
{"entryKind":"call","function":{"valueKind":"abstract-object","value":{"objectKind":"builtin","canonicalName":"Math.floor"}},"base":{"valueKind":"abstract-object","value":{"objectKind":"builtin","canonicalName":"Math"}},"arguments":[{"valueKind":"abstract-primitive","value":"NUM_OTHER"}],"sourceLocation":{"fileName":"inline-0_orig_.js","lineNumber":"25","columnNumber":"71"}}
{"entryKind":"read-variable","name":{"valueKind":"concrete-string","value":"Math"},"value":{"valueKind":"abstract-object","value":{"objectKind":"builtin","canonicalName":"Math"}},"sourceLocation":{"fileName":"inline-0_orig_.js","lineNumber":"25","columnNumber":"111"}}
{"entryKind":"read-property","name":{"valueKind":"concrete-string","value":"floor"},"value":{"valueKind":"abstract-object","value":{"objectKind":"builtin","canonicalName":"Math.floor"}},"sourceLocation":{"fileName":"inline-0_orig_.js","lineNumber":"25","columnNumber":"111"}}
{"entryKind":"read-variable","name":{"valueKind":"concrete-string","value":"Math"},"value":{"valueKind":"abstract-object","value":{"objectKind":"builtin","canonicalName":"Math"}},"sourceLocation":{"fileName":"inline-0_orig_.js","lineNumber":"25","columnNumber":"122"}}
{"entryKind":"read-property","name":{"valueKind":"concrete-string","value":"random"},"value":{"valueKind":"abstract-object","value":{"objectKind":"builtin","canonicalName":"Math.random"}},"sourceLocation":{"fileName":"inline-0_orig_.js","lineNumber":"25","columnNumber":"122"}}
{"entryKind":"call","function":{"valueKind":"abstract-object","value":{"objectKind":"builtin","canonicalName":"Math.random"}},"base":{"valueKind":"abstract-object","value":{"objectKind":"builtin","canonicalName":"Math"}},"arguments":[],"sourceLocation":{"fileName":"inline-0_orig_.js","lineNumber":"25","columnNumber":"122"}}
{"entryKind":"call","function":{"valueKind":"abstract-object","value":{"objectKind":"builtin","canonicalName":"Math.floor"}},"base":{"valueKind":"abstract-object","value":{"objectKind":"builtin","canonicalName":"Math"}},"arguments":[{"valueKind":"abstract-primitive","value":"NUM_OTHER"}],"sourceLocation":{"fileName":"inline-0_orig_.js","lineNumber":"25","columnNumber":"111"}}
{"entryKind":"write-variable","name":{"valueKind":"concrete-string","value":"color1"},"value":{"valueKind":"abstract-primitive","value":"STR_OTHER"},"sourceLocation":{"fileName":"inline-0_orig_.js","lineNumber":"25","columnNumber":"22"}}
{"entryKind":"read-variable","name":{"valueKind":"concrete-string","value":"Math"},"value":{"valueKind":"abstract-object","value":{"objectKind":"builtin","canonicalName":"Math"}},"sourceLocation":{"fileName":"inline-0_orig_.js","lineNumber":"26","columnNumber":"31"}}
{"entryKind":"read-property","name":{"valueKind":"concrete-string","value":"floor"},"value":{"valueKind":"abstract-object","value":{"objectKind":"builtin","canonicalName":"Math.floor"}},"sourceLocation":{"fileName":"inline-0_orig_.js","lineNumber":"26","columnNumber":"31"}}
{"entryKind":"read-variable","name":{"valueKind":"concrete-string","value":"Math"},"value":{"valueKind":"abstract-object","value":{"objectKind":"builtin","canonicalName":"Math"}},"sourceLocation":{"fileName":"inline-0_orig_.js","lineNumber":"26","columnNumber":"42"}}
{"entryKind":"read-property","name":{"valueKind":"concrete-string","value":"random"},"value":{"valueKind":"abstract-object","value":{"objectKind":"builtin","canonicalName":"Math.random"}},"sourceLocation":{"fileName":"inline-0_orig_.js","lineNumber":"26","columnNumber":"42"}}
{"entryKind":"call","function":{"valueKind":"abstract-object","value":{"objectKind":"builtin","canonicalName":"Math.random"}},"base":{"valueKind":"abstract-object","value":{"objectKind":"builtin","canonicalName":"Math"}},"arguments":[],"sourceLocation":{"fileName":"inline-0_orig_.js","lineNumber":"26","columnNumber":"42"}}
{"entryKind":"call","function":{"valueKind":"abstract-object","value":{"objectKind":"builtin","canonicalName":"Math.floor"}},"base":{"valueKind":"abstract-object","value":{"objectKind":"builtin","canonicalName":"Math"}},"arguments":[{"valueKind":"abstract-primitive","value":"NUM_OTHER"}],"sourceLocation":{"fileName":"inline-0_orig_.js","lineNumber":"26","columnNumber":"31"}}
{"entryKind":"read-variable","name":{"valueKind":"concrete-string","value":"Math"},"value":{"valueKind":"abstract-object","value":{"objectKind":"builtin","canonicalName":"Math"}},"sourceLocation":{"fileName":"inline-0_orig_.js","lineNumber":"26","columnNumber":"71"}}
{"entryKind":"read-property","name":{"valueKind":"concrete-string","value":"floor"},"value":{"valueKind":"abstract-object","value":{"objectKind":"builtin","canonicalName":"Math.floor"}},"sourceLocation":{"fileName":"inline-0_orig_.js","lineNumber":"26","columnNumber":"71"}}
{"entryKind":"read-variable","name":{"valueKind":"concrete-string","value":"Math"},"value":{"valueKind":"abstract-object","value":{"objectKind":"builtin","canonicalName":"Math"}},"sourceLocation":{"fileName":"inline-0_orig_.js","lineNumber":"26","columnNumber":"82"}}
{"entryKind":"read-property","name":{"valueKind":"concrete-string","value":"random"},"value":{"valueKind":"abstract-object","value":{"objectKind":"builtin","canonicalName":"Math.random"}},"sourceLocation":{"fileName":"inline-0_orig_.js","lineNumber":"26","columnNumber":"82"}}
{"entryKind":"call","function":{"valueKind":"abstract-object","value":{"objectKind":"builtin","canonicalName":"Math.random"}},"base":{"valueKind":"abstract-object","value":{"objectKind":"builtin","canonicalName":"Math"}},"arguments":[],"sourceLocation":{"fileName":"inline-0_orig_.js","lineNumber":"26","columnNumber":"82"}}
{"entryKind":"call","function":{"valueKind":"abstract-object","value":{"objectKind":"builtin","canonicalName":"Math.floor"}},"base":{"valueKind":"abstract-object","value":{"objectKind":"builtin","canonicalName":"Math"}},"arguments":[{"valueKind":"abstract-primitive","value":"NUM_OTHER"}],"sourceLocation":{"fileName":"inline-0_orig_.js","lineNumber":"26","columnNumber":"71"}}
{"entryKind":"read-variable","name":{"valueKind":"concrete-string","value":"Math"},"value":{"valueKind":"abstract-object","value":{"objectKind":"builtin","canonicalName":"Math"}},"sourceLocation":{"fileName":"inline-0_orig_.js","lineNumber":"26","columnNumber":"111"}}
{"entryKind":"read-property","name":{"valueKind":"concrete-string","value":"floor"},"value":{"valueKind":"abstract-object","value":{"objectKind":"builtin","canonicalName":"Math.floor"}},"sourceLocation":{"fileName":"inline-0_orig_.js","lineNumber":"26","columnNumber":"111"}}
{"entryKind":"read-variable","name":{"valueKind":"concrete-string","value":"Math"},"value":{"valueKind":"abstract-object","value":{"objectKind":"builtin","canonicalName":"Math"}},"sourceLocation":{"fileName":"inline-0_orig_.js","lineNumber":"26","columnNumber":"122"}}
{"entryKind":"read-property","name":{"valueKind":"concrete-string","value":"random"},"value":{"valueKind":"abstract-object","value":{"objectKind":"builtin","canonicalName":"Math.random"}},"sourceLocation":{"fileName":"inline-0_orig_.js","lineNumber":"26","columnNumber":"122"}}
{"entryKind":"call","function":{"valueKind":"abstract-object","value":{"objectKind":"builtin","canonicalName":"Math.random"}},"base":{"valueKind":"abstract-object","value":{"objectKind":"builtin","canonicalName":"Math"}},"arguments":[],"sourceLocation":{"fileName":"inline-0_orig_.js","lineNumber":"26","columnNumber":"122"}}
{"entryKind":"call","function":{"valueKind":"abstract-object","value":{"objectKind":"builtin","canonicalName":"Math.floor"}},"base":{"valueKind":"abstract-object","value":{"objectKind":"builtin","canonicalName":"Math"}},"arguments":[{"valueKind":"abstract-primitive","value":"NUM_OTHER"}],"sourceLocation":{"fileName":"inline-0_orig_.js","lineNumber":"26","columnNumber":"111"}}
{"entryKind":"write-variable","name":{"valueKind":"concrete-string","value":"color2"},"value":{"valueKind":"abstract-primitive","value":"STR_OTHER"},"sourceLocation":{"fileName":"inline-0_orig_.js","lineNumber":"26","columnNumber":"22"}}
{"entryKind":"read-variable","name":{"valueKind":"concrete-string","value":"lineargradient"},"value":{"valueKind":"abstract-object","value":{"objectKind":"other"}},"sourceLocation":{"fileName":"inline-0_orig_.js","lineNumber":"27","columnNumber":"13"}}
{"entryKind":"read-property","name":{"valueKind":"concrete-string","value":"addColorStop"},"value":{"valueKind":"abstract-object","value":{"objectKind":"other"}},"sourceLocation":{"fileName":"inline-0_orig_.js","lineNumber":"27","columnNumber":"13"}}
{"entryKind":"read-variable","name":{"valueKind":"concrete-string","value":"color1"},"value":{"valueKind":"abstract-primitive","value":"STR_OTHER"},"sourceLocation":{"fileName":"inline-0_orig_.js","lineNumber":"27","columnNumber":"44"}}
{"entryKind":"call","function":{"valueKind":"abstract-object","value":{"objectKind":"other"}},"base":{"valueKind":"abstract-object","value":{"objectKind":"other"}},"arguments":[{"valueKind":"abstract-primitive","value":"0"},{"valueKind":"abstract-primitive","value":"STR_OTHER"}],"sourceLocation":{"fileName":"inline-0_orig_.js","lineNumber":"27","columnNumber":"13"}}
{"entryKind":"read-variable","name":{"valueKind":"concrete-string","value":"lineargradient"},"value":{"valueKind":"abstract-object","value":{"objectKind":"other"}},"sourceLocation":{"fileName":"inline-0_orig_.js","lineNumber":"28","columnNumber":"13"}}
{"entryKind":"read-property","name":{"valueKind":"concrete-string","value":"addColorStop"},"value":{"valueKind":"abstract-object","value":{"objectKind":"other"}},"sourceLocation":{"fileName":"inline-0_orig_.js","lineNumber":"28","columnNumber":"13"}}
{"entryKind":"read-variable","name":{"valueKind":"concrete-string","value":"color2"},"value":{"valueKind":"abstract-primitive","value":"STR_OTHER"},"sourceLocation":{"fileName":"inline-0_orig_.js","lineNumber":"28","columnNumber":"44"}}
{"entryKind":"call","function":{"valueKind":"abstract-object","value":{"objectKind":"other"}},"base":{"valueKind":"abstract-object","value":{"objectKind":"other"}},"arguments":[{"valueKind":"abstract-primitive","value":"1"},{"valueKind":"abstract-primitive","value":"STR_OTHER"}],"sourceLocation":{"fileName":"inline-0_orig_.js","lineNumber":"28","columnNumber":"13"}}
{"entryKind":"read-variable","name":{"valueKind":"concrete-string","value":"setInterval"},"value":{"valueKind":"abstract-object","value":{"objectKind":"other"}},"sourceLocation":{"fileName":"inline-0_orig_.js","lineNumber":"30","columnNumber":"28"}}
{"entryKind":"call","function":{"valueKind":"abstract-object","value":{"objectKind":"other"}},"base":{"valueKind":"abstract-object","value":{"objectKind":"builtin","canonicalName":"<the global object>"}},"arguments":[{"valueKind":"abstract-primitive","value":"STR_OTHER"},{"valueKind":"abstract-primitive","value":"NUM_UINT"}],"sourceLocation":{"fileName":"inline-0_orig_.js","lineNumber":"30","columnNumber":"28"}}
{"entryKind":"dynamic-code","code":"animatedDraw()","sourceLocation":{"fileName":"inline-0_orig_.js","lineNumber":"30","columnNumber":"28"}}
{"entryKind":"write-variable","name":{"valueKind":"concrete-string","value":"animInterval"},"value":{"valueKind":"abstract-primitive","value":"1"},"sourceLocation":{"fileName":"inline-0_orig_.js","lineNumber":"30","columnNumber":"28"}}
{"entryKind":"function-exit","returnValue":{"valueKind":"abstract-primitive","value":"undefined"},"sourceLocation":{"fileName":"inline-0_orig_.js","lineNumber":"2","columnNumber":"9"}}
{"entryKind":"read-variable","name":{"valueKind":"concrete-string","value":"animatedDraw"},"value":{"valueKind":"abstract-object","value":{"objectKind":"allocation-site","allocationSite":{"fileName":"eval(inline-0_orig_.js","lineNumber":"30","columnNumber":"28"}}},"sourceLocation":{"fileName":"eval(inline-0_orig_.js","lineNumber":"30","columnNumber":"28"}}
{"entryKind":"call","function":{"valueKind":"abstract-object","value":{"objectKind":"allocation-site","allocationSite":{"fileName":"eval(inline-0_orig_.js","lineNumber":"30","columnNumber":"28"}}},"base":{"valueKind":"abstract-object","value":{"objectKind":"builtin","canonicalName":"<the global object>"}},"arguments":[],"sourceLocation":{"fileName":"eval(inline-0_orig_.js","lineNumber":"30","columnNumber":"28"}}
{"entryKind":"function-entry","base":{"valueKind":"abstract-object","value":{"objectKind":"builtin","canonicalName":"<the global object>"}},"arguments":[],"sourceLocation":{"fileName":"inline-0_orig_.js","lineNumber":"33","columnNumber":"9"}}
{"entryKind":"read-variable","name":{"valueKind":"concrete-string","value":"IntervalCounter"},"value":{"valueKind":"abstract-primitive","value":"0"},"sourceLocation":{"fileName":"inline-0_orig_.js","lineNumber":"34","columnNumber":"17"}}
{"entryKind":"read-variable","name":{"valueKind":"concrete-string","value":"detail"},"value":{"valueKind":"abstract-primitive","value":"NUM_UINT"},"sourceLocation":{"fileName":"inline-0_orig_.js","lineNumber":"34","columnNumber":"35"}}
{"entryKind":"read-variable","name":{"valueKind":"concrete-string","value":"fractalize"},"value":{"valueKind":"abstract-object","value":{"objectKind":"allocation-site","allocationSite":{"fileName":"inline-0_orig_.js","lineNumber":"44","columnNumber":"9"}}},"sourceLocation":{"fileName":"inline-0_orig_.js","lineNumber":"35","columnNumber":"29"}}
{"entryKind":"read-variable","name":{"valueKind":"concrete-string","value":"theCoords"},"value":{"valueKind":"abstract-object","value":{"objectKind":"allocation-site","allocationSite":{"fileName":"inline-0_orig_.js","lineNumber":"5","columnNumber":"25"}}},"sourceLocation":{"fileName":"inline-0_orig_.js","lineNumber":"35","columnNumber":"40"}}
{"entryKind":"read-variable","name":{"valueKind":"concrete-string","value":"displacement"},"value":{"valueKind":"abstract-primitive","value":"1"},"sourceLocation":{"fileName":"inline-0_orig_.js","lineNumber":"35","columnNumber":"51"}}
{"entryKind":"read-variable","name":{"valueKind":"concrete-string","value":"extremity"},"value":{"valueKind":"abstract-primitive","value":"NUM_OTHER"},"sourceLocation":{"fileName":"inline-0_orig_.js","lineNumber":"35","columnNumber":"67"}}
{"entryKind":"write-variable","name":{"valueKind":"concrete-string","value":"displacement"},"value":{"valueKind":"abstract-primitive","value":"NUM_OTHER"},"sourceLocation":{"fileName":"inline-0_orig_.js","lineNumber":"35","columnNumber":"67"}}
{"entryKind":"call","function":{"valueKind":"abstract-object","value":{"objectKind":"allocation-site","allocationSite":{"fileName":"inline-0_orig_.js","lineNumber":"44","columnNumber":"9"}}},"base":{"valueKind":"abstract-object","value":{"objectKind":"builtin","canonicalName":"<the global object>"}},"arguments":[{"valueKind":"abstract-object","value":{"objectKind":"allocation-site","allocationSite":{"fileName":"inline-0_orig_.js","lineNumber":"5","columnNumber":"25"}}},{"valueKind":"abstract-primitive","value":"NUM_OTHER"}],"sourceLocation":{"fileName":"inline-0_orig_.js","lineNumber":"35","columnNumber":"29"}}
{"entryKind":"function-entry","base":{"valueKind":"abstract-object","value":{"objectKind":"builtin","canonicalName":"<the global object>"}},"arguments":[{"valueKind":"abstract-object","value":{"objectKind":"allocation-site","allocationSite":{"fileName":"inline-0_orig_.js","lineNumber":"5","columnNumber":"25"}}},{"valueKind":"abstract-primitive","value":"NUM_OTHER"}],"sourceLocation":{"fileName":"inline-0_orig_.js","lineNumber":"44","columnNumber":"9"}}
{"entryKind":"read-variable","name":{"valueKind":"concrete-string","value":"theCoords"},"value":{"valueKind":"abstract-object","value":{"objectKind":"allocation-site","allocationSite":{"fileName":"inline-0_orig_.js","lineNumber":"5","columnNumber":"25"}}},"sourceLocation":{"fileName":"inline-0_orig_.js","lineNumber":"46","columnNumber":"17"}}
{"entryKind":"read-property","name":{"valueKind":"concrete-string","value":"Count"},"value":{"valueKind":"abstract-primitive","value":"undefined"},"sourceLocation":{"fileName":"inline-0_orig_.js","lineNumber":"46","columnNumber":"17"}}
{"entryKind":"read-variable","name":{"valueKind":"concrete-string","value":"Array"},"value":{"valueKind":"abstract-object","value":{"objectKind":"builtin","canonicalName":"Array"}},"sourceLocation":{"fileName":"inline-0_orig_.js","lineNumber":"49","columnNumber":"33"}}
{"entryKind":"call","function":{"valueKind":"abstract-object","value":{"objectKind":"builtin","canonicalName":"Array"}},"base":{"valueKind":"abstract-object","value":{"objectKind":"builtin","canonicalName":"<the global object>"}},"arguments":[],"sourceLocation":{"fileName":"inline-0_orig_.js","lineNumber":"49","columnNumber":"29"}}
{"entryKind":"write-variable","name":{"valueKind":"concrete-string","value":"newCoords"},"value":{"valueKind":"abstract-object","value":{"objectKind":"allocation-site","allocationSite":{"fileName":"inline-0_orig_.js","lineNumber":"49","columnNumber":"29"}}},"sourceLocation":{"fileName":"inline-0_orig_.js","lineNumber":"49","columnNumber":"29"}}
{"entryKind":"read-variable","name":{"valueKind":"concrete-string","value":"theCoords"},"value":{"valueKind":"abstract-object","value":{"objectKind":"allocation-site","allocationSite":{"fileName":"inline-0_orig_.js","lineNumber":"5","columnNumber":"25"}}},"sourceLocation":{"fileName":"inline-0_orig_.js","lineNumber":"50","columnNumber":"29"}}
{"entryKind":"read-property","name":{"valueKind":"concrete-string","value":"length"},"value":{"valueKind":"abstract-primitive","value":"NUM_UINT"},"sourceLocation":{"fileName":"inline-0_orig_.js","lineNumber":"50","columnNumber":"29"}}
{"entryKind":"write-variable","name":{"valueKind":"concrete-string","value":"theLength"},"value":{"valueKind":"abstract-primitive","value":"1"},"sourceLocation":{"fileName":"inline-0_orig_.js","lineNumber":"50","columnNumber":"29"}}
{"entryKind":"write-variable","name":{"valueKind":"concrete-string","value":"i"},"value":{"valueKind":"abstract-primitive","value":"0"},"sourceLocation":{"fileName":"inline-0_orig_.js","lineNumber":"52","columnNumber":"22"}}
{"entryKind":"read-variable","name":{"valueKind":"concrete-string","value":"i"},"value":{"valueKind":"abstract-primitive","value":"0"},"sourceLocation":{"fileName":"inline-0_orig_.js","lineNumber":"52","columnNumber":"25"}}
{"entryKind":"read-variable","name":{"valueKind":"concrete-string","value":"theLength"},"value":{"valueKind":"abstract-primitive","value":"1"},"sourceLocation":{"fileName":"inline-0_orig_.js","lineNumber":"52","columnNumber":"29"}}
{"entryKind":"read-variable","name":{"valueKind":"concrete-string","value":"Math"},"value":{"valueKind":"abstract-object","value":{"objectKind":"builtin","canonicalName":"Math"}},"sourceLocation":{"fileName":"inline-0_orig_.js","lineNumber":"54","columnNumber":"32"}}
{"entryKind":"read-property","name":{"valueKind":"concrete-string","value":"random"},"value":{"valueKind":"abstract-object","value":{"objectKind":"builtin","canonicalName":"Math.random"}},"sourceLocation":{"fileName":"inline-0_orig_.js","lineNumber":"54","columnNumber":"32"}}
{"entryKind":"call","function":{"valueKind":"abstract-object","value":{"objectKind":"builtin","canonicalName":"Math.random"}},"base":{"valueKind":"abstract-object","value":{"objectKind":"builtin","canonicalName":"Math"}},"arguments":[],"sourceLocation":{"fileName":"inline-0_orig_.js","lineNumber":"54","columnNumber":"32"}}
{"entryKind":"write-variable","name":{"valueKind":"concrete-string","value":"mrRandom"},"value":{"valueKind":"abstract-primitive","value":"NUM_OTHER"},"sourceLocation":{"fileName":"inline-0_orig_.js","lineNumber":"54","columnNumber":"32"}}
{"entryKind":"read-variable","name":{"valueKind":"concrete-string","value":"theCoords"},"value":{"valueKind":"abstract-object","value":{"objectKind":"allocation-site","allocationSite":{"fileName":"inline-0_orig_.js","lineNumber":"5","columnNumber":"25"}}},"sourceLocation":{"fileName":"inline-0_orig_.js","lineNumber":"55","columnNumber":"39"}}
{"entryKind":"read-variable","name":{"valueKind":"concrete-string","value":"i"},"value":{"valueKind":"abstract-primitive","value":"0"},"sourceLocation":{"fileName":"inline-0_orig_.js","lineNumber":"55","columnNumber":"49"}}
{"entryKind":"read-property","name":{"valueKind":"abstract-primitive","value":"1"},"value":{"valueKind":"abstract-primitive","value":"NUM_OTHER"},"sourceLocation":{"fileName":"inline-0_orig_.js","lineNumber":"55","columnNumber":"39"}}
{"entryKind":"read-variable","name":{"valueKind":"concrete-string","value":"theCoords"},"value":{"valueKind":"abstract-object","value":{"objectKind":"allocation-site","allocationSite":{"fileName":"inline-0_orig_.js","lineNumber":"5","columnNumber":"25"}}},"sourceLocation":{"fileName":"inline-0_orig_.js","lineNumber":"55","columnNumber":"58"}}
{"entryKind":"read-variable","name":{"valueKind":"concrete-string","value":"i"},"value":{"valueKind":"abstract-primitive","value":"0"},"sourceLocation":{"fileName":"inline-0_orig_.js","lineNumber":"55","columnNumber":"68"}}
{"entryKind":"read-property","name":{"valueKind":"abstract-primitive","value":"0"},"value":{"valueKind":"abstract-primitive","value":"NUM_OTHER"},"sourceLocation":{"fileName":"inline-0_orig_.js","lineNumber":"55","columnNumber":"58"}}
{"entryKind":"write-variable","name":{"valueKind":"concrete-string","value":"displacedCoord"},"value":{"valueKind":"abstract-primitive","value":"0"},"sourceLocation":{"fileName":"inline-0_orig_.js","lineNumber":"55","columnNumber":"38"}}
{"entryKind":"read-variable","name":{"valueKind":"concrete-string","value":"mrRandom"},"value":{"valueKind":"abstract-primitive","value":"NUM_OTHER"},"sourceLocation":{"fileName":"inline-0_orig_.js","lineNumber":"56","columnNumber":"39"}}
{"entryKind":"read-variable","name":{"valueKind":"concrete-string","value":"displacement"},"value":{"valueKind":"abstract-primitive","value":"NUM_OTHER"},"sourceLocation":{"fileName":"inline-0_orig_.js","lineNumber":"56","columnNumber":"50"}}
{"entryKind":"write-variable","name":{"valueKind":"concrete-string","value":"newDisplacement"},"value":{"valueKind":"abstract-primitive","value":"NUM_OTHER"},"sourceLocation":{"fileName":"inline-0_orig_.js","lineNumber":"56","columnNumber":"39"}}
{"entryKind":"read-variable","name":{"valueKind":"concrete-string","value":"theCoords"},"value":{"valueKind":"abstract-object","value":{"objectKind":"allocation-site","allocationSite":{"fileName":"inline-0_orig_.js","lineNumber":"5","columnNumber":"25"}}},"sourceLocation":{"fileName":"inline-0_orig_.js","lineNumber":"57","columnNumber":"33"}}
{"entryKind":"read-variable","name":{"valueKind":"concrete-string","value":"i"},"value":{"valueKind":"abstract-primitive","value":"0"},"sourceLocation":{"fileName":"inline-0_orig_.js","lineNumber":"57","columnNumber":"43"}}
{"entryKind":"read-property","name":{"valueKind":"abstract-primitive","value":"0"},"value":{"valueKind":"abstract-primitive","value":"NUM_OTHER"},"sourceLocation":{"fileName":"inline-0_orig_.js","lineNumber":"57","columnNumber":"33"}}
{"entryKind":"read-variable","name":{"valueKind":"concrete-string","value":"displacedCoord"},"value":{"valueKind":"abstract-primitive","value":"0"},"sourceLocation":{"fileName":"inline-0_orig_.js","lineNumber":"57","columnNumber":"48"}}
{"entryKind":"read-variable","name":{"valueKind":"concrete-string","value":"newDisplacement"},"value":{"valueKind":"abstract-primitive","value":"NUM_OTHER"},"sourceLocation":{"fileName":"inline-0_orig_.js","lineNumber":"57","columnNumber":"65"}}
{"entryKind":"write-variable","name":{"valueKind":"concrete-string","value":"nextCoord"},"value":{"valueKind":"abstract-primitive","value":"NUM_OTHER"},"sourceLocation":{"fileName":"inline-0_orig_.js","lineNumber":"57","columnNumber":"33"}}
{"entryKind":"read-variable","name":{"valueKind":"concrete-string","value":"newCoords"},"value":{"valueKind":"abstract-object","value":{"objectKind":"allocation-site","allocationSite":{"fileName":"inline-0_orig_.js","lineNumber":"49","columnNumber":"29"}}},"sourceLocation":{"fileName":"inline-0_orig_.js","lineNumber":"59","columnNumber":"17"}}
{"entryKind":"read-property","name":{"valueKind":"concrete-string","value":"push"},"value":{"valueKind":"abstract-object","value":{"objectKind":"builtin","canonicalName":"Array.prototype.push"}},"sourceLocation":{"fileName":"inline-0_orig_.js","lineNumber":"59","columnNumber":"17"}}
{"entryKind":"read-variable","name":{"valueKind":"concrete-string","value":"theCoords"},"value":{"valueKind":"abstract-object","value":{"objectKind":"allocation-site","allocationSite":{"fileName":"inline-0_orig_.js","lineNumber":"5","columnNumber":"25"}}},"sourceLocation":{"fileName":"inline-0_orig_.js","lineNumber":"59","columnNumber":"32"}}
{"entryKind":"read-variable","name":{"valueKind":"concrete-string","value":"i"},"value":{"valueKind":"abstract-primitive","value":"0"},"sourceLocation":{"fileName":"inline-0_orig_.js","lineNumber":"59","columnNumber":"42"}}
{"entryKind":"read-property","name":{"valueKind":"abstract-primitive","value":"0"},"value":{"valueKind":"abstract-primitive","value":"NUM_OTHER"},"sourceLocation":{"fileName":"inline-0_orig_.js","lineNumber":"59","columnNumber":"32"}}
{"entryKind":"call","function":{"valueKind":"abstract-object","value":{"objectKind":"builtin","canonicalName":"Array.prototype.push"}},"base":{"valueKind":"abstract-object","value":{"objectKind":"allocation-site","allocationSite":{"fileName":"inline-0_orig_.js","lineNumber":"49","columnNumber":"29"}}},"arguments":[{"valueKind":"abstract-primitive","value":"NUM_OTHER"}],"sourceLocation":{"fileName":"inline-0_orig_.js","lineNumber":"59","columnNumber":"17"}}
{"entryKind":"read-variable","name":{"valueKind":"concrete-string","value":"newCoords"},"value":{"valueKind":"abstract-object","value":{"objectKind":"allocation-site","allocationSite":{"fileName":"inline-0_orig_.js","lineNumber":"49","columnNumber":"29"}}},"sourceLocation":{"fileName":"inline-0_orig_.js","lineNumber":"60","columnNumber":"17"}}
{"entryKind":"read-property","name":{"valueKind":"concrete-string","value":"push"},"value":{"valueKind":"abstract-object","value":{"objectKind":"builtin","canonicalName":"Array.prototype.push"}},"sourceLocation":{"fileName":"inline-0_orig_.js","lineNumber":"60","columnNumber":"17"}}
{"entryKind":"read-variable","name":{"valueKind":"concrete-string","value":"nextCoord"},"value":{"valueKind":"abstract-primitive","value":"NUM_OTHER"},"sourceLocation":{"fileName":"inline-0_orig_.js","lineNumber":"60","columnNumber":"32"}}
{"entryKind":"call","function":{"valueKind":"abstract-object","value":{"objectKind":"builtin","canonicalName":"Array.prototype.push"}},"base":{"valueKind":"abstract-object","value":{"objectKind":"allocation-site","allocationSite":{"fileName":"inline-0_orig_.js","lineNumber":"49","columnNumber":"29"}}},"arguments":[{"valueKind":"abstract-primitive","value":"NUM_OTHER"}],"sourceLocation":{"fileName":"inline-0_orig_.js","lineNumber":"60","columnNumber":"17"}}
{"entryKind":"read-variable","name":{"valueKind":"concrete-string","value":"i"},"value":{"valueKind":"abstract-primitive","value":"0"},"sourceLocation":{"fileName":"inline-0_orig_.js","lineNumber":"52","columnNumber":"40"}}
{"entryKind":"write-variable","name":{"valueKind":"concrete-string","value":"i"},"value":{"valueKind":"abstract-primitive","value":"1"},"sourceLocation":{"fileName":"inline-0_orig_.js","lineNumber":-1,"columnNumber":-1}}
{"entryKind":"read-variable","name":{"valueKind":"concrete-string","value":"i"},"value":{"valueKind":"abstract-primitive","value":"1"},"sourceLocation":{"fileName":"inline-0_orig_.js","lineNumber":"52","columnNumber":"25"}}
{"entryKind":"read-variable","name":{"valueKind":"concrete-string","value":"newCoords"},"value":{"valueKind":"abstract-object","value":{"objectKind":"allocation-site","allocationSite":{"fileName":"inline-0_orig_.js","lineNumber":"49","columnNumber":"29"}}},"sourceLocation":{"fileName":"inline-0_orig_.js","lineNumber":"62","columnNumber":"13"}}
{"entryKind":"read-property","name":{"valueKind":"concrete-string","value":"push"},"value":{"valueKind":"abstract-object","value":{"objectKind":"builtin","canonicalName":"Array.prototype.push"}},"sourceLocation":{"fileName":"inline-0_orig_.js","lineNumber":"62","columnNumber":"13"}}
{"entryKind":"read-variable","name":{"valueKind":"concrete-string","value":"theCoords"},"value":{"valueKind":"abstract-object","value":{"objectKind":"allocation-site","allocationSite":{"fileName":"inline-0_orig_.js","lineNumber":"5","columnNumber":"25"}}},"sourceLocation":{"fileName":"inline-0_orig_.js","lineNumber":"62","columnNumber":"28"}}
{"entryKind":"read-variable","name":{"valueKind":"concrete-string","value":"theCoords"},"value":{"valueKind":"abstract-object","value":{"objectKind":"allocation-site","allocationSite":{"fileName":"inline-0_orig_.js","lineNumber":"5","columnNumber":"25"}}},"sourceLocation":{"fileName":"inline-0_orig_.js","lineNumber":"62","columnNumber":"38"}}
{"entryKind":"read-property","name":{"valueKind":"concrete-string","value":"length"},"value":{"valueKind":"abstract-primitive","value":"NUM_UINT"},"sourceLocation":{"fileName":"inline-0_orig_.js","lineNumber":"62","columnNumber":"38"}}
{"entryKind":"read-property","name":{"valueKind":"abstract-primitive","value":"1"},"value":{"valueKind":"abstract-primitive","value":"NUM_OTHER"},"sourceLocation":{"fileName":"inline-0_orig_.js","lineNumber":"62","columnNumber":"28"}}
{"entryKind":"call","function":{"valueKind":"abstract-object","value":{"objectKind":"builtin","canonicalName":"Array.prototype.push"}},"base":{"valueKind":"abstract-object","value":{"objectKind":"allocation-site","allocationSite":{"fileName":"inline-0_orig_.js","lineNumber":"49","columnNumber":"29"}}},"arguments":[{"valueKind":"abstract-primitive","value":"NUM_OTHER"}],"sourceLocation":{"fileName":"inline-0_orig_.js","lineNumber":"62","columnNumber":"13"}}
{"entryKind":"read-variable","name":{"valueKind":"concrete-string","value":"newCoords"},"value":{"valueKind":"abstract-object","value":{"objectKind":"allocation-site","allocationSite":{"fileName":"inline-0_orig_.js","lineNumber":"49","columnNumber":"29"}}},"sourceLocation":{"fileName":"inline-0_orig_.js","lineNumber":"63","columnNumber":"20"}}
{"entryKind":"function-exit","returnValue":{"valueKind":"abstract-object","value":{"objectKind":"allocation-site","allocationSite":{"fileName":"inline-0_orig_.js","lineNumber":"49","columnNumber":"29"}}},"sourceLocation":{"fileName":"inline-0_orig_.js","lineNumber":"44","columnNumber":"9"}}
{"entryKind":"write-variable","name":{"valueKind":"concrete-string","value":"theCoords"},"value":{"valueKind":"abstract-object","value":{"objectKind":"allocation-site","allocationSite":{"fileName":"inline-0_orig_.js","lineNumber":"49","columnNumber":"29"}}},"sourceLocation":{"fileName":"inline-0_orig_.js","lineNumber":"35","columnNumber":"29"}}
{"entryKind":"read-variable","name":{"valueKind":"concrete-string","value":"drawLandscape"},"value":{"valueKind":"abstract-object","value":{"objectKind":"allocation-site","allocationSite":{"fileName":"inline-0_orig_.js","lineNumber":"66","columnNumber":"9"}}},"sourceLocation":{"fileName":"inline-0_orig_.js","lineNumber":"36","columnNumber":"17"}}
{"entryKind":"read-variable","name":{"valueKind":"concrete-string","value":"theCoords"},"value":{"valueKind":"abstract-object","value":{"objectKind":"allocation-site","allocationSite":{"fileName":"inline-0_orig_.js","lineNumber":"49","columnNumber":"29"}}},"sourceLocation":{"fileName":"inline-0_orig_.js","lineNumber":"36","columnNumber":"31"}}
{"entryKind":"call","function":{"valueKind":"abstract-object","value":{"objectKind":"allocation-site","allocationSite":{"fileName":"inline-0_orig_.js","lineNumber":"66","columnNumber":"9"}}},"base":{"valueKind":"abstract-object","value":{"objectKind":"builtin","canonicalName":"<the global object>"}},"arguments":[{"valueKind":"abstract-object","value":{"objectKind":"allocation-site","allocationSite":{"fileName":"inline-0_orig_.js","lineNumber":"49","columnNumber":"29"}}}],"sourceLocation":{"fileName":"inline-0_orig_.js","lineNumber":"36","columnNumber":"17"}}
{"entryKind":"function-entry","base":{"valueKind":"abstract-object","value":{"objectKind":"builtin","canonicalName":"<the global object>"}},"arguments":[{"valueKind":"abstract-object","value":{"objectKind":"allocation-site","allocationSite":{"fileName":"inline-0_orig_.js","lineNumber":"49","columnNumber":"29"}}}],"sourceLocation":{"fileName":"inline-0_orig_.js","lineNumber":"66","columnNumber":"9"}}
{"entryKind":"read-variable","name":{"valueKind":"concrete-string","value":"ctx"},"value":{"valueKind":"abstract-object","value":{"objectKind":"other"}},"sourceLocation":{"fileName":"inline-0_orig_.js","lineNumber":"68","columnNumber":"13"}}
{"entryKind":"read-property","name":{"valueKind":"concrete-string","value":"clearRect"},"value":{"valueKind":"abstract-object","value":{"objectKind":"other"}},"sourceLocation":{"fileName":"inline-0_orig_.js","lineNumber":"68","columnNumber":"13"}}
{"entryKind":"read-variable","name":{"valueKind":"concrete-string","value":"xsize"},"value":{"valueKind":"abstract-primitive","value":"NUM_UINT"},"sourceLocation":{"fileName":"inline-0_orig_.js","lineNumber":"68","columnNumber":"33"}}
{"entryKind":"read-variable","name":{"valueKind":"concrete-string","value":"ysize"},"value":{"valueKind":"abstract-primitive","value":"NUM_UINT"},"sourceLocation":{"fileName":"inline-0_orig_.js","lineNumber":"68","columnNumber":"40"}}
{"entryKind":"call","function":{"valueKind":"abstract-object","value":{"objectKind":"other"}},"base":{"valueKind":"abstract-object","value":{"objectKind":"other"}},"arguments":[{"valueKind":"abstract-primitive","value":"0"},{"valueKind":"abstract-primitive","value":"0"},{"valueKind":"abstract-primitive","value":"NUM_UINT"},{"valueKind":"abstract-primitive","value":"NUM_UINT"}],"sourceLocation":{"fileName":"inline-0_orig_.js","lineNumber":"68","columnNumber":"13"}}
{"entryKind":"read-variable","name":{"valueKind":"concrete-string","value":"ctx"},"value":{"valueKind":"abstract-object","value":{"objectKind":"other"}},"sourceLocation":{"fileName":"inline-0_orig_.js","lineNumber":"69","columnNumber":"13"}}
{"entryKind":"read-variable","name":{"valueKind":"concrete-string","value":"lineargradient"},"value":{"valueKind":"abstract-object","value":{"objectKind":"other"}},"sourceLocation":{"fileName":"inline-0_orig_.js","lineNumber":"69","columnNumber":"29"}}
{"entryKind":"write-property","name":{"valueKind":"concrete-string","value":"fillStyle"},"value":{"valueKind":"abstract-object","value":{"objectKind":"other"}},"sourceLocation":{"fileName":"inline-0_orig_.js","lineNumber":"69","columnNumber":"13"}}
{"entryKind":"read-variable","name":{"valueKind":"concrete-string","value":"ctx"},"value":{"valueKind":"abstract-object","value":{"objectKind":"other"}},"sourceLocation":{"fileName":"inline-0_orig_.js","lineNumber":"70","columnNumber":"13"}}
{"entryKind":"read-property","name":{"valueKind":"concrete-string","value":"beginPath"},"value":{"valueKind":"abstract-object","value":{"objectKind":"other"}},"sourceLocation":{"fileName":"inline-0_orig_.js","lineNumber":"70","columnNumber":"13"}}
{"entryKind":"call","function":{"valueKind":"abstract-object","value":{"objectKind":"other"}},"base":{"valueKind":"abstract-object","value":{"objectKind":"other"}},"arguments":[],"sourceLocation":{"fileName":"inline-0_orig_.js","lineNumber":"70","columnNumber":"13"}}
{"entryKind":"read-variable","name":{"valueKind":"concrete-string","value":"ctx"},"value":{"valueKind":"abstract-object","value":{"objectKind":"other"}},"sourceLocation":{"fileName":"inline-0_orig_.js","lineNumber":"71","columnNumber":"13"}}
{"entryKind":"read-property","name":{"valueKind":"concrete-string","value":"moveTo"},"value":{"valueKind":"abstract-object","value":{"objectKind":"other"}},"sourceLocation":{"fileName":"inline-0_orig_.js","lineNumber":"71","columnNumber":"13"}}
{"entryKind":"read-variable","name":{"valueKind":"concrete-string","value":"ysize"},"value":{"valueKind":"abstract-primitive","value":"NUM_UINT"},"sourceLocation":{"fileName":"inline-0_orig_.js","lineNumber":"71","columnNumber":"27"}}
{"entryKind":"call","function":{"valueKind":"abstract-object","value":{"objectKind":"other"}},"base":{"valueKind":"abstract-object","value":{"objectKind":"other"}},"arguments":[{"valueKind":"abstract-primitive","value":"0"},{"valueKind":"abstract-primitive","value":"NUM_UINT"}],"sourceLocation":{"fileName":"inline-0_orig_.js","lineNumber":"71","columnNumber":"13"}}
{"entryKind":"write-variable","name":{"valueKind":"concrete-string","value":"j"},"value":{"valueKind":"abstract-primitive","value":"0"},"sourceLocation":{"fileName":"inline-0_orig_.js","lineNumber":"74","columnNumber":"22"}}
{"entryKind":"read-variable","name":{"valueKind":"concrete-string","value":"j"},"value":{"valueKind":"abstract-primitive","value":"0"},"sourceLocation":{"fileName":"inline-0_orig_.js","lineNumber":"74","columnNumber":"25"}}
{"entryKind":"read-variable","name":{"valueKind":"concrete-string","value":"theCoords"},"value":{"valueKind":"abstract-object","value":{"objectKind":"allocation-site","allocationSite":{"fileName":"inline-0_orig_.js","lineNumber":"49","columnNumber":"29"}}},"sourceLocation":{"fileName":"inline-0_orig_.js","lineNumber":"74","columnNumber":"29"}}
{"entryKind":"read-property","name":{"valueKind":"concrete-string","value":"length"},"value":{"valueKind":"abstract-primitive","value":"NUM_UINT"},"sourceLocation":{"fileName":"inline-0_orig_.js","lineNumber":"74","columnNumber":"29"}}
{"entryKind":"read-variable","name":{"valueKind":"concrete-string","value":"xsize"},"value":{"valueKind":"abstract-primitive","value":"NUM_UINT"},"sourceLocation":{"fileName":"inline-0_orig_.js","lineNumber":"75","columnNumber":"27"}}
{"entryKind":"read-variable","name":{"valueKind":"concrete-string","value":"theCoords"},"value":{"valueKind":"abstract-object","value":{"objectKind":"allocation-site","allocationSite":{"fileName":"inline-0_orig_.js","lineNumber":"49","columnNumber":"29"}}},"sourceLocation":{"fileName":"inline-0_orig_.js","lineNumber":"75","columnNumber":"36"}}
{"entryKind":"read-property","name":{"valueKind":"concrete-string","value":"length"},"value":{"valueKind":"abstract-primitive","value":"NUM_UINT"},"sourceLocation":{"fileName":"inline-0_orig_.js","lineNumber":"75","columnNumber":"36"}}
{"entryKind":"write-variable","name":{"valueKind":"concrete-string","value":"xCoord"},"value":{"valueKind":"abstract-primitive","value":"NUM_UINT"},"sourceLocation":{"fileName":"inline-0_orig_.js","lineNumber":"75","columnNumber":"27"}}
{"entryKind":"read-variable","name":{"valueKind":"concrete-string","value":"xCoord"},"value":{"valueKind":"abstract-primitive","value":"NUM_UINT"},"sourceLocation":{"fileName":"inline-0_orig_.js","lineNumber":"76","columnNumber":"26"}}
{"entryKind":"read-variable","name":{"valueKind":"concrete-string","value":"j"},"value":{"valueKind":"abstract-primitive","value":"0"},"sourceLocation":{"fileName":"inline-0_orig_.js","lineNumber":"76","columnNumber":"35"}}
{"entryKind":"write-variable","name":{"valueKind":"concrete-string","value":"xCoord"},"value":{"valueKind":"abstract-primitive","value":"0"},"sourceLocation":{"fileName":"inline-0_orig_.js","lineNumber":"76","columnNumber":"26"}}
{"entryKind":"read-variable","name":{"valueKind":"concrete-string","value":"ysize"},"value":{"valueKind":"abstract-primitive","value":"NUM_UINT"},"sourceLocation":{"fileName":"inline-0_orig_.js","lineNumber":"77","columnNumber":"26"}}
{"entryKind":"read-variable","name":{"valueKind":"concrete-string","value":"theCoords"},"value":{"valueKind":"abstract-object","value":{"objectKind":"allocation-site","allocationSite":{"fileName":"inline-0_orig_.js","lineNumber":"49","columnNumber":"29"}}},"sourceLocation":{"fileName":"inline-0_orig_.js","lineNumber":"77","columnNumber":"35"}}
{"entryKind":"read-variable","name":{"valueKind":"concrete-string","value":"j"},"value":{"valueKind":"abstract-primitive","value":"0"},"sourceLocation":{"fileName":"inline-0_orig_.js","lineNumber":"77","columnNumber":"45"}}
{"entryKind":"read-property","name":{"valueKind":"abstract-primitive","value":"0"},"value":{"valueKind":"abstract-primitive","value":"NUM_OTHER"},"sourceLocation":{"fileName":"inline-0_orig_.js","lineNumber":"77","columnNumber":"35"}}
{"entryKind":"read-variable","name":{"valueKind":"concrete-string","value":"ysize"},"value":{"valueKind":"abstract-primitive","value":"NUM_UINT"},"sourceLocation":{"fileName":"inline-0_orig_.js","lineNumber":"77","columnNumber":"50"}}
{"entryKind":"write-variable","name":{"valueKind":"concrete-string","value":"yCoord"},"value":{"valueKind":"abstract-primitive","value":"NUM_UINT"},"sourceLocation":{"fileName":"inline-0_orig_.js","lineNumber":"77","columnNumber":"26"}}
{"entryKind":"read-variable","name":{"valueKind":"concrete-string","value":"ctx"},"value":{"valueKind":"abstract-object","value":{"objectKind":"other"}},"sourceLocation":{"fileName":"inline-0_orig_.js","lineNumber":"78","columnNumber":"17"}}
{"entryKind":"read-property","name":{"valueKind":"concrete-string","value":"lineTo"},"value":{"valueKind":"abstract-object","value":{"objectKind":"other"}},"sourceLocation":{"fileName":"inline-0_orig_.js","lineNumber":"78","columnNumber":"17"}}
{"entryKind":"read-variable","name":{"valueKind":"concrete-string","value":"xCoord"},"value":{"valueKind":"abstract-primitive","value":"0"},"sourceLocation":{"fileName":"inline-0_orig_.js","lineNumber":"78","columnNumber":"28"}}
{"entryKind":"read-variable","name":{"valueKind":"concrete-string","value":"yCoord"},"value":{"valueKind":"abstract-primitive","value":"NUM_UINT"},"sourceLocation":{"fileName":"inline-0_orig_.js","lineNumber":"78","columnNumber":"36"}}
{"entryKind":"call","function":{"valueKind":"abstract-object","value":{"objectKind":"other"}},"base":{"valueKind":"abstract-object","value":{"objectKind":"other"}},"arguments":[{"valueKind":"abstract-primitive","value":"0"},{"valueKind":"abstract-primitive","value":"NUM_UINT"}],"sourceLocation":{"fileName":"inline-0_orig_.js","lineNumber":"78","columnNumber":"17"}}
{"entryKind":"read-variable","name":{"valueKind":"concrete-string","value":"j"},"value":{"valueKind":"abstract-primitive","value":"0"},"sourceLocation":{"fileName":"inline-0_orig_.js","lineNumber":"74","columnNumber":"47"}}
{"entryKind":"write-variable","name":{"valueKind":"concrete-string","value":"j"},"value":{"valueKind":"abstract-primitive","value":"1"},"sourceLocation":{"fileName":"inline-0_orig_.js","lineNumber":-1,"columnNumber":-1}}
{"entryKind":"read-variable","name":{"valueKind":"concrete-string","value":"j"},"value":{"valueKind":"abstract-primitive","value":"1"},"sourceLocation":{"fileName":"inline-0_orig_.js","lineNumber":"74","columnNumber":"25"}}
{"entryKind":"read-variable","name":{"valueKind":"concrete-string","value":"j"},"value":{"valueKind":"abstract-primitive","value":"1"},"sourceLocation":{"fileName":"inline-0_orig_.js","lineNumber":"76","columnNumber":"35"}}
{"entryKind":"write-variable","name":{"valueKind":"concrete-string","value":"xCoord"},"value":{"valueKind":"abstract-primitive","value":"NUM_UINT"},"sourceLocation":{"fileName":"inline-0_orig_.js","lineNumber":"76","columnNumber":"26"}}
{"entryKind":"read-variable","name":{"valueKind":"concrete-string","value":"j"},"value":{"valueKind":"abstract-primitive","value":"1"},"sourceLocation":{"fileName":"inline-0_orig_.js","lineNumber":"77","columnNumber":"45"}}
{"entryKind":"read-property","name":{"valueKind":"abstract-primitive","value":"1"},"value":{"valueKind":"abstract-primitive","value":"NUM_OTHER"},"sourceLocation":{"fileName":"inline-0_orig_.js","lineNumber":"77","columnNumber":"35"}}
{"entryKind":"write-variable","name":{"valueKind":"concrete-string","value":"yCoord"},"value":{"valueKind":"abstract-primitive","value":"NUM_OTHER"},"sourceLocation":{"fileName":"inline-0_orig_.js","lineNumber":"77","columnNumber":"26"}}
{"entryKind":"read-variable","name":{"valueKind":"concrete-string","value":"xCoord"},"value":{"valueKind":"abstract-primitive","value":"NUM_UINT"},"sourceLocation":{"fileName":"inline-0_orig_.js","lineNumber":"78","columnNumber":"28"}}
{"entryKind":"read-variable","name":{"valueKind":"concrete-string","value":"yCoord"},"value":{"valueKind":"abstract-primitive","value":"NUM_OTHER"},"sourceLocation":{"fileName":"inline-0_orig_.js","lineNumber":"78","columnNumber":"36"}}
{"entryKind":"call","function":{"valueKind":"abstract-object","value":{"objectKind":"other"}},"base":{"valueKind":"abstract-object","value":{"objectKind":"other"}},"arguments":[{"valueKind":"abstract-primitive","value":"NUM_UINT"},{"valueKind":"abstract-primitive","value":"NUM_OTHER"}],"sourceLocation":{"fileName":"inline-0_orig_.js","lineNumber":"78","columnNumber":"17"}}
{"entryKind":"read-variable","name":{"valueKind":"concrete-string","value":"j"},"value":{"valueKind":"abstract-primitive","value":"1"},"sourceLocation":{"fileName":"inline-0_orig_.js","lineNumber":"74","columnNumber":"47"}}
{"entryKind":"write-variable","name":{"valueKind":"concrete-string","value":"j"},"value":{"valueKind":"abstract-primitive","value":"NUM_UINT"},"sourceLocation":{"fileName":"inline-0_orig_.js","lineNumber":-1,"columnNumber":-1}}
{"entryKind":"read-variable","name":{"valueKind":"concrete-string","value":"j"},"value":{"valueKind":"abstract-primitive","value":"NUM_UINT"},"sourceLocation":{"fileName":"inline-0_orig_.js","lineNumber":"74","columnNumber":"25"}}
{"entryKind":"read-variable","name":{"valueKind":"concrete-string","value":"j"},"value":{"valueKind":"abstract-primitive","value":"NUM_UINT"},"sourceLocation":{"fileName":"inline-0_orig_.js","lineNumber":"76","columnNumber":"35"}}
{"entryKind":"read-variable","name":{"valueKind":"concrete-string","value":"j"},"value":{"valueKind":"abstract-primitive","value":"NUM_UINT"},"sourceLocation":{"fileName":"inline-0_orig_.js","lineNumber":"77","columnNumber":"45"}}
{"entryKind":"read-property","name":{"valueKind":"abstract-primitive","value":"NUM_UINT"},"value":{"valueKind":"abstract-primitive","value":"NUM_OTHER"},"sourceLocation":{"fileName":"inline-0_orig_.js","lineNumber":"77","columnNumber":"35"}}
{"entryKind":"call","function":{"valueKind":"abstract-object","value":{"objectKind":"other"}},"base":{"valueKind":"abstract-object","value":{"objectKind":"other"}},"arguments":[{"valueKind":"abstract-primitive","value":"NUM_UINT"},{"valueKind":"abstract-primitive","value":"NUM_UINT"}],"sourceLocation":{"fileName":"inline-0_orig_.js","lineNumber":"78","columnNumber":"17"}}
{"entryKind":"read-variable","name":{"valueKind":"concrete-string","value":"j"},"value":{"valueKind":"abstract-primitive","value":"NUM_UINT"},"sourceLocation":{"fileName":"inline-0_orig_.js","lineNumber":"74","columnNumber":"47"}}
{"entryKind":"read-variable","name":{"valueKind":"concrete-string","value":"ctx"},"value":{"valueKind":"abstract-object","value":{"objectKind":"other"}},"sourceLocation":{"fileName":"inline-0_orig_.js","lineNumber":"80","columnNumber":"13"}}
{"entryKind":"read-property","name":{"valueKind":"concrete-string","value":"lineTo"},"value":{"valueKind":"abstract-object","value":{"objectKind":"other"}},"sourceLocation":{"fileName":"inline-0_orig_.js","lineNumber":"80","columnNumber":"13"}}
{"entryKind":"read-variable","name":{"valueKind":"concrete-string","value":"xsize"},"value":{"valueKind":"abstract-primitive","value":"NUM_UINT"},"sourceLocation":{"fileName":"inline-0_orig_.js","lineNumber":"80","columnNumber":"24"}}
{"entryKind":"read-variable","name":{"valueKind":"concrete-string","value":"ysize"},"value":{"valueKind":"abstract-primitive","value":"NUM_UINT"},"sourceLocation":{"fileName":"inline-0_orig_.js","lineNumber":"80","columnNumber":"31"}}
{"entryKind":"call","function":{"valueKind":"abstract-object","value":{"objectKind":"other"}},"base":{"valueKind":"abstract-object","value":{"objectKind":"other"}},"arguments":[{"valueKind":"abstract-primitive","value":"NUM_UINT"},{"valueKind":"abstract-primitive","value":"NUM_UINT"}],"sourceLocation":{"fileName":"inline-0_orig_.js","lineNumber":"80","columnNumber":"13"}}
{"entryKind":"read-variable","name":{"valueKind":"concrete-string","value":"ctx"},"value":{"valueKind":"abstract-object","value":{"objectKind":"other"}},"sourceLocation":{"fileName":"inline-0_orig_.js","lineNumber":"81","columnNumber":"13"}}
{"entryKind":"read-property","name":{"valueKind":"concrete-string","value":"fill"},"value":{"valueKind":"abstract-object","value":{"objectKind":"other"}},"sourceLocation":{"fileName":"inline-0_orig_.js","lineNumber":"81","columnNumber":"13"}}
{"entryKind":"call","function":{"valueKind":"abstract-object","value":{"objectKind":"other"}},"base":{"valueKind":"abstract-object","value":{"objectKind":"other"}},"arguments":[],"sourceLocation":{"fileName":"inline-0_orig_.js","lineNumber":"81","columnNumber":"13"}}
{"entryKind":"function-exit","returnValue":{"valueKind":"abstract-primitive","value":"undefined"},"sourceLocation":{"fileName":"inline-0_orig_.js","lineNumber":"66","columnNumber":"9"}}
{"entryKind":"read-variable","name":{"valueKind":"concrete-string","value":"IntervalCounter"},"value":{"valueKind":"abstract-primitive","value":"0"},"sourceLocation":{"fileName":"inline-0_orig_.js","lineNumber":"37","columnNumber":"17"}}
{"entryKind":"write-variable","name":{"valueKind":"concrete-string","value":"IntervalCounter"},"value":{"valueKind":"abstract-primitive","value":"1"},"sourceLocation":{"fileName":"inline-0_orig_.js","lineNumber":"37","columnNumber":"17"}}
{"entryKind":"function-exit","returnValue":{"valueKind":"abstract-primitive","value":"undefined"},"sourceLocation":{"fileName":"inline-0_orig_.js","lineNumber":"33","columnNumber":"9"}}
{"entryKind":"read-variable","name":{"valueKind":"concrete-string","value":"IntervalCounter"},"value":{"valueKind":"abstract-primitive","value":"1"},"sourceLocation":{"fileName":"inline-0_orig_.js","lineNumber":"34","columnNumber":"17"}}
{"entryKind":"read-variable","name":{"valueKind":"concrete-string","value":"theCoords"},"value":{"valueKind":"abstract-object","value":{"objectKind":"allocation-site","allocationSite":{"fileName":"inline-0_orig_.js","lineNumber":"49","columnNumber":"29"}}},"sourceLocation":{"fileName":"inline-0_orig_.js","lineNumber":"35","columnNumber":"40"}}
{"entryKind":"read-variable","name":{"valueKind":"concrete-string","value":"displacement"},"value":{"valueKind":"abstract-primitive","value":"NUM_OTHER"},"sourceLocation":{"fileName":"inline-0_orig_.js","lineNumber":"35","columnNumber":"51"}}
{"entryKind":"call","function":{"valueKind":"abstract-object","value":{"objectKind":"allocation-site","allocationSite":{"fileName":"inline-0_orig_.js","lineNumber":"44","columnNumber":"9"}}},"base":{"valueKind":"abstract-object","value":{"objectKind":"builtin","canonicalName":"<the global object>"}},"arguments":[{"valueKind":"abstract-object","value":{"objectKind":"allocation-site","allocationSite":{"fileName":"inline-0_orig_.js","lineNumber":"49","columnNumber":"29"}}},{"valueKind":"abstract-primitive","value":"NUM_OTHER"}],"sourceLocation":{"fileName":"inline-0_orig_.js","lineNumber":"35","columnNumber":"29"}}
{"entryKind":"function-entry","base":{"valueKind":"abstract-object","value":{"objectKind":"builtin","canonicalName":"<the global object>"}},"arguments":[{"valueKind":"abstract-object","value":{"objectKind":"allocation-site","allocationSite":{"fileName":"inline-0_orig_.js","lineNumber":"49","columnNumber":"29"}}},{"valueKind":"abstract-primitive","value":"NUM_OTHER"}],"sourceLocation":{"fileName":"inline-0_orig_.js","lineNumber":"44","columnNumber":"9"}}
{"entryKind":"read-variable","name":{"valueKind":"concrete-string","value":"theCoords"},"value":{"valueKind":"abstract-object","value":{"objectKind":"allocation-site","allocationSite":{"fileName":"inline-0_orig_.js","lineNumber":"49","columnNumber":"29"}}},"sourceLocation":{"fileName":"inline-0_orig_.js","lineNumber":"46","columnNumber":"17"}}
{"entryKind":"read-variable","name":{"valueKind":"concrete-string","value":"theCoords"},"value":{"valueKind":"abstract-object","value":{"objectKind":"allocation-site","allocationSite":{"fileName":"inline-0_orig_.js","lineNumber":"49","columnNumber":"29"}}},"sourceLocation":{"fileName":"inline-0_orig_.js","lineNumber":"50","columnNumber":"29"}}
{"entryKind":"write-variable","name":{"valueKind":"concrete-string","value":"theLength"},"value":{"valueKind":"abstract-primitive","value":"NUM_UINT"},"sourceLocation":{"fileName":"inline-0_orig_.js","lineNumber":"50","columnNumber":"29"}}
{"entryKind":"read-variable","name":{"valueKind":"concrete-string","value":"theLength"},"value":{"valueKind":"abstract-primitive","value":"NUM_UINT"},"sourceLocation":{"fileName":"inline-0_orig_.js","lineNumber":"52","columnNumber":"29"}}
{"entryKind":"read-variable","name":{"valueKind":"concrete-string","value":"theCoords"},"value":{"valueKind":"abstract-object","value":{"objectKind":"allocation-site","allocationSite":{"fileName":"inline-0_orig_.js","lineNumber":"49","columnNumber":"29"}}},"sourceLocation":{"fileName":"inline-0_orig_.js","lineNumber":"55","columnNumber":"39"}}
{"entryKind":"read-variable","name":{"valueKind":"concrete-string","value":"theCoords"},"value":{"valueKind":"abstract-object","value":{"objectKind":"allocation-site","allocationSite":{"fileName":"inline-0_orig_.js","lineNumber":"49","columnNumber":"29"}}},"sourceLocation":{"fileName":"inline-0_orig_.js","lineNumber":"55","columnNumber":"58"}}
{"entryKind":"write-variable","name":{"valueKind":"concrete-string","value":"displacedCoord"},"value":{"valueKind":"abstract-primitive","value":"NUM_OTHER"},"sourceLocation":{"fileName":"inline-0_orig_.js","lineNumber":"55","columnNumber":"38"}}
{"entryKind":"read-variable","name":{"valueKind":"concrete-string","value":"theCoords"},"value":{"valueKind":"abstract-object","value":{"objectKind":"allocation-site","allocationSite":{"fileName":"inline-0_orig_.js","lineNumber":"49","columnNumber":"29"}}},"sourceLocation":{"fileName":"inline-0_orig_.js","lineNumber":"57","columnNumber":"33"}}
{"entryKind":"read-variable","name":{"valueKind":"concrete-string","value":"displacedCoord"},"value":{"valueKind":"abstract-primitive","value":"NUM_OTHER"},"sourceLocation":{"fileName":"inline-0_orig_.js","lineNumber":"57","columnNumber":"48"}}
{"entryKind":"read-variable","name":{"valueKind":"concrete-string","value":"theCoords"},"value":{"valueKind":"abstract-object","value":{"objectKind":"allocation-site","allocationSite":{"fileName":"inline-0_orig_.js","lineNumber":"49","columnNumber":"29"}}},"sourceLocation":{"fileName":"inline-0_orig_.js","lineNumber":"59","columnNumber":"32"}}
{"entryKind":"read-variable","name":{"valueKind":"concrete-string","value":"i"},"value":{"valueKind":"abstract-primitive","value":"1"},"sourceLocation":{"fileName":"inline-0_orig_.js","lineNumber":"55","columnNumber":"49"}}
{"entryKind":"read-property","name":{"valueKind":"abstract-primitive","value":"NUM_UINT"},"value":{"valueKind":"abstract-primitive","value":"NUM_OTHER"},"sourceLocation":{"fileName":"inline-0_orig_.js","lineNumber":"55","columnNumber":"39"}}
{"entryKind":"read-variable","name":{"valueKind":"concrete-string","value":"i"},"value":{"valueKind":"abstract-primitive","value":"1"},"sourceLocation":{"fileName":"inline-0_orig_.js","lineNumber":"55","columnNumber":"68"}}
{"entryKind":"read-property","name":{"valueKind":"abstract-primitive","value":"1"},"value":{"valueKind":"abstract-primitive","value":"NUM_OTHER"},"sourceLocation":{"fileName":"inline-0_orig_.js","lineNumber":"55","columnNumber":"58"}}
{"entryKind":"read-variable","name":{"valueKind":"concrete-string","value":"i"},"value":{"valueKind":"abstract-primitive","value":"1"},"sourceLocation":{"fileName":"inline-0_orig_.js","lineNumber":"57","columnNumber":"43"}}
{"entryKind":"read-property","name":{"valueKind":"abstract-primitive","value":"1"},"value":{"valueKind":"abstract-primitive","value":"NUM_OTHER"},"sourceLocation":{"fileName":"inline-0_orig_.js","lineNumber":"57","columnNumber":"33"}}
{"entryKind":"read-variable","name":{"valueKind":"concrete-string","value":"i"},"value":{"valueKind":"abstract-primitive","value":"1"},"sourceLocation":{"fileName":"inline-0_orig_.js","lineNumber":"59","columnNumber":"42"}}
{"entryKind":"read-property","name":{"valueKind":"abstract-primitive","value":"1"},"value":{"valueKind":"abstract-primitive","value":"NUM_OTHER"},"sourceLocation":{"fileName":"inline-0_orig_.js","lineNumber":"59","columnNumber":"32"}}
{"entryKind":"read-variable","name":{"valueKind":"concrete-string","value":"i"},"value":{"valueKind":"abstract-primitive","value":"1"},"sourceLocation":{"fileName":"inline-0_orig_.js","lineNumber":"52","columnNumber":"40"}}
{"entryKind":"write-variable","name":{"valueKind":"concrete-string","value":"i"},"value":{"valueKind":"abstract-primitive","value":"NUM_UINT"},"sourceLocation":{"fileName":"inline-0_orig_.js","lineNumber":-1,"columnNumber":-1}}
{"entryKind":"read-variable","name":{"valueKind":"concrete-string","value":"i"},"value":{"valueKind":"abstract-primitive","value":"NUM_UINT"},"sourceLocation":{"fileName":"inline-0_orig_.js","lineNumber":"52","columnNumber":"25"}}
{"entryKind":"read-variable","name":{"valueKind":"concrete-string","value":"theCoords"},"value":{"valueKind":"abstract-object","value":{"objectKind":"allocation-site","allocationSite":{"fileName":"inline-0_orig_.js","lineNumber":"49","columnNumber":"29"}}},"sourceLocation":{"fileName":"inline-0_orig_.js","lineNumber":"62","columnNumber":"28"}}
{"entryKind":"read-variable","name":{"valueKind":"concrete-string","value":"theCoords"},"value":{"valueKind":"abstract-object","value":{"objectKind":"allocation-site","allocationSite":{"fileName":"inline-0_orig_.js","lineNumber":"49","columnNumber":"29"}}},"sourceLocation":{"fileName":"inline-0_orig_.js","lineNumber":"62","columnNumber":"38"}}
{"entryKind":"read-property","name":{"valueKind":"abstract-primitive","value":"NUM_UINT"},"value":{"valueKind":"abstract-primitive","value":"NUM_OTHER"},"sourceLocation":{"fileName":"inline-0_orig_.js","lineNumber":"62","columnNumber":"28"}}
{"entryKind":"read-variable","name":{"valueKind":"concrete-string","value":"IntervalCounter"},"value":{"valueKind":"abstract-primitive","value":"1"},"sourceLocation":{"fileName":"inline-0_orig_.js","lineNumber":"37","columnNumber":"17"}}
{"entryKind":"write-variable","name":{"valueKind":"concrete-string","value":"IntervalCounter"},"value":{"valueKind":"abstract-primitive","value":"NUM_UINT"},"sourceLocation":{"fileName":"inline-0_orig_.js","lineNumber":"37","columnNumber":"17"}}
{"entryKind":"read-variable","name":{"valueKind":"concrete-string","value":"IntervalCounter"},"value":{"valueKind":"abstract-primitive","value":"NUM_UINT"},"sourceLocation":{"fileName":"inline-0_orig_.js","lineNumber":"34","columnNumber":"17"}}
{"entryKind":"read-variable","name":{"valueKind":"concrete-string","value":"i"},"value":{"valueKind":"abstract-primitive","value":"NUM_UINT"},"sourceLocation":{"fileName":"inline-0_orig_.js","lineNumber":"55","columnNumber":"49"}}
{"entryKind":"read-variable","name":{"valueKind":"concrete-string","value":"i"},"value":{"valueKind":"abstract-primitive","value":"NUM_UINT"},"sourceLocation":{"fileName":"inline-0_orig_.js","lineNumber":"55","columnNumber":"68"}}
{"entryKind":"read-property","name":{"valueKind":"abstract-primitive","value":"NUM_UINT"},"value":{"valueKind":"abstract-primitive","value":"NUM_OTHER"},"sourceLocation":{"fileName":"inline-0_orig_.js","lineNumber":"55","columnNumber":"58"}}
{"entryKind":"read-variable","name":{"valueKind":"concrete-string","value":"i"},"value":{"valueKind":"abstract-primitive","value":"NUM_UINT"},"sourceLocation":{"fileName":"inline-0_orig_.js","lineNumber":"57","columnNumber":"43"}}
{"entryKind":"read-property","name":{"valueKind":"abstract-primitive","value":"NUM_UINT"},"value":{"valueKind":"abstract-primitive","value":"NUM_OTHER"},"sourceLocation":{"fileName":"inline-0_orig_.js","lineNumber":"57","columnNumber":"33"}}
{"entryKind":"read-variable","name":{"valueKind":"concrete-string","value":"i"},"value":{"valueKind":"abstract-primitive","value":"NUM_UINT"},"sourceLocation":{"fileName":"inline-0_orig_.js","lineNumber":"59","columnNumber":"42"}}
{"entryKind":"read-property","name":{"valueKind":"abstract-primitive","value":"NUM_UINT"},"value":{"valueKind":"abstract-primitive","value":"NUM_OTHER"},"sourceLocation":{"fileName":"inline-0_orig_.js","lineNumber":"59","columnNumber":"32"}}
{"entryKind":"read-variable","name":{"valueKind":"concrete-string","value":"i"},"value":{"valueKind":"abstract-primitive","value":"NUM_UINT"},"sourceLocation":{"fileName":"inline-0_orig_.js","lineNumber":"52","columnNumber":"40"}}
{"entryKind":"read-variable","name":{"valueKind":"concrete-string","value":"IntervalCounter"},"value":{"valueKind":"abstract-primitive","value":"NUM_UINT"},"sourceLocation":{"fileName":"inline-0_orig_.js","lineNumber":"37","columnNumber":"17"}}
{"entryKind":"write-variable","name":{"valueKind":"concrete-string","value":"xCoord"},"value":{"valueKind":"abstract-primitive","value":"NUM_OTHER"},"sourceLocation":{"fileName":"inline-0_orig_.js","lineNumber":"75","columnNumber":"27"}}
{"entryKind":"read-variable","name":{"valueKind":"concrete-string","value":"xCoord"},"value":{"valueKind":"abstract-primitive","value":"NUM_OTHER"},"sourceLocation":{"fileName":"inline-0_orig_.js","lineNumber":"76","columnNumber":"26"}}
{"entryKind":"write-variable","name":{"valueKind":"concrete-string","value":"xCoord"},"value":{"valueKind":"abstract-primitive","value":"NUM_OTHER"},"sourceLocation":{"fileName":"inline-0_orig_.js","lineNumber":"76","columnNumber":"26"}}
{"entryKind":"read-variable","name":{"valueKind":"concrete-string","value":"xCoord"},"value":{"valueKind":"abstract-primitive","value":"NUM_OTHER"},"sourceLocation":{"fileName":"inline-0_orig_.js","lineNumber":"78","columnNumber":"28"}}
{"entryKind":"call","function":{"valueKind":"abstract-object","value":{"objectKind":"other"}},"base":{"valueKind":"abstract-object","value":{"objectKind":"other"}},"arguments":[{"valueKind":"abstract-primitive","value":"NUM_OTHER"},{"valueKind":"abstract-primitive","value":"NUM_OTHER"}],"sourceLocation":{"fileName":"inline-0_orig_.js","lineNumber":"78","columnNumber":"17"}}
{"entryKind":"read-variable","name":{"valueKind":"concrete-string","value":"clearInterval"},"value":{"valueKind":"abstract-object","value":{"objectKind":"other"}},"sourceLocation":{"fileName":"inline-0_orig_.js","lineNumber":"40","columnNumber":"17"}}
{"entryKind":"read-variable","name":{"valueKind":"concrete-string","value":"animInterval"},"value":{"valueKind":"abstract-primitive","value":"1"},"sourceLocation":{"fileName":"inline-0_orig_.js","lineNumber":"40","columnNumber":"31"}}
{"entryKind":"call","function":{"valueKind":"abstract-object","value":{"objectKind":"other"}},"base":{"valueKind":"abstract-object","value":{"objectKind":"builtin","canonicalName":"<the global object>"}},"arguments":[{"valueKind":"abstract-primitive","value":"1"}],"sourceLocation":{"fileName":"inline-0_orig_.js","lineNumber":"40","columnNumber":"17"}}
{"entryKind":"read-variable","name":{"valueKind":"concrete-string","value":"createTerrain"},"value":{"valueKind":"abstract-object","value":{"objectKind":"allocation-site","allocationSite":{"fileName":"event-handler-1_orig_.js","lineNumber":-1,"columnNumber":-1}}},"sourceLocation":{"fileName":"event-handler-1_orig_.js","lineNumber":"1","columnNumber":"1"}}
{"entryKind":"call","function":{"valueKind":"abstract-object","value":{"objectKind":"allocation-site","allocationSite":{"fileName":"event-handler-1_orig_.js","lineNumber":-1,"columnNumber":-1}}},"base":{"valueKind":"abstract-object","value":{"objectKind":"builtin","canonicalName":"<the global object>"}},"arguments":[],"sourceLocation":{"fileName":"event-handler-1_orig_.js","lineNumber":"1","columnNumber":"1"}}
{"entryKind":"write-variable","name":{"valueKind":"concrete-string","value":"animInterval"},"value":{"valueKind":"abstract-primitive","value":"NUM_UINT"},"sourceLocation":{"fileName":"inline-0_orig_.js","lineNumber":"30","columnNumber":"28"}}
{"entryKind":"read-variable","name":{"valueKind":"concrete-string","value":"animInterval"},"value":{"valueKind":"abstract-primitive","value":"NUM_UINT"},"sourceLocation":{"fileName":"inline-0_orig_.js","lineNumber":"40","columnNumber":"31"}}
{"entryKind":"call","function":{"valueKind":"abstract-object","value":{"objectKind":"other"}},"base":{"valueKind":"abstract-object","value":{"objectKind":"builtin","canonicalName":"<the global object>"}},"arguments":[{"valueKind":"abstract-primitive","value":"NUM_UINT"}],"sourceLocation":{"fileName":"inline-0_orig_.js","lineNumber":"40","columnNumber":"17"}}
{"entryKind":"read-property","name":{"valueKind":"concrete-string","value":"selectedIndex"},"value":{"valueKind":"abstract-primitive","value":"0"},"sourceLocation":{"fileName":"inline-0_orig_.js","lineNumber":"10","columnNumber":"28"}}
{"entryKind":"write-variable","name":{"valueKind":"concrete-string","value":"mountain"},"value":{"valueKind":"abstract-primitive","value":"0"},"sourceLocation":{"fileName":"inline-0_orig_.js","lineNumber":"10","columnNumber":"28"}}
{"entryKind":"read-variable","name":{"valueKind":"concrete-string","value":"mountain"},"value":{"valueKind":"abstract-primitive","value":"0"},"sourceLocation":{"fileName":"inline-0_orig_.js","lineNumber":"11","columnNumber":"17"}}
{"entryKind":"write-variable","name":{"valueKind":"concrete-string","value":"displacement"},"value":{"valueKind":"abstract-primitive","value":"NUM_OTHER"},"sourceLocation":{"fileName":"inline-0_orig_.js","lineNumber":"15","columnNumber":"32"}}
