{"entryKind":"write-variable","name":{"valueKind":"concrete-string","value":"GRAV_CONSTANT"},"value":{"valueKind":"abstract-primitive","value":"NUM_UINT"},"sourceLocation":{"fileName":"inline-0_orig_.js","lineNumber":"2","columnNumber":"17"}}
{"entryKind":"read-variable","name":{"valueKind":"concrete-string","value":"window"},"value":{"valueKind":"abstract-object","value":{"objectKind":"builtin","canonicalName":"<the global object>"}},"sourceLocation":{"fileName":"inline-0_orig_.js","lineNumber":"4","columnNumber":"1"}}
{"entryKind":"write-property","name":{"valueKind":"concrete-string","value":"onload"},"value":{"valueKind":"abstract-object","value":{"objectKind":"allocation-site","allocationSite":{"fileName":"inline-0_orig_.js","lineNumber":"4","columnNumber":"17"}}},"sourceLocation":{"fileName":"inline-0_orig_.js","lineNumber":"4","columnNumber":"1"}}
{"entryKind":"function-entry","base":{"valueKind":"abstract-object","value":{"objectKind":"builtin","canonicalName":"<the global object>"}},"arguments":[{"valueKind":"abstract-object","value":{"objectKind":"other"}}],"sourceLocation":{"fileName":"inline-0_orig_.js","lineNumber":"4","columnNumber":"17"}}
{"entryKind":"read-variable","name":{"valueKind":"concrete-string","value":"document"},"value":{"valueKind":"abstract-object","value":{"objectKind":"other"}},"sourceLocation":{"fileName":"inline-0_orig_.js","lineNumber":"5","columnNumber":"14"}}
{"entryKind":"read-property","name":{"valueKind":"concrete-string","value":"getElementById"},"value":{"valueKind":"abstract-object","value":{"objectKind":"other"}},"sourceLocation":{"fileName":"inline-0_orig_.js","lineNumber":"5","columnNumber":"14"}}
{"entryKind":"call","function":{"valueKind":"abstract-object","value":{"objectKind":"other"}},"base":{"valueKind":"abstract-object","value":{"objectKind":"other"}},"arguments":[{"valueKind":"abstract-primitive","value":"STR_IDENTIFIER"}],"sourceLocation":{"fileName":"inline-0_orig_.js","lineNumber":"5","columnNumber":"14"}}
{"entryKind":"write-variable","name":{"valueKind":"concrete-string","value":"canvas"},"value":{"valueKind":"abstract-object","value":{"objectKind":"other"}},"sourceLocation":{"fileName":"inline-0_orig_.js","lineNumber":"5","columnNumber":"14"}}
{"entryKind":"read-variable","name":{"valueKind":"concrete-string","value":"canvas"},"value":{"valueKind":"abstract-object","value":{"objectKind":"other"}},"sourceLocation":{"fileName":"inline-0_orig_.js","lineNumber":"6","columnNumber":"5"}}
{"entryKind":"read-variable","name":{"valueKind":"concrete-string","value":"innerWidth"},"value":{"valueKind":"abstract-primitive","value":"NUM_UINT"},"sourceLocation":{"fileName":"inline-0_orig_.js","lineNumber":"6","columnNumber":"20"}}
{"entryKind":"write-property","name":{"valueKind":"concrete-string","value":"width"},"value":{"valueKind":"abstract-primitive","value":"NUM_UINT"},"sourceLocation":{"fileName":"inline-0_orig_.js","lineNumber":"6","columnNumber":"5"}}
{"entryKind":"read-variable","name":{"valueKind":"concrete-string","value":"canvas"},"value":{"valueKind":"abstract-object","value":{"objectKind":"other"}},"sourceLocation":{"fileName":"inline-0_orig_.js","lineNumber":"7","columnNumber":"5"}}
{"entryKind":"read-variable","name":{"valueKind":"concrete-string","value":"innerHeight"},"value":{"valueKind":"abstract-primitive","value":"NUM_UINT"},"sourceLocation":{"fileName":"inline-0_orig_.js","lineNumber":"7","columnNumber":"21"}}
{"entryKind":"write-property","name":{"valueKind":"concrete-string","value":"height"},"value":{"valueKind":"abstract-primitive","value":"NUM_UINT"},"sourceLocation":{"fileName":"inline-0_orig_.js","lineNumber":"7","columnNumber":"5"}}
{"entryKind":"read-variable","name":{"valueKind":"concrete-string","value":"canvas"},"value":{"valueKind":"abstract-object","value":{"objectKind":"other"}},"sourceLocation":{"fileName":"inline-0_orig_.js","lineNumber":"8","columnNumber":"11"}}
{"entryKind":"read-property","name":{"valueKind":"concrete-string","value":"getContext"},"value":{"valueKind":"abstract-object","value":{"objectKind":"other"}},"sourceLocation":{"fileName":"inline-0_orig_.js","lineNumber":"8","columnNumber":"11"}}
{"entryKind":"call","function":{"valueKind":"abstract-object","value":{"objectKind":"other"}},"base":{"valueKind":"abstract-object","value":{"objectKind":"other"}},"arguments":[{"valueKind":"abstract-primitive","value":"STR_IDENTIFIERPARTS"}],"sourceLocation":{"fileName":"inline-0_orig_.js","lineNumber":"8","columnNumber":"11"}}
{"entryKind":"write-variable","name":{"valueKind":"concrete-string","value":"ctx"},"value":{"valueKind":"abstract-object","value":{"objectKind":"other"}},"sourceLocation":{"fileName":"inline-0_orig_.js","lineNumber":"8","columnNumber":"11"}}
{"entryKind":"read-variable","name":{"valueKind":"concrete-string","value":"ctx"},"value":{"valueKind":"abstract-object","value":{"objectKind":"other"}},"sourceLocation":{"fileName":"inline-0_orig_.js","lineNumber":"9","columnNumber":"5"}}
{"entryKind":"write-property","name":{"valueKind":"concrete-string","value":"lineCap"},"value":{"valueKind":"abstract-primitive","value":"STR_IDENTIFIER"},"sourceLocation":{"fileName":"inline-0_orig_.js","lineNumber":"9","columnNumber":"5"}}
{"entryKind":"write-variable","name":{"valueKind":"concrete-string","value":"itercount"},"value":{"valueKind":"abstract-primitive","value":"0"},"sourceLocation":{"fileName":"inline-0_orig_.js","lineNumber":"10","columnNumber":"17"}}
{"entryKind":"write-variable","name":{"valueKind":"concrete-string","value":"lastframe"},"value":{"valueKind":"abstract-primitive","value":"0"},"sourceLocation":{"fileName":"inline-0_orig_.js","lineNumber":"12","columnNumber":"17"}}
{"entryKind":"write-variable","name":{"valueKind":"concrete-string","value":"starttime"},"value":{"valueKind":"abstract-primitive","value":"0"},"sourceLocation":{"fileName":"inline-0_orig_.js","lineNumber":"22","columnNumber":"17"}}
{"entryKind":"read-variable","name":{"valueKind":"concrete-string","value":"innerWidth"},"value":{"valueKind":"abstract-primitive","value":"NUM_UINT"},"sourceLocation":{"fileName":"inline-0_orig_.js","lineNumber":"23","columnNumber":"16"}}
{"entryKind":"read-variable","name":{"valueKind":"concrete-string","value":"innerHeight"},"value":{"valueKind":"abstract-primitive","value":"NUM_UINT"},"sourceLocation":{"fileName":"inline-0_orig_.js","lineNumber":"23","columnNumber":"32"}}
{"entryKind":"write-variable","name":{"valueKind":"concrete-string","value":"pos"},"value":{"valueKind":"abstract-object","value":{"objectKind":"allocation-site","allocationSite":{"fileName":"inline-0_orig_.js","lineNumber":"23","columnNumber":"15"}}},"sourceLocation":{"fileName":"inline-0_orig_.js","lineNumber":"23","columnNumber":"15"}}
{"entryKind":"write-variable","name":{"valueKind":"concrete-string","value":"recent_pos"},"value":{"valueKind":"abstract-object","value":{"objectKind":"allocation-site","allocationSite":{"fileName":"inline-0_orig_.js","lineNumber":"25","columnNumber":"22"}}},"sourceLocation":{"fileName":"inline-0_orig_.js","lineNumber":"25","columnNumber":"22"}}
{"entryKind":"write-variable","name":{"valueKind":"concrete-string","value":"planets"},"value":{"valueKind":"abstract-object","value":{"objectKind":"allocation-site","allocationSite":{"fileName":"inline-0_orig_.js","lineNumber":"27","columnNumber":"19"}}},"sourceLocation":{"fileName":"inline-0_orig_.js","lineNumber":"27","columnNumber":"19"}}
{"entryKind":"write-variable","name":{"valueKind":"concrete-string","value":"i"},"value":{"valueKind":"abstract-primitive","value":"0"},"sourceLocation":{"fileName":"inline-0_orig_.js","lineNumber":"28","columnNumber":"18"}}
{"entryKind":"read-variable","name":{"valueKind":"concrete-string","value":"i"},"value":{"valueKind":"abstract-primitive","value":"0"},"sourceLocation":{"fileName":"inline-0_orig_.js","lineNumber":"28","columnNumber":"21"}}
{"entryKind":"read-variable","name":{"valueKind":"concrete-string","value":"innerWidth"},"value":{"valueKind":"abstract-primitive","value":"NUM_UINT"},"sourceLocation":{"fileName":"inline-0_orig_.js","lineNumber":"28","columnNumber":"25"}}
{"entryKind":"read-variable","name":{"valueKind":"concrete-string","value":"innerHeight"},"value":{"valueKind":"abstract-primitive","value":"NUM_UINT"},"sourceLocation":{"fileName":"inline-0_orig_.js","lineNumber":"28","columnNumber":"38"}}
{"entryKind":"read-variable","name":{"valueKind":"concrete-string","value":"planets"},"value":{"valueKind":"abstract-object","value":{"objectKind":"allocation-site","allocationSite":{"fileName":"inline-0_orig_.js","lineNumber":"27","columnNumber":"19"}}},"sourceLocation":{"fileName":"inline-0_orig_.js","lineNumber":"29","columnNumber":"9"}}
{"entryKind":"read-property","name":{"valueKind":"concrete-string","value":"push"},"value":{"valueKind":"abstract-object","value":{"objectKind":"builtin","canonicalName":"Array.prototype.push"}},"sourceLocation":{"fileName":"inline-0_orig_.js","lineNumber":"29","columnNumber":"9"}}
{"entryKind":"read-variable","name":{"valueKind":"concrete-string","value":"Math"},"value":{"valueKind":"abstract-object","value":{"objectKind":"builtin","canonicalName":"Math"}},"sourceLocation":{"fileName":"inline-0_orig_.js","lineNumber":"29","columnNumber":"23"}}
{"entryKind":"read-property","name":{"valueKind":"concrete-string","value":"random"},"value":{"valueKind":"abstract-object","value":{"objectKind":"builtin","canonicalName":"Math.random"}},"sourceLocation":{"fileName":"inline-0_orig_.js","lineNumber":"29","columnNumber":"23"}}
{"entryKind":"call","function":{"valueKind":"abstract-object","value":{"objectKind":"builtin","canonicalName":"Math.random"}},"base":{"valueKind":"abstract-object","value":{"objectKind":"builtin","canonicalName":"Math"}},"arguments":[],"sourceLocation":{"fileName":"inline-0_orig_.js","lineNumber":"29","columnNumber":"23"}}
{"entryKind":"read-variable","name":{"valueKind":"concrete-string","value":"innerWidth"},"value":{"valueKind":"abstract-primitive","value":"NUM_UINT"},"sourceLocation":{"fileName":"inline-0_orig_.js","lineNumber":"29","columnNumber":"39"}}
{"entryKind":"read-variable","name":{"valueKind":"concrete-string","value":"Math"},"value":{"valueKind":"abstract-object","value":{"objectKind":"builtin","canonicalName":"Math"}},"sourceLocation":{"fileName":"inline-0_orig_.js","lineNumber":"29","columnNumber":"50"}}
{"entryKind":"read-property","name":{"valueKind":"concrete-string","value":"random"},"value":{"valueKind":"abstract-object","value":{"objectKind":"builtin","canonicalName":"Math.random"}},"sourceLocation":{"fileName":"inline-0_orig_.js","lineNumber":"29","columnNumber":"50"}}
{"entryKind":"call","function":{"valueKind":"abstract-object","value":{"objectKind":"builtin","canonicalName":"Math.random"}},"base":{"valueKind":"abstract-object","value":{"objectKind":"builtin","canonicalName":"Math"}},"arguments":[],"sourceLocation":{"fileName":"inline-0_orig_.js","lineNumber":"29","columnNumber":"50"}}
{"entryKind":"read-variable","name":{"valueKind":"concrete-string","value":"innerHeight"},"value":{"valueKind":"abstract-primitive","value":"NUM_UINT"},"sourceLocation":{"fileName":"inline-0_orig_.js","lineNumber":"29","columnNumber":"66"}}
{"entryKind":"read-variable","name":{"valueKind":"concrete-string","value":"Math"},"value":{"valueKind":"abstract-object","value":{"objectKind":"builtin","canonicalName":"Math"}},"sourceLocation":{"fileName":"inline-0_orig_.js","lineNumber":"29","columnNumber":"83"}}
{"entryKind":"read-property","name":{"valueKind":"concrete-string","value":"random"},"value":{"valueKind":"abstract-object","value":{"objectKind":"builtin","canonicalName":"Math.random"}},"sourceLocation":{"fileName":"inline-0_orig_.js","lineNumber":"29","columnNumber":"83"}}
{"entryKind":"call","function":{"valueKind":"abstract-object","value":{"objectKind":"builtin","canonicalName":"Math.random"}},"base":{"valueKind":"abstract-object","value":{"objectKind":"builtin","canonicalName":"Math"}},"arguments":[],"sourceLocation":{"fileName":"inline-0_orig_.js","lineNumber":"29","columnNumber":"83"}}
{"entryKind":"call","function":{"valueKind":"abstract-object","value":{"objectKind":"builtin","canonicalName":"Array.prototype.push"}},"base":{"valueKind":"abstract-object","value":{"objectKind":"allocation-site","allocationSite":{"fileName":"inline-0_orig_.js","lineNumber":"27","columnNumber":"19"}}},"arguments":[{"valueKind":"abstract-object","value":{"objectKind":"allocation-site","allocationSite":{"fileName":"inline-0_orig_.js","lineNumber":"29","columnNumber":"22"}}}],"sourceLocation":{"fileName":"inline-0_orig_.js","lineNumber":"29","columnNumber":"9"}}
{"entryKind":"read-variable","name":{"valueKind":"concrete-string","value":"i"},"value":{"valueKind":"abstract-primitive","value":"0"},"sourceLocation":{"fileName":"inline-0_orig_.js","lineNumber":"28","columnNumber":"60"}}
{"entryKind":"write-variable","name":{"valueKind":"concrete-string","value":"i"},"value":{"valueKind":"abstract-primitive","value":"1"},"sourceLocation":{"fileName":"inline-0_orig_.js","lineNumber":-1,"columnNumber":-1}}
{"entryKind":"read-variable","name":{"valueKind":"concrete-string","value":"i"},"value":{"valueKind":"abstract-primitive","value":"1"},"sourceLocation":{"fileName":"inline-0_orig_.js","lineNumber":"28","columnNumber":"21"}}
{"entryKind":"read-variable","name":{"valueKind":"concrete-string","value":"i"},"value":{"valueKind":"abstract-primitive","value":"1"},"sourceLocation":{"fileName":"inline-0_orig_.js","lineNumber":"28","columnNumber":"60"}}
{"entryKind":"write-variable","name":{"valueKind":"concrete-string","value":"i"},"value":{"valueKind":"abstract-primitive","value":"NUM_UINT"},"sourceLocation":{"fileName":"inline-0_orig_.js","lineNumber":-1,"columnNumber":-1}}
{"entryKind":"read-variable","name":{"valueKind":"concrete-string","value":"i"},"value":{"valueKind":"abstract-primitive","value":"NUM_UINT"},"sourceLocation":{"fileName":"inline-0_orig_.js","lineNumber":"28","columnNumber":"21"}}
{"entryKind":"read-variable","name":{"valueKind":"concrete-string","value":"i"},"value":{"valueKind":"abstract-primitive","value":"NUM_UINT"},"sourceLocation":{"fileName":"inline-0_orig_.js","lineNumber":"28","columnNumber":"60"}}
{"entryKind":"write-variable","name":{"valueKind":"concrete-string","value":"gvectors"},"value":{"valueKind":"abstract-object","value":{"objectKind":"allocation-site","allocationSite":{"fileName":"inline-0_orig_.js","lineNumber":"31","columnNumber":"20"}}},"sourceLocation":{"fileName":"inline-0_orig_.js","lineNumber":"31","columnNumber":"20"}}
{"entryKind":"write-variable","name":{"valueKind":"concrete-string","value":"i"},"value":{"valueKind":"abstract-primitive","value":"0"},"sourceLocation":{"fileName":"inline-0_orig_.js","lineNumber":"32","columnNumber":"18"}}
{"entryKind":"read-variable","name":{"valueKind":"concrete-string","value":"i"},"value":{"valueKind":"abstract-primitive","value":"0"},"sourceLocation":{"fileName":"inline-0_orig_.js","lineNumber":"32","columnNumber":"21"}}
{"entryKind":"read-variable","name":{"valueKind":"concrete-string","value":"planets"},"value":{"valueKind":"abstract-object","value":{"objectKind":"allocation-site","allocationSite":{"fileName":"inline-0_orig_.js","lineNumber":"27","columnNumber":"19"}}},"sourceLocation":{"fileName":"inline-0_orig_.js","lineNumber":"32","columnNumber":"25"}}
{"entryKind":"read-property","name":{"valueKind":"concrete-string","value":"length"},"value":{"valueKind":"abstract-primitive","value":"NUM_UINT"},"sourceLocation":{"fileName":"inline-0_orig_.js","lineNumber":"32","columnNumber":"25"}}
{"entryKind":"read-variable","name":{"valueKind":"concrete-string","value":"gvectors"},"value":{"valueKind":"abstract-object","value":{"objectKind":"allocation-site","allocationSite":{"fileName":"inline-0_orig_.js","lineNumber":"31","columnNumber":"20"}}},"sourceLocation":{"fileName":"inline-0_orig_.js","lineNumber":"33","columnNumber":"9"}}
{"entryKind":"read-variable","name":{"valueKind":"concrete-string","value":"i"},"value":{"valueKind":"abstract-primitive","value":"0"},"sourceLocation":{"fileName":"inline-0_orig_.js","lineNumber":"33","columnNumber":"18"}}
{"entryKind":"read-variable","name":{"valueKind":"concrete-string","value":"gvect"},"value":{"valueKind":"abstract-object","value":{"objectKind":"allocation-site","allocationSite":{"fileName":"inline-0_orig_.js","lineNumber":"93","columnNumber":"5"}}},"sourceLocation":{"fileName":"inline-0_orig_.js","lineNumber":"33","columnNumber":"23"}}
{"entryKind":"read-variable","name":{"valueKind":"concrete-string","value":"pos"},"value":{"valueKind":"abstract-object","value":{"objectKind":"allocation-site","allocationSite":{"fileName":"inline-0_orig_.js","lineNumber":"23","columnNumber":"15"}}},"sourceLocation":{"fileName":"inline-0_orig_.js","lineNumber":"33","columnNumber":"29"}}
{"entryKind":"read-property","name":{"valueKind":"abstract-primitive","value":"0"},"value":{"valueKind":"abstract-primitive","value":"NUM_UINT"},"sourceLocation":{"fileName":"inline-0_orig_.js","lineNumber":"33","columnNumber":"29"}}
{"entryKind":"read-variable","name":{"valueKind":"concrete-string","value":"pos"},"value":{"valueKind":"abstract-object","value":{"objectKind":"allocation-site","allocationSite":{"fileName":"inline-0_orig_.js","lineNumber":"23","columnNumber":"15"}}},"sourceLocation":{"fileName":"inline-0_orig_.js","lineNumber":"33","columnNumber":"37"}}
{"entryKind":"read-property","name":{"valueKind":"abstract-primitive","value":"1"},"value":{"valueKind":"abstract-primitive","value":"NUM_OTHER"},"sourceLocation":{"fileName":"inline-0_orig_.js","lineNumber":"33","columnNumber":"37"}}
{"entryKind":"read-variable","name":{"valueKind":"concrete-string","value":"planets"},"value":{"valueKind":"abstract-object","value":{"objectKind":"allocation-site","allocationSite":{"fileName":"inline-0_orig_.js","lineNumber":"27","columnNumber":"19"}}},"sourceLocation":{"fileName":"inline-0_orig_.js","lineNumber":"33","columnNumber":"45"}}
{"entryKind":"read-variable","name":{"valueKind":"concrete-string","value":"i"},"value":{"valueKind":"abstract-primitive","value":"0"},"sourceLocation":{"fileName":"inline-0_orig_.js","lineNumber":"33","columnNumber":"53"}}
{"entryKind":"read-property","name":{"valueKind":"abstract-primitive","value":"0"},"value":{"valueKind":"abstract-object","value":{"objectKind":"allocation-site","allocationSite":{"fileName":"inline-0_orig_.js","lineNumber":"29","columnNumber":"22"}}},"sourceLocation":{"fileName":"inline-0_orig_.js","lineNumber":"33","columnNumber":"45"}}
{"entryKind":"read-property","name":{"valueKind":"abstract-primitive","value":"0"},"value":{"valueKind":"abstract-primitive","value":"NUM_OTHER"},"sourceLocation":{"fileName":"inline-0_orig_.js","lineNumber":"33","columnNumber":"45"}}
{"entryKind":"read-variable","name":{"valueKind":"concrete-string","value":"planets"},"value":{"valueKind":"abstract-object","value":{"objectKind":"allocation-site","allocationSite":{"fileName":"inline-0_orig_.js","lineNumber":"27","columnNumber":"19"}}},"sourceLocation":{"fileName":"inline-0_orig_.js","lineNumber":"33","columnNumber":"60"}}
{"entryKind":"read-variable","name":{"valueKind":"concrete-string","value":"i"},"value":{"valueKind":"abstract-primitive","value":"0"},"sourceLocation":{"fileName":"inline-0_orig_.js","lineNumber":"33","columnNumber":"68"}}
{"entryKind":"read-property","name":{"valueKind":"abstract-primitive","value":"0"},"value":{"valueKind":"abstract-object","value":{"objectKind":"allocation-site","allocationSite":{"fileName":"inline-0_orig_.js","lineNumber":"29","columnNumber":"22"}}},"sourceLocation":{"fileName":"inline-0_orig_.js","lineNumber":"33","columnNumber":"60"}}
{"entryKind":"read-property","name":{"valueKind":"abstract-primitive","value":"1"},"value":{"valueKind":"abstract-primitive","value":"NUM_OTHER"},"sourceLocation":{"fileName":"inline-0_orig_.js","lineNumber":"33","columnNumber":"60"}}
{"entryKind":"read-variable","name":{"valueKind":"concrete-string","value":"planets"},"value":{"valueKind":"abstract-object","value":{"objectKind":"allocation-site","allocationSite":{"fileName":"inline-0_orig_.js","lineNumber":"27","columnNumber":"19"}}},"sourceLocation":{"fileName":"inline-0_orig_.js","lineNumber":"33","columnNumber":"75"}}
{"entryKind":"read-variable","name":{"valueKind":"concrete-string","value":"i"},"value":{"valueKind":"abstract-primitive","value":"0"},"sourceLocation":{"fileName":"inline-0_orig_.js","lineNumber":"33","columnNumber":"83"}}
{"entryKind":"read-property","name":{"valueKind":"abstract-primitive","value":"0"},"value":{"valueKind":"abstract-object","value":{"objectKind":"allocation-site","allocationSite":{"fileName":"inline-0_orig_.js","lineNumber":"29","columnNumber":"22"}}},"sourceLocation":{"fileName":"inline-0_orig_.js","lineNumber":"33","columnNumber":"75"}}
{"entryKind":"read-property","name":{"valueKind":"abstract-primitive","value":"NUM_UINT"},"value":{"valueKind":"abstract-primitive","value":"NUM_OTHER"},"sourceLocation":{"fileName":"inline-0_orig_.js","lineNumber":"33","columnNumber":"75"}}
{"entryKind":"read-variable","name":{"valueKind":"concrete-string","value":"GRAV_CONSTANT"},"value":{"valueKind":"abstract-primitive","value":"NUM_UINT"},"sourceLocation":{"fileName":"inline-0_orig_.js","lineNumber":"33","columnNumber":"91"}}
{"entryKind":"call","function":{"valueKind":"abstract-object","value":{"objectKind":"allocation-site","allocationSite":{"fileName":"inline-0_orig_.js","lineNumber":"93","columnNumber":"5"}}},"base":{"valueKind":"abstract-object","value":{"objectKind":"builtin","canonicalName":"<the global object>"}},"arguments":[{"valueKind":"abstract-primitive","value":"NUM_UINT"},{"valueKind":"abstract-primitive","value":"NUM_OTHER"},{"valueKind":"abstract-primitive","value":"NUM_OTHER"},{"valueKind":"abstract-primitive","value":"NUM_OTHER"},{"valueKind":"abstract-primitive","value":"NUM_OTHER"}],"sourceLocation":{"fileName":"inline-0_orig_.js","lineNumber":"33","columnNumber":"23"}}
{"entryKind":"function-entry","base":{"valueKind":"abstract-object","value":{"objectKind":"builtin","canonicalName":"<the global object>"}},"arguments":[{"valueKind":"abstract-primitive","value":"NUM_UINT"},{"valueKind":"abstract-primitive","value":"NUM_OTHER"},{"valueKind":"abstract-primitive","value":"NUM_OTHER"},{"valueKind":"abstract-primitive","value":"NUM_OTHER"},{"valueKind":"abstract-primitive","value":"NUM_OTHER"}],"sourceLocation":{"fileName":"inline-0_orig_.js","lineNumber":"93","columnNumber":"5"}}
{"entryKind":"read-variable","name":{"valueKind":"concrete-string","value":"px"},"value":{"valueKind":"abstract-primitive","value":"NUM_OTHER"},"sourceLocation":{"fileName":"inline-0_orig_.js","lineNumber":"94","columnNumber":"18"}}
{"entryKind":"read-variable","name":{"valueKind":"concrete-string","value":"x"},"value":{"valueKind":"abstract-primitive","value":"NUM_UINT"},"sourceLocation":{"fileName":"inline-0_orig_.js","lineNumber":"94","columnNumber":"23"}}
{"entryKind":"write-variable","name":{"valueKind":"concrete-string","value":"dx"},"value":{"valueKind":"abstract-primitive","value":"NUM_OTHER"},"sourceLocation":{"fileName":"inline-0_orig_.js","lineNumber":"94","columnNumber":"18"}}
{"entryKind":"read-variable","name":{"valueKind":"concrete-string","value":"py"},"value":{"valueKind":"abstract-primitive","value":"NUM_OTHER"},"sourceLocation":{"fileName":"inline-0_orig_.js","lineNumber":"94","columnNumber":"31"}}
{"entryKind":"read-variable","name":{"valueKind":"concrete-string","value":"y"},"value":{"valueKind":"abstract-primitive","value":"NUM_OTHER"},"sourceLocation":{"fileName":"inline-0_orig_.js","lineNumber":"94","columnNumber":"36"}}
{"entryKind":"write-variable","name":{"valueKind":"concrete-string","value":"dy"},"value":{"valueKind":"abstract-primitive","value":"NUM_OTHER"},"sourceLocation":{"fileName":"inline-0_orig_.js","lineNumber":"94","columnNumber":"31"}}
{"entryKind":"read-variable","name":{"valueKind":"concrete-string","value":"dx"},"value":{"valueKind":"abstract-primitive","value":"NUM_OTHER"},"sourceLocation":{"fileName":"inline-0_orig_.js","lineNumber":"95","columnNumber":"19"}}
{"entryKind":"read-variable","name":{"valueKind":"concrete-string","value":"dx"},"value":{"valueKind":"abstract-primitive","value":"NUM_OTHER"},"sourceLocation":{"fileName":"inline-0_orig_.js","lineNumber":"95","columnNumber":"24"}}
{"entryKind":"read-variable","name":{"valueKind":"concrete-string","value":"dy"},"value":{"valueKind":"abstract-primitive","value":"NUM_OTHER"},"sourceLocation":{"fileName":"inline-0_orig_.js","lineNumber":"95","columnNumber":"29"}}
{"entryKind":"read-variable","name":{"valueKind":"concrete-string","value":"dy"},"value":{"valueKind":"abstract-primitive","value":"NUM_OTHER"},"sourceLocation":{"fileName":"inline-0_orig_.js","lineNumber":"95","columnNumber":"34"}}
{"entryKind":"write-variable","name":{"valueKind":"concrete-string","value":"dsq"},"value":{"valueKind":"abstract-primitive","value":"NUM_OTHER"},"sourceLocation":{"fileName":"inline-0_orig_.js","lineNumber":"95","columnNumber":"19"}}
{"entryKind":"read-variable","name":{"valueKind":"concrete-string","value":"Math"},"value":{"valueKind":"abstract-object","value":{"objectKind":"builtin","canonicalName":"Math"}},"sourceLocation":{"fileName":"inline-0_orig_.js","lineNumber":"96","columnNumber":"17"}}
{"entryKind":"read-property","name":{"valueKind":"concrete-string","value":"sqrt"},"value":{"valueKind":"abstract-object","value":{"objectKind":"builtin","canonicalName":"Math.sqrt"}},"sourceLocation":{"fileName":"inline-0_orig_.js","lineNumber":"96","columnNumber":"17"}}
{"entryKind":"read-variable","name":{"valueKind":"concrete-string","value":"dsq"},"value":{"valueKind":"abstract-primitive","value":"NUM_OTHER"},"sourceLocation":{"fileName":"inline-0_orig_.js","lineNumber":"96","columnNumber":"27"}}
{"entryKind":"call","function":{"valueKind":"abstract-object","value":{"objectKind":"builtin","canonicalName":"Math.sqrt"}},"base":{"valueKind":"abstract-object","value":{"objectKind":"builtin","canonicalName":"Math"}},"arguments":[{"valueKind":"abstract-primitive","value":"NUM_OTHER"}],"sourceLocation":{"fileName":"inline-0_orig_.js","lineNumber":"96","columnNumber":"17"}}
{"entryKind":"write-variable","name":{"valueKind":"concrete-string","value":"d"},"value":{"valueKind":"abstract-primitive","value":"NUM_OTHER"},"sourceLocation":{"fileName":"inline-0_orig_.js","lineNumber":"96","columnNumber":"17"}}
{"entryKind":"read-variable","name":{"valueKind":"concrete-string","value":"m"},"value":{"valueKind":"abstract-primitive","value":"NUM_OTHER"},"sourceLocation":{"fileName":"inline-0_orig_.js","lineNumber":"97","columnNumber":"17"}}
{"entryKind":"read-variable","name":{"valueKind":"concrete-string","value":"dsq"},"value":{"valueKind":"abstract-primitive","value":"NUM_OTHER"},"sourceLocation":{"fileName":"inline-0_orig_.js","lineNumber":"97","columnNumber":"25"}}
{"entryKind":"write-variable","name":{"valueKind":"concrete-string","value":"g"},"value":{"valueKind":"abstract-primitive","value":"NUM_OTHER"},"sourceLocation":{"fileName":"inline-0_orig_.js","lineNumber":"97","columnNumber":"17"}}
{"entryKind":"read-variable","name":{"valueKind":"concrete-string","value":"dx"},"value":{"valueKind":"abstract-primitive","value":"NUM_OTHER"},"sourceLocation":{"fileName":"inline-0_orig_.js","lineNumber":"100","columnNumber":"17"}}
{"entryKind":"read-variable","name":{"valueKind":"concrete-string","value":"d"},"value":{"valueKind":"abstract-primitive","value":"NUM_OTHER"},"sourceLocation":{"fileName":"inline-0_orig_.js","lineNumber":"100","columnNumber":"22"}}
{"entryKind":"read-variable","name":{"valueKind":"concrete-string","value":"g"},"value":{"valueKind":"abstract-primitive","value":"NUM_OTHER"},"sourceLocation":{"fileName":"inline-0_orig_.js","lineNumber":"100","columnNumber":"26"}}
{"entryKind":"read-variable","name":{"valueKind":"concrete-string","value":"dy"},"value":{"valueKind":"abstract-primitive","value":"NUM_OTHER"},"sourceLocation":{"fileName":"inline-0_orig_.js","lineNumber":"100","columnNumber":"30"}}
{"entryKind":"read-variable","name":{"valueKind":"concrete-string","value":"d"},"value":{"valueKind":"abstract-primitive","value":"NUM_OTHER"},"sourceLocation":{"fileName":"inline-0_orig_.js","lineNumber":"100","columnNumber":"35"}}
{"entryKind":"read-variable","name":{"valueKind":"concrete-string","value":"g"},"value":{"valueKind":"abstract-primitive","value":"NUM_OTHER"},"sourceLocation":{"fileName":"inline-0_orig_.js","lineNumber":"100","columnNumber":"39"}}
{"entryKind":"function-exit","returnValue":{"valueKind":"abstract-object","value":{"objectKind":"allocation-site","allocationSite":{"fileName":"inline-0_orig_.js","lineNumber":"100","columnNumber":"16"}}},"sourceLocation":{"fileName":"inline-0_orig_.js","lineNumber":"93","columnNumber":"5"}}
{"entryKind":"write-property","name":{"valueKind":"abstract-primitive","value":"0"},"value":{"valueKind":"abstract-object","value":{"objectKind":"allocation-site","allocationSite":{"fileName":"inline-0_orig_.js","lineNumber":"100","columnNumber":"16"}}},"sourceLocation":{"fileName":"inline-0_orig_.js","lineNumber":"33","columnNumber":"9"}}
{"entryKind":"read-variable","name":{"valueKind":"concrete-string","value":"i"},"value":{"valueKind":"abstract-primitive","value":"0"},"sourceLocation":{"fileName":"inline-0_orig_.js","lineNumber":"32","columnNumber":"41"}}
{"entryKind":"read-variable","name":{"valueKind":"concrete-string","value":"i"},"value":{"valueKind":"abstract-primitive","value":"1"},"sourceLocation":{"fileName":"inline-0_orig_.js","lineNumber":"32","columnNumber":"21"}}
{"entryKind":"read-variable","name":{"valueKind":"concrete-string","value":"i"},"value":{"valueKind":"abstract-primitive","value":"1"},"sourceLocation":{"fileName":"inline-0_orig_.js","lineNumber":"33","columnNumber":"18"}}
{"entryKind":"read-variable","name":{"valueKind":"concrete-string","value":"i"},"value":{"valueKind":"abstract-primitive","value":"1"},"sourceLocation":{"fileName":"inline-0_orig_.js","lineNumber":"33","columnNumber":"53"}}
{"entryKind":"read-property","name":{"valueKind":"abstract-primitive","value":"1"},"value":{"valueKind":"abstract-object","value":{"objectKind":"allocation-site","allocationSite":{"fileName":"inline-0_orig_.js","lineNumber":"29","columnNumber":"22"}}},"sourceLocation":{"fileName":"inline-0_orig_.js","lineNumber":"33","columnNumber":"45"}}
{"entryKind":"read-variable","name":{"valueKind":"concrete-string","value":"i"},"value":{"valueKind":"abstract-primitive","value":"1"},"sourceLocation":{"fileName":"inline-0_orig_.js","lineNumber":"33","columnNumber":"68"}}
{"entryKind":"read-property","name":{"valueKind":"abstract-primitive","value":"1"},"value":{"valueKind":"abstract-object","value":{"objectKind":"allocation-site","allocationSite":{"fileName":"inline-0_orig_.js","lineNumber":"29","columnNumber":"22"}}},"sourceLocation":{"fileName":"inline-0_orig_.js","lineNumber":"33","columnNumber":"60"}}
{"entryKind":"read-variable","name":{"valueKind":"concrete-string","value":"i"},"value":{"valueKind":"abstract-primitive","value":"1"},"sourceLocation":{"fileName":"inline-0_orig_.js","lineNumber":"33","columnNumber":"83"}}
{"entryKind":"read-property","name":{"valueKind":"abstract-primitive","value":"1"},"value":{"valueKind":"abstract-object","value":{"objectKind":"allocation-site","allocationSite":{"fileName":"inline-0_orig_.js","lineNumber":"29","columnNumber":"22"}}},"sourceLocation":{"fileName":"inline-0_orig_.js","lineNumber":"33","columnNumber":"75"}}
{"entryKind":"write-property","name":{"valueKind":"abstract-primitive","value":"1"},"value":{"valueKind":"abstract-object","value":{"objectKind":"allocation-site","allocationSite":{"fileName":"inline-0_orig_.js","lineNumber":"100","columnNumber":"16"}}},"sourceLocation":{"fileName":"inline-0_orig_.js","lineNumber":"33","columnNumber":"9"}}
{"entryKind":"read-variable","name":{"valueKind":"concrete-string","value":"i"},"value":{"valueKind":"abstract-primitive","value":"1"},"sourceLocation":{"fileName":"inline-0_orig_.js","lineNumber":"32","columnNumber":"41"}}
{"entryKind":"read-variable","name":{"valueKind":"concrete-string","value":"i"},"value":{"valueKind":"abstract-primitive","value":"NUM_UINT"},"sourceLocation":{"fileName":"inline-0_orig_.js","lineNumber":"32","columnNumber":"21"}}
{"entryKind":"read-variable","name":{"valueKind":"concrete-string","value":"i"},"value":{"valueKind":"abstract-primitive","value":"NUM_UINT"},"sourceLocation":{"fileName":"inline-0_orig_.js","lineNumber":"33","columnNumber":"18"}}
{"entryKind":"read-variable","name":{"valueKind":"concrete-string","value":"i"},"value":{"valueKind":"abstract-primitive","value":"NUM_UINT"},"sourceLocation":{"fileName":"inline-0_orig_.js","lineNumber":"33","columnNumber":"53"}}
{"entryKind":"read-property","name":{"valueKind":"abstract-primitive","value":"NUM_UINT"},"value":{"valueKind":"abstract-object","value":{"objectKind":"allocation-site","allocationSite":{"fileName":"inline-0_orig_.js","lineNumber":"29","columnNumber":"22"}}},"sourceLocation":{"fileName":"inline-0_orig_.js","lineNumber":"33","columnNumber":"45"}}
{"entryKind":"read-variable","name":{"valueKind":"concrete-string","value":"i"},"value":{"valueKind":"abstract-primitive","value":"NUM_UINT"},"sourceLocation":{"fileName":"inline-0_orig_.js","lineNumber":"33","columnNumber":"68"}}
{"entryKind":"read-property","name":{"valueKind":"abstract-primitive","value":"NUM_UINT"},"value":{"valueKind":"abstract-object","value":{"objectKind":"allocation-site","allocationSite":{"fileName":"inline-0_orig_.js","lineNumber":"29","columnNumber":"22"}}},"sourceLocation":{"fileName":"inline-0_orig_.js","lineNumber":"33","columnNumber":"60"}}
{"entryKind":"read-variable","name":{"valueKind":"concrete-string","value":"i"},"value":{"valueKind":"abstract-primitive","value":"NUM_UINT"},"sourceLocation":{"fileName":"inline-0_orig_.js","lineNumber":"33","columnNumber":"83"}}
{"entryKind":"read-property","name":{"valueKind":"abstract-primitive","value":"NUM_UINT"},"value":{"valueKind":"abstract-object","value":{"objectKind":"allocation-site","allocationSite":{"fileName":"inline-0_orig_.js","lineNumber":"29","columnNumber":"22"}}},"sourceLocation":{"fileName":"inline-0_orig_.js","lineNumber":"33","columnNumber":"75"}}
{"entryKind":"write-property","name":{"valueKind":"abstract-primitive","value":"NUM_UINT"},"value":{"valueKind":"abstract-object","value":{"objectKind":"allocation-site","allocationSite":{"fileName":"inline-0_orig_.js","lineNumber":"100","columnNumber":"16"}}},"sourceLocation":{"fileName":"inline-0_orig_.js","lineNumber":"33","columnNumber":"9"}}
{"entryKind":"read-variable","name":{"valueKind":"concrete-string","value":"i"},"value":{"valueKind":"abstract-primitive","value":"NUM_UINT"},"sourceLocation":{"fileName":"inline-0_orig_.js","lineNumber":"32","columnNumber":"41"}}
{"entryKind":"read-variable","name":{"valueKind":"concrete-string","value":"document"},"value":{"valueKind":"abstract-object","value":{"objectKind":"other"}},"sourceLocation":{"fileName":"inline-0_orig_.js","lineNumber":"37","columnNumber":"5"}}
{"entryKind":"read-property","name":{"valueKind":"concrete-string","value":"body"},"value":{"valueKind":"abstract-object","value":{"objectKind":"other"}},"sourceLocation":{"fileName":"inline-0_orig_.js","lineNumber":"37","columnNumber":"5"}}
{"entryKind":"write-property","name":{"valueKind":"concrete-string","value":"onmousemove"},"value":{"valueKind":"abstract-object","value":{"objectKind":"allocation-site","allocationSite":{"fileName":"inline-0_orig_.js","lineNumber":"37","columnNumber":"33"}}},"sourceLocation":{"fileName":"inline-0_orig_.js","lineNumber":"37","columnNumber":"5"}}
{"entryKind":"read-variable","name":{"valueKind":"concrete-string","value":"document"},"value":{"valueKind":"abstract-object","value":{"objectKind":"other"}},"sourceLocation":{"fileName":"inline-0_orig_.js","lineNumber":"68","columnNumber":"5"}}
{"entryKind":"read-property","name":{"valueKind":"concrete-string","value":"body"},"value":{"valueKind":"abstract-object","value":{"objectKind":"other"}},"sourceLocation":{"fileName":"inline-0_orig_.js","lineNumber":"68","columnNumber":"5"}}
{"entryKind":"read-property","name":{"valueKind":"concrete-string","value":"onmousemove"},"value":{"valueKind":"abstract-object","value":{"objectKind":"allocation-site","allocationSite":{"fileName":"inline-0_orig_.js","lineNumber":"37","columnNumber":"33"}}},"sourceLocation":{"fileName":"inline-0_orig_.js","lineNumber":"68","columnNumber":"5"}}
{"entryKind":"read-variable","name":{"valueKind":"concrete-string","value":"innerWidth"},"value":{"valueKind":"abstract-primitive","value":"NUM_UINT"},"sourceLocation":{"fileName":"inline-0_orig_.js","lineNumber":"69","columnNumber":"18"}}
{"entryKind":"read-variable","name":{"valueKind":"concrete-string","value":"innerHeight"},"value":{"valueKind":"abstract-primitive","value":"NUM_UINT"},"sourceLocation":{"fileName":"inline-0_orig_.js","lineNumber":"70","columnNumber":"18"}}
{"entryKind":"call","function":{"valueKind":"abstract-object","value":{"objectKind":"allocation-site","allocationSite":{"fileName":"inline-0_orig_.js","lineNumber":"37","columnNumber":"33"}}},"base":{"valueKind":"abstract-object","value":{"objectKind":"other"}},"arguments":[{"valueKind":"abstract-object","value":{"objectKind":"allocation-site","allocationSite":{"fileName":"inline-0_orig_.js","lineNumber":"68","columnNumber":"31"}}}],"sourceLocation":{"fileName":"inline-0_orig_.js","lineNumber":"68","columnNumber":"5"}}
{"entryKind":"function-entry","base":{"valueKind":"abstract-object","value":{"objectKind":"other"}},"arguments":[{"valueKind":"abstract-object","value":{"objectKind":"allocation-site","allocationSite":{"fileName":"inline-0_orig_.js","lineNumber":"68","columnNumber":"31"}}}],"sourceLocation":{"fileName":"inline-0_orig_.js","lineNumber":"37","columnNumber":"33"}}
{"entryKind":"read-variable","name":{"valueKind":"concrete-string","value":"window"},"value":{"valueKind":"abstract-object","value":{"objectKind":"builtin","canonicalName":"<the global object>"}},"sourceLocation":{"fileName":"inline-0_orig_.js","lineNumber":"38","columnNumber":"14"}}
{"entryKind":"read-property","name":{"valueKind":"concrete-string","value":"motion"},"value":{"valueKind":"abstract-primitive","value":"undefined"},"sourceLocation":{"fileName":"inline-0_orig_.js","lineNumber":"38","columnNumber":"14"}}
{"entryKind":"read-variable","name":{"valueKind":"concrete-string","value":"ctx"},"value":{"valueKind":"abstract-object","value":{"objectKind":"other"}},"sourceLocation":{"fileName":"inline-0_orig_.js","lineNumber":"39","columnNumber":"13"}}
{"entryKind":"read-property","name":{"valueKind":"concrete-string","value":"clearRect"},"value":{"valueKind":"abstract-object","value":{"objectKind":"other"}},"sourceLocation":{"fileName":"inline-0_orig_.js","lineNumber":"39","columnNumber":"13"}}
{"entryKind":"read-variable","name":{"valueKind":"concrete-string","value":"innerWidth"},"value":{"valueKind":"abstract-primitive","value":"NUM_UINT"},"sourceLocation":{"fileName":"inline-0_orig_.js","lineNumber":"39","columnNumber":"33"}}
{"entryKind":"read-variable","name":{"valueKind":"concrete-string","value":"innerHeight"},"value":{"valueKind":"abstract-primitive","value":"NUM_UINT"},"sourceLocation":{"fileName":"inline-0_orig_.js","lineNumber":"39","columnNumber":"45"}}
{"entryKind":"call","function":{"valueKind":"abstract-object","value":{"objectKind":"other"}},"base":{"valueKind":"abstract-object","value":{"objectKind":"other"}},"arguments":[{"valueKind":"abstract-primitive","value":"0"},{"valueKind":"abstract-primitive","value":"0"},{"valueKind":"abstract-primitive","value":"NUM_UINT"},{"valueKind":"abstract-primitive","value":"NUM_UINT"}],"sourceLocation":{"fileName":"inline-0_orig_.js","lineNumber":"39","columnNumber":"13"}}
{"entryKind":"read-variable","name":{"valueKind":"concrete-string","value":"e"},"value":{"valueKind":"abstract-object","value":{"objectKind":"allocation-site","allocationSite":{"fileName":"inline-0_orig_.js","lineNumber":"68","columnNumber":"31"}}},"sourceLocation":{"fileName":"inline-0_orig_.js","lineNumber":"41","columnNumber":"36"}}
{"entryKind":"read-property","name":{"valueKind":"concrete-string","value":"clientX"},"value":{"valueKind":"abstract-primitive","value":"NUM_UINT"},"sourceLocation":{"fileName":"inline-0_orig_.js","lineNumber":"41","columnNumber":"36"}}
{"entryKind":"read-variable","name":{"valueKind":"concrete-string","value":"innerWidth"},"value":{"valueKind":"abstract-primitive","value":"NUM_UINT"},"sourceLocation":{"fileName":"inline-0_orig_.js","lineNumber":"41","columnNumber":"48"}}
{"entryKind":"read-variable","name":{"valueKind":"concrete-string","value":"e"},"value":{"valueKind":"abstract-object","value":{"objectKind":"allocation-site","allocationSite":{"fileName":"inline-0_orig_.js","lineNumber":"68","columnNumber":"31"}}},"sourceLocation":{"fileName":"inline-0_orig_.js","lineNumber":"41","columnNumber":"71"}}
{"entryKind":"read-property","name":{"valueKind":"concrete-string","value":"clientY"},"value":{"valueKind":"abstract-primitive","value":"NUM_OTHER"},"sourceLocation":{"fileName":"inline-0_orig_.js","lineNumber":"41","columnNumber":"71"}}
{"entryKind":"read-variable","name":{"valueKind":"concrete-string","value":"innerHeight"},"value":{"valueKind":"abstract-primitive","value":"NUM_UINT"},"sourceLocation":{"fileName":"inline-0_orig_.js","lineNumber":"41","columnNumber":"83"}}
{"entryKind":"write-variable","name":{"valueKind":"concrete-string","value":"initial_vector"},"value":{"valueKind":"abstract-object","value":{"objectKind":"allocation-site","allocationSite":{"fileName":"inline-0_orig_.js","lineNumber":"41","columnNumber":"34"}}},"sourceLocation":{"fileName":"inline-0_orig_.js","lineNumber":"41","columnNumber":"34"}}
{"entryKind":"read-variable","name":{"valueKind":"concrete-string","value":"Math"},"value":{"valueKind":"abstract-object","value":{"objectKind":"builtin","canonicalName":"Math"}},"sourceLocation":{"fileName":"inline-0_orig_.js","lineNumber":"42","columnNumber":"23"}}
{"entryKind":"read-property","name":{"valueKind":"concrete-string","value":"sqrt"},"value":{"valueKind":"abstract-object","value":{"objectKind":"builtin","canonicalName":"Math.sqrt"}},"sourceLocation":{"fileName":"inline-0_orig_.js","lineNumber":"42","columnNumber":"23"}}
{"entryKind":"read-variable","name":{"valueKind":"concrete-string","value":"initial_vector"},"value":{"valueKind":"abstract-object","value":{"objectKind":"allocation-site","allocationSite":{"fileName":"inline-0_orig_.js","lineNumber":"41","columnNumber":"34"}}},"sourceLocation":{"fileName":"inline-0_orig_.js","lineNumber":"42","columnNumber":"33"}}
{"entryKind":"read-property","name":{"valueKind":"abstract-primitive","value":"0"},"value":{"valueKind":"abstract-primitive","value":"0"},"sourceLocation":{"fileName":"inline-0_orig_.js","lineNumber":"42","columnNumber":"33"}}
{"entryKind":"read-variable","name":{"valueKind":"concrete-string","value":"initial_vector"},"value":{"valueKind":"abstract-object","value":{"objectKind":"allocation-site","allocationSite":{"fileName":"inline-0_orig_.js","lineNumber":"41","columnNumber":"34"}}},"sourceLocation":{"fileName":"inline-0_orig_.js","lineNumber":"42","columnNumber":"53"}}
{"entryKind":"read-property","name":{"valueKind":"abstract-primitive","value":"0"},"value":{"valueKind":"abstract-primitive","value":"0"},"sourceLocation":{"fileName":"inline-0_orig_.js","lineNumber":"42","columnNumber":"53"}}
{"entryKind":"read-variable","name":{"valueKind":"concrete-string","value":"initial_vector"},"value":{"valueKind":"abstract-object","value":{"objectKind":"allocation-site","allocationSite":{"fileName":"inline-0_orig_.js","lineNumber":"41","columnNumber":"34"}}},"sourceLocation":{"fileName":"inline-0_orig_.js","lineNumber":"42","columnNumber":"73"}}
{"entryKind":"read-property","name":{"valueKind":"abstract-primitive","value":"1"},"value":{"valueKind":"abstract-primitive","value":"0"},"sourceLocation":{"fileName":"inline-0_orig_.js","lineNumber":"42","columnNumber":"73"}}
{"entryKind":"read-variable","name":{"valueKind":"concrete-string","value":"initial_vector"},"value":{"valueKind":"abstract-object","value":{"objectKind":"allocation-site","allocationSite":{"fileName":"inline-0_orig_.js","lineNumber":"41","columnNumber":"34"}}},"sourceLocation":{"fileName":"inline-0_orig_.js","lineNumber":"42","columnNumber":"93"}}
{"entryKind":"read-property","name":{"valueKind":"abstract-primitive","value":"1"},"value":{"valueKind":"abstract-primitive","value":"0"},"sourceLocation":{"fileName":"inline-0_orig_.js","lineNumber":"42","columnNumber":"93"}}
{"entryKind":"call","function":{"valueKind":"abstract-object","value":{"objectKind":"builtin","canonicalName":"Math.sqrt"}},"base":{"valueKind":"abstract-object","value":{"objectKind":"builtin","canonicalName":"Math"}},"arguments":[{"valueKind":"abstract-primitive","value":"0"}],"sourceLocation":{"fileName":"inline-0_orig_.js","lineNumber":"42","columnNumber":"23"}}
{"entryKind":"write-variable","name":{"valueKind":"concrete-string","value":"len"},"value":{"valueKind":"abstract-primitive","value":"0"},"sourceLocation":{"fileName":"inline-0_orig_.js","lineNumber":"42","columnNumber":"23"}}
{"entryKind":"read-variable","name":{"valueKind":"concrete-string","value":"ctx"},"value":{"valueKind":"abstract-object","value":{"objectKind":"other"}},"sourceLocation":{"fileName":"inline-0_orig_.js","lineNumber":"44","columnNumber":"13"}}
{"entryKind":"read-variable","name":{"valueKind":"concrete-string","value":"Math"},"value":{"valueKind":"abstract-object","value":{"objectKind":"builtin","canonicalName":"Math"}},"sourceLocation":{"fileName":"inline-0_orig_.js","lineNumber":"44","columnNumber":"40"}}
{"entryKind":"read-property","name":{"valueKind":"concrete-string","value":"min"},"value":{"valueKind":"abstract-object","value":{"objectKind":"builtin","canonicalName":"Math.min"}},"sourceLocation":{"fileName":"inline-0_orig_.js","lineNumber":"44","columnNumber":"40"}}
{"entryKind":"read-variable","name":{"valueKind":"concrete-string","value":"Math"},"value":{"valueKind":"abstract-object","value":{"objectKind":"builtin","canonicalName":"Math"}},"sourceLocation":{"fileName":"inline-0_orig_.js","lineNumber":"44","columnNumber":"54"}}
{"entryKind":"read-property","name":{"valueKind":"concrete-string","value":"floor"},"value":{"valueKind":"abstract-object","value":{"objectKind":"builtin","canonicalName":"Math.floor"}},"sourceLocation":{"fileName":"inline-0_orig_.js","lineNumber":"44","columnNumber":"54"}}
{"entryKind":"read-variable","name":{"valueKind":"concrete-string","value":"len"},"value":{"valueKind":"abstract-primitive","value":"0"},"sourceLocation":{"fileName":"inline-0_orig_.js","lineNumber":"44","columnNumber":"70"}}
{"entryKind":"call","function":{"valueKind":"abstract-object","value":{"objectKind":"builtin","canonicalName":"Math.floor"}},"base":{"valueKind":"abstract-object","value":{"objectKind":"builtin","canonicalName":"Math"}},"arguments":[{"valueKind":"abstract-primitive","value":"0"}],"sourceLocation":{"fileName":"inline-0_orig_.js","lineNumber":"44","columnNumber":"54"}}
{"entryKind":"call","function":{"valueKind":"abstract-object","value":{"objectKind":"builtin","canonicalName":"Math.min"}},"base":{"valueKind":"abstract-object","value":{"objectKind":"builtin","canonicalName":"Math"}},"arguments":[{"valueKind":"abstract-primitive","value":"NUM_UINT"},{"valueKind":"abstract-primitive","value":"0"}],"sourceLocation":{"fileName":"inline-0_orig_.js","lineNumber":"44","columnNumber":"40"}}
{"entryKind":"write-property","name":{"valueKind":"concrete-string","value":"strokeStyle"},"value":{"valueKind":"abstract-primitive","value":"STR_OTHER"},"sourceLocation":{"fileName":"inline-0_orig_.js","lineNumber":"44","columnNumber":"13"}}
{"entryKind":"read-variable","name":{"valueKind":"concrete-string","value":"ctx"},"value":{"valueKind":"abstract-object","value":{"objectKind":"other"}},"sourceLocation":{"fileName":"inline-0_orig_.js","lineNumber":"45","columnNumber":"13"}}
{"entryKind":"write-property","name":{"valueKind":"concrete-string","value":"lineWidth"},"value":{"valueKind":"abstract-primitive","value":"STR_UINT"},"sourceLocation":{"fileName":"inline-0_orig_.js","lineNumber":"45","columnNumber":"13"}}
{"entryKind":"write-variable","name":{"valueKind":"concrete-string","value":"i"},"value":{"valueKind":"abstract-primitive","value":"0"},"sourceLocation":{"fileName":"inline-0_orig_.js","lineNumber":"46","columnNumber":"26"}}
{"entryKind":"read-variable","name":{"valueKind":"concrete-string","value":"i"},"value":{"valueKind":"abstract-primitive","value":"0"},"sourceLocation":{"fileName":"inline-0_orig_.js","lineNumber":"46","columnNumber":"29"}}
{"entryKind":"read-variable","name":{"valueKind":"concrete-string","value":"planets"},"value":{"valueKind":"abstract-object","value":{"objectKind":"allocation-site","allocationSite":{"fileName":"inline-0_orig_.js","lineNumber":"27","columnNumber":"19"}}},"sourceLocation":{"fileName":"inline-0_orig_.js","lineNumber":"46","columnNumber":"33"}}
{"entryKind":"read-property","name":{"valueKind":"concrete-string","value":"length"},"value":{"valueKind":"abstract-primitive","value":"NUM_UINT"},"sourceLocation":{"fileName":"inline-0_orig_.js","lineNumber":"46","columnNumber":"33"}}
{"entryKind":"read-variable","name":{"valueKind":"concrete-string","value":"circle"},"value":{"valueKind":"abstract-object","value":{"objectKind":"allocation-site","allocationSite":{"fileName":"inline-0_orig_.js","lineNumber":"15","columnNumber":"5"}}},"sourceLocation":{"fileName":"inline-0_orig_.js","lineNumber":"47","columnNumber":"17"}}
{"entryKind":"read-variable","name":{"valueKind":"concrete-string","value":"planets"},"value":{"valueKind":"abstract-object","value":{"objectKind":"allocation-site","allocationSite":{"fileName":"inline-0_orig_.js","lineNumber":"27","columnNumber":"19"}}},"sourceLocation":{"fileName":"inline-0_orig_.js","lineNumber":"47","columnNumber":"24"}}
{"entryKind":"read-variable","name":{"valueKind":"concrete-string","value":"i"},"value":{"valueKind":"abstract-primitive","value":"0"},"sourceLocation":{"fileName":"inline-0_orig_.js","lineNumber":"47","columnNumber":"32"}}
{"entryKind":"read-property","name":{"valueKind":"abstract-primitive","value":"0"},"value":{"valueKind":"abstract-object","value":{"objectKind":"allocation-site","allocationSite":{"fileName":"inline-0_orig_.js","lineNumber":"29","columnNumber":"22"}}},"sourceLocation":{"fileName":"inline-0_orig_.js","lineNumber":"47","columnNumber":"24"}}
{"entryKind":"read-property","name":{"valueKind":"abstract-primitive","value":"0"},"value":{"valueKind":"abstract-primitive","value":"NUM_OTHER"},"sourceLocation":{"fileName":"inline-0_orig_.js","lineNumber":"47","columnNumber":"24"}}
{"entryKind":"read-variable","name":{"valueKind":"concrete-string","value":"planets"},"value":{"valueKind":"abstract-object","value":{"objectKind":"allocation-site","allocationSite":{"fileName":"inline-0_orig_.js","lineNumber":"27","columnNumber":"19"}}},"sourceLocation":{"fileName":"inline-0_orig_.js","lineNumber":"47","columnNumber":"39"}}
{"entryKind":"read-variable","name":{"valueKind":"concrete-string","value":"i"},"value":{"valueKind":"abstract-primitive","value":"0"},"sourceLocation":{"fileName":"inline-0_orig_.js","lineNumber":"47","columnNumber":"47"}}
{"entryKind":"read-property","name":{"valueKind":"abstract-primitive","value":"0"},"value":{"valueKind":"abstract-object","value":{"objectKind":"allocation-site","allocationSite":{"fileName":"inline-0_orig_.js","lineNumber":"29","columnNumber":"22"}}},"sourceLocation":{"fileName":"inline-0_orig_.js","lineNumber":"47","columnNumber":"39"}}
{"entryKind":"read-property","name":{"valueKind":"abstract-primitive","value":"1"},"value":{"valueKind":"abstract-primitive","value":"NUM_OTHER"},"sourceLocation":{"fileName":"inline-0_orig_.js","lineNumber":"47","columnNumber":"39"}}
{"entryKind":"read-variable","name":{"valueKind":"concrete-string","value":"planets"},"value":{"valueKind":"abstract-object","value":{"objectKind":"allocation-site","allocationSite":{"fileName":"inline-0_orig_.js","lineNumber":"27","columnNumber":"19"}}},"sourceLocation":{"fileName":"inline-0_orig_.js","lineNumber":"47","columnNumber":"54"}}
{"entryKind":"read-variable","name":{"valueKind":"concrete-string","value":"i"},"value":{"valueKind":"abstract-primitive","value":"0"},"sourceLocation":{"fileName":"inline-0_orig_.js","lineNumber":"47","columnNumber":"62"}}
{"entryKind":"read-property","name":{"valueKind":"abstract-primitive","value":"0"},"value":{"valueKind":"abstract-object","value":{"objectKind":"allocation-site","allocationSite":{"fileName":"inline-0_orig_.js","lineNumber":"29","columnNumber":"22"}}},"sourceLocation":{"fileName":"inline-0_orig_.js","lineNumber":"47","columnNumber":"54"}}
{"entryKind":"read-property","name":{"valueKind":"abstract-primitive","value":"NUM_UINT"},"value":{"valueKind":"abstract-primitive","value":"NUM_OTHER"},"sourceLocation":{"fileName":"inline-0_orig_.js","lineNumber":"47","columnNumber":"54"}}
{"entryKind":"call","function":{"valueKind":"abstract-object","value":{"objectKind":"allocation-site","allocationSite":{"fileName":"inline-0_orig_.js","lineNumber":"15","columnNumber":"5"}}},"base":{"valueKind":"abstract-object","value":{"objectKind":"builtin","canonicalName":"<the global object>"}},"arguments":[{"valueKind":"abstract-primitive","value":"NUM_OTHER"},{"valueKind":"abstract-primitive","value":"NUM_OTHER"},{"valueKind":"abstract-primitive","value":"NUM_OTHER"}],"sourceLocation":{"fileName":"inline-0_orig_.js","lineNumber":"47","columnNumber":"17"}}
{"entryKind":"function-entry","base":{"valueKind":"abstract-object","value":{"objectKind":"builtin","canonicalName":"<the global object>"}},"arguments":[{"valueKind":"abstract-primitive","value":"NUM_OTHER"},{"valueKind":"abstract-primitive","value":"NUM_OTHER"},{"valueKind":"abstract-primitive","value":"NUM_OTHER"}],"sourceLocation":{"fileName":"inline-0_orig_.js","lineNumber":"15","columnNumber":"5"}}
{"entryKind":"read-variable","name":{"valueKind":"concrete-string","value":"ctx"},"value":{"valueKind":"abstract-object","value":{"objectKind":"other"}},"sourceLocation":{"fileName":"inline-0_orig_.js","lineNumber":"16","columnNumber":"9"}}
{"entryKind":"read-property","name":{"valueKind":"concrete-string","value":"beginPath"},"value":{"valueKind":"abstract-object","value":{"objectKind":"other"}},"sourceLocation":{"fileName":"inline-0_orig_.js","lineNumber":"16","columnNumber":"9"}}
{"entryKind":"call","function":{"valueKind":"abstract-object","value":{"objectKind":"other"}},"base":{"valueKind":"abstract-object","value":{"objectKind":"other"}},"arguments":[],"sourceLocation":{"fileName":"inline-0_orig_.js","lineNumber":"16","columnNumber":"9"}}
{"entryKind":"read-variable","name":{"valueKind":"concrete-string","value":"ctx"},"value":{"valueKind":"abstract-object","value":{"objectKind":"other"}},"sourceLocation":{"fileName":"inline-0_orig_.js","lineNumber":"17","columnNumber":"9"}}
{"entryKind":"read-property","name":{"valueKind":"concrete-string","value":"arc"},"value":{"valueKind":"abstract-object","value":{"objectKind":"other"}},"sourceLocation":{"fileName":"inline-0_orig_.js","lineNumber":"17","columnNumber":"9"}}
{"entryKind":"read-variable","name":{"valueKind":"concrete-string","value":"x"},"value":{"valueKind":"abstract-primitive","value":"NUM_OTHER"},"sourceLocation":{"fileName":"inline-0_orig_.js","lineNumber":"17","columnNumber":"17"}}
{"entryKind":"read-variable","name":{"valueKind":"concrete-string","value":"y"},"value":{"valueKind":"abstract-primitive","value":"NUM_OTHER"},"sourceLocation":{"fileName":"inline-0_orig_.js","lineNumber":"17","columnNumber":"20"}}
{"entryKind":"read-variable","name":{"valueKind":"concrete-string","value":"r"},"value":{"valueKind":"abstract-primitive","value":"NUM_OTHER"},"sourceLocation":{"fileName":"inline-0_orig_.js","lineNumber":"17","columnNumber":"23"}}
{"entryKind":"read-variable","name":{"valueKind":"concrete-string","value":"Math"},"value":{"valueKind":"abstract-object","value":{"objectKind":"builtin","canonicalName":"Math"}},"sourceLocation":{"fileName":"inline-0_orig_.js","lineNumber":"17","columnNumber":"29"}}
{"entryKind":"read-property","name":{"valueKind":"concrete-string","value":"PI"},"value":{"valueKind":"abstract-primitive","value":"NUM_OTHER"},"sourceLocation":{"fileName":"inline-0_orig_.js","lineNumber":"17","columnNumber":"29"}}
{"entryKind":"call","function":{"valueKind":"abstract-object","value":{"objectKind":"other"}},"base":{"valueKind":"abstract-object","value":{"objectKind":"other"}},"arguments":[{"valueKind":"abstract-primitive","value":"NUM_OTHER"},{"valueKind":"abstract-primitive","value":"NUM_OTHER"},{"valueKind":"abstract-primitive","value":"NUM_OTHER"},{"valueKind":"abstract-primitive","value":"0"},{"valueKind":"abstract-primitive","value":"NUM_OTHER"},{"valueKind":"abstract-primitive","value":"true"}],"sourceLocation":{"fileName":"inline-0_orig_.js","lineNumber":"17","columnNumber":"9"}}
{"entryKind":"read-variable","name":{"valueKind":"concrete-string","value":"ctx"},"value":{"valueKind":"abstract-object","value":{"objectKind":"other"}},"sourceLocation":{"fileName":"inline-0_orig_.js","lineNumber":"18","columnNumber":"9"}}
{"entryKind":"read-property","name":{"valueKind":"concrete-string","value":"stroke"},"value":{"valueKind":"abstract-object","value":{"objectKind":"other"}},"sourceLocation":{"fileName":"inline-0_orig_.js","lineNumber":"18","columnNumber":"9"}}
{"entryKind":"call","function":{"valueKind":"abstract-object","value":{"objectKind":"other"}},"base":{"valueKind":"abstract-object","value":{"objectKind":"other"}},"arguments":[],"sourceLocation":{"fileName":"inline-0_orig_.js","lineNumber":"18","columnNumber":"9"}}
{"entryKind":"function-exit","returnValue":{"valueKind":"abstract-primitive","value":"undefined"},"sourceLocation":{"fileName":"inline-0_orig_.js","lineNumber":"15","columnNumber":"5"}}
{"entryKind":"read-variable","name":{"valueKind":"concrete-string","value":"circle"},"value":{"valueKind":"abstract-object","value":{"objectKind":"allocation-site","allocationSite":{"fileName":"inline-0_orig_.js","lineNumber":"15","columnNumber":"5"}}},"sourceLocation":{"fileName":"inline-0_orig_.js","lineNumber":"48","columnNumber":"17"}}
{"entryKind":"read-variable","name":{"valueKind":"concrete-string","value":"planets"},"value":{"valueKind":"abstract-object","value":{"objectKind":"allocation-site","allocationSite":{"fileName":"inline-0_orig_.js","lineNumber":"27","columnNumber":"19"}}},"sourceLocation":{"fileName":"inline-0_orig_.js","lineNumber":"48","columnNumber":"24"}}
{"entryKind":"read-variable","name":{"valueKind":"concrete-string","value":"i"},"value":{"valueKind":"abstract-primitive","value":"0"},"sourceLocation":{"fileName":"inline-0_orig_.js","lineNumber":"48","columnNumber":"32"}}
{"entryKind":"read-property","name":{"valueKind":"abstract-primitive","value":"0"},"value":{"valueKind":"abstract-object","value":{"objectKind":"allocation-site","allocationSite":{"fileName":"inline-0_orig_.js","lineNumber":"29","columnNumber":"22"}}},"sourceLocation":{"fileName":"inline-0_orig_.js","lineNumber":"48","columnNumber":"24"}}
{"entryKind":"read-property","name":{"valueKind":"abstract-primitive","value":"0"},"value":{"valueKind":"abstract-primitive","value":"NUM_OTHER"},"sourceLocation":{"fileName":"inline-0_orig_.js","lineNumber":"48","columnNumber":"24"}}
{"entryKind":"read-variable","name":{"valueKind":"concrete-string","value":"planets"},"value":{"valueKind":"abstract-object","value":{"objectKind":"allocation-site","allocationSite":{"fileName":"inline-0_orig_.js","lineNumber":"27","columnNumber":"19"}}},"sourceLocation":{"fileName":"inline-0_orig_.js","lineNumber":"48","columnNumber":"39"}}
{"entryKind":"read-variable","name":{"valueKind":"concrete-string","value":"i"},"value":{"valueKind":"abstract-primitive","value":"0"},"sourceLocation":{"fileName":"inline-0_orig_.js","lineNumber":"48","columnNumber":"47"}}
{"entryKind":"read-property","name":{"valueKind":"abstract-primitive","value":"0"},"value":{"valueKind":"abstract-object","value":{"objectKind":"allocation-site","allocationSite":{"fileName":"inline-0_orig_.js","lineNumber":"29","columnNumber":"22"}}},"sourceLocation":{"fileName":"inline-0_orig_.js","lineNumber":"48","columnNumber":"39"}}
{"entryKind":"read-property","name":{"valueKind":"abstract-primitive","value":"1"},"value":{"valueKind":"abstract-primitive","value":"NUM_OTHER"},"sourceLocation":{"fileName":"inline-0_orig_.js","lineNumber":"48","columnNumber":"39"}}
{"entryKind":"call","function":{"valueKind":"abstract-object","value":{"objectKind":"allocation-site","allocationSite":{"fileName":"inline-0_orig_.js","lineNumber":"15","columnNumber":"5"}}},"base":{"valueKind":"abstract-object","value":{"objectKind":"builtin","canonicalName":"<the global object>"}},"arguments":[{"valueKind":"abstract-primitive","value":"NUM_OTHER"},{"valueKind":"abstract-primitive","value":"NUM_OTHER"},{"valueKind":"abstract-primitive","value":"NUM_UINT"}],"sourceLocation":{"fileName":"inline-0_orig_.js","lineNumber":"48","columnNumber":"17"}}
{"entryKind":"function-entry","base":{"valueKind":"abstract-object","value":{"objectKind":"builtin","canonicalName":"<the global object>"}},"arguments":[{"valueKind":"abstract-primitive","value":"NUM_OTHER"},{"valueKind":"abstract-primitive","value":"NUM_OTHER"},{"valueKind":"abstract-primitive","value":"NUM_UINT"}],"sourceLocation":{"fileName":"inline-0_orig_.js","lineNumber":"15","columnNumber":"5"}}
{"entryKind":"read-variable","name":{"valueKind":"concrete-string","value":"r"},"value":{"valueKind":"abstract-primitive","value":"NUM_UINT"},"sourceLocation":{"fileName":"inline-0_orig_.js","lineNumber":"17","columnNumber":"23"}}
{"entryKind":"call","function":{"valueKind":"abstract-object","value":{"objectKind":"other"}},"base":{"valueKind":"abstract-object","value":{"objectKind":"other"}},"arguments":[{"valueKind":"abstract-primitive","value":"NUM_OTHER"},{"valueKind":"abstract-primitive","value":"NUM_OTHER"},{"valueKind":"abstract-primitive","value":"NUM_UINT"},{"valueKind":"abstract-primitive","value":"0"},{"valueKind":"abstract-primitive","value":"NUM_OTHER"},{"valueKind":"abstract-primitive","value":"true"}],"sourceLocation":{"fileName":"inline-0_orig_.js","lineNumber":"17","columnNumber":"9"}}
{"entryKind":"read-variable","name":{"valueKind":"concrete-string","value":"i"},"value":{"valueKind":"abstract-primitive","value":"0"},"sourceLocation":{"fileName":"inline-0_orig_.js","lineNumber":"46","columnNumber":"49"}}
{"entryKind":"read-variable","name":{"valueKind":"concrete-string","value":"i"},"value":{"valueKind":"abstract-primitive","value":"1"},"sourceLocation":{"fileName":"inline-0_orig_.js","lineNumber":"46","columnNumber":"29"}}
{"entryKind":"read-variable","name":{"valueKind":"concrete-string","value":"i"},"value":{"valueKind":"abstract-primitive","value":"1"},"sourceLocation":{"fileName":"inline-0_orig_.js","lineNumber":"47","columnNumber":"32"}}
{"entryKind":"read-property","name":{"valueKind":"abstract-primitive","value":"1"},"value":{"valueKind":"abstract-object","value":{"objectKind":"allocation-site","allocationSite":{"fileName":"inline-0_orig_.js","lineNumber":"29","columnNumber":"22"}}},"sourceLocation":{"fileName":"inline-0_orig_.js","lineNumber":"47","columnNumber":"24"}}
{"entryKind":"read-variable","name":{"valueKind":"concrete-string","value":"i"},"value":{"valueKind":"abstract-primitive","value":"1"},"sourceLocation":{"fileName":"inline-0_orig_.js","lineNumber":"47","columnNumber":"47"}}
{"entryKind":"read-property","name":{"valueKind":"abstract-primitive","value":"1"},"value":{"valueKind":"abstract-object","value":{"objectKind":"allocation-site","allocationSite":{"fileName":"inline-0_orig_.js","lineNumber":"29","columnNumber":"22"}}},"sourceLocation":{"fileName":"inline-0_orig_.js","lineNumber":"47","columnNumber":"39"}}
{"entryKind":"read-variable","name":{"valueKind":"concrete-string","value":"i"},"value":{"valueKind":"abstract-primitive","value":"1"},"sourceLocation":{"fileName":"inline-0_orig_.js","lineNumber":"47","columnNumber":"62"}}
{"entryKind":"read-property","name":{"valueKind":"abstract-primitive","value":"1"},"value":{"valueKind":"abstract-object","value":{"objectKind":"allocation-site","allocationSite":{"fileName":"inline-0_orig_.js","lineNumber":"29","columnNumber":"22"}}},"sourceLocation":{"fileName":"inline-0_orig_.js","lineNumber":"47","columnNumber":"54"}}
{"entryKind":"read-variable","name":{"valueKind":"concrete-string","value":"i"},"value":{"valueKind":"abstract-primitive","value":"1"},"sourceLocation":{"fileName":"inline-0_orig_.js","lineNumber":"48","columnNumber":"32"}}
{"entryKind":"read-property","name":{"valueKind":"abstract-primitive","value":"1"},"value":{"valueKind":"abstract-object","value":{"objectKind":"allocation-site","allocationSite":{"fileName":"inline-0_orig_.js","lineNumber":"29","columnNumber":"22"}}},"sourceLocation":{"fileName":"inline-0_orig_.js","lineNumber":"48","columnNumber":"24"}}
{"entryKind":"read-variable","name":{"valueKind":"concrete-string","value":"i"},"value":{"valueKind":"abstract-primitive","value":"1"},"sourceLocation":{"fileName":"inline-0_orig_.js","lineNumber":"48","columnNumber":"47"}}
{"entryKind":"read-property","name":{"valueKind":"abstract-primitive","value":"1"},"value":{"valueKind":"abstract-object","value":{"objectKind":"allocation-site","allocationSite":{"fileName":"inline-0_orig_.js","lineNumber":"29","columnNumber":"22"}}},"sourceLocation":{"fileName":"inline-0_orig_.js","lineNumber":"48","columnNumber":"39"}}
{"entryKind":"read-variable","name":{"valueKind":"concrete-string","value":"i"},"value":{"valueKind":"abstract-primitive","value":"1"},"sourceLocation":{"fileName":"inline-0_orig_.js","lineNumber":"46","columnNumber":"49"}}
{"entryKind":"read-variable","name":{"valueKind":"concrete-string","value":"i"},"value":{"valueKind":"abstract-primitive","value":"NUM_UINT"},"sourceLocation":{"fileName":"inline-0_orig_.js","lineNumber":"46","columnNumber":"29"}}
{"entryKind":"read-variable","name":{"valueKind":"concrete-string","value":"i"},"value":{"valueKind":"abstract-primitive","value":"NUM_UINT"},"sourceLocation":{"fileName":"inline-0_orig_.js","lineNumber":"47","columnNumber":"32"}}
{"entryKind":"read-property","name":{"valueKind":"abstract-primitive","value":"NUM_UINT"},"value":{"valueKind":"abstract-object","value":{"objectKind":"allocation-site","allocationSite":{"fileName":"inline-0_orig_.js","lineNumber":"29","columnNumber":"22"}}},"sourceLocation":{"fileName":"inline-0_orig_.js","lineNumber":"47","columnNumber":"24"}}
{"entryKind":"read-variable","name":{"valueKind":"concrete-string","value":"i"},"value":{"valueKind":"abstract-primitive","value":"NUM_UINT"},"sourceLocation":{"fileName":"inline-0_orig_.js","lineNumber":"47","columnNumber":"47"}}
{"entryKind":"read-property","name":{"valueKind":"abstract-primitive","value":"NUM_UINT"},"value":{"valueKind":"abstract-object","value":{"objectKind":"allocation-site","allocationSite":{"fileName":"inline-0_orig_.js","lineNumber":"29","columnNumber":"22"}}},"sourceLocation":{"fileName":"inline-0_orig_.js","lineNumber":"47","columnNumber":"39"}}
{"entryKind":"read-variable","name":{"valueKind":"concrete-string","value":"i"},"value":{"valueKind":"abstract-primitive","value":"NUM_UINT"},"sourceLocation":{"fileName":"inline-0_orig_.js","lineNumber":"47","columnNumber":"62"}}
{"entryKind":"read-property","name":{"valueKind":"abstract-primitive","value":"NUM_UINT"},"value":{"valueKind":"abstract-object","value":{"objectKind":"allocation-site","allocationSite":{"fileName":"inline-0_orig_.js","lineNumber":"29","columnNumber":"22"}}},"sourceLocation":{"fileName":"inline-0_orig_.js","lineNumber":"47","columnNumber":"54"}}
{"entryKind":"read-variable","name":{"valueKind":"concrete-string","value":"i"},"value":{"valueKind":"abstract-primitive","value":"NUM_UINT"},"sourceLocation":{"fileName":"inline-0_orig_.js","lineNumber":"48","columnNumber":"32"}}
{"entryKind":"read-property","name":{"valueKind":"abstract-primitive","value":"NUM_UINT"},"value":{"valueKind":"abstract-object","value":{"objectKind":"allocation-site","allocationSite":{"fileName":"inline-0_orig_.js","lineNumber":"29","columnNumber":"22"}}},"sourceLocation":{"fileName":"inline-0_orig_.js","lineNumber":"48","columnNumber":"24"}}
{"entryKind":"read-variable","name":{"valueKind":"concrete-string","value":"i"},"value":{"valueKind":"abstract-primitive","value":"NUM_UINT"},"sourceLocation":{"fileName":"inline-0_orig_.js","lineNumber":"48","columnNumber":"47"}}
{"entryKind":"read-property","name":{"valueKind":"abstract-primitive","value":"NUM_UINT"},"value":{"valueKind":"abstract-object","value":{"objectKind":"allocation-site","allocationSite":{"fileName":"inline-0_orig_.js","lineNumber":"29","columnNumber":"22"}}},"sourceLocation":{"fileName":"inline-0_orig_.js","lineNumber":"48","columnNumber":"39"}}
{"entryKind":"read-variable","name":{"valueKind":"concrete-string","value":"i"},"value":{"valueKind":"abstract-primitive","value":"NUM_UINT"},"sourceLocation":{"fileName":"inline-0_orig_.js","lineNumber":"46","columnNumber":"49"}}
{"entryKind":"read-variable","name":{"valueKind":"concrete-string","value":"ctx"},"value":{"valueKind":"abstract-object","value":{"objectKind":"other"}},"sourceLocation":{"fileName":"inline-0_orig_.js","lineNumber":"50","columnNumber":"13"}}
{"entryKind":"write-property","name":{"valueKind":"concrete-string","value":"lineWidth"},"value":{"valueKind":"abstract-primitive","value":"STR_UINT"},"sourceLocation":{"fileName":"inline-0_orig_.js","lineNumber":"50","columnNumber":"13"}}
{"entryKind":"read-variable","name":{"valueKind":"concrete-string","value":"ctx"},"value":{"valueKind":"abstract-object","value":{"objectKind":"other"}},"sourceLocation":{"fileName":"inline-0_orig_.js","lineNumber":"53","columnNumber":"13"}}
{"entryKind":"read-variable","name":{"valueKind":"concrete-string","value":"Math"},"value":{"valueKind":"abstract-object","value":{"objectKind":"builtin","canonicalName":"Math"}},"sourceLocation":{"fileName":"inline-0_orig_.js","lineNumber":"53","columnNumber":"40"}}
{"entryKind":"read-property","name":{"valueKind":"concrete-string","value":"min"},"value":{"valueKind":"abstract-object","value":{"objectKind":"builtin","canonicalName":"Math.min"}},"sourceLocation":{"fileName":"inline-0_orig_.js","lineNumber":"53","columnNumber":"40"}}
{"entryKind":"read-variable","name":{"valueKind":"concrete-string","value":"Math"},"value":{"valueKind":"abstract-object","value":{"objectKind":"builtin","canonicalName":"Math"}},"sourceLocation":{"fileName":"inline-0_orig_.js","lineNumber":"53","columnNumber":"54"}}
{"entryKind":"read-property","name":{"valueKind":"concrete-string","value":"floor"},"value":{"valueKind":"abstract-object","value":{"objectKind":"builtin","canonicalName":"Math.floor"}},"sourceLocation":{"fileName":"inline-0_orig_.js","lineNumber":"53","columnNumber":"54"}}
{"entryKind":"read-variable","name":{"valueKind":"concrete-string","value":"len"},"value":{"valueKind":"abstract-primitive","value":"0"},"sourceLocation":{"fileName":"inline-0_orig_.js","lineNumber":"53","columnNumber":"70"}}
{"entryKind":"call","function":{"valueKind":"abstract-object","value":{"objectKind":"builtin","canonicalName":"Math.floor"}},"base":{"valueKind":"abstract-object","value":{"objectKind":"builtin","canonicalName":"Math"}},"arguments":[{"valueKind":"abstract-primitive","value":"0"}],"sourceLocation":{"fileName":"inline-0_orig_.js","lineNumber":"53","columnNumber":"54"}}
{"entryKind":"call","function":{"valueKind":"abstract-object","value":{"objectKind":"builtin","canonicalName":"Math.min"}},"base":{"valueKind":"abstract-object","value":{"objectKind":"builtin","canonicalName":"Math"}},"arguments":[{"valueKind":"abstract-primitive","value":"NUM_UINT"},{"valueKind":"abstract-primitive","value":"0"}],"sourceLocation":{"fileName":"inline-0_orig_.js","lineNumber":"53","columnNumber":"40"}}
{"entryKind":"write-property","name":{"valueKind":"concrete-string","value":"strokeStyle"},"value":{"valueKind":"abstract-primitive","value":"STR_OTHER"},"sourceLocation":{"fileName":"inline-0_orig_.js","lineNumber":"53","columnNumber":"13"}}
{"entryKind":"read-variable","name":{"valueKind":"concrete-string","value":"ctx"},"value":{"valueKind":"abstract-object","value":{"objectKind":"other"}},"sourceLocation":{"fileName":"inline-0_orig_.js","lineNumber":"55","columnNumber":"13"}}
{"entryKind":"read-property","name":{"valueKind":"concrete-string","value":"beginPath"},"value":{"valueKind":"abstract-object","value":{"objectKind":"other"}},"sourceLocation":{"fileName":"inline-0_orig_.js","lineNumber":"55","columnNumber":"13"}}
{"entryKind":"call","function":{"valueKind":"abstract-object","value":{"objectKind":"other"}},"base":{"valueKind":"abstract-object","value":{"objectKind":"other"}},"arguments":[],"sourceLocation":{"fileName":"inline-0_orig_.js","lineNumber":"55","columnNumber":"13"}}
{"entryKind":"read-variable","name":{"valueKind":"concrete-string","value":"ctx"},"value":{"valueKind":"abstract-object","value":{"objectKind":"other"}},"sourceLocation":{"fileName":"inline-0_orig_.js","lineNumber":"56","columnNumber":"13"}}
{"entryKind":"read-property","name":{"valueKind":"concrete-string","value":"moveTo"},"value":{"valueKind":"abstract-object","value":{"objectKind":"other"}},"sourceLocation":{"fileName":"inline-0_orig_.js","lineNumber":"56","columnNumber":"13"}}
{"entryKind":"read-variable","name":{"valueKind":"concrete-string","value":"innerWidth"},"value":{"valueKind":"abstract-primitive","value":"NUM_UINT"},"sourceLocation":{"fileName":"inline-0_orig_.js","lineNumber":"56","columnNumber":"25"}}
{"entryKind":"read-variable","name":{"valueKind":"concrete-string","value":"innerHeight"},"value":{"valueKind":"abstract-primitive","value":"NUM_UINT"},"sourceLocation":{"fileName":"inline-0_orig_.js","lineNumber":"56","columnNumber":"43"}}
{"entryKind":"call","function":{"valueKind":"abstract-object","value":{"objectKind":"other"}},"base":{"valueKind":"abstract-object","value":{"objectKind":"other"}},"arguments":[{"valueKind":"abstract-primitive","value":"NUM_UINT"},{"valueKind":"abstract-primitive","value":"NUM_OTHER"}],"sourceLocation":{"fileName":"inline-0_orig_.js","lineNumber":"56","columnNumber":"13"}}
{"entryKind":"read-variable","name":{"valueKind":"concrete-string","value":"ctx"},"value":{"valueKind":"abstract-object","value":{"objectKind":"other"}},"sourceLocation":{"fileName":"inline-0_orig_.js","lineNumber":"57","columnNumber":"13"}}
{"entryKind":"read-property","name":{"valueKind":"concrete-string","value":"lineTo"},"value":{"valueKind":"abstract-object","value":{"objectKind":"other"}},"sourceLocation":{"fileName":"inline-0_orig_.js","lineNumber":"57","columnNumber":"13"}}
{"entryKind":"read-variable","name":{"valueKind":"concrete-string","value":"innerWidth"},"value":{"valueKind":"abstract-primitive","value":"NUM_UINT"},"sourceLocation":{"fileName":"inline-0_orig_.js","lineNumber":"57","columnNumber":"25"}}
{"entryKind":"read-variable","name":{"valueKind":"concrete-string","value":"initial_vector"},"value":{"valueKind":"abstract-object","value":{"objectKind":"allocation-site","allocationSite":{"fileName":"inline-0_orig_.js","lineNumber":"41","columnNumber":"34"}}},"sourceLocation":{"fileName":"inline-0_orig_.js","lineNumber":"57","columnNumber":"43"}}
{"entryKind":"read-property","name":{"valueKind":"abstract-primitive","value":"0"},"value":{"valueKind":"abstract-primitive","value":"0"},"sourceLocation":{"fileName":"inline-0_orig_.js","lineNumber":"57","columnNumber":"43"}}
{"entryKind":"read-variable","name":{"valueKind":"concrete-string","value":"innerHeight"},"value":{"valueKind":"abstract-primitive","value":"NUM_UINT"},"sourceLocation":{"fileName":"inline-0_orig_.js","lineNumber":"57","columnNumber":"68"}}
{"entryKind":"read-variable","name":{"valueKind":"concrete-string","value":"initial_vector"},"value":{"valueKind":"abstract-object","value":{"objectKind":"allocation-site","allocationSite":{"fileName":"inline-0_orig_.js","lineNumber":"41","columnNumber":"34"}}},"sourceLocation":{"fileName":"inline-0_orig_.js","lineNumber":"57","columnNumber":"87"}}
{"entryKind":"read-property","name":{"valueKind":"abstract-primitive","value":"1"},"value":{"valueKind":"abstract-primitive","value":"0"},"sourceLocation":{"fileName":"inline-0_orig_.js","lineNumber":"57","columnNumber":"87"}}
{"entryKind":"call","function":{"valueKind":"abstract-object","value":{"objectKind":"other"}},"base":{"valueKind":"abstract-object","value":{"objectKind":"other"}},"arguments":[{"valueKind":"abstract-primitive","value":"NUM_UINT"},{"valueKind":"abstract-primitive","value":"NUM_OTHER"}],"sourceLocation":{"fileName":"inline-0_orig_.js","lineNumber":"57","columnNumber":"13"}}
{"entryKind":"read-variable","name":{"valueKind":"concrete-string","value":"ctx"},"value":{"valueKind":"abstract-object","value":{"objectKind":"other"}},"sourceLocation":{"fileName":"inline-0_orig_.js","lineNumber":"58","columnNumber":"13"}}
{"entryKind":"read-property","name":{"valueKind":"concrete-string","value":"stroke"},"value":{"valueKind":"abstract-object","value":{"objectKind":"other"}},"sourceLocation":{"fileName":"inline-0_orig_.js","lineNumber":"58","columnNumber":"13"}}
{"entryKind":"call","function":{"valueKind":"abstract-object","value":{"objectKind":"other"}},"base":{"valueKind":"abstract-object","value":{"objectKind":"other"}},"arguments":[],"sourceLocation":{"fileName":"inline-0_orig_.js","lineNumber":"58","columnNumber":"13"}}
{"entryKind":"read-variable","name":{"valueKind":"concrete-string","value":"ctx"},"value":{"valueKind":"abstract-object","value":{"objectKind":"other"}},"sourceLocation":{"fileName":"inline-0_orig_.js","lineNumber":"59","columnNumber":"13"}}
{"entryKind":"read-property","name":{"valueKind":"concrete-string","value":"closePath"},"value":{"valueKind":"abstract-object","value":{"objectKind":"other"}},"sourceLocation":{"fileName":"inline-0_orig_.js","lineNumber":"59","columnNumber":"13"}}
{"entryKind":"call","function":{"valueKind":"abstract-object","value":{"objectKind":"other"}},"base":{"valueKind":"abstract-object","value":{"objectKind":"other"}},"arguments":[],"sourceLocation":{"fileName":"inline-0_orig_.js","lineNumber":"59","columnNumber":"13"}}
{"entryKind":"read-variable","name":{"valueKind":"concrete-string","value":"ctx"},"value":{"valueKind":"abstract-object","value":{"objectKind":"other"}},"sourceLocation":{"fileName":"inline-0_orig_.js","lineNumber":"61","columnNumber":"13"}}
{"entryKind":"write-property","name":{"valueKind":"concrete-string","value":"lineWidth"},"value":{"valueKind":"abstract-primitive","value":"STR_UINT"},"sourceLocation":{"fileName":"inline-0_orig_.js","lineNumber":"61","columnNumber":"13"}}
{"entryKind":"read-variable","name":{"valueKind":"concrete-string","value":"ctx"},"value":{"valueKind":"abstract-object","value":{"objectKind":"other"}},"sourceLocation":{"fileName":"inline-0_orig_.js","lineNumber":"62","columnNumber":"13"}}
{"entryKind":"write-property","name":{"valueKind":"concrete-string","value":"fillStyle"},"value":{"valueKind":"abstract-primitive","value":"STR_OTHER"},"sourceLocation":{"fileName":"inline-0_orig_.js","lineNumber":"62","columnNumber":"13"}}
{"entryKind":"read-variable","name":{"valueKind":"concrete-string","value":"circle"},"value":{"valueKind":"abstract-object","value":{"objectKind":"allocation-site","allocationSite":{"fileName":"inline-0_orig_.js","lineNumber":"15","columnNumber":"5"}}},"sourceLocation":{"fileName":"inline-0_orig_.js","lineNumber":"63","columnNumber":"13"}}
{"entryKind":"read-variable","name":{"valueKind":"concrete-string","value":"innerWidth"},"value":{"valueKind":"abstract-primitive","value":"NUM_UINT"},"sourceLocation":{"fileName":"inline-0_orig_.js","lineNumber":"63","columnNumber":"20"}}
{"entryKind":"read-variable","name":{"valueKind":"concrete-string","value":"innerHeight"},"value":{"valueKind":"abstract-primitive","value":"NUM_UINT"},"sourceLocation":{"fileName":"inline-0_orig_.js","lineNumber":"63","columnNumber":"36"}}
{"entryKind":"call","function":{"valueKind":"abstract-object","value":{"objectKind":"allocation-site","allocationSite":{"fileName":"inline-0_orig_.js","lineNumber":"15","columnNumber":"5"}}},"base":{"valueKind":"abstract-object","value":{"objectKind":"builtin","canonicalName":"<the global object>"}},"arguments":[{"valueKind":"abstract-primitive","value":"NUM_UINT"},{"valueKind":"abstract-primitive","value":"NUM_OTHER"},{"valueKind":"abstract-primitive","value":"NUM_UINT"}],"sourceLocation":{"fileName":"inline-0_orig_.js","lineNumber":"63","columnNumber":"13"}}
{"entryKind":"function-entry","base":{"valueKind":"abstract-object","value":{"objectKind":"builtin","canonicalName":"<the global object>"}},"arguments":[{"valueKind":"abstract-primitive","value":"NUM_UINT"},{"valueKind":"abstract-primitive","value":"NUM_OTHER"},{"valueKind":"abstract-primitive","value":"NUM_UINT"}],"sourceLocation":{"fileName":"inline-0_orig_.js","lineNumber":"15","columnNumber":"5"}}
{"entryKind":"read-variable","name":{"valueKind":"concrete-string","value":"x"},"value":{"valueKind":"abstract-primitive","value":"NUM_UINT"},"sourceLocation":{"fileName":"inline-0_orig_.js","lineNumber":"17","columnNumber":"17"}}
{"entryKind":"call","function":{"valueKind":"abstract-object","value":{"objectKind":"other"}},"base":{"valueKind":"abstract-object","value":{"objectKind":"other"}},"arguments":[{"valueKind":"abstract-primitive","value":"NUM_UINT"},{"valueKind":"abstract-primitive","value":"NUM_OTHER"},{"valueKind":"abstract-primitive","value":"NUM_UINT"},{"valueKind":"abstract-primitive","value":"0"},{"valueKind":"abstract-primitive","value":"NUM_OTHER"},{"valueKind":"abstract-primitive","value":"true"}],"sourceLocation":{"fileName":"inline-0_orig_.js","lineNumber":"17","columnNumber":"9"}}
{"entryKind":"read-variable","name":{"valueKind":"concrete-string","value":"ctx"},"value":{"valueKind":"abstract-object","value":{"objectKind":"other"}},"sourceLocation":{"fileName":"inline-0_orig_.js","lineNumber":"64","columnNumber":"13"}}
{"entryKind":"read-property","name":{"valueKind":"concrete-string","value":"fill"},"value":{"valueKind":"abstract-object","value":{"objectKind":"other"}},"sourceLocation":{"fileName":"inline-0_orig_.js","lineNumber":"64","columnNumber":"13"}}
{"entryKind":"call","function":{"valueKind":"abstract-object","value":{"objectKind":"other"}},"base":{"valueKind":"abstract-object","value":{"objectKind":"other"}},"arguments":[],"sourceLocation":{"fileName":"inline-0_orig_.js","lineNumber":"64","columnNumber":"13"}}
{"entryKind":"function-exit","returnValue":{"valueKind":"abstract-primitive","value":"undefined"},"sourceLocation":{"fileName":"inline-0_orig_.js","lineNumber":"37","columnNumber":"33"}}
{"entryKind":"read-variable","name":{"valueKind":"concrete-string","value":"document"},"value":{"valueKind":"abstract-object","value":{"objectKind":"other"}},"sourceLocation":{"fileName":"inline-0_orig_.js","lineNumber":"73","columnNumber":"5"}}
{"entryKind":"read-property","name":{"valueKind":"concrete-string","value":"body"},"value":{"valueKind":"abstract-object","value":{"objectKind":"other"}},"sourceLocation":{"fileName":"inline-0_orig_.js","lineNumber":"73","columnNumber":"5"}}
{"entryKind":"write-property","name":{"valueKind":"concrete-string","value":"onclick"},"value":{"valueKind":"abstract-object","value":{"objectKind":"allocation-site","allocationSite":{"fileName":"inline-0_orig_.js","lineNumber":"73","columnNumber":"29"}}},"sourceLocation":{"fileName":"inline-0_orig_.js","lineNumber":"73","columnNumber":"5"}}
{"entryKind":"function-exit","returnValue":{"valueKind":"abstract-primitive","value":"undefined"},"sourceLocation":{"fileName":"inline-0_orig_.js","lineNumber":"4","columnNumber":"17"}}
{"entryKind":"function-entry","base":{"valueKind":"abstract-object","value":{"objectKind":"other"}},"arguments":[{"valueKind":"abstract-object","value":{"objectKind":"other"}}],"sourceLocation":{"fileName":"inline-0_orig_.js","lineNumber":"37","columnNumber":"33"}}
{"entryKind":"read-variable","name":{"valueKind":"concrete-string","value":"e"},"value":{"valueKind":"abstract-object","value":{"objectKind":"other"}},"sourceLocation":{"fileName":"inline-0_orig_.js","lineNumber":"41","columnNumber":"36"}}
{"entryKind":"read-variable","name":{"valueKind":"concrete-string","value":"e"},"value":{"valueKind":"abstract-object","value":{"objectKind":"other"}},"sourceLocation":{"fileName":"inline-0_orig_.js","lineNumber":"41","columnNumber":"71"}}
{"entryKind":"read-property","name":{"valueKind":"concrete-string","value":"clientY"},"value":{"valueKind":"abstract-primitive","value":"NUM_UINT"},"sourceLocation":{"fileName":"inline-0_orig_.js","lineNumber":"41","columnNumber":"71"}}
{"entryKind":"read-property","name":{"valueKind":"abstract-primitive","value":"0"},"value":{"valueKind":"abstract-primitive","value":"NUM_OTHER"},"sourceLocation":{"fileName":"inline-0_orig_.js","lineNumber":"42","columnNumber":"33"}}
{"entryKind":"read-property","name":{"valueKind":"abstract-primitive","value":"0"},"value":{"valueKind":"abstract-primitive","value":"NUM_OTHER"},"sourceLocation":{"fileName":"inline-0_orig_.js","lineNumber":"42","columnNumber":"53"}}
{"entryKind":"read-property","name":{"valueKind":"abstract-primitive","value":"1"},"value":{"valueKind":"abstract-primitive","value":"NUM_OTHER"},"sourceLocation":{"fileName":"inline-0_orig_.js","lineNumber":"42","columnNumber":"73"}}
{"entryKind":"read-property","name":{"valueKind":"abstract-primitive","value":"1"},"value":{"valueKind":"abstract-primitive","value":"NUM_OTHER"},"sourceLocation":{"fileName":"inline-0_orig_.js","lineNumber":"42","columnNumber":"93"}}
{"entryKind":"call","function":{"valueKind":"abstract-object","value":{"objectKind":"builtin","canonicalName":"Math.sqrt"}},"base":{"valueKind":"abstract-object","value":{"objectKind":"builtin","canonicalName":"Math"}},"arguments":[{"valueKind":"abstract-primitive","value":"NUM_OTHER"}],"sourceLocation":{"fileName":"inline-0_orig_.js","lineNumber":"42","columnNumber":"23"}}
{"entryKind":"write-variable","name":{"valueKind":"concrete-string","value":"len"},"value":{"valueKind":"abstract-primitive","value":"NUM_OTHER"},"sourceLocation":{"fileName":"inline-0_orig_.js","lineNumber":"42","columnNumber":"23"}}
{"entryKind":"read-variable","name":{"valueKind":"concrete-string","value":"len"},"value":{"valueKind":"abstract-primitive","value":"NUM_OTHER"},"sourceLocation":{"fileName":"inline-0_orig_.js","lineNumber":"44","columnNumber":"70"}}
{"entryKind":"call","function":{"valueKind":"abstract-object","value":{"objectKind":"builtin","canonicalName":"Math.floor"}},"base":{"valueKind":"abstract-object","value":{"objectKind":"builtin","canonicalName":"Math"}},"arguments":[{"valueKind":"abstract-primitive","value":"NUM_OTHER"}],"sourceLocation":{"fileName":"inline-0_orig_.js","lineNumber":"44","columnNumber":"54"}}
{"entryKind":"call","function":{"valueKind":"abstract-object","value":{"objectKind":"builtin","canonicalName":"Math.min"}},"base":{"valueKind":"abstract-object","value":{"objectKind":"builtin","canonicalName":"Math"}},"arguments":[{"valueKind":"abstract-primitive","value":"NUM_UINT"},{"valueKind":"abstract-primitive","value":"NUM_UINT"}],"sourceLocation":{"fileName":"inline-0_orig_.js","lineNumber":"44","columnNumber":"40"}}
{"entryKind":"read-variable","name":{"valueKind":"concrete-string","value":"len"},"value":{"valueKind":"abstract-primitive","value":"NUM_OTHER"},"sourceLocation":{"fileName":"inline-0_orig_.js","lineNumber":"53","columnNumber":"70"}}
{"entryKind":"call","function":{"valueKind":"abstract-object","value":{"objectKind":"builtin","canonicalName":"Math.floor"}},"base":{"valueKind":"abstract-object","value":{"objectKind":"builtin","canonicalName":"Math"}},"arguments":[{"valueKind":"abstract-primitive","value":"NUM_OTHER"}],"sourceLocation":{"fileName":"inline-0_orig_.js","lineNumber":"53","columnNumber":"54"}}
{"entryKind":"call","function":{"valueKind":"abstract-object","value":{"objectKind":"builtin","canonicalName":"Math.min"}},"base":{"valueKind":"abstract-object","value":{"objectKind":"builtin","canonicalName":"Math"}},"arguments":[{"valueKind":"abstract-primitive","value":"NUM_UINT"},{"valueKind":"abstract-primitive","value":"NUM_UINT"}],"sourceLocation":{"fileName":"inline-0_orig_.js","lineNumber":"53","columnNumber":"40"}}
{"entryKind":"read-property","name":{"valueKind":"abstract-primitive","value":"0"},"value":{"valueKind":"abstract-primitive","value":"NUM_OTHER"},"sourceLocation":{"fileName":"inline-0_orig_.js","lineNumber":"57","columnNumber":"43"}}
{"entryKind":"read-property","name":{"valueKind":"abstract-primitive","value":"1"},"value":{"valueKind":"abstract-primitive","value":"NUM_OTHER"},"sourceLocation":{"fileName":"inline-0_orig_.js","lineNumber":"57","columnNumber":"87"}}
{"entryKind":"call","function":{"valueKind":"abstract-object","value":{"objectKind":"other"}},"base":{"valueKind":"abstract-object","value":{"objectKind":"other"}},"arguments":[{"valueKind":"abstract-primitive","value":"NUM_UINT"},{"valueKind":"abstract-primitive","value":"NUM_UINT"}],"sourceLocation":{"fileName":"inline-0_orig_.js","lineNumber":"57","columnNumber":"13"}}
