{"entryKind":"call","function":{"valueKind":"abstract-object","value":{"objectKind":"builtin","canonicalName":"Math.random"}},"base":{"valueKind":"abstract-object","value":{"objectKind":"builtin","canonicalName":"Math"}},"arguments":[],"sourceLocation":{"fileName":"test/flowgraphbuilder/flowgraph_builder0188.js","lineNumber":"5","columnNumber":"13"}}
{"entryKind":"read-property","name":{"valueKind":"concrete-string","value":"random"},"value":{"valueKind":"abstract-object","value":{"objectKind":"builtin","canonicalName":"Math.random"}},"sourceLocation":{"fileName":"test/flowgraphbuilder/flowgraph_builder0188.js","lineNumber":"5","columnNumber":"13"}}
{"entryKind":"read-variable","name":{"valueKind":"concrete-string","value":"Math"},"value":{"valueKind":"abstract-object","value":{"objectKind":"builtin","canonicalName":"Math"}},"sourceLocation":{"fileName":"test/flowgraphbuilder/flowgraph_builder0188.js","lineNumber":"5","columnNumber":"13"}}
{"entryKind":"read-variable","name":{"valueKind":"concrete-string","value":"x"},"value":{"valueKind":"abstract-primitive","value":"0"},"sourceLocation":{"fileName":"test/flowgraphbuilder/flowgraph_builder0188.js","lineNumber":"2","columnNumber":"17"}}
{"entryKind":"read-variable","name":{"valueKind":"concrete-string","value":"y"},"value":{"valueKind":"abstract-primitive","value":"0"},"sourceLocation":{"fileName":"test/flowgraphbuilder/flowgraph_builder0188.js","lineNumber":"3","columnNumber":"18"}}
{"entryKind":"read-variable","name":{"valueKind":"concrete-string","value":"z"},"value":{"valueKind":"abstract-primitive","value":"0"},"sourceLocation":{"fileName":"test/flowgraphbuilder/flowgraph_builder0188.js","lineNumber":"10","columnNumber":"8"}}
{"entryKind":"read-variable","name":{"valueKind":"concrete-string","value":"z"},"value":{"valueKind":"abstract-primitive","value":"0"},"sourceLocation":{"fileName":"test/flowgraphbuilder/flowgraph_builder0188.js","lineNumber":"12","columnNumber":"8"}}
{"entryKind":"read-variable","name":{"valueKind":"concrete-string","value":"z"},"value":{"valueKind":"abstract-primitive","value":"0"},"sourceLocation":{"fileName":"test/flowgraphbuilder/flowgraph_builder0188.js","lineNumber":"14","columnNumber":"8"}}
{"entryKind":"read-variable","name":{"valueKind":"concrete-string","value":"z"},"value":{"valueKind":"abstract-primitive","value":"0"},"sourceLocation":{"fileName":"test/flowgraphbuilder/flowgraph_builder0188.js","lineNumber":"16","columnNumber":"8"}}
{"entryKind":"read-variable","name":{"valueKind":"concrete-string","value":"z"},"value":{"valueKind":"abstract-primitive","value":"0"},"sourceLocation":{"fileName":"test/flowgraphbuilder/flowgraph_builder0188.js","lineNumber":"18","columnNumber":"8"}}
{"entryKind":"read-variable","name":{"valueKind":"concrete-string","value":"z"},"value":{"valueKind":"abstract-primitive","value":"0"},"sourceLocation":{"fileName":"test/flowgraphbuilder/flowgraph_builder0188.js","lineNumber":"20","columnNumber":"8"}}
{"entryKind":"read-variable","name":{"valueKind":"concrete-string","value":"z"},"value":{"valueKind":"abstract-primitive","value":"0"},"sourceLocation":{"fileName":"test/flowgraphbuilder/flowgraph_builder0188.js","lineNumber":"4","columnNumber":"19"}}
{"entryKind":"read-variable","name":{"valueKind":"concrete-string","value":"z"},"value":{"valueKind":"abstract-primitive","value":"0"},"sourceLocation":{"fileName":"test/flowgraphbuilder/flowgraph_builder0188.js","lineNumber":"4","columnNumber":"27"}}
{"entryKind":"read-variable","name":{"valueKind":"concrete-string","value":"z"},"value":{"valueKind":"abstract-primitive","value":"0"},"sourceLocation":{"fileName":"test/flowgraphbuilder/flowgraph_builder0188.js","lineNumber":"6","columnNumber":"8"}}
{"entryKind":"read-variable","name":{"valueKind":"concrete-string","value":"z"},"value":{"valueKind":"abstract-primitive","value":"0"},"sourceLocation":{"fileName":"test/flowgraphbuilder/flowgraph_builder0188.js","lineNumber":"8","columnNumber":"8"}}
{"entryKind":"read-variable","name":{"valueKind":"concrete-string","value":"z"},"value":{"valueKind":"abstract-primitive","value":"1"},"sourceLocation":{"fileName":"test/flowgraphbuilder/flowgraph_builder0188.js","lineNumber":"4","columnNumber":"19"}}
{"entryKind":"read-variable","name":{"valueKind":"concrete-string","value":"z"},"value":{"valueKind":"abstract-primitive","value":"1"},"sourceLocation":{"fileName":"test/flowgraphbuilder/flowgraph_builder0188.js","lineNumber":"6","columnNumber":"8"}}
{"entryKind":"write-variable","name":{"valueKind":"concrete-string","value":"r"},"value":{"valueKind":"abstract-primitive","value":"NUM_OTHER"},"sourceLocation":{"fileName":"test/flowgraphbuilder/flowgraph_builder0188.js","lineNumber":"5","columnNumber":"13"}}
{"entryKind":"write-variable","name":{"valueKind":"concrete-string","value":"r"},"value":{"valueKind":"abstract-primitive","value":"NUM_UINT"},"sourceLocation":{"fileName":"test/flowgraphbuilder/flowgraph_builder0188.js","lineNumber":"22","columnNumber":"8"}}
{"entryKind":"write-variable","name":{"valueKind":"concrete-string","value":"x"},"value":{"valueKind":"abstract-primitive","value":"0"},"sourceLocation":{"fileName":"test/flowgraphbuilder/flowgraph_builder0188.js","lineNumber":"2","columnNumber":"14"}}
{"entryKind":"write-variable","name":{"valueKind":"concrete-string","value":"y"},"value":{"valueKind":"abstract-primitive","value":"0"},"sourceLocation":{"fileName":"test/flowgraphbuilder/flowgraph_builder0188.js","lineNumber":"3","columnNumber":"15"}}
{"entryKind":"write-variable","name":{"valueKind":"concrete-string","value":"z"},"value":{"valueKind":"abstract-primitive","value":"0"},"sourceLocation":{"fileName":"test/flowgraphbuilder/flowgraph_builder0188.js","lineNumber":"4","columnNumber":"16"}}
{"entryKind":"write-variable","name":{"valueKind":"concrete-string","value":"z"},"value":{"valueKind":"abstract-primitive","value":"1"},"sourceLocation":{"fileName":"test/flowgraphbuilder/flowgraph_builder0188.js","lineNumber":-1,"columnNumber":-1}}
