{"sha":"511e19a66ef898718ee2d59ece9364503673a733", "time":1465383987}
{"entryKind":"call","function":{"valueKind":"abstract-object","value":{"objectKind":"allocation-site","allocationSite":{"fileName":"test/resig/ejohn24.js","lineNumber":"1","columnNumber":"1"}}},"base":{"valueKind":"abstract-object","value":{"objectKind":"builtin","canonicalName":"<the global object>"}},"arguments":[],"sourceLocation":{"fileName":"test/resig/ejohn24.js","lineNumber":"4","columnNumber":"1"}}
{"entryKind":"call","function":{"valueKind":"abstract-object","value":{"objectKind":"allocation-site","allocationSite":{"fileName":"test/resig/ejohn24.js","lineNumber":"8","columnNumber":"9"}}},"base":{"valueKind":"abstract-object","value":{"objectKind":"allocation-site","allocationSite":{"fileName":"test/resig/ejohn24.js","lineNumber":"7","columnNumber":"16"}}},"arguments":[],"sourceLocation":{"fileName":"test/resig/ejohn24.js","lineNumber":"12","columnNumber":"1"}}
{"entryKind":"call","function":{"valueKind":"abstract-object","value":{"objectKind":"other"}},"base":{"valueKind":"abstract-object","value":{"objectKind":"builtin","canonicalName":"<the global object>"}},"arguments":[{"valueKind":"abstract-primitive","value":"true"}],"sourceLocation":{"fileName":"test/resig/ejohn24.js","lineNumber":"13","columnNumber":"1"}}
{"entryKind":"call","function":{"valueKind":"abstract-object","value":{"objectKind":"other"}},"base":{"valueKind":"abstract-object","value":{"objectKind":"builtin","canonicalName":"<the global object>"}},"arguments":[{"valueKind":"abstract-primitive","value":"true"}],"sourceLocation":{"fileName":"test/resig/ejohn24.js","lineNumber":"5","columnNumber":"1"}}
{"entryKind":"function-entry","base":{"valueKind":"abstract-object","value":{"objectKind":"allocation-site","allocationSite":{"fileName":"test/resig/ejohn24.js","lineNumber":"7","columnNumber":"16"}}},"arguments":[],"sourceLocation":{"fileName":"test/resig/ejohn24.js","lineNumber":"8","columnNumber":"9"}}
{"entryKind":"function-entry","base":{"valueKind":"abstract-object","value":{"objectKind":"builtin","canonicalName":"<the global object>"}},"arguments":[],"sourceLocation":{"fileName":"test/resig/ejohn24.js","lineNumber":"1","columnNumber":"1"}}
{"entryKind":"function-exit","returnValue":{"valueKind":"abstract-primitive","value":"undefined"},"sourceLocation":{"fileName":"test/resig/ejohn24.js","lineNumber":"1","columnNumber":"1"}}
{"entryKind":"function-exit","returnValue":{"valueKind":"abstract-primitive","value":"undefined"},"sourceLocation":{"fileName":"test/resig/ejohn24.js","lineNumber":"8","columnNumber":"9"}}
{"entryKind":"read-property","name":{"valueKind":"concrete-string","value":"isSharp"},"value":{"valueKind":"abstract-primitive","value":"true"},"sourceLocation":{"fileName":"test/resig/ejohn24.js","lineNumber":"13","columnNumber":"14"}}
{"entryKind":"read-property","name":{"valueKind":"concrete-string","value":"toss"},"value":{"valueKind":"abstract-object","value":{"objectKind":"allocation-site","allocationSite":{"fileName":"test/resig/ejohn24.js","lineNumber":"8","columnNumber":"9"}}},"sourceLocation":{"fileName":"test/resig/ejohn24.js","lineNumber":"12","columnNumber":"1"}}
{"entryKind":"read-variable","name":{"valueKind":"concrete-string","value":"TAJS_assert"},"value":{"valueKind":"abstract-object","value":{"objectKind":"other"}},"sourceLocation":{"fileName":"test/resig/ejohn24.js","lineNumber":"13","columnNumber":"1"}}
{"entryKind":"read-variable","name":{"valueKind":"concrete-string","value":"TAJS_assert"},"value":{"valueKind":"abstract-object","value":{"objectKind":"other"}},"sourceLocation":{"fileName":"test/resig/ejohn24.js","lineNumber":"5","columnNumber":"1"}}
{"entryKind":"read-variable","name":{"valueKind":"concrete-string","value":"isSharp"},"value":{"valueKind":"abstract-primitive","value":"true"},"sourceLocation":{"fileName":"test/resig/ejohn24.js","lineNumber":"5","columnNumber":"14"}}
{"entryKind":"read-variable","name":{"valueKind":"concrete-string","value":"katana"},"value":{"valueKind":"abstract-object","value":{"objectKind":"allocation-site","allocationSite":{"fileName":"test/resig/ejohn24.js","lineNumber":"1","columnNumber":"1"}}},"sourceLocation":{"fileName":"test/resig/ejohn24.js","lineNumber":"4","columnNumber":"1"}}
{"entryKind":"read-variable","name":{"valueKind":"concrete-string","value":"shuriken"},"value":{"valueKind":"abstract-object","value":{"objectKind":"allocation-site","allocationSite":{"fileName":"test/resig/ejohn24.js","lineNumber":"7","columnNumber":"16"}}},"sourceLocation":{"fileName":"test/resig/ejohn24.js","lineNumber":"12","columnNumber":"1"}}
{"entryKind":"read-variable","name":{"valueKind":"concrete-string","value":"shuriken"},"value":{"valueKind":"abstract-object","value":{"objectKind":"allocation-site","allocationSite":{"fileName":"test/resig/ejohn24.js","lineNumber":"7","columnNumber":"16"}}},"sourceLocation":{"fileName":"test/resig/ejohn24.js","lineNumber":"13","columnNumber":"14"}}
{"entryKind":"read-variable","name":{"valueKind":"concrete-string","value":"this"},"value":{"valueKind":"abstract-object","value":{"objectKind":"allocation-site","allocationSite":{"fileName":"test/resig/ejohn24.js","lineNumber":"7","columnNumber":"16"}}},"sourceLocation":{"fileName":"test/resig/ejohn24.js","lineNumber":"9","columnNumber":"5"}}
{"entryKind":"read-variable","name":{"valueKind":"concrete-string","value":"this"},"value":{"valueKind":"abstract-object","value":{"objectKind":"builtin","canonicalName":"<the global object>"}},"sourceLocation":{"fileName":"test/resig/ejohn24.js","lineNumber":"2","columnNumber":"3"}}
{"entryKind":"write-property","name":{"valueKind":"concrete-string","value":"isSharp"},"value":{"valueKind":"abstract-primitive","value":"true"},"sourceLocation":{"fileName":"test/resig/ejohn24.js","lineNumber":"2","columnNumber":"3"}}
{"entryKind":"write-property","name":{"valueKind":"concrete-string","value":"isSharp"},"value":{"valueKind":"abstract-primitive","value":"true"},"sourceLocation":{"fileName":"test/resig/ejohn24.js","lineNumber":"9","columnNumber":"5"}}
{"entryKind":"write-variable","name":{"valueKind":"concrete-string","value":"shuriken"},"value":{"valueKind":"abstract-object","value":{"objectKind":"allocation-site","allocationSite":{"fileName":"test/resig/ejohn24.js","lineNumber":"7","columnNumber":"16"}}},"sourceLocation":{"fileName":"test/resig/ejohn24.js","lineNumber":"7","columnNumber":"16"}}
