{"entryKind":"call","function":{"valueKind":"abstract-object","value":{"objectKind":"allocation-site","allocationSite":{"fileName":"test/resig/ejohn59.js","lineNumber":"1","columnNumber":"32"}}},"base":{"valueKind":"abstract-object","value":{"objectKind":"builtin","canonicalName":"<the global object>"}},"arguments":[{"valueKind":"abstract-primitive","value":"0"}],"sourceLocation":{"fileName":"test/resig/ejohn59.js","lineNumber":"1","columnNumber":"31"}}
{"entryKind":"call","function":{"valueKind":"abstract-object","value":{"objectKind":"allocation-site","allocationSite":{"fileName":"test/resig/ejohn59.js","lineNumber":"1","columnNumber":"32"}}},"base":{"valueKind":"abstract-object","value":{"objectKind":"builtin","canonicalName":"<the global object>"}},"arguments":[{"valueKind":"abstract-primitive","value":"1"}],"sourceLocation":{"fileName":"test/resig/ejohn59.js","lineNumber":"1","columnNumber":"31"}}
{"entryKind":"call","function":{"valueKind":"abstract-object","value":{"objectKind":"allocation-site","allocationSite":{"fileName":"test/resig/ejohn59.js","lineNumber":"1","columnNumber":"32"}}},"base":{"valueKind":"abstract-object","value":{"objectKind":"builtin","canonicalName":"<the global object>"}},"arguments":[{"valueKind":"abstract-primitive","value":"NUM_UINT"}],"sourceLocation":{"fileName":"test/resig/ejohn59.js","lineNumber":"1","columnNumber":"31"}}
{"entryKind":"call","function":{"valueKind":"abstract-object","value":{"objectKind":"other"}},"base":{"valueKind":"abstract-object","value":{"objectKind":"builtin","canonicalName":"<the global object>"}},"arguments":[{"valueKind":"abstract-object","value":{"objectKind":"allocation-site","allocationSite":{"fileName":"test/resig/ejohn59.js","lineNumber":"2","columnNumber":"13"}}},{"valueKind":"abstract-primitive","value":"0"}],"sourceLocation":{"fileName":"test/resig/ejohn59.js","lineNumber":"2","columnNumber":"2"}}
{"entryKind":"call","function":{"valueKind":"abstract-object","value":{"objectKind":"other"}},"base":{"valueKind":"abstract-object","value":{"objectKind":"builtin","canonicalName":"<the global object>"}},"arguments":[{"valueKind":"abstract-object","value":{"objectKind":"allocation-site","allocationSite":{"fileName":"test/resig/ejohn59.js","lineNumber":"2","columnNumber":"13"}}},{"valueKind":"abstract-primitive","value":"NUM_UINT"}],"sourceLocation":{"fileName":"test/resig/ejohn59.js","lineNumber":"2","columnNumber":"2"}}
{"entryKind":"function-entry","base":{"valueKind":"abstract-object","value":{"objectKind":"builtin","canonicalName":"<the global object>"}},"arguments":[{"valueKind":"abstract-primitive","value":"0"}],"sourceLocation":{"fileName":"test/resig/ejohn59.js","lineNumber":"1","columnNumber":"32"}}
{"entryKind":"function-entry","base":{"valueKind":"abstract-object","value":{"objectKind":"builtin","canonicalName":"<the global object>"}},"arguments":[{"valueKind":"abstract-primitive","value":"1"}],"sourceLocation":{"fileName":"test/resig/ejohn59.js","lineNumber":"1","columnNumber":"32"}}
{"entryKind":"function-entry","base":{"valueKind":"abstract-object","value":{"objectKind":"builtin","canonicalName":"<the global object>"}},"arguments":[{"valueKind":"abstract-primitive","value":"NUM_UINT"}],"sourceLocation":{"fileName":"test/resig/ejohn59.js","lineNumber":"1","columnNumber":"32"}}
{"entryKind":"function-entry","base":{"valueKind":"abstract-object","value":{"objectKind":"other"}},"arguments":[],"sourceLocation":{"fileName":"test/resig/ejohn59.js","lineNumber":"2","columnNumber":"13"}}
{"entryKind":"function-exit","exceptionValue":{"valueKind":"abstract-object","value":{"objectKind":"other"}},"sourceLocation":{"fileName":"test/resig/ejohn59.js","lineNumber":"2","columnNumber":"13"}}
{"entryKind":"function-exit","returnValue":{"valueKind":"abstract-primitive","value":"undefined"},"sourceLocation":{"fileName":"test/resig/ejohn59.js","lineNumber":"1","columnNumber":"32"}}
{"entryKind":"read-variable","name":{"valueKind":"concrete-string","value":"d"},"value":{"valueKind":"abstract-primitive","value":"0"},"sourceLocation":{"fileName":"test/resig/ejohn59.js","lineNumber":"1","columnNumber":"18"}}
{"entryKind":"read-variable","name":{"valueKind":"concrete-string","value":"d"},"value":{"valueKind":"abstract-primitive","value":"0"},"sourceLocation":{"fileName":"test/resig/ejohn59.js","lineNumber":"1","columnNumber":"25"}}
{"entryKind":"read-variable","name":{"valueKind":"concrete-string","value":"d"},"value":{"valueKind":"abstract-primitive","value":"0"},"sourceLocation":{"fileName":"test/resig/ejohn59.js","lineNumber":"5","columnNumber":"5"}}
{"entryKind":"read-variable","name":{"valueKind":"concrete-string","value":"d"},"value":{"valueKind":"abstract-primitive","value":"0"},"sourceLocation":{"fileName":"test/resig/ejohn59.js","lineNumber":"6","columnNumber":"4"}}
{"entryKind":"read-variable","name":{"valueKind":"concrete-string","value":"d"},"value":{"valueKind":"abstract-primitive","value":"1"},"sourceLocation":{"fileName":"test/resig/ejohn59.js","lineNumber":"1","columnNumber":"18"}}
{"entryKind":"read-variable","name":{"valueKind":"concrete-string","value":"d"},"value":{"valueKind":"abstract-primitive","value":"1"},"sourceLocation":{"fileName":"test/resig/ejohn59.js","lineNumber":"1","columnNumber":"25"}}
{"entryKind":"read-variable","name":{"valueKind":"concrete-string","value":"d"},"value":{"valueKind":"abstract-primitive","value":"1"},"sourceLocation":{"fileName":"test/resig/ejohn59.js","lineNumber":"5","columnNumber":"5"}}
{"entryKind":"read-variable","name":{"valueKind":"concrete-string","value":"d"},"value":{"valueKind":"abstract-primitive","value":"1"},"sourceLocation":{"fileName":"test/resig/ejohn59.js","lineNumber":"6","columnNumber":"4"}}
{"entryKind":"read-variable","name":{"valueKind":"concrete-string","value":"d"},"value":{"valueKind":"abstract-primitive","value":"NUM_UINT"},"sourceLocation":{"fileName":"test/resig/ejohn59.js","lineNumber":"1","columnNumber":"18"}}
{"entryKind":"read-variable","name":{"valueKind":"concrete-string","value":"d"},"value":{"valueKind":"abstract-primitive","value":"NUM_UINT"},"sourceLocation":{"fileName":"test/resig/ejohn59.js","lineNumber":"1","columnNumber":"25"}}
{"entryKind":"read-variable","name":{"valueKind":"concrete-string","value":"d"},"value":{"valueKind":"abstract-primitive","value":"NUM_UINT"},"sourceLocation":{"fileName":"test/resig/ejohn59.js","lineNumber":"5","columnNumber":"5"}}
{"entryKind":"read-variable","name":{"valueKind":"concrete-string","value":"d"},"value":{"valueKind":"abstract-primitive","value":"NUM_UINT"},"sourceLocation":{"fileName":"test/resig/ejohn59.js","lineNumber":"6","columnNumber":"4"}}
{"entryKind":"read-variable","name":{"valueKind":"concrete-string","value":"setTimeout"},"value":{"valueKind":"abstract-object","value":{"objectKind":"other"}},"sourceLocation":{"fileName":"test/resig/ejohn59.js","lineNumber":"2","columnNumber":"2"}}
{"entryKind":"write-variable","name":{"valueKind":"concrete-string","value":"d"},"value":{"valueKind":"abstract-primitive","value":"0"},"sourceLocation":{"fileName":"test/resig/ejohn59.js","lineNumber":"1","columnNumber":"15"}}
{"entryKind":"write-variable","name":{"valueKind":"concrete-string","value":"d"},"value":{"valueKind":"abstract-primitive","value":"1"},"sourceLocation":{"fileName":"test/resig/ejohn59.js","lineNumber":-1,"columnNumber":-1}}
{"entryKind":"write-variable","name":{"valueKind":"concrete-string","value":"d"},"value":{"valueKind":"abstract-primitive","value":"NUM_UINT"},"sourceLocation":{"fileName":"test/resig/ejohn59.js","lineNumber":-1,"columnNumber":-1}}
