{"entryKind":"call","function":{"valueKind":"abstract-object","value":{"objectKind":"allocation-site","allocationSite":{"fileName":"test/resig/ejohn56.js","lineNumber":"2","columnNumber":"1"}}},"base":{"valueKind":"abstract-object","value":{"objectKind":"builtin","canonicalName":"<the global object>"}},"arguments":[{"valueKind":"abstract-primitive","value":"NUM_UINT"}],"sourceLocation":{"fileName":"test/resig/ejohn56.js","lineNumber":"14","columnNumber":"1"}}
{"entryKind":"call","function":{"valueKind":"abstract-object","value":{"objectKind":"allocation-site","allocationSite":{"fileName":"test/resig/ejohn56.js","lineNumber":"5","columnNumber":"2"}}},"base":{"valueKind":"abstract-object","value":{"objectKind":"builtin","canonicalName":"<the global object>"}},"arguments":[],"sourceLocation":{"fileName":"test/resig/ejohn56.js","lineNumber":"11","columnNumber":"2"}}
{"entryKind":"call","function":{"valueKind":"abstract-object","value":{"objectKind":"other"}},"base":{"valueKind":"abstract-object","value":{"objectKind":"builtin","canonicalName":"<the global object>"}},"arguments":[{"valueKind":"abstract-object","value":{"objectKind":"allocation-site","allocationSite":{"fileName":"test/resig/ejohn56.js","lineNumber":"17","columnNumber":"13"}}},{"valueKind":"abstract-primitive","value":"NUM_UINT"}],"sourceLocation":{"fileName":"test/resig/ejohn56.js","lineNumber":"17","columnNumber":"2"}}
{"entryKind":"call","function":{"valueKind":"abstract-object","value":{"objectKind":"other"}},"base":{"valueKind":"abstract-object","value":{"objectKind":"builtin","canonicalName":"<the global object>"}},"arguments":[{"valueKind":"abstract-primitive","value":"true"}],"sourceLocation":{"fileName":"test/resig/ejohn56.js","lineNumber":"18","columnNumber":"4"}}
{"entryKind":"call","function":{"valueKind":"abstract-object","value":{"objectKind":"other"}},"base":{"valueKind":"abstract-object","value":{"objectKind":"builtin","canonicalName":"<the global object>"}},"arguments":[{"valueKind":"abstract-primitive","value":"true"}],"sourceLocation":{"fileName":"test/resig/ejohn56.js","lineNumber":"3","columnNumber":"2"}}
{"entryKind":"call","function":{"valueKind":"abstract-object","value":{"objectKind":"other"}},"base":{"valueKind":"abstract-object","value":{"objectKind":"builtin","canonicalName":"<the global object>"}},"arguments":[{"valueKind":"abstract-primitive","value":"true"}],"sourceLocation":{"fileName":"test/resig/ejohn56.js","lineNumber":"6","columnNumber":"4"}}
{"entryKind":"call","function":{"valueKind":"abstract-object","value":{"objectKind":"other"}},"base":{"valueKind":"abstract-object","value":{"objectKind":"builtin","canonicalName":"<the global object>"}},"arguments":[{"valueKind":"abstract-primitive","value":"true"}],"sourceLocation":{"fileName":"test/resig/ejohn56.js","lineNumber":"7","columnNumber":"4"}}
{"entryKind":"function-entry","base":{"valueKind":"abstract-object","value":{"objectKind":"builtin","canonicalName":"<the global object>"}},"arguments":[],"sourceLocation":{"fileName":"test/resig/ejohn56.js","lineNumber":"5","columnNumber":"2"}}
{"entryKind":"function-entry","base":{"valueKind":"abstract-object","value":{"objectKind":"builtin","canonicalName":"<the global object>"}},"arguments":[{"valueKind":"abstract-primitive","value":"NUM_UINT"}],"sourceLocation":{"fileName":"test/resig/ejohn56.js","lineNumber":"2","columnNumber":"1"}}
{"entryKind":"function-entry","base":{"valueKind":"abstract-object","value":{"objectKind":"other"}},"arguments":[],"sourceLocation":{"fileName":"test/resig/ejohn56.js","lineNumber":"17","columnNumber":"13"}}
{"entryKind":"function-exit","returnValue":{"valueKind":"abstract-primitive","value":"undefined"},"sourceLocation":{"fileName":"test/resig/ejohn56.js","lineNumber":"17","columnNumber":"13"}}
{"entryKind":"function-exit","returnValue":{"valueKind":"abstract-primitive","value":"undefined"},"sourceLocation":{"fileName":"test/resig/ejohn56.js","lineNumber":"2","columnNumber":"1"}}
{"entryKind":"function-exit","returnValue":{"valueKind":"abstract-primitive","value":"undefined"},"sourceLocation":{"fileName":"test/resig/ejohn56.js","lineNumber":"5","columnNumber":"2"}}
{"entryKind":"read-variable","name":{"valueKind":"concrete-string","value":"TAJS_assert"},"value":{"valueKind":"abstract-object","value":{"objectKind":"other"}},"sourceLocation":{"fileName":"test/resig/ejohn56.js","lineNumber":"18","columnNumber":"4"}}
{"entryKind":"read-variable","name":{"valueKind":"concrete-string","value":"TAJS_assert"},"value":{"valueKind":"abstract-object","value":{"objectKind":"other"}},"sourceLocation":{"fileName":"test/resig/ejohn56.js","lineNumber":"3","columnNumber":"2"}}
{"entryKind":"read-variable","name":{"valueKind":"concrete-string","value":"TAJS_assert"},"value":{"valueKind":"abstract-object","value":{"objectKind":"other"}},"sourceLocation":{"fileName":"test/resig/ejohn56.js","lineNumber":"6","columnNumber":"4"}}
{"entryKind":"read-variable","name":{"valueKind":"concrete-string","value":"TAJS_assert"},"value":{"valueKind":"abstract-object","value":{"objectKind":"other"}},"sourceLocation":{"fileName":"test/resig/ejohn56.js","lineNumber":"7","columnNumber":"4"}}
{"entryKind":"read-variable","name":{"valueKind":"concrete-string","value":"a"},"value":{"valueKind":"abstract-primitive","value":"NUM_UINT"},"sourceLocation":{"fileName":"test/resig/ejohn56.js","lineNumber":"3","columnNumber":"15"}}
{"entryKind":"read-variable","name":{"valueKind":"concrete-string","value":"b"},"value":{"valueKind":"abstract-primitive","value":"NUM_UINT"},"sourceLocation":{"fileName":"test/resig/ejohn56.js","lineNumber":"6","columnNumber":"17"}}
{"entryKind":"read-variable","name":{"valueKind":"concrete-string","value":"c"},"value":{"valueKind":"abstract-primitive","value":"undefined"},"sourceLocation":{"fileName":"test/resig/ejohn56.js","lineNumber":"7","columnNumber":"17"}}
{"entryKind":"read-variable","name":{"valueKind":"concrete-string","value":"d"},"value":{"valueKind":"abstract-primitive","value":"0"},"sourceLocation":{"fileName":"test/resig/ejohn56.js","lineNumber":"16","columnNumber":"18"}}
{"entryKind":"read-variable","name":{"valueKind":"concrete-string","value":"d"},"value":{"valueKind":"abstract-primitive","value":"0"},"sourceLocation":{"fileName":"test/resig/ejohn56.js","lineNumber":"16","columnNumber":"25"}}
{"entryKind":"read-variable","name":{"valueKind":"concrete-string","value":"d"},"value":{"valueKind":"abstract-primitive","value":"1"},"sourceLocation":{"fileName":"test/resig/ejohn56.js","lineNumber":"16","columnNumber":"18"}}
{"entryKind":"read-variable","name":{"valueKind":"concrete-string","value":"d"},"value":{"valueKind":"abstract-primitive","value":"1"},"sourceLocation":{"fileName":"test/resig/ejohn56.js","lineNumber":"16","columnNumber":"25"}}
{"entryKind":"read-variable","name":{"valueKind":"concrete-string","value":"d"},"value":{"valueKind":"abstract-primitive","value":"NUM_UINT"},"sourceLocation":{"fileName":"test/resig/ejohn56.js","lineNumber":"16","columnNumber":"18"}}
{"entryKind":"read-variable","name":{"valueKind":"concrete-string","value":"d"},"value":{"valueKind":"abstract-primitive","value":"NUM_UINT"},"sourceLocation":{"fileName":"test/resig/ejohn56.js","lineNumber":"16","columnNumber":"25"}}
{"entryKind":"read-variable","name":{"valueKind":"concrete-string","value":"d"},"value":{"valueKind":"abstract-primitive","value":"NUM_UINT"},"sourceLocation":{"fileName":"test/resig/ejohn56.js","lineNumber":"18","columnNumber":"17"}}
{"entryKind":"read-variable","name":{"valueKind":"concrete-string","value":"innerRun"},"value":{"valueKind":"abstract-object","value":{"objectKind":"allocation-site","allocationSite":{"fileName":"test/resig/ejohn56.js","lineNumber":"5","columnNumber":"2"}}},"sourceLocation":{"fileName":"test/resig/ejohn56.js","lineNumber":"11","columnNumber":"2"}}
{"entryKind":"read-variable","name":{"valueKind":"concrete-string","value":"runMe"},"value":{"valueKind":"abstract-object","value":{"objectKind":"allocation-site","allocationSite":{"fileName":"test/resig/ejohn56.js","lineNumber":"2","columnNumber":"1"}}},"sourceLocation":{"fileName":"test/resig/ejohn56.js","lineNumber":"14","columnNumber":"1"}}
{"entryKind":"read-variable","name":{"valueKind":"concrete-string","value":"setTimeout"},"value":{"valueKind":"abstract-object","value":{"objectKind":"other"}},"sourceLocation":{"fileName":"test/resig/ejohn56.js","lineNumber":"17","columnNumber":"2"}}
{"entryKind":"write-variable","name":{"valueKind":"concrete-string","value":"a"},"value":{"valueKind":"abstract-primitive","value":"NUM_UINT"},"sourceLocation":{"fileName":"test/resig/ejohn56.js","lineNumber":"1","columnNumber":"9"}}
{"entryKind":"write-variable","name":{"valueKind":"concrete-string","value":"b"},"value":{"valueKind":"abstract-primitive","value":"NUM_UINT"},"sourceLocation":{"fileName":"test/resig/ejohn56.js","lineNumber":"10","columnNumber":"10"}}
{"entryKind":"write-variable","name":{"valueKind":"concrete-string","value":"c"},"value":{"valueKind":"abstract-primitive","value":"NUM_UINT"},"sourceLocation":{"fileName":"test/resig/ejohn56.js","lineNumber":"12","columnNumber":"10"}}
{"entryKind":"write-variable","name":{"valueKind":"concrete-string","value":"d"},"value":{"valueKind":"abstract-primitive","value":"0"},"sourceLocation":{"fileName":"test/resig/ejohn56.js","lineNumber":"16","columnNumber":"15"}}
{"entryKind":"write-variable","name":{"valueKind":"concrete-string","value":"d"},"value":{"valueKind":"abstract-primitive","value":"1"},"sourceLocation":{"fileName":"test/resig/ejohn56.js","lineNumber":-1,"columnNumber":-1}}
{"entryKind":"write-variable","name":{"valueKind":"concrete-string","value":"d"},"value":{"valueKind":"abstract-primitive","value":"NUM_UINT"},"sourceLocation":{"fileName":"test/resig/ejohn56.js","lineNumber":-1,"columnNumber":-1}}
