{"entryKind":"call","function":{"valueKind":"abstract-object","value":{"objectKind":"allocation-site","allocationSite":{"fileName":"test/resig/ejohn40.js","lineNumber":"1","columnNumber":"1"}}},"base":{"valueKind":"abstract-object","value":{"objectKind":"builtin","canonicalName":"<the global object>"}},"arguments":[{"valueKind":"abstract-object","value":{"objectKind":"allocation-site","allocationSite":{"fileName":"test/resig/ejohn40.js","lineNumber":"8","columnNumber":"20"}}},{"valueKind":"abstract-object","value":{"objectKind":"allocation-site","allocationSite":{"fileName":"test/resig/ejohn40.js","lineNumber":"8","columnNumber":"36"}}}],"sourceLocation":{"fileName":"test/resig/ejohn40.js","lineNumber":"8","columnNumber":"14"}}
{"entryKind":"call","function":{"valueKind":"abstract-object","value":{"objectKind":"other"}},"base":{"valueKind":"abstract-object","value":{"objectKind":"builtin","canonicalName":"<the global object>"}},"arguments":[{"valueKind":"abstract-object","value":{"objectKind":"allocation-site","allocationSite":{"fileName":"test/resig/ejohn40.js","lineNumber":"8","columnNumber":"20"}}}],"sourceLocation":{"fileName":"test/resig/ejohn40.js","lineNumber":"13","columnNumber":"1"}}
{"entryKind":"call","function":{"valueKind":"abstract-object","value":{"objectKind":"other"}},"base":{"valueKind":"abstract-object","value":{"objectKind":"builtin","canonicalName":"<the global object>"}},"arguments":[{"valueKind":"abstract-primitive","value":"STR_IDENTIFIER"}],"sourceLocation":{"fileName":"test/resig/ejohn40.js","lineNumber":"11","columnNumber":"1"}}
{"entryKind":"call","function":{"valueKind":"abstract-object","value":{"objectKind":"other"}},"base":{"valueKind":"abstract-object","value":{"objectKind":"builtin","canonicalName":"<the global object>"}},"arguments":[{"valueKind":"abstract-primitive","value":"STR_IDENTIFIER"}],"sourceLocation":{"fileName":"test/resig/ejohn40.js","lineNumber":"12","columnNumber":"1"}}
{"entryKind":"function-entry","base":{"valueKind":"abstract-object","value":{"objectKind":"builtin","canonicalName":"<the global object>"}},"arguments":[{"valueKind":"abstract-object","value":{"objectKind":"allocation-site","allocationSite":{"fileName":"test/resig/ejohn40.js","lineNumber":"8","columnNumber":"20"}}},{"valueKind":"abstract-object","value":{"objectKind":"allocation-site","allocationSite":{"fileName":"test/resig/ejohn40.js","lineNumber":"8","columnNumber":"36"}}}],"sourceLocation":{"fileName":"test/resig/ejohn40.js","lineNumber":"1","columnNumber":"1"}}
{"entryKind":"function-exit","returnValue":{"valueKind":"abstract-object","value":{"objectKind":"allocation-site","allocationSite":{"fileName":"test/resig/ejohn40.js","lineNumber":"8","columnNumber":"20"}}},"sourceLocation":{"fileName":"test/resig/ejohn40.js","lineNumber":"1","columnNumber":"1"}}
{"entryKind":"read-property","name":{"valueKind":"abstract-primitive","value":"0"},"value":{"valueKind":"abstract-object","value":{"objectKind":"allocation-site","allocationSite":{"fileName":"test/resig/ejohn40.js","lineNumber":"8","columnNumber":"20"}}},"sourceLocation":{"fileName":"test/resig/ejohn40.js","lineNumber":"3","columnNumber":"22"}}
{"entryKind":"read-property","name":{"valueKind":"abstract-primitive","value":"0"},"value":{"valueKind":"abstract-object","value":{"objectKind":"allocation-site","allocationSite":{"fileName":"test/resig/ejohn40.js","lineNumber":"8","columnNumber":"20"}}},"sourceLocation":{"fileName":"test/resig/ejohn40.js","lineNumber":"4","columnNumber":"19"}}
{"entryKind":"read-property","name":{"valueKind":"abstract-primitive","value":"1"},"value":{"valueKind":"abstract-object","value":{"objectKind":"allocation-site","allocationSite":{"fileName":"test/resig/ejohn40.js","lineNumber":"8","columnNumber":"36"}}},"sourceLocation":{"fileName":"test/resig/ejohn40.js","lineNumber":"3","columnNumber":"22"}}
{"entryKind":"read-property","name":{"valueKind":"abstract-primitive","value":"1"},"value":{"valueKind":"abstract-object","value":{"objectKind":"allocation-site","allocationSite":{"fileName":"test/resig/ejohn40.js","lineNumber":"8","columnNumber":"36"}}},"sourceLocation":{"fileName":"test/resig/ejohn40.js","lineNumber":"4","columnNumber":"19"}}
{"entryKind":"read-property","name":{"valueKind":"concrete-string","value":"city"},"value":{"valueKind":"abstract-primitive","value":"STR_IDENTIFIER"},"sourceLocation":{"fileName":"test/resig/ejohn40.js","lineNumber":"12","columnNumber":"16"}}
{"entryKind":"read-property","name":{"valueKind":"concrete-string","value":"city"},"value":{"valueKind":"abstract-primitive","value":"STR_IDENTIFIER"},"sourceLocation":{"fileName":"test/resig/ejohn40.js","lineNumber":"4","columnNumber":"19"}}
{"entryKind":"read-property","name":{"valueKind":"concrete-string","value":"length"},"value":{"valueKind":"abstract-primitive","value":"NUM_UINT"},"sourceLocation":{"fileName":"test/resig/ejohn40.js","lineNumber":"2","columnNumber":"24"}}
{"entryKind":"read-property","name":{"valueKind":"concrete-string","value":"name"},"value":{"valueKind":"abstract-primitive","value":"STR_IDENTIFIER"},"sourceLocation":{"fileName":"test/resig/ejohn40.js","lineNumber":"11","columnNumber":"16"}}
{"entryKind":"read-property","name":{"valueKind":"concrete-string","value":"name"},"value":{"valueKind":"abstract-primitive","value":"STR_IDENTIFIER"},"sourceLocation":{"fileName":"test/resig/ejohn40.js","lineNumber":"4","columnNumber":"19"}}
{"entryKind":"read-variable","name":{"valueKind":"concrete-string","value":"TAJS_dumpObject"},"value":{"valueKind":"abstract-object","value":{"objectKind":"other"}},"sourceLocation":{"fileName":"test/resig/ejohn40.js","lineNumber":"13","columnNumber":"1"}}
{"entryKind":"read-variable","name":{"valueKind":"concrete-string","value":"TAJS_dumpValue"},"value":{"valueKind":"abstract-object","value":{"objectKind":"other"}},"sourceLocation":{"fileName":"test/resig/ejohn40.js","lineNumber":"11","columnNumber":"1"}}
{"entryKind":"read-variable","name":{"valueKind":"concrete-string","value":"TAJS_dumpValue"},"value":{"valueKind":"abstract-object","value":{"objectKind":"other"}},"sourceLocation":{"fileName":"test/resig/ejohn40.js","lineNumber":"12","columnNumber":"1"}}
{"entryKind":"read-variable","name":{"valueKind":"concrete-string","value":"arguments"},"value":{"valueKind":"abstract-object","value":{"objectKind":"other"}},"sourceLocation":{"fileName":"test/resig/ejohn40.js","lineNumber":"2","columnNumber":"24"}}
{"entryKind":"read-variable","name":{"valueKind":"concrete-string","value":"arguments"},"value":{"valueKind":"abstract-object","value":{"objectKind":"other"}},"sourceLocation":{"fileName":"test/resig/ejohn40.js","lineNumber":"3","columnNumber":"22"}}
{"entryKind":"read-variable","name":{"valueKind":"concrete-string","value":"arguments"},"value":{"valueKind":"abstract-object","value":{"objectKind":"other"}},"sourceLocation":{"fileName":"test/resig/ejohn40.js","lineNumber":"4","columnNumber":"19"}}
{"entryKind":"read-variable","name":{"valueKind":"concrete-string","value":"i"},"value":{"valueKind":"abstract-primitive","value":"0"},"sourceLocation":{"fileName":"test/resig/ejohn40.js","lineNumber":"2","columnNumber":"20"}}
{"entryKind":"read-variable","name":{"valueKind":"concrete-string","value":"i"},"value":{"valueKind":"abstract-primitive","value":"0"},"sourceLocation":{"fileName":"test/resig/ejohn40.js","lineNumber":"2","columnNumber":"42"}}
{"entryKind":"read-variable","name":{"valueKind":"concrete-string","value":"i"},"value":{"valueKind":"abstract-primitive","value":"0"},"sourceLocation":{"fileName":"test/resig/ejohn40.js","lineNumber":"3","columnNumber":"32"}}
{"entryKind":"read-variable","name":{"valueKind":"concrete-string","value":"i"},"value":{"valueKind":"abstract-primitive","value":"0"},"sourceLocation":{"fileName":"test/resig/ejohn40.js","lineNumber":"4","columnNumber":"29"}}
{"entryKind":"read-variable","name":{"valueKind":"concrete-string","value":"i"},"value":{"valueKind":"abstract-primitive","value":"1"},"sourceLocation":{"fileName":"test/resig/ejohn40.js","lineNumber":"2","columnNumber":"20"}}
{"entryKind":"read-variable","name":{"valueKind":"concrete-string","value":"i"},"value":{"valueKind":"abstract-primitive","value":"1"},"sourceLocation":{"fileName":"test/resig/ejohn40.js","lineNumber":"2","columnNumber":"42"}}
{"entryKind":"read-variable","name":{"valueKind":"concrete-string","value":"i"},"value":{"valueKind":"abstract-primitive","value":"1"},"sourceLocation":{"fileName":"test/resig/ejohn40.js","lineNumber":"3","columnNumber":"32"}}
{"entryKind":"read-variable","name":{"valueKind":"concrete-string","value":"i"},"value":{"valueKind":"abstract-primitive","value":"1"},"sourceLocation":{"fileName":"test/resig/ejohn40.js","lineNumber":"4","columnNumber":"29"}}
{"entryKind":"read-variable","name":{"valueKind":"concrete-string","value":"i"},"value":{"valueKind":"abstract-primitive","value":"NUM_UINT"},"sourceLocation":{"fileName":"test/resig/ejohn40.js","lineNumber":"2","columnNumber":"20"}}
{"entryKind":"read-variable","name":{"valueKind":"concrete-string","value":"key"},"value":{"valueKind":"abstract-primitive","value":"STR_IDENTIFIER"},"sourceLocation":{"fileName":"test/resig/ejohn40.js","lineNumber":"4","columnNumber":"12"}}
{"entryKind":"read-variable","name":{"valueKind":"concrete-string","value":"key"},"value":{"valueKind":"abstract-primitive","value":"STR_IDENTIFIER"},"sourceLocation":{"fileName":"test/resig/ejohn40.js","lineNumber":"4","columnNumber":"32"}}
{"entryKind":"read-variable","name":{"valueKind":"concrete-string","value":"merge"},"value":{"valueKind":"abstract-object","value":{"objectKind":"allocation-site","allocationSite":{"fileName":"test/resig/ejohn40.js","lineNumber":"1","columnNumber":"1"}}},"sourceLocation":{"fileName":"test/resig/ejohn40.js","lineNumber":"8","columnNumber":"14"}}
{"entryKind":"read-variable","name":{"valueKind":"concrete-string","value":"merged"},"value":{"valueKind":"abstract-object","value":{"objectKind":"allocation-site","allocationSite":{"fileName":"test/resig/ejohn40.js","lineNumber":"8","columnNumber":"20"}}},"sourceLocation":{"fileName":"test/resig/ejohn40.js","lineNumber":"11","columnNumber":"16"}}
{"entryKind":"read-variable","name":{"valueKind":"concrete-string","value":"merged"},"value":{"valueKind":"abstract-object","value":{"objectKind":"allocation-site","allocationSite":{"fileName":"test/resig/ejohn40.js","lineNumber":"8","columnNumber":"20"}}},"sourceLocation":{"fileName":"test/resig/ejohn40.js","lineNumber":"12","columnNumber":"16"}}
{"entryKind":"read-variable","name":{"valueKind":"concrete-string","value":"merged"},"value":{"valueKind":"abstract-object","value":{"objectKind":"allocation-site","allocationSite":{"fileName":"test/resig/ejohn40.js","lineNumber":"8","columnNumber":"20"}}},"sourceLocation":{"fileName":"test/resig/ejohn40.js","lineNumber":"13","columnNumber":"17"}}
{"entryKind":"read-variable","name":{"valueKind":"concrete-string","value":"root"},"value":{"valueKind":"abstract-object","value":{"objectKind":"allocation-site","allocationSite":{"fileName":"test/resig/ejohn40.js","lineNumber":"8","columnNumber":"20"}}},"sourceLocation":{"fileName":"test/resig/ejohn40.js","lineNumber":"4","columnNumber":"7"}}
{"entryKind":"read-variable","name":{"valueKind":"concrete-string","value":"root"},"value":{"valueKind":"abstract-object","value":{"objectKind":"allocation-site","allocationSite":{"fileName":"test/resig/ejohn40.js","lineNumber":"8","columnNumber":"20"}}},"sourceLocation":{"fileName":"test/resig/ejohn40.js","lineNumber":"5","columnNumber":"10"}}
{"entryKind":"write-property","name":{"valueKind":"concrete-string","value":"city"},"value":{"valueKind":"abstract-primitive","value":"STR_IDENTIFIER"},"sourceLocation":{"fileName":"test/resig/ejohn40.js","lineNumber":"4","columnNumber":"7"}}
{"entryKind":"write-property","name":{"valueKind":"concrete-string","value":"name"},"value":{"valueKind":"abstract-primitive","value":"STR_IDENTIFIER"},"sourceLocation":{"fileName":"test/resig/ejohn40.js","lineNumber":"4","columnNumber":"7"}}
{"entryKind":"write-variable","name":{"valueKind":"concrete-string","value":"i"},"value":{"valueKind":"abstract-primitive","value":"0"},"sourceLocation":{"fileName":"test/resig/ejohn40.js","lineNumber":"2","columnNumber":"17"}}
{"entryKind":"write-variable","name":{"valueKind":"concrete-string","value":"i"},"value":{"valueKind":"abstract-primitive","value":"1"},"sourceLocation":{"fileName":"test/resig/ejohn40.js","lineNumber":-1,"columnNumber":-1}}
{"entryKind":"write-variable","name":{"valueKind":"concrete-string","value":"i"},"value":{"valueKind":"abstract-primitive","value":"NUM_UINT"},"sourceLocation":{"fileName":"test/resig/ejohn40.js","lineNumber":-1,"columnNumber":-1}}
{"entryKind":"write-variable","name":{"valueKind":"concrete-string","value":"key"},"value":{"valueKind":"abstract-primitive","value":"STR_IDENTIFIER"},"sourceLocation":{"fileName":"test/resig/ejohn40.js","lineNumber":"3","columnNumber":"5"}}
{"entryKind":"write-variable","name":{"valueKind":"concrete-string","value":"merged"},"value":{"valueKind":"abstract-object","value":{"objectKind":"allocation-site","allocationSite":{"fileName":"test/resig/ejohn40.js","lineNumber":"8","columnNumber":"20"}}},"sourceLocation":{"fileName":"test/resig/ejohn40.js","lineNumber":"8","columnNumber":"14"}}
