{"sha":"0fc7acc8f9f8a5382d02f8ffbce35795deca38d2", "time":1465383987}
{"entryKind":"call","function":{"valueKind":"abstract-object","value":{"objectKind":"allocation-site","allocationSite":{"fileName":"test/resig/ejohn63.js","lineNumber":"2","columnNumber":"32"}}},"base":{"valueKind":"abstract-object","value":{"objectKind":"builtin","canonicalName":"<the global object>"}},"arguments":[{"valueKind":"abstract-primitive","value":"0"}],"sourceLocation":{"fileName":"test/resig/ejohn63.js","lineNumber":"2","columnNumber":"31"}}
{"entryKind":"call","function":{"valueKind":"abstract-object","value":{"objectKind":"allocation-site","allocationSite":{"fileName":"test/resig/ejohn63.js","lineNumber":"2","columnNumber":"32"}}},"base":{"valueKind":"abstract-object","value":{"objectKind":"builtin","canonicalName":"<the global object>"}},"arguments":[{"valueKind":"abstract-primitive","value":"1"}],"sourceLocation":{"fileName":"test/resig/ejohn63.js","lineNumber":"2","columnNumber":"31"}}
{"entryKind":"call","function":{"valueKind":"abstract-object","value":{"objectKind":"allocation-site","allocationSite":{"fileName":"test/resig/ejohn63.js","lineNumber":"2","columnNumber":"32"}}},"base":{"valueKind":"abstract-object","value":{"objectKind":"builtin","canonicalName":"<the global object>"}},"arguments":[{"valueKind":"abstract-primitive","value":"NUM_UINT"}],"sourceLocation":{"fileName":"test/resig/ejohn63.js","lineNumber":"2","columnNumber":"31"}}
{"entryKind":"call","function":{"valueKind":"abstract-object","value":{"objectKind":"other"}},"base":{"valueKind":"abstract-object","value":{"objectKind":"builtin","canonicalName":"<the global object>"}},"arguments":[{"valueKind":"abstract-object","value":{"objectKind":"allocation-site","allocationSite":{"fileName":"test/resig/ejohn63.js","lineNumber":"3","columnNumber":"14"}}},{"valueKind":"abstract-primitive","value":"0"}],"sourceLocation":{"fileName":"test/resig/ejohn63.js","lineNumber":"3","columnNumber":"3"}}
{"entryKind":"call","function":{"valueKind":"abstract-object","value":{"objectKind":"other"}},"base":{"valueKind":"abstract-object","value":{"objectKind":"builtin","canonicalName":"<the global object>"}},"arguments":[{"valueKind":"abstract-object","value":{"objectKind":"allocation-site","allocationSite":{"fileName":"test/resig/ejohn63.js","lineNumber":"3","columnNumber":"14"}}},{"valueKind":"abstract-primitive","value":"NUM_UINT"}],"sourceLocation":{"fileName":"test/resig/ejohn63.js","lineNumber":"3","columnNumber":"3"}}
{"entryKind":"call","function":{"valueKind":"abstract-object","value":{"objectKind":"other"}},"base":{"valueKind":"abstract-object","value":{"objectKind":"builtin","canonicalName":"<the global object>"}},"arguments":[{"valueKind":"abstract-primitive","value":"true"}],"sourceLocation":{"fileName":"test/resig/ejohn63.js","lineNumber":"4","columnNumber":"5"}}
{"entryKind":"function-entry","base":{"valueKind":"abstract-object","value":{"objectKind":"builtin","canonicalName":"<the global object>"}},"arguments":[{"valueKind":"abstract-primitive","value":"0"}],"sourceLocation":{"fileName":"test/resig/ejohn63.js","lineNumber":"2","columnNumber":"32"}}
{"entryKind":"function-entry","base":{"valueKind":"abstract-object","value":{"objectKind":"builtin","canonicalName":"<the global object>"}},"arguments":[{"valueKind":"abstract-primitive","value":"1"}],"sourceLocation":{"fileName":"test/resig/ejohn63.js","lineNumber":"2","columnNumber":"32"}}
{"entryKind":"function-entry","base":{"valueKind":"abstract-object","value":{"objectKind":"builtin","canonicalName":"<the global object>"}},"arguments":[{"valueKind":"abstract-primitive","value":"NUM_UINT"}],"sourceLocation":{"fileName":"test/resig/ejohn63.js","lineNumber":"2","columnNumber":"32"}}
{"entryKind":"function-entry","base":{"valueKind":"abstract-object","value":{"objectKind":"other"}},"arguments":[],"sourceLocation":{"fileName":"test/resig/ejohn63.js","lineNumber":"3","columnNumber":"14"}}
{"entryKind":"function-exit","returnValue":{"valueKind":"abstract-primitive","value":"undefined"},"sourceLocation":{"fileName":"test/resig/ejohn63.js","lineNumber":"2","columnNumber":"32"}}
{"entryKind":"function-exit","returnValue":{"valueKind":"abstract-primitive","value":"undefined"},"sourceLocation":{"fileName":"test/resig/ejohn63.js","lineNumber":"3","columnNumber":"14"}}
{"entryKind":"read-variable","name":{"valueKind":"concrete-string","value":"TAJS_assert"},"value":{"valueKind":"abstract-object","value":{"objectKind":"other"}},"sourceLocation":{"fileName":"test/resig/ejohn63.js","lineNumber":"4","columnNumber":"5"}}
{"entryKind":"read-variable","name":{"valueKind":"concrete-string","value":"count"},"value":{"valueKind":"abstract-primitive","value":"0"},"sourceLocation":{"fileName":"test/resig/ejohn63.js","lineNumber":"4","columnNumber":"23"}}
{"entryKind":"read-variable","name":{"valueKind":"concrete-string","value":"count"},"value":{"valueKind":"abstract-primitive","value":"1"},"sourceLocation":{"fileName":"test/resig/ejohn63.js","lineNumber":"4","columnNumber":"23"}}
{"entryKind":"read-variable","name":{"valueKind":"concrete-string","value":"count"},"value":{"valueKind":"abstract-primitive","value":"NUM_UINT"},"sourceLocation":{"fileName":"test/resig/ejohn63.js","lineNumber":"4","columnNumber":"23"}}
{"entryKind":"read-variable","name":{"valueKind":"concrete-string","value":"i"},"value":{"valueKind":"abstract-primitive","value":"0"},"sourceLocation":{"fileName":"test/resig/ejohn63.js","lineNumber":"2","columnNumber":"18"}}
{"entryKind":"read-variable","name":{"valueKind":"concrete-string","value":"i"},"value":{"valueKind":"abstract-primitive","value":"0"},"sourceLocation":{"fileName":"test/resig/ejohn63.js","lineNumber":"2","columnNumber":"25"}}
{"entryKind":"read-variable","name":{"valueKind":"concrete-string","value":"i"},"value":{"valueKind":"abstract-primitive","value":"0"},"sourceLocation":{"fileName":"test/resig/ejohn63.js","lineNumber":"4","columnNumber":"18"}}
{"entryKind":"read-variable","name":{"valueKind":"concrete-string","value":"i"},"value":{"valueKind":"abstract-primitive","value":"0"},"sourceLocation":{"fileName":"test/resig/ejohn63.js","lineNumber":"5","columnNumber":"6"}}
{"entryKind":"read-variable","name":{"valueKind":"concrete-string","value":"i"},"value":{"valueKind":"abstract-primitive","value":"0"},"sourceLocation":{"fileName":"test/resig/ejohn63.js","lineNumber":"6","columnNumber":"4"}}
{"entryKind":"read-variable","name":{"valueKind":"concrete-string","value":"i"},"value":{"valueKind":"abstract-primitive","value":"1"},"sourceLocation":{"fileName":"test/resig/ejohn63.js","lineNumber":"2","columnNumber":"18"}}
{"entryKind":"read-variable","name":{"valueKind":"concrete-string","value":"i"},"value":{"valueKind":"abstract-primitive","value":"1"},"sourceLocation":{"fileName":"test/resig/ejohn63.js","lineNumber":"2","columnNumber":"25"}}
{"entryKind":"read-variable","name":{"valueKind":"concrete-string","value":"i"},"value":{"valueKind":"abstract-primitive","value":"1"},"sourceLocation":{"fileName":"test/resig/ejohn63.js","lineNumber":"4","columnNumber":"18"}}
{"entryKind":"read-variable","name":{"valueKind":"concrete-string","value":"i"},"value":{"valueKind":"abstract-primitive","value":"1"},"sourceLocation":{"fileName":"test/resig/ejohn63.js","lineNumber":"5","columnNumber":"6"}}
{"entryKind":"read-variable","name":{"valueKind":"concrete-string","value":"i"},"value":{"valueKind":"abstract-primitive","value":"1"},"sourceLocation":{"fileName":"test/resig/ejohn63.js","lineNumber":"6","columnNumber":"4"}}
{"entryKind":"read-variable","name":{"valueKind":"concrete-string","value":"i"},"value":{"valueKind":"abstract-primitive","value":"NUM_UINT"},"sourceLocation":{"fileName":"test/resig/ejohn63.js","lineNumber":"2","columnNumber":"18"}}
{"entryKind":"read-variable","name":{"valueKind":"concrete-string","value":"i"},"value":{"valueKind":"abstract-primitive","value":"NUM_UINT"},"sourceLocation":{"fileName":"test/resig/ejohn63.js","lineNumber":"2","columnNumber":"25"}}
{"entryKind":"read-variable","name":{"valueKind":"concrete-string","value":"i"},"value":{"valueKind":"abstract-primitive","value":"NUM_UINT"},"sourceLocation":{"fileName":"test/resig/ejohn63.js","lineNumber":"4","columnNumber":"18"}}
{"entryKind":"read-variable","name":{"valueKind":"concrete-string","value":"i"},"value":{"valueKind":"abstract-primitive","value":"NUM_UINT"},"sourceLocation":{"fileName":"test/resig/ejohn63.js","lineNumber":"5","columnNumber":"6"}}
{"entryKind":"read-variable","name":{"valueKind":"concrete-string","value":"i"},"value":{"valueKind":"abstract-primitive","value":"NUM_UINT"},"sourceLocation":{"fileName":"test/resig/ejohn63.js","lineNumber":"6","columnNumber":"4"}}
{"entryKind":"read-variable","name":{"valueKind":"concrete-string","value":"setTimeout"},"value":{"valueKind":"abstract-object","value":{"objectKind":"other"}},"sourceLocation":{"fileName":"test/resig/ejohn63.js","lineNumber":"3","columnNumber":"3"}}
{"entryKind":"write-variable","name":{"valueKind":"concrete-string","value":"count"},"value":{"valueKind":"abstract-primitive","value":"0"},"sourceLocation":{"fileName":"test/resig/ejohn63.js","lineNumber":"1","columnNumber":"13"}}
{"entryKind":"write-variable","name":{"valueKind":"concrete-string","value":"count"},"value":{"valueKind":"abstract-primitive","value":"1"},"sourceLocation":{"fileName":"test/resig/ejohn63.js","lineNumber":-1,"columnNumber":-1}}
{"entryKind":"write-variable","name":{"valueKind":"concrete-string","value":"count"},"value":{"valueKind":"abstract-primitive","value":"NUM_UINT"},"sourceLocation":{"fileName":"test/resig/ejohn63.js","lineNumber":-1,"columnNumber":-1}}
{"entryKind":"write-variable","name":{"valueKind":"concrete-string","value":"i"},"value":{"valueKind":"abstract-primitive","value":"0"},"sourceLocation":{"fileName":"test/resig/ejohn63.js","lineNumber":"2","columnNumber":"15"}}
{"entryKind":"write-variable","name":{"valueKind":"concrete-string","value":"i"},"value":{"valueKind":"abstract-primitive","value":"1"},"sourceLocation":{"fileName":"test/resig/ejohn63.js","lineNumber":-1,"columnNumber":-1}}
{"entryKind":"write-variable","name":{"valueKind":"concrete-string","value":"i"},"value":{"valueKind":"abstract-primitive","value":"NUM_UINT"},"sourceLocation":{"fileName":"test/resig/ejohn63.js","lineNumber":-1,"columnNumber":-1}}
