{"sha":"b75a1be0208310230e3aaaa272ecd4830127c4e0", "time":1465383986}
{"name":{"valueKind":"concrete-string","value":"Math"},"sourceLocation":{"fileName":"test/10k/earth_night_lights.html","columnNumber":18,"lineNumber":16},"value":{"valueKind":"abstract-object","value":{"objectKind":"builtin","canonicalName":"Math"}},"entryKind":"read-variable"}
{"name":{"valueKind":"concrete-string","value":"floor"},"sourceLocation":{"fileName":"test/10k/earth_night_lights.html","columnNumber":18,"lineNumber":16},"value":{"valueKind":"abstract-object","value":{"objectKind":"builtin","canonicalName":"Math.floor"}},"entryKind":"read-property"}
{"name":{"valueKind":"concrete-string","value":"mf"},"sourceLocation":{"fileName":"test/10k/earth_night_lights.html","columnNumber":18,"lineNumber":16},"value":{"valueKind":"abstract-object","value":{"objectKind":"builtin","canonicalName":"Math.floor"}},"entryKind":"write-variable"}
{"name":{"valueKind":"concrete-string","value":"Math"},"sourceLocation":{"fileName":"test/10k/earth_night_lights.html","columnNumber":34,"lineNumber":16},"value":{"valueKind":"abstract-object","value":{"objectKind":"builtin","canonicalName":"Math"}},"entryKind":"read-variable"}
{"name":{"valueKind":"concrete-string","value":"random"},"sourceLocation":{"fileName":"test/10k/earth_night_lights.html","columnNumber":34,"lineNumber":16},"value":{"valueKind":"abstract-object","value":{"objectKind":"builtin","canonicalName":"Math.random"}},"entryKind":"read-property"}
{"name":{"valueKind":"concrete-string","value":"mr"},"sourceLocation":{"fileName":"test/10k/earth_night_lights.html","columnNumber":34,"lineNumber":16},"value":{"valueKind":"abstract-object","value":{"objectKind":"builtin","canonicalName":"Math.random"}},"entryKind":"write-variable"}
{"name":{"valueKind":"concrete-string","value":"Math"},"sourceLocation":{"fileName":"test/10k/earth_night_lights.html","columnNumber":51,"lineNumber":16},"value":{"valueKind":"abstract-object","value":{"objectKind":"builtin","canonicalName":"Math"}},"entryKind":"read-variable"}
{"name":{"valueKind":"concrete-string","value":"round"},"sourceLocation":{"fileName":"test/10k/earth_night_lights.html","columnNumber":51,"lineNumber":16},"value":{"valueKind":"abstract-object","value":{"objectKind":"builtin","canonicalName":"Math.round"}},"entryKind":"read-property"}
{"name":{"valueKind":"concrete-string","value":"ms"},"sourceLocation":{"fileName":"test/10k/earth_night_lights.html","columnNumber":51,"lineNumber":16},"value":{"valueKind":"abstract-object","value":{"objectKind":"builtin","canonicalName":"Math.round"}},"entryKind":"write-variable"}
{"name":{"valueKind":"concrete-string","value":"W"},"sourceLocation":{"fileName":"test/10k/earth_night_lights.html","columnNumber":17,"lineNumber":17},"value":{"valueKind":"abstract-primitive","value":"NUM_UINT"},"entryKind":"write-variable"}
{"name":{"valueKind":"concrete-string","value":"H"},"sourceLocation":{"fileName":"test/10k/earth_night_lights.html","columnNumber":25,"lineNumber":17},"value":{"valueKind":"abstract-primitive","value":"NUM_UINT"},"entryKind":"write-variable"}
{"name":{"valueKind":"concrete-string","value":"Math"},"sourceLocation":{"fileName":"test/10k/earth_night_lights.html","columnNumber":33,"lineNumber":17},"value":{"valueKind":"abstract-object","value":{"objectKind":"builtin","canonicalName":"Math"}},"entryKind":"read-variable"}
{"name":{"valueKind":"concrete-string","value":"min"},"sourceLocation":{"fileName":"test/10k/earth_night_lights.html","columnNumber":33,"lineNumber":17},"value":{"valueKind":"abstract-object","value":{"objectKind":"builtin","canonicalName":"Math.min"}},"entryKind":"read-property"}
{"name":{"valueKind":"concrete-string","value":"window"},"sourceLocation":{"fileName":"test/10k/earth_night_lights.html","columnNumber":42,"lineNumber":17},"value":{"valueKind":"abstract-object","value":{"objectKind":"builtin","canonicalName":"<the global object>"}},"entryKind":"read-variable"}
{"name":{"valueKind":"concrete-string","value":"innerWidth"},"sourceLocation":{"fileName":"test/10k/earth_night_lights.html","columnNumber":42,"lineNumber":17},"value":{"valueKind":"abstract-primitive","value":"NUM_UINT"},"entryKind":"read-property"}
{"name":{"valueKind":"concrete-string","value":"W"},"sourceLocation":{"fileName":"test/10k/earth_night_lights.html","columnNumber":62,"lineNumber":17},"value":{"valueKind":"abstract-primitive","value":"NUM_UINT"},"entryKind":"read-variable"}
{"name":{"valueKind":"concrete-string","value":"window"},"sourceLocation":{"fileName":"test/10k/earth_night_lights.html","columnNumber":65,"lineNumber":17},"value":{"valueKind":"abstract-object","value":{"objectKind":"builtin","canonicalName":"<the global object>"}},"entryKind":"read-variable"}
{"name":{"valueKind":"concrete-string","value":"innerHeight"},"sourceLocation":{"fileName":"test/10k/earth_night_lights.html","columnNumber":65,"lineNumber":17},"value":{"valueKind":"abstract-primitive","value":"NUM_UINT"},"entryKind":"read-property"}
{"name":{"valueKind":"concrete-string","value":"H"},"sourceLocation":{"fileName":"test/10k/earth_night_lights.html","columnNumber":86,"lineNumber":17},"value":{"valueKind":"abstract-primitive","value":"NUM_UINT"},"entryKind":"read-variable"}
{"function":{"valueKind":"abstract-object","value":{"objectKind":"builtin","canonicalName":"Math.min"}},"arguments":[{"valueKind":"abstract-primitive","value":"NUM_OTHER"},{"valueKind":"abstract-primitive","value":"NUM_OTHER"}],"sourceLocation":{"fileName":"test/10k/earth_night_lights.html","columnNumber":33,"lineNumber":17},"entryKind":"call","base":{"valueKind":"abstract-object","value":{"objectKind":"builtin","canonicalName":"Math"}}}
{"name":{"valueKind":"concrete-string","value":"s"},"sourceLocation":{"fileName":"test/10k/earth_night_lights.html","columnNumber":33,"lineNumber":17},"value":{"valueKind":"abstract-primitive","value":"NUM_OTHER"},"entryKind":"write-variable"}
{"name":{"valueKind":"concrete-string","value":"mf"},"sourceLocation":{"fileName":"test/10k/earth_night_lights.html","columnNumber":93,"lineNumber":17},"value":{"valueKind":"abstract-object","value":{"objectKind":"builtin","canonicalName":"Math.floor"}},"entryKind":"read-variable"}
{"name":{"valueKind":"concrete-string","value":"W"},"sourceLocation":{"fileName":"test/10k/earth_night_lights.html","columnNumber":96,"lineNumber":17},"value":{"valueKind":"abstract-primitive","value":"NUM_UINT"},"entryKind":"read-variable"}
{"name":{"valueKind":"concrete-string","value":"s"},"sourceLocation":{"fileName":"test/10k/earth_night_lights.html","columnNumber":100,"lineNumber":17},"value":{"valueKind":"abstract-primitive","value":"NUM_OTHER"},"entryKind":"read-variable"}
{"function":{"valueKind":"abstract-object","value":{"objectKind":"builtin","canonicalName":"Math.floor"}},"arguments":[{"valueKind":"abstract-primitive","value":"NUM_UINT"}],"sourceLocation":{"fileName":"test/10k/earth_night_lights.html","columnNumber":93,"lineNumber":17},"entryKind":"call","base":{"valueKind":"abstract-object","value":{"objectKind":"builtin","canonicalName":"<the global object>"}}}
{"name":{"valueKind":"concrete-string","value":"w"},"sourceLocation":{"fileName":"test/10k/earth_night_lights.html","columnNumber":93,"lineNumber":17},"value":{"valueKind":"abstract-primitive","value":"NUM_UINT"},"entryKind":"write-variable"}
{"name":{"valueKind":"concrete-string","value":"mf"},"sourceLocation":{"fileName":"test/10k/earth_night_lights.html","columnNumber":107,"lineNumber":17},"value":{"valueKind":"abstract-object","value":{"objectKind":"builtin","canonicalName":"Math.floor"}},"entryKind":"read-variable"}
{"name":{"valueKind":"concrete-string","value":"H"},"sourceLocation":{"fileName":"test/10k/earth_night_lights.html","columnNumber":110,"lineNumber":17},"value":{"valueKind":"abstract-primitive","value":"NUM_UINT"},"entryKind":"read-variable"}
{"name":{"valueKind":"concrete-string","value":"s"},"sourceLocation":{"fileName":"test/10k/earth_night_lights.html","columnNumber":114,"lineNumber":17},"value":{"valueKind":"abstract-primitive","value":"NUM_OTHER"},"entryKind":"read-variable"}
{"function":{"valueKind":"abstract-object","value":{"objectKind":"builtin","canonicalName":"Math.floor"}},"arguments":[{"valueKind":"abstract-primitive","value":"NUM_UINT"}],"sourceLocation":{"fileName":"test/10k/earth_night_lights.html","columnNumber":107,"lineNumber":17},"entryKind":"call","base":{"valueKind":"abstract-object","value":{"objectKind":"builtin","canonicalName":"<the global object>"}}}
{"name":{"valueKind":"concrete-string","value":"h"},"sourceLocation":{"fileName":"test/10k/earth_night_lights.html","columnNumber":107,"lineNumber":17},"value":{"valueKind":"abstract-primitive","value":"NUM_UINT"},"entryKind":"write-variable"}
{"name":{"valueKind":"concrete-string","value":"Array"},"sourceLocation":{"fileName":"test/10k/earth_night_lights.html","columnNumber":127,"lineNumber":17},"value":{"valueKind":"abstract-object","value":{"objectKind":"builtin","canonicalName":"Array"}},"entryKind":"read-variable"}
{"name":{"valueKind":"concrete-string","value":"w"},"sourceLocation":{"fileName":"test/10k/earth_night_lights.html","columnNumber":133,"lineNumber":17},"value":{"valueKind":"abstract-primitive","value":"NUM_UINT"},"entryKind":"read-variable"}
{"name":{"valueKind":"concrete-string","value":"h"},"sourceLocation":{"fileName":"test/10k/earth_night_lights.html","columnNumber":137,"lineNumber":17},"value":{"valueKind":"abstract-primitive","value":"NUM_UINT"},"entryKind":"read-variable"}
{"function":{"valueKind":"abstract-object","value":{"objectKind":"builtin","canonicalName":"Array"}},"arguments":[{"valueKind":"abstract-primitive","value":"NUM_UINT"}],"sourceLocation":{"fileName":"test/10k/earth_night_lights.html","columnNumber":123,"lineNumber":17},"entryKind":"call","base":{"valueKind":"abstract-object","value":{"objectKind":"builtin","canonicalName":"<the global object>"}}}
{"name":{"valueKind":"concrete-string","value":"pdf"},"sourceLocation":{"fileName":"test/10k/earth_night_lights.html","columnNumber":123,"lineNumber":17},"value":{"valueKind":"abstract-object","value":{"objectKind":"allocation-site","allocationSite":{"fileName":"test/10k/earth_night_lights.html","columnNumber":123,"lineNumber":17}}},"entryKind":"write-variable"}
{"name":{"valueKind":"concrete-string","value":"rate"},"sourceLocation":{"fileName":"test/10k/earth_night_lights.html","columnNumber":157,"lineNumber":17},"value":{"valueKind":"abstract-primitive","value":"NUM_UINT"},"entryKind":"write-variable"}
{"arguments":[],"sourceLocation":{"fileName":"test/10k/earth_night_lights.html","columnNumber":9,"lineNumber":18},"entryKind":"function-entry","base":{"valueKind":"abstract-object","value":{"objectKind":"builtin","canonicalName":"<the global object>"}}}
{"name":{"valueKind":"concrete-string","value":"Image"},"sourceLocation":{"fileName":"test/10k/earth_night_lights.html","columnNumber":27,"lineNumber":19},"value":{"valueKind":"abstract-object","value":{"objectKind":"other"}},"entryKind":"read-variable"}
{"function":{"valueKind":"abstract-object","value":{"objectKind":"other"}},"arguments":[],"sourceLocation":{"fileName":"test/10k/earth_night_lights.html","columnNumber":23,"lineNumber":19},"entryKind":"call","base":{"valueKind":"abstract-object","value":{"objectKind":"builtin","canonicalName":"<the global object>"}}}
{"name":{"valueKind":"concrete-string","value":"img"},"sourceLocation":{"fileName":"test/10k/earth_night_lights.html","columnNumber":23,"lineNumber":19},"value":{"valueKind":"abstract-object","value":{"objectKind":"allocation-site","allocationSite":{"fileName":"test/10k/earth_night_lights.html","columnNumber":23,"lineNumber":19}}},"entryKind":"write-variable"}
{"name":{"valueKind":"concrete-string","value":"document"},"sourceLocation":{"fileName":"test/10k/earth_night_lights.html","columnNumber":23,"lineNumber":20},"value":{"valueKind":"abstract-object","value":{"objectKind":"other"}},"entryKind":"read-variable"}
{"name":{"valueKind":"concrete-string","value":"getElementById"},"sourceLocation":{"fileName":"test/10k/earth_night_lights.html","columnNumber":23,"lineNumber":20},"value":{"valueKind":"abstract-object","value":{"objectKind":"other"}},"entryKind":"read-property"}
{"function":{"valueKind":"abstract-object","value":{"objectKind":"other"}},"arguments":[{"valueKind":"abstract-primitive","value":"STR_IDENTIFIER"}],"sourceLocation":{"fileName":"test/10k/earth_night_lights.html","columnNumber":23,"lineNumber":20},"entryKind":"call","base":{"valueKind":"abstract-object","value":{"objectKind":"other"}}}
{"name":{"valueKind":"concrete-string","value":"cvs"},"sourceLocation":{"fileName":"test/10k/earth_night_lights.html","columnNumber":23,"lineNumber":20},"value":{"valueKind":"abstract-object","value":{"objectKind":"other"}},"entryKind":"write-variable"}
{"name":{"valueKind":"concrete-string","value":"cvs"},"sourceLocation":{"fileName":"test/10k/earth_night_lights.html","columnNumber":61,"lineNumber":20},"value":{"valueKind":"abstract-object","value":{"objectKind":"other"}},"entryKind":"read-variable"}
{"name":{"valueKind":"concrete-string","value":"getContext"},"sourceLocation":{"fileName":"test/10k/earth_night_lights.html","columnNumber":61,"lineNumber":20},"value":{"valueKind":"abstract-object","value":{"objectKind":"other"}},"entryKind":"read-property"}
{"function":{"valueKind":"abstract-object","value":{"objectKind":"other"}},"arguments":[{"valueKind":"abstract-primitive","value":"STR_IDENTIFIERPARTS"}],"sourceLocation":{"fileName":"test/10k/earth_night_lights.html","columnNumber":61,"lineNumber":20},"entryKind":"call","base":{"valueKind":"abstract-object","value":{"objectKind":"other"}}}
{"name":{"valueKind":"concrete-string","value":"ctx"},"sourceLocation":{"fileName":"test/10k/earth_night_lights.html","columnNumber":61,"lineNumber":20},"value":{"valueKind":"abstract-object","value":{"objectKind":"other"}},"entryKind":"write-variable"}
{"name":{"valueKind":"concrete-string","value":"Image"},"sourceLocation":{"fileName":"test/10k/earth_night_lights.html","columnNumber":31,"lineNumber":21},"value":{"valueKind":"abstract-object","value":{"objectKind":"other"}},"entryKind":"read-variable"}
{"function":{"valueKind":"abstract-object","value":{"objectKind":"other"}},"arguments":[],"sourceLocation":{"fileName":"test/10k/earth_night_lights.html","columnNumber":27,"lineNumber":21},"entryKind":"call","base":{"valueKind":"abstract-object","value":{"objectKind":"builtin","canonicalName":"<the global object>"}}}
{"name":{"valueKind":"concrete-string","value":"outline"},"sourceLocation":{"fileName":"test/10k/earth_night_lights.html","columnNumber":27,"lineNumber":21},"value":{"valueKind":"abstract-object","value":{"objectKind":"allocation-site","allocationSite":{"fileName":"test/10k/earth_night_lights.html","columnNumber":27,"lineNumber":21}}},"entryKind":"write-variable"}
{"name":{"valueKind":"concrete-string","value":"outline"},"sourceLocation":{"fileName":"test/10k/earth_night_lights.html","columnNumber":13,"lineNumber":22},"value":{"valueKind":"abstract-object","value":{"objectKind":"allocation-site","allocationSite":{"fileName":"test/10k/earth_night_lights.html","columnNumber":27,"lineNumber":21}}},"entryKind":"read-variable"}
{"name":{"valueKind":"concrete-string","value":"src"},"sourceLocation":{"fileName":"test/10k/earth_night_lights.html","columnNumber":13,"lineNumber":22},"value":{"valueKind":"abstract-primitive","value":"STR_OTHER"},"entryKind":"write-property"}
{"name":{"valueKind":"concrete-string","value":"de"},"sourceLocation":{"fileName":"test/10k/earth_night_lights.html","columnNumber":22,"lineNumber":23},"value":{"valueKind":"abstract-primitive","value":"false"},"entryKind":"write-variable"}
{"name":{"valueKind":"concrete-string","value":"img"},"sourceLocation":{"fileName":"test/10k/earth_night_lights.html","columnNumber":13,"lineNumber":24},"value":{"valueKind":"abstract-object","value":{"objectKind":"allocation-site","allocationSite":{"fileName":"test/10k/earth_night_lights.html","columnNumber":23,"lineNumber":19}}},"entryKind":"read-variable"}
{"name":{"valueKind":"concrete-string","value":"onload"},"sourceLocation":{"fileName":"test/10k/earth_night_lights.html","columnNumber":13,"lineNumber":24},"value":{"valueKind":"abstract-object","value":{"objectKind":"allocation-site","allocationSite":{"fileName":"test/10k/earth_night_lights.html","columnNumber":26,"lineNumber":24}}},"entryKind":"write-property"}
{"name":{"valueKind":"concrete-string","value":"img"},"sourceLocation":{"fileName":"test/10k/earth_night_lights.html","columnNumber":13,"lineNumber":43},"value":{"valueKind":"abstract-object","value":{"objectKind":"allocation-site","allocationSite":{"fileName":"test/10k/earth_night_lights.html","columnNumber":23,"lineNumber":19}}},"entryKind":"read-variable"}
{"name":{"valueKind":"concrete-string","value":"src"},"sourceLocation":{"fileName":"test/10k/earth_night_lights.html","columnNumber":13,"lineNumber":43},"value":{"valueKind":"abstract-primitive","value":"STR_OTHER"},"entryKind":"write-property"}
{"name":{"valueKind":"concrete-string","value":"document"},"sourceLocation":{"fileName":"test/10k/earth_night_lights.html","columnNumber":13,"lineNumber":77},"value":{"valueKind":"abstract-object","value":{"objectKind":"other"}},"entryKind":"read-variable"}
{"name":{"valueKind":"concrete-string","value":"getElementById"},"sourceLocation":{"fileName":"test/10k/earth_night_lights.html","columnNumber":13,"lineNumber":77},"value":{"valueKind":"abstract-object","value":{"objectKind":"other"}},"entryKind":"read-property"}
{"function":{"valueKind":"abstract-object","value":{"objectKind":"other"}},"arguments":[{"valueKind":"abstract-primitive","value":"STR_IDENTIFIER"}],"sourceLocation":{"fileName":"test/10k/earth_night_lights.html","columnNumber":13,"lineNumber":77},"entryKind":"call","base":{"valueKind":"abstract-object","value":{"objectKind":"other"}}}
{"name":{"valueKind":"concrete-string","value":"onclick"},"sourceLocation":{"fileName":"test/10k/earth_night_lights.html","columnNumber":13,"lineNumber":77},"value":{"valueKind":"abstract-object","value":{"objectKind":"allocation-site","allocationSite":{"fileName":"test/10k/earth_night_lights.html","columnNumber":55,"lineNumber":77}}},"entryKind":"write-property"}
{"returnValue":{"valueKind":"abstract-primitive","value":"undefined"},"sourceLocation":{"fileName":"test/10k/earth_night_lights.html","columnNumber":9,"lineNumber":18},"entryKind":"function-exit"}
