{"arguments":[],"sourceLocation":{"fileName":"test/10k/fractal_landscape.html","columnNumber":9,"lineNumber":7},"entryKind":"function-entry","base":{"valueKind":"abstract-object","value":{"objectKind":"builtin","canonicalName":"<the global object>"}}}
{"name":{"valueKind":"concrete-string","value":"parseFloat"},"sourceLocation":{"fileName":"test/10k/fractal_landscape.html","columnNumber":33,"lineNumber":9},"value":{"valueKind":"abstract-object","value":{"objectKind":"other"}},"entryKind":"read-variable"}
{"name":{"valueKind":"concrete-string","value":"document"},"sourceLocation":{"fileName":"test/10k/fractal_landscape.html","columnNumber":44,"lineNumber":9},"value":{"valueKind":"abstract-object","value":{"objectKind":"other"}},"entryKind":"read-variable"}
{"name":{"valueKind":"concrete-string","value":"getElementById"},"sourceLocation":{"fileName":"test/10k/fractal_landscape.html","columnNumber":44,"lineNumber":9},"value":{"valueKind":"abstract-object","value":{"objectKind":"other"}},"entryKind":"read-property"}
{"function":{"valueKind":"abstract-object","value":{"objectKind":"other"}},"arguments":[{"valueKind":"abstract-primitive","value":"STR_IDENTIFIER"}],"sourceLocation":{"fileName":"test/10k/fractal_landscape.html","columnNumber":44,"lineNumber":9},"entryKind":"call","base":{"valueKind":"abstract-object","value":{"objectKind":"other"}}}
{"name":{"valueKind":"concrete-string","value":"value"},"sourceLocation":{"fileName":"test/10k/fractal_landscape.html","columnNumber":44,"lineNumber":9},"value":{"valueKind":"abstract-primitive","value":"STR_OTHERNUM"},"entryKind":"read-property"}
{"function":{"valueKind":"abstract-object","value":{"objectKind":"other"}},"arguments":[{"valueKind":"abstract-primitive","value":"STR_OTHERNUM"}],"sourceLocation":{"fileName":"test/10k/fractal_landscape.html","columnNumber":33,"lineNumber":9},"entryKind":"call","base":{"valueKind":"abstract-object","value":{"objectKind":"builtin","canonicalName":"<the global object>"}}}
{"name":{"valueKind":"concrete-string","value":"initialHeight"},"sourceLocation":{"fileName":"test/10k/fractal_landscape.html","columnNumber":33,"lineNumber":9},"value":{"valueKind":"abstract-primitive","value":"NUM_OTHER"},"entryKind":"write-variable"}
{"name":{"valueKind":"concrete-string","value":"initialHeight"},"sourceLocation":{"fileName":"test/10k/fractal_landscape.html","columnNumber":26,"lineNumber":10},"value":{"valueKind":"abstract-primitive","value":"NUM_OTHER"},"entryKind":"read-variable"}
{"name":{"valueKind":"concrete-string","value":"initialHeight"},"sourceLocation":{"fileName":"test/10k/fractal_landscape.html","columnNumber":41,"lineNumber":10},"value":{"valueKind":"abstract-primitive","value":"NUM_OTHER"},"entryKind":"read-variable"}
{"name":{"valueKind":"concrete-string","value":"theCoords"},"sourceLocation":{"fileName":"test/10k/fractal_landscape.html","columnNumber":25,"lineNumber":10},"value":{"valueKind":"abstract-object","value":{"objectKind":"allocation-site","allocationSite":{"fileName":"test/10k/fractal_landscape.html","columnNumber":25,"lineNumber":10}}},"entryKind":"write-variable"}
{"name":{"valueKind":"concrete-string","value":"parseFloat"},"sourceLocation":{"fileName":"test/10k/fractal_landscape.html","columnNumber":25,"lineNumber":11},"value":{"valueKind":"abstract-object","value":{"objectKind":"other"}},"entryKind":"read-variable"}
{"name":{"valueKind":"concrete-string","value":"document"},"sourceLocation":{"fileName":"test/10k/fractal_landscape.html","columnNumber":36,"lineNumber":11},"value":{"valueKind":"abstract-object","value":{"objectKind":"other"}},"entryKind":"read-variable"}
{"name":{"valueKind":"concrete-string","value":"getElementById"},"sourceLocation":{"fileName":"test/10k/fractal_landscape.html","columnNumber":36,"lineNumber":11},"value":{"valueKind":"abstract-object","value":{"objectKind":"other"}},"entryKind":"read-property"}
{"function":{"valueKind":"abstract-object","value":{"objectKind":"other"}},"arguments":[{"valueKind":"abstract-primitive","value":"STR_IDENTIFIER"}],"sourceLocation":{"fileName":"test/10k/fractal_landscape.html","columnNumber":36,"lineNumber":11},"entryKind":"call","base":{"valueKind":"abstract-object","value":{"objectKind":"other"}}}
{"name":{"valueKind":"concrete-string","value":"value"},"sourceLocation":{"fileName":"test/10k/fractal_landscape.html","columnNumber":36,"lineNumber":11},"value":{"valueKind":"abstract-primitive","value":"STR_OTHERNUM"},"entryKind":"read-property"}
{"function":{"valueKind":"abstract-object","value":{"objectKind":"other"}},"arguments":[{"valueKind":"abstract-primitive","value":"STR_OTHERNUM"}],"sourceLocation":{"fileName":"test/10k/fractal_landscape.html","columnNumber":25,"lineNumber":11},"entryKind":"call","base":{"valueKind":"abstract-object","value":{"objectKind":"builtin","canonicalName":"<the global object>"}}}
{"name":{"valueKind":"concrete-string","value":"extremity"},"sourceLocation":{"fileName":"test/10k/fractal_landscape.html","columnNumber":25,"lineNumber":11},"value":{"valueKind":"abstract-primitive","value":"NUM_OTHER"},"entryKind":"write-variable"}
{"name":{"valueKind":"concrete-string","value":"parseInt"},"sourceLocation":{"fileName":"test/10k/fractal_landscape.html","columnNumber":22,"lineNumber":12},"value":{"valueKind":"abstract-object","value":{"objectKind":"other"}},"entryKind":"read-variable"}
{"name":{"valueKind":"concrete-string","value":"document"},"sourceLocation":{"fileName":"test/10k/fractal_landscape.html","columnNumber":31,"lineNumber":12},"value":{"valueKind":"abstract-object","value":{"objectKind":"other"}},"entryKind":"read-variable"}
{"name":{"valueKind":"concrete-string","value":"getElementById"},"sourceLocation":{"fileName":"test/10k/fractal_landscape.html","columnNumber":31,"lineNumber":12},"value":{"valueKind":"abstract-object","value":{"objectKind":"other"}},"entryKind":"read-property"}
{"function":{"valueKind":"abstract-object","value":{"objectKind":"other"}},"arguments":[{"valueKind":"abstract-primitive","value":"STR_IDENTIFIER"}],"sourceLocation":{"fileName":"test/10k/fractal_landscape.html","columnNumber":31,"lineNumber":12},"entryKind":"call","base":{"valueKind":"abstract-object","value":{"objectKind":"other"}}}
{"name":{"valueKind":"concrete-string","value":"value"},"sourceLocation":{"fileName":"test/10k/fractal_landscape.html","columnNumber":31,"lineNumber":12},"value":{"valueKind":"abstract-primitive","value":"STR_UINT"},"entryKind":"read-property"}
{"function":{"valueKind":"abstract-object","value":{"objectKind":"other"}},"arguments":[{"valueKind":"abstract-primitive","value":"STR_UINT"}],"sourceLocation":{"fileName":"test/10k/fractal_landscape.html","columnNumber":22,"lineNumber":12},"entryKind":"call","base":{"valueKind":"abstract-object","value":{"objectKind":"builtin","canonicalName":"<the global object>"}}}
{"name":{"valueKind":"concrete-string","value":"detail"},"sourceLocation":{"fileName":"test/10k/fractal_landscape.html","columnNumber":22,"lineNumber":12},"value":{"valueKind":"abstract-primitive","value":"NUM_UINT"},"entryKind":"write-variable"}
{"name":{"valueKind":"concrete-string","value":"parseInt"},"sourceLocation":{"fileName":"test/10k/fractal_landscape.html","columnNumber":21,"lineNumber":13},"value":{"valueKind":"abstract-object","value":{"objectKind":"other"}},"entryKind":"read-variable"}
{"name":{"valueKind":"concrete-string","value":"document"},"sourceLocation":{"fileName":"test/10k/fractal_landscape.html","columnNumber":30,"lineNumber":13},"value":{"valueKind":"abstract-object","value":{"objectKind":"other"}},"entryKind":"read-variable"}
{"name":{"valueKind":"concrete-string","value":"getElementById"},"sourceLocation":{"fileName":"test/10k/fractal_landscape.html","columnNumber":30,"lineNumber":13},"value":{"valueKind":"abstract-object","value":{"objectKind":"other"}},"entryKind":"read-property"}
{"function":{"valueKind":"abstract-object","value":{"objectKind":"other"}},"arguments":[{"valueKind":"abstract-primitive","value":"STR_IDENTIFIER"}],"sourceLocation":{"fileName":"test/10k/fractal_landscape.html","columnNumber":30,"lineNumber":13},"entryKind":"call","base":{"valueKind":"abstract-object","value":{"objectKind":"other"}}}
{"name":{"valueKind":"concrete-string","value":"value"},"sourceLocation":{"fileName":"test/10k/fractal_landscape.html","columnNumber":30,"lineNumber":13},"value":{"valueKind":"abstract-primitive","value":"STR_UINT"},"entryKind":"read-property"}
{"function":{"valueKind":"abstract-object","value":{"objectKind":"other"}},"arguments":[{"valueKind":"abstract-primitive","value":"STR_UINT"}],"sourceLocation":{"fileName":"test/10k/fractal_landscape.html","columnNumber":21,"lineNumber":13},"entryKind":"call","base":{"valueKind":"abstract-object","value":{"objectKind":"builtin","canonicalName":"<the global object>"}}}
{"name":{"valueKind":"concrete-string","value":"xsize"},"sourceLocation":{"fileName":"test/10k/fractal_landscape.html","columnNumber":21,"lineNumber":13},"value":{"valueKind":"abstract-primitive","value":"NUM_UINT"},"entryKind":"write-variable"}
{"name":{"valueKind":"concrete-string","value":"parseInt"},"sourceLocation":{"fileName":"test/10k/fractal_landscape.html","columnNumber":21,"lineNumber":14},"value":{"valueKind":"abstract-object","value":{"objectKind":"other"}},"entryKind":"read-variable"}
{"name":{"valueKind":"concrete-string","value":"document"},"sourceLocation":{"fileName":"test/10k/fractal_landscape.html","columnNumber":30,"lineNumber":14},"value":{"valueKind":"abstract-object","value":{"objectKind":"other"}},"entryKind":"read-variable"}
{"name":{"valueKind":"concrete-string","value":"getElementById"},"sourceLocation":{"fileName":"test/10k/fractal_landscape.html","columnNumber":30,"lineNumber":14},"value":{"valueKind":"abstract-object","value":{"objectKind":"other"}},"entryKind":"read-property"}
{"function":{"valueKind":"abstract-object","value":{"objectKind":"other"}},"arguments":[{"valueKind":"abstract-primitive","value":"STR_IDENTIFIER"}],"sourceLocation":{"fileName":"test/10k/fractal_landscape.html","columnNumber":30,"lineNumber":14},"entryKind":"call","base":{"valueKind":"abstract-object","value":{"objectKind":"other"}}}
{"name":{"valueKind":"concrete-string","value":"value"},"sourceLocation":{"fileName":"test/10k/fractal_landscape.html","columnNumber":30,"lineNumber":14},"value":{"valueKind":"abstract-primitive","value":"STR_UINT"},"entryKind":"read-property"}
{"function":{"valueKind":"abstract-object","value":{"objectKind":"other"}},"arguments":[{"valueKind":"abstract-primitive","value":"STR_UINT"}],"sourceLocation":{"fileName":"test/10k/fractal_landscape.html","columnNumber":21,"lineNumber":14},"entryKind":"call","base":{"valueKind":"abstract-object","value":{"objectKind":"builtin","canonicalName":"<the global object>"}}}
{"name":{"valueKind":"concrete-string","value":"ysize"},"sourceLocation":{"fileName":"test/10k/fractal_landscape.html","columnNumber":21,"lineNumber":14},"value":{"valueKind":"abstract-primitive","value":"NUM_UINT"},"entryKind":"write-variable"}
{"name":{"valueKind":"concrete-string","value":"document"},"sourceLocation":{"fileName":"test/10k/fractal_landscape.html","columnNumber":28,"lineNumber":15},"value":{"valueKind":"abstract-object","value":{"objectKind":"other"}},"entryKind":"read-variable"}
{"name":{"valueKind":"concrete-string","value":"getElementById"},"sourceLocation":{"fileName":"test/10k/fractal_landscape.html","columnNumber":28,"lineNumber":15},"value":{"valueKind":"abstract-object","value":{"objectKind":"other"}},"entryKind":"read-property"}
{"function":{"valueKind":"abstract-object","value":{"objectKind":"other"}},"arguments":[{"valueKind":"abstract-primitive","value":"STR_IDENTIFIER"}],"sourceLocation":{"fileName":"test/10k/fractal_landscape.html","columnNumber":28,"lineNumber":15},"entryKind":"call","base":{"valueKind":"abstract-object","value":{"objectKind":"other"}}}
{"name":{"valueKind":"concrete-string","value":"selectedIndex"},"sourceLocation":{"fileName":"test/10k/fractal_landscape.html","columnNumber":28,"lineNumber":15},"value":{"valueKind":"abstract-primitive","value":"1"},"entryKind":"read-property"}
{"name":{"valueKind":"concrete-string","value":"mountain"},"sourceLocation":{"fileName":"test/10k/fractal_landscape.html","columnNumber":28,"lineNumber":15},"value":{"valueKind":"abstract-primitive","value":"1"},"entryKind":"write-variable"}
{"name":{"valueKind":"concrete-string","value":"mountain"},"sourceLocation":{"fileName":"test/10k/fractal_landscape.html","columnNumber":17,"lineNumber":16},"value":{"valueKind":"abstract-primitive","value":"1"},"entryKind":"read-variable"}
{"name":{"valueKind":"concrete-string","value":"displacement"},"sourceLocation":{"fileName":"test/10k/fractal_landscape.html","columnNumber":32,"lineNumber":17},"value":{"valueKind":"abstract-primitive","value":"1"},"entryKind":"write-variable"}
{"name":{"valueKind":"concrete-string","value":"IntervalCounter"},"sourceLocation":{"fileName":"test/10k/fractal_landscape.html","columnNumber":31,"lineNumber":22},"value":{"valueKind":"abstract-primitive","value":"0"},"entryKind":"write-variable"}
{"name":{"valueKind":"concrete-string","value":"document"},"sourceLocation":{"fileName":"test/10k/fractal_landscape.html","columnNumber":22,"lineNumber":24},"value":{"valueKind":"abstract-object","value":{"objectKind":"other"}},"entryKind":"read-variable"}
{"name":{"valueKind":"concrete-string","value":"getElementById"},"sourceLocation":{"fileName":"test/10k/fractal_landscape.html","columnNumber":22,"lineNumber":24},"value":{"valueKind":"abstract-object","value":{"objectKind":"other"}},"entryKind":"read-property"}
{"function":{"valueKind":"abstract-object","value":{"objectKind":"other"}},"arguments":[{"valueKind":"abstract-primitive","value":"STR_IDENTIFIER"}],"sourceLocation":{"fileName":"test/10k/fractal_landscape.html","columnNumber":22,"lineNumber":24},"entryKind":"call","base":{"valueKind":"abstract-object","value":{"objectKind":"other"}}}
{"name":{"valueKind":"concrete-string","value":"canvas"},"sourceLocation":{"fileName":"test/10k/fractal_landscape.html","columnNumber":22,"lineNumber":24},"value":{"valueKind":"abstract-object","value":{"objectKind":"other"}},"entryKind":"write-variable"}
{"name":{"valueKind":"concrete-string","value":"canvas"},"sourceLocation":{"fileName":"test/10k/fractal_landscape.html","columnNumber":13,"lineNumber":25},"value":{"valueKind":"abstract-object","value":{"objectKind":"other"}},"entryKind":"read-variable"}
{"name":{"valueKind":"concrete-string","value":"ysize"},"sourceLocation":{"fileName":"test/10k/fractal_landscape.html","columnNumber":29,"lineNumber":25},"value":{"valueKind":"abstract-primitive","value":"NUM_UINT"},"entryKind":"read-variable"}
{"name":{"valueKind":"concrete-string","value":"height"},"sourceLocation":{"fileName":"test/10k/fractal_landscape.html","columnNumber":13,"lineNumber":25},"value":{"valueKind":"abstract-primitive","value":"NUM_UINT"},"entryKind":"write-property"}
{"name":{"valueKind":"concrete-string","value":"canvas"},"sourceLocation":{"fileName":"test/10k/fractal_landscape.html","columnNumber":13,"lineNumber":26},"value":{"valueKind":"abstract-object","value":{"objectKind":"other"}},"entryKind":"read-variable"}
{"name":{"valueKind":"concrete-string","value":"xsize"},"sourceLocation":{"fileName":"test/10k/fractal_landscape.html","columnNumber":28,"lineNumber":26},"value":{"valueKind":"abstract-primitive","value":"NUM_UINT"},"entryKind":"read-variable"}
{"name":{"valueKind":"concrete-string","value":"width"},"sourceLocation":{"fileName":"test/10k/fractal_landscape.html","columnNumber":13,"lineNumber":26},"value":{"valueKind":"abstract-primitive","value":"NUM_UINT"},"entryKind":"write-property"}
{"name":{"valueKind":"concrete-string","value":"canvas"},"sourceLocation":{"fileName":"test/10k/fractal_landscape.html","columnNumber":19,"lineNumber":28},"value":{"valueKind":"abstract-object","value":{"objectKind":"other"}},"entryKind":"read-variable"}
{"name":{"valueKind":"concrete-string","value":"getContext"},"sourceLocation":{"fileName":"test/10k/fractal_landscape.html","columnNumber":19,"lineNumber":28},"value":{"valueKind":"abstract-object","value":{"objectKind":"other"}},"entryKind":"read-property"}
{"function":{"valueKind":"abstract-object","value":{"objectKind":"other"}},"arguments":[{"valueKind":"abstract-primitive","value":"STR_IDENTIFIERPARTS"}],"sourceLocation":{"fileName":"test/10k/fractal_landscape.html","columnNumber":19,"lineNumber":28},"entryKind":"call","base":{"valueKind":"abstract-object","value":{"objectKind":"other"}}}
{"name":{"valueKind":"concrete-string","value":"ctx"},"sourceLocation":{"fileName":"test/10k/fractal_landscape.html","columnNumber":19,"lineNumber":28},"value":{"valueKind":"abstract-object","value":{"objectKind":"other"}},"entryKind":"write-variable"}
{"name":{"valueKind":"concrete-string","value":"ctx"},"sourceLocation":{"fileName":"test/10k/fractal_landscape.html","columnNumber":30,"lineNumber":29},"value":{"valueKind":"abstract-object","value":{"objectKind":"other"}},"entryKind":"read-variable"}
{"name":{"valueKind":"concrete-string","value":"createLinearGradient"},"sourceLocation":{"fileName":"test/10k/fractal_landscape.html","columnNumber":30,"lineNumber":29},"value":{"valueKind":"abstract-object","value":{"objectKind":"other"}},"entryKind":"read-property"}
{"name":{"valueKind":"concrete-string","value":"xsize"},"sourceLocation":{"fileName":"test/10k/fractal_landscape.html","columnNumber":55,"lineNumber":29},"value":{"valueKind":"abstract-primitive","value":"NUM_UINT"},"entryKind":"read-variable"}
{"name":{"valueKind":"concrete-string","value":"ysize"},"sourceLocation":{"fileName":"test/10k/fractal_landscape.html","columnNumber":66,"lineNumber":29},"value":{"valueKind":"abstract-primitive","value":"NUM_UINT"},"entryKind":"read-variable"}
{"name":{"valueKind":"concrete-string","value":"xsize"},"sourceLocation":{"fileName":"test/10k/fractal_landscape.html","columnNumber":77,"lineNumber":29},"value":{"valueKind":"abstract-primitive","value":"NUM_UINT"},"entryKind":"read-variable"}
{"name":{"valueKind":"concrete-string","value":"ysize"},"sourceLocation":{"fileName":"test/10k/fractal_landscape.html","columnNumber":88,"lineNumber":29},"value":{"valueKind":"abstract-primitive","value":"NUM_UINT"},"entryKind":"read-variable"}
{"function":{"valueKind":"abstract-object","value":{"objectKind":"other"}},"arguments":[{"valueKind":"abstract-primitive","value":"NUM_UINT"},{"valueKind":"abstract-primitive","value":"NUM_UINT"},{"valueKind":"abstract-primitive","value":"NUM_UINT"},{"valueKind":"abstract-primitive","value":"NUM_UINT"}],"sourceLocation":{"fileName":"test/10k/fractal_landscape.html","columnNumber":30,"lineNumber":29},"entryKind":"call","base":{"valueKind":"abstract-object","value":{"objectKind":"other"}}}
{"name":{"valueKind":"concrete-string","value":"lineargradient"},"sourceLocation":{"fileName":"test/10k/fractal_landscape.html","columnNumber":30,"lineNumber":29},"value":{"valueKind":"abstract-object","value":{"objectKind":"other"}},"entryKind":"write-variable"}
{"name":{"valueKind":"concrete-string","value":"Math"},"sourceLocation":{"fileName":"test/10k/fractal_landscape.html","columnNumber":31,"lineNumber":30},"value":{"valueKind":"abstract-object","value":{"objectKind":"builtin","canonicalName":"Math"}},"entryKind":"read-variable"}
{"name":{"valueKind":"concrete-string","value":"floor"},"sourceLocation":{"fileName":"test/10k/fractal_landscape.html","columnNumber":31,"lineNumber":30},"value":{"valueKind":"abstract-object","value":{"objectKind":"builtin","canonicalName":"Math.floor"}},"entryKind":"read-property"}
{"name":{"valueKind":"concrete-string","value":"Math"},"sourceLocation":{"fileName":"test/10k/fractal_landscape.html","columnNumber":42,"lineNumber":30},"value":{"valueKind":"abstract-object","value":{"objectKind":"builtin","canonicalName":"Math"}},"entryKind":"read-variable"}
{"name":{"valueKind":"concrete-string","value":"random"},"sourceLocation":{"fileName":"test/10k/fractal_landscape.html","columnNumber":42,"lineNumber":30},"value":{"valueKind":"abstract-object","value":{"objectKind":"builtin","canonicalName":"Math.random"}},"entryKind":"read-property"}
{"function":{"valueKind":"abstract-object","value":{"objectKind":"builtin","canonicalName":"Math.random"}},"arguments":[],"sourceLocation":{"fileName":"test/10k/fractal_landscape.html","columnNumber":42,"lineNumber":30},"entryKind":"call","base":{"valueKind":"abstract-object","value":{"objectKind":"builtin","canonicalName":"Math"}}}
{"function":{"valueKind":"abstract-object","value":{"objectKind":"builtin","canonicalName":"Math.floor"}},"arguments":[{"valueKind":"abstract-primitive","value":"NUM_OTHER"}],"sourceLocation":{"fileName":"test/10k/fractal_landscape.html","columnNumber":31,"lineNumber":30},"entryKind":"call","base":{"valueKind":"abstract-object","value":{"objectKind":"builtin","canonicalName":"Math"}}}
{"name":{"valueKind":"concrete-string","value":"Math"},"sourceLocation":{"fileName":"test/10k/fractal_landscape.html","columnNumber":71,"lineNumber":30},"value":{"valueKind":"abstract-object","value":{"objectKind":"builtin","canonicalName":"Math"}},"entryKind":"read-variable"}
{"name":{"valueKind":"concrete-string","value":"floor"},"sourceLocation":{"fileName":"test/10k/fractal_landscape.html","columnNumber":71,"lineNumber":30},"value":{"valueKind":"abstract-object","value":{"objectKind":"builtin","canonicalName":"Math.floor"}},"entryKind":"read-property"}
{"name":{"valueKind":"concrete-string","value":"Math"},"sourceLocation":{"fileName":"test/10k/fractal_landscape.html","columnNumber":82,"lineNumber":30},"value":{"valueKind":"abstract-object","value":{"objectKind":"builtin","canonicalName":"Math"}},"entryKind":"read-variable"}
{"name":{"valueKind":"concrete-string","value":"random"},"sourceLocation":{"fileName":"test/10k/fractal_landscape.html","columnNumber":82,"lineNumber":30},"value":{"valueKind":"abstract-object","value":{"objectKind":"builtin","canonicalName":"Math.random"}},"entryKind":"read-property"}
{"function":{"valueKind":"abstract-object","value":{"objectKind":"builtin","canonicalName":"Math.random"}},"arguments":[],"sourceLocation":{"fileName":"test/10k/fractal_landscape.html","columnNumber":82,"lineNumber":30},"entryKind":"call","base":{"valueKind":"abstract-object","value":{"objectKind":"builtin","canonicalName":"Math"}}}
{"function":{"valueKind":"abstract-object","value":{"objectKind":"builtin","canonicalName":"Math.floor"}},"arguments":[{"valueKind":"abstract-primitive","value":"NUM_OTHER"}],"sourceLocation":{"fileName":"test/10k/fractal_landscape.html","columnNumber":71,"lineNumber":30},"entryKind":"call","base":{"valueKind":"abstract-object","value":{"objectKind":"builtin","canonicalName":"Math"}}}
{"name":{"valueKind":"concrete-string","value":"Math"},"sourceLocation":{"fileName":"test/10k/fractal_landscape.html","columnNumber":111,"lineNumber":30},"value":{"valueKind":"abstract-object","value":{"objectKind":"builtin","canonicalName":"Math"}},"entryKind":"read-variable"}
{"name":{"valueKind":"concrete-string","value":"floor"},"sourceLocation":{"fileName":"test/10k/fractal_landscape.html","columnNumber":111,"lineNumber":30},"value":{"valueKind":"abstract-object","value":{"objectKind":"builtin","canonicalName":"Math.floor"}},"entryKind":"read-property"}
{"name":{"valueKind":"concrete-string","value":"Math"},"sourceLocation":{"fileName":"test/10k/fractal_landscape.html","columnNumber":122,"lineNumber":30},"value":{"valueKind":"abstract-object","value":{"objectKind":"builtin","canonicalName":"Math"}},"entryKind":"read-variable"}
{"name":{"valueKind":"concrete-string","value":"random"},"sourceLocation":{"fileName":"test/10k/fractal_landscape.html","columnNumber":122,"lineNumber":30},"value":{"valueKind":"abstract-object","value":{"objectKind":"builtin","canonicalName":"Math.random"}},"entryKind":"read-property"}
{"function":{"valueKind":"abstract-object","value":{"objectKind":"builtin","canonicalName":"Math.random"}},"arguments":[],"sourceLocation":{"fileName":"test/10k/fractal_landscape.html","columnNumber":122,"lineNumber":30},"entryKind":"call","base":{"valueKind":"abstract-object","value":{"objectKind":"builtin","canonicalName":"Math"}}}
{"function":{"valueKind":"abstract-object","value":{"objectKind":"builtin","canonicalName":"Math.floor"}},"arguments":[{"valueKind":"abstract-primitive","value":"NUM_OTHER"}],"sourceLocation":{"fileName":"test/10k/fractal_landscape.html","columnNumber":111,"lineNumber":30},"entryKind":"call","base":{"valueKind":"abstract-object","value":{"objectKind":"builtin","canonicalName":"Math"}}}
{"name":{"valueKind":"concrete-string","value":"color1"},"sourceLocation":{"fileName":"test/10k/fractal_landscape.html","columnNumber":22,"lineNumber":30},"value":{"valueKind":"abstract-primitive","value":"STR_OTHER"},"entryKind":"write-variable"}
{"name":{"valueKind":"concrete-string","value":"Math"},"sourceLocation":{"fileName":"test/10k/fractal_landscape.html","columnNumber":31,"lineNumber":31},"value":{"valueKind":"abstract-object","value":{"objectKind":"builtin","canonicalName":"Math"}},"entryKind":"read-variable"}
{"name":{"valueKind":"concrete-string","value":"floor"},"sourceLocation":{"fileName":"test/10k/fractal_landscape.html","columnNumber":31,"lineNumber":31},"value":{"valueKind":"abstract-object","value":{"objectKind":"builtin","canonicalName":"Math.floor"}},"entryKind":"read-property"}
{"name":{"valueKind":"concrete-string","value":"Math"},"sourceLocation":{"fileName":"test/10k/fractal_landscape.html","columnNumber":42,"lineNumber":31},"value":{"valueKind":"abstract-object","value":{"objectKind":"builtin","canonicalName":"Math"}},"entryKind":"read-variable"}
{"name":{"valueKind":"concrete-string","value":"random"},"sourceLocation":{"fileName":"test/10k/fractal_landscape.html","columnNumber":42,"lineNumber":31},"value":{"valueKind":"abstract-object","value":{"objectKind":"builtin","canonicalName":"Math.random"}},"entryKind":"read-property"}
{"function":{"valueKind":"abstract-object","value":{"objectKind":"builtin","canonicalName":"Math.random"}},"arguments":[],"sourceLocation":{"fileName":"test/10k/fractal_landscape.html","columnNumber":42,"lineNumber":31},"entryKind":"call","base":{"valueKind":"abstract-object","value":{"objectKind":"builtin","canonicalName":"Math"}}}
{"function":{"valueKind":"abstract-object","value":{"objectKind":"builtin","canonicalName":"Math.floor"}},"arguments":[{"valueKind":"abstract-primitive","value":"NUM_OTHER"}],"sourceLocation":{"fileName":"test/10k/fractal_landscape.html","columnNumber":31,"lineNumber":31},"entryKind":"call","base":{"valueKind":"abstract-object","value":{"objectKind":"builtin","canonicalName":"Math"}}}
{"name":{"valueKind":"concrete-string","value":"Math"},"sourceLocation":{"fileName":"test/10k/fractal_landscape.html","columnNumber":71,"lineNumber":31},"value":{"valueKind":"abstract-object","value":{"objectKind":"builtin","canonicalName":"Math"}},"entryKind":"read-variable"}
{"name":{"valueKind":"concrete-string","value":"floor"},"sourceLocation":{"fileName":"test/10k/fractal_landscape.html","columnNumber":71,"lineNumber":31},"value":{"valueKind":"abstract-object","value":{"objectKind":"builtin","canonicalName":"Math.floor"}},"entryKind":"read-property"}
{"name":{"valueKind":"concrete-string","value":"Math"},"sourceLocation":{"fileName":"test/10k/fractal_landscape.html","columnNumber":82,"lineNumber":31},"value":{"valueKind":"abstract-object","value":{"objectKind":"builtin","canonicalName":"Math"}},"entryKind":"read-variable"}
{"name":{"valueKind":"concrete-string","value":"random"},"sourceLocation":{"fileName":"test/10k/fractal_landscape.html","columnNumber":82,"lineNumber":31},"value":{"valueKind":"abstract-object","value":{"objectKind":"builtin","canonicalName":"Math.random"}},"entryKind":"read-property"}
{"function":{"valueKind":"abstract-object","value":{"objectKind":"builtin","canonicalName":"Math.random"}},"arguments":[],"sourceLocation":{"fileName":"test/10k/fractal_landscape.html","columnNumber":82,"lineNumber":31},"entryKind":"call","base":{"valueKind":"abstract-object","value":{"objectKind":"builtin","canonicalName":"Math"}}}
{"function":{"valueKind":"abstract-object","value":{"objectKind":"builtin","canonicalName":"Math.floor"}},"arguments":[{"valueKind":"abstract-primitive","value":"NUM_OTHER"}],"sourceLocation":{"fileName":"test/10k/fractal_landscape.html","columnNumber":71,"lineNumber":31},"entryKind":"call","base":{"valueKind":"abstract-object","value":{"objectKind":"builtin","canonicalName":"Math"}}}
{"name":{"valueKind":"concrete-string","value":"Math"},"sourceLocation":{"fileName":"test/10k/fractal_landscape.html","columnNumber":111,"lineNumber":31},"value":{"valueKind":"abstract-object","value":{"objectKind":"builtin","canonicalName":"Math"}},"entryKind":"read-variable"}
{"name":{"valueKind":"concrete-string","value":"floor"},"sourceLocation":{"fileName":"test/10k/fractal_landscape.html","columnNumber":111,"lineNumber":31},"value":{"valueKind":"abstract-object","value":{"objectKind":"builtin","canonicalName":"Math.floor"}},"entryKind":"read-property"}
{"name":{"valueKind":"concrete-string","value":"Math"},"sourceLocation":{"fileName":"test/10k/fractal_landscape.html","columnNumber":122,"lineNumber":31},"value":{"valueKind":"abstract-object","value":{"objectKind":"builtin","canonicalName":"Math"}},"entryKind":"read-variable"}
{"name":{"valueKind":"concrete-string","value":"random"},"sourceLocation":{"fileName":"test/10k/fractal_landscape.html","columnNumber":122,"lineNumber":31},"value":{"valueKind":"abstract-object","value":{"objectKind":"builtin","canonicalName":"Math.random"}},"entryKind":"read-property"}
{"function":{"valueKind":"abstract-object","value":{"objectKind":"builtin","canonicalName":"Math.random"}},"arguments":[],"sourceLocation":{"fileName":"test/10k/fractal_landscape.html","columnNumber":122,"lineNumber":31},"entryKind":"call","base":{"valueKind":"abstract-object","value":{"objectKind":"builtin","canonicalName":"Math"}}}
{"function":{"valueKind":"abstract-object","value":{"objectKind":"builtin","canonicalName":"Math.floor"}},"arguments":[{"valueKind":"abstract-primitive","value":"NUM_OTHER"}],"sourceLocation":{"fileName":"test/10k/fractal_landscape.html","columnNumber":111,"lineNumber":31},"entryKind":"call","base":{"valueKind":"abstract-object","value":{"objectKind":"builtin","canonicalName":"Math"}}}
{"name":{"valueKind":"concrete-string","value":"color2"},"sourceLocation":{"fileName":"test/10k/fractal_landscape.html","columnNumber":22,"lineNumber":31},"value":{"valueKind":"abstract-primitive","value":"STR_OTHER"},"entryKind":"write-variable"}
{"name":{"valueKind":"concrete-string","value":"lineargradient"},"sourceLocation":{"fileName":"test/10k/fractal_landscape.html","columnNumber":13,"lineNumber":32},"value":{"valueKind":"abstract-object","value":{"objectKind":"other"}},"entryKind":"read-variable"}
{"name":{"valueKind":"concrete-string","value":"addColorStop"},"sourceLocation":{"fileName":"test/10k/fractal_landscape.html","columnNumber":13,"lineNumber":32},"value":{"valueKind":"abstract-object","value":{"objectKind":"other"}},"entryKind":"read-property"}
{"name":{"valueKind":"concrete-string","value":"color1"},"sourceLocation":{"fileName":"test/10k/fractal_landscape.html","columnNumber":44,"lineNumber":32},"value":{"valueKind":"abstract-primitive","value":"STR_OTHER"},"entryKind":"read-variable"}
{"function":{"valueKind":"abstract-object","value":{"objectKind":"other"}},"arguments":[{"valueKind":"abstract-primitive","value":"0"},{"valueKind":"abstract-primitive","value":"STR_OTHER"}],"sourceLocation":{"fileName":"test/10k/fractal_landscape.html","columnNumber":13,"lineNumber":32},"entryKind":"call","base":{"valueKind":"abstract-object","value":{"objectKind":"other"}}}
{"name":{"valueKind":"concrete-string","value":"lineargradient"},"sourceLocation":{"fileName":"test/10k/fractal_landscape.html","columnNumber":13,"lineNumber":33},"value":{"valueKind":"abstract-object","value":{"objectKind":"other"}},"entryKind":"read-variable"}
{"name":{"valueKind":"concrete-string","value":"addColorStop"},"sourceLocation":{"fileName":"test/10k/fractal_landscape.html","columnNumber":13,"lineNumber":33},"value":{"valueKind":"abstract-object","value":{"objectKind":"other"}},"entryKind":"read-property"}
{"name":{"valueKind":"concrete-string","value":"color2"},"sourceLocation":{"fileName":"test/10k/fractal_landscape.html","columnNumber":44,"lineNumber":33},"value":{"valueKind":"abstract-primitive","value":"STR_OTHER"},"entryKind":"read-variable"}
{"function":{"valueKind":"abstract-object","value":{"objectKind":"other"}},"arguments":[{"valueKind":"abstract-primitive","value":"1"},{"valueKind":"abstract-primitive","value":"STR_OTHER"}],"sourceLocation":{"fileName":"test/10k/fractal_landscape.html","columnNumber":13,"lineNumber":33},"entryKind":"call","base":{"valueKind":"abstract-object","value":{"objectKind":"other"}}}
{"name":{"valueKind":"concrete-string","value":"setInterval"},"sourceLocation":{"fileName":"test/10k/fractal_landscape.html","columnNumber":28,"lineNumber":35},"value":{"valueKind":"abstract-object","value":{"objectKind":"other"}},"entryKind":"read-variable"}
{"function":{"valueKind":"abstract-object","value":{"objectKind":"other"}},"arguments":[{"valueKind":"abstract-primitive","value":"STR_OTHER"},{"valueKind":"abstract-primitive","value":"NUM_UINT"}],"sourceLocation":{"fileName":"test/10k/fractal_landscape.html","columnNumber":28,"lineNumber":35},"entryKind":"call","base":{"valueKind":"abstract-object","value":{"objectKind":"builtin","canonicalName":"<the global object>"}}}
{"code":"animatedDraw()","sourceLocation":{"fileName":"test/10k/fractal_landscape.html","columnNumber":28,"lineNumber":35},"entryKind":"dynamic-code"}
{"name":{"valueKind":"concrete-string","value":"animInterval"},"sourceLocation":{"fileName":"test/10k/fractal_landscape.html","columnNumber":28,"lineNumber":35},"value":{"valueKind":"abstract-primitive","value":"1"},"entryKind":"write-variable"}
{"returnValue":{"valueKind":"abstract-primitive","value":"undefined"},"sourceLocation":{"fileName":"test/10k/fractal_landscape.html","columnNumber":9,"lineNumber":7},"entryKind":"function-exit"}
{"name":{"valueKind":"concrete-string","value":"animatedDraw"},"sourceLocation":{"fileName":"test/10k/fractal_landscape.html","columnNumber":28,"lineNumber":35},"value":{"valueKind":"abstract-object","value":{"objectKind":"allocation-site","allocationSite":{"fileName":"test/10k/fractal_landscape.html","columnNumber":28,"lineNumber":35}}},"entryKind":"read-variable"}
{"function":{"valueKind":"abstract-object","value":{"objectKind":"allocation-site","allocationSite":{"fileName":"test/10k/fractal_landscape.html","columnNumber":28,"lineNumber":35}}},"arguments":[],"sourceLocation":{"fileName":"test/10k/fractal_landscape.html","columnNumber":28,"lineNumber":35},"entryKind":"call","base":{"valueKind":"abstract-object","value":{"objectKind":"builtin","canonicalName":"<the global object>"}}}
{"arguments":[],"sourceLocation":{"fileName":"test/10k/fractal_landscape.html","columnNumber":9,"lineNumber":38},"entryKind":"function-entry","base":{"valueKind":"abstract-object","value":{"objectKind":"builtin","canonicalName":"<the global object>"}}}
{"name":{"valueKind":"concrete-string","value":"IntervalCounter"},"sourceLocation":{"fileName":"test/10k/fractal_landscape.html","columnNumber":17,"lineNumber":39},"value":{"valueKind":"abstract-primitive","value":"0"},"entryKind":"read-variable"}
{"name":{"valueKind":"concrete-string","value":"detail"},"sourceLocation":{"fileName":"test/10k/fractal_landscape.html","columnNumber":35,"lineNumber":39},"value":{"valueKind":"abstract-primitive","value":"NUM_UINT"},"entryKind":"read-variable"}
{"name":{"valueKind":"concrete-string","value":"fractalize"},"sourceLocation":{"fileName":"test/10k/fractal_landscape.html","columnNumber":29,"lineNumber":40},"value":{"valueKind":"abstract-object","value":{"objectKind":"allocation-site","allocationSite":{"fileName":"test/10k/fractal_landscape.html","columnNumber":9,"lineNumber":49}}},"entryKind":"read-variable"}
{"name":{"valueKind":"concrete-string","value":"theCoords"},"sourceLocation":{"fileName":"test/10k/fractal_landscape.html","columnNumber":40,"lineNumber":40},"value":{"valueKind":"abstract-object","value":{"objectKind":"allocation-site","allocationSite":{"fileName":"test/10k/fractal_landscape.html","columnNumber":25,"lineNumber":10}}},"entryKind":"read-variable"}
{"name":{"valueKind":"concrete-string","value":"displacement"},"sourceLocation":{"fileName":"test/10k/fractal_landscape.html","columnNumber":51,"lineNumber":40},"value":{"valueKind":"abstract-primitive","value":"1"},"entryKind":"read-variable"}
{"name":{"valueKind":"concrete-string","value":"extremity"},"sourceLocation":{"fileName":"test/10k/fractal_landscape.html","columnNumber":67,"lineNumber":40},"value":{"valueKind":"abstract-primitive","value":"NUM_OTHER"},"entryKind":"read-variable"}
{"name":{"valueKind":"concrete-string","value":"displacement"},"sourceLocation":{"fileName":"test/10k/fractal_landscape.html","columnNumber":67,"lineNumber":40},"value":{"valueKind":"abstract-primitive","value":"NUM_OTHER"},"entryKind":"write-variable"}
{"function":{"valueKind":"abstract-object","value":{"objectKind":"allocation-site","allocationSite":{"fileName":"test/10k/fractal_landscape.html","columnNumber":9,"lineNumber":49}}},"arguments":[{"valueKind":"abstract-object","value":{"objectKind":"allocation-site","allocationSite":{"fileName":"test/10k/fractal_landscape.html","columnNumber":25,"lineNumber":10}}},{"valueKind":"abstract-primitive","value":"NUM_OTHER"}],"sourceLocation":{"fileName":"test/10k/fractal_landscape.html","columnNumber":29,"lineNumber":40},"entryKind":"call","base":{"valueKind":"abstract-object","value":{"objectKind":"builtin","canonicalName":"<the global object>"}}}
{"arguments":[{"valueKind":"abstract-object","value":{"objectKind":"allocation-site","allocationSite":{"fileName":"test/10k/fractal_landscape.html","columnNumber":25,"lineNumber":10}}},{"valueKind":"abstract-primitive","value":"NUM_OTHER"}],"sourceLocation":{"fileName":"test/10k/fractal_landscape.html","columnNumber":9,"lineNumber":49},"entryKind":"function-entry","base":{"valueKind":"abstract-object","value":{"objectKind":"builtin","canonicalName":"<the global object>"}}}
{"name":{"valueKind":"concrete-string","value":"theCoords"},"sourceLocation":{"fileName":"test/10k/fractal_landscape.html","columnNumber":17,"lineNumber":51},"value":{"valueKind":"abstract-object","value":{"objectKind":"allocation-site","allocationSite":{"fileName":"test/10k/fractal_landscape.html","columnNumber":25,"lineNumber":10}}},"entryKind":"read-variable"}
{"name":{"valueKind":"concrete-string","value":"Count"},"sourceLocation":{"fileName":"test/10k/fractal_landscape.html","columnNumber":17,"lineNumber":51},"value":{"valueKind":"abstract-primitive","value":"undefined"},"entryKind":"read-property"}
{"name":{"valueKind":"concrete-string","value":"Array"},"sourceLocation":{"fileName":"test/10k/fractal_landscape.html","columnNumber":33,"lineNumber":54},"value":{"valueKind":"abstract-object","value":{"objectKind":"builtin","canonicalName":"Array"}},"entryKind":"read-variable"}
{"function":{"valueKind":"abstract-object","value":{"objectKind":"builtin","canonicalName":"Array"}},"arguments":[],"sourceLocation":{"fileName":"test/10k/fractal_landscape.html","columnNumber":29,"lineNumber":54},"entryKind":"call","base":{"valueKind":"abstract-object","value":{"objectKind":"builtin","canonicalName":"<the global object>"}}}
{"name":{"valueKind":"concrete-string","value":"newCoords"},"sourceLocation":{"fileName":"test/10k/fractal_landscape.html","columnNumber":29,"lineNumber":54},"value":{"valueKind":"abstract-object","value":{"objectKind":"allocation-site","allocationSite":{"fileName":"test/10k/fractal_landscape.html","columnNumber":29,"lineNumber":54}}},"entryKind":"write-variable"}
{"name":{"valueKind":"concrete-string","value":"theCoords"},"sourceLocation":{"fileName":"test/10k/fractal_landscape.html","columnNumber":29,"lineNumber":55},"value":{"valueKind":"abstract-object","value":{"objectKind":"allocation-site","allocationSite":{"fileName":"test/10k/fractal_landscape.html","columnNumber":25,"lineNumber":10}}},"entryKind":"read-variable"}
{"name":{"valueKind":"concrete-string","value":"length"},"sourceLocation":{"fileName":"test/10k/fractal_landscape.html","columnNumber":29,"lineNumber":55},"value":{"valueKind":"abstract-primitive","value":"NUM_UINT"},"entryKind":"read-property"}
{"name":{"valueKind":"concrete-string","value":"theLength"},"sourceLocation":{"fileName":"test/10k/fractal_landscape.html","columnNumber":29,"lineNumber":55},"value":{"valueKind":"abstract-primitive","value":"1"},"entryKind":"write-variable"}
{"name":{"valueKind":"concrete-string","value":"i"},"sourceLocation":{"fileName":"test/10k/fractal_landscape.html","columnNumber":22,"lineNumber":57},"value":{"valueKind":"abstract-primitive","value":"0"},"entryKind":"write-variable"}
{"name":{"valueKind":"concrete-string","value":"i"},"sourceLocation":{"fileName":"test/10k/fractal_landscape.html","columnNumber":25,"lineNumber":57},"value":{"valueKind":"abstract-primitive","value":"0"},"entryKind":"read-variable"}
{"name":{"valueKind":"concrete-string","value":"theLength"},"sourceLocation":{"fileName":"test/10k/fractal_landscape.html","columnNumber":29,"lineNumber":57},"value":{"valueKind":"abstract-primitive","value":"1"},"entryKind":"read-variable"}
{"name":{"valueKind":"concrete-string","value":"Math"},"sourceLocation":{"fileName":"test/10k/fractal_landscape.html","columnNumber":32,"lineNumber":59},"value":{"valueKind":"abstract-object","value":{"objectKind":"builtin","canonicalName":"Math"}},"entryKind":"read-variable"}
{"name":{"valueKind":"concrete-string","value":"random"},"sourceLocation":{"fileName":"test/10k/fractal_landscape.html","columnNumber":32,"lineNumber":59},"value":{"valueKind":"abstract-object","value":{"objectKind":"builtin","canonicalName":"Math.random"}},"entryKind":"read-property"}
{"function":{"valueKind":"abstract-object","value":{"objectKind":"builtin","canonicalName":"Math.random"}},"arguments":[],"sourceLocation":{"fileName":"test/10k/fractal_landscape.html","columnNumber":32,"lineNumber":59},"entryKind":"call","base":{"valueKind":"abstract-object","value":{"objectKind":"builtin","canonicalName":"Math"}}}
{"name":{"valueKind":"concrete-string","value":"mrRandom"},"sourceLocation":{"fileName":"test/10k/fractal_landscape.html","columnNumber":32,"lineNumber":59},"value":{"valueKind":"abstract-primitive","value":"NUM_OTHER"},"entryKind":"write-variable"}
{"name":{"valueKind":"concrete-string","value":"theCoords"},"sourceLocation":{"fileName":"test/10k/fractal_landscape.html","columnNumber":39,"lineNumber":60},"value":{"valueKind":"abstract-object","value":{"objectKind":"allocation-site","allocationSite":{"fileName":"test/10k/fractal_landscape.html","columnNumber":25,"lineNumber":10}}},"entryKind":"read-variable"}
{"name":{"valueKind":"concrete-string","value":"i"},"sourceLocation":{"fileName":"test/10k/fractal_landscape.html","columnNumber":49,"lineNumber":60},"value":{"valueKind":"abstract-primitive","value":"0"},"entryKind":"read-variable"}
{"name":{"valueKind":"abstract-primitive","value":"1"},"sourceLocation":{"fileName":"test/10k/fractal_landscape.html","columnNumber":39,"lineNumber":60},"value":{"valueKind":"abstract-primitive","value":"NUM_OTHER"},"entryKind":"read-property"}
{"name":{"valueKind":"concrete-string","value":"theCoords"},"sourceLocation":{"fileName":"test/10k/fractal_landscape.html","columnNumber":58,"lineNumber":60},"value":{"valueKind":"abstract-object","value":{"objectKind":"allocation-site","allocationSite":{"fileName":"test/10k/fractal_landscape.html","columnNumber":25,"lineNumber":10}}},"entryKind":"read-variable"}
{"name":{"valueKind":"concrete-string","value":"i"},"sourceLocation":{"fileName":"test/10k/fractal_landscape.html","columnNumber":68,"lineNumber":60},"value":{"valueKind":"abstract-primitive","value":"0"},"entryKind":"read-variable"}
{"name":{"valueKind":"abstract-primitive","value":"0"},"sourceLocation":{"fileName":"test/10k/fractal_landscape.html","columnNumber":58,"lineNumber":60},"value":{"valueKind":"abstract-primitive","value":"NUM_OTHER"},"entryKind":"read-property"}
{"name":{"valueKind":"concrete-string","value":"displacedCoord"},"sourceLocation":{"fileName":"test/10k/fractal_landscape.html","columnNumber":38,"lineNumber":60},"value":{"valueKind":"abstract-primitive","value":"0"},"entryKind":"write-variable"}
{"name":{"valueKind":"concrete-string","value":"mrRandom"},"sourceLocation":{"fileName":"test/10k/fractal_landscape.html","columnNumber":39,"lineNumber":61},"value":{"valueKind":"abstract-primitive","value":"NUM_OTHER"},"entryKind":"read-variable"}
{"name":{"valueKind":"concrete-string","value":"displacement"},"sourceLocation":{"fileName":"test/10k/fractal_landscape.html","columnNumber":50,"lineNumber":61},"value":{"valueKind":"abstract-primitive","value":"NUM_OTHER"},"entryKind":"read-variable"}
{"name":{"valueKind":"concrete-string","value":"newDisplacement"},"sourceLocation":{"fileName":"test/10k/fractal_landscape.html","columnNumber":39,"lineNumber":61},"value":{"valueKind":"abstract-primitive","value":"NUM_OTHER"},"entryKind":"write-variable"}
{"name":{"valueKind":"concrete-string","value":"theCoords"},"sourceLocation":{"fileName":"test/10k/fractal_landscape.html","columnNumber":33,"lineNumber":62},"value":{"valueKind":"abstract-object","value":{"objectKind":"allocation-site","allocationSite":{"fileName":"test/10k/fractal_landscape.html","columnNumber":25,"lineNumber":10}}},"entryKind":"read-variable"}
{"name":{"valueKind":"concrete-string","value":"i"},"sourceLocation":{"fileName":"test/10k/fractal_landscape.html","columnNumber":43,"lineNumber":62},"value":{"valueKind":"abstract-primitive","value":"0"},"entryKind":"read-variable"}
{"name":{"valueKind":"abstract-primitive","value":"0"},"sourceLocation":{"fileName":"test/10k/fractal_landscape.html","columnNumber":33,"lineNumber":62},"value":{"valueKind":"abstract-primitive","value":"NUM_OTHER"},"entryKind":"read-property"}
{"name":{"valueKind":"concrete-string","value":"displacedCoord"},"sourceLocation":{"fileName":"test/10k/fractal_landscape.html","columnNumber":48,"lineNumber":62},"value":{"valueKind":"abstract-primitive","value":"0"},"entryKind":"read-variable"}
{"name":{"valueKind":"concrete-string","value":"newDisplacement"},"sourceLocation":{"fileName":"test/10k/fractal_landscape.html","columnNumber":65,"lineNumber":62},"value":{"valueKind":"abstract-primitive","value":"NUM_OTHER"},"entryKind":"read-variable"}
{"name":{"valueKind":"concrete-string","value":"nextCoord"},"sourceLocation":{"fileName":"test/10k/fractal_landscape.html","columnNumber":33,"lineNumber":62},"value":{"valueKind":"abstract-primitive","value":"NUM_OTHER"},"entryKind":"write-variable"}
{"name":{"valueKind":"concrete-string","value":"newCoords"},"sourceLocation":{"fileName":"test/10k/fractal_landscape.html","columnNumber":17,"lineNumber":64},"value":{"valueKind":"abstract-object","value":{"objectKind":"allocation-site","allocationSite":{"fileName":"test/10k/fractal_landscape.html","columnNumber":29,"lineNumber":54}}},"entryKind":"read-variable"}
{"name":{"valueKind":"concrete-string","value":"push"},"sourceLocation":{"fileName":"test/10k/fractal_landscape.html","columnNumber":17,"lineNumber":64},"value":{"valueKind":"abstract-object","value":{"objectKind":"builtin","canonicalName":"Array.prototype.push"}},"entryKind":"read-property"}
{"name":{"valueKind":"concrete-string","value":"theCoords"},"sourceLocation":{"fileName":"test/10k/fractal_landscape.html","columnNumber":32,"lineNumber":64},"value":{"valueKind":"abstract-object","value":{"objectKind":"allocation-site","allocationSite":{"fileName":"test/10k/fractal_landscape.html","columnNumber":25,"lineNumber":10}}},"entryKind":"read-variable"}
{"name":{"valueKind":"concrete-string","value":"i"},"sourceLocation":{"fileName":"test/10k/fractal_landscape.html","columnNumber":42,"lineNumber":64},"value":{"valueKind":"abstract-primitive","value":"0"},"entryKind":"read-variable"}
{"name":{"valueKind":"abstract-primitive","value":"0"},"sourceLocation":{"fileName":"test/10k/fractal_landscape.html","columnNumber":32,"lineNumber":64},"value":{"valueKind":"abstract-primitive","value":"NUM_OTHER"},"entryKind":"read-property"}
{"function":{"valueKind":"abstract-object","value":{"objectKind":"builtin","canonicalName":"Array.prototype.push"}},"arguments":[{"valueKind":"abstract-primitive","value":"NUM_OTHER"}],"sourceLocation":{"fileName":"test/10k/fractal_landscape.html","columnNumber":17,"lineNumber":64},"entryKind":"call","base":{"valueKind":"abstract-object","value":{"objectKind":"allocation-site","allocationSite":{"fileName":"test/10k/fractal_landscape.html","columnNumber":29,"lineNumber":54}}}}
{"name":{"valueKind":"concrete-string","value":"newCoords"},"sourceLocation":{"fileName":"test/10k/fractal_landscape.html","columnNumber":17,"lineNumber":65},"value":{"valueKind":"abstract-object","value":{"objectKind":"allocation-site","allocationSite":{"fileName":"test/10k/fractal_landscape.html","columnNumber":29,"lineNumber":54}}},"entryKind":"read-variable"}
{"name":{"valueKind":"concrete-string","value":"push"},"sourceLocation":{"fileName":"test/10k/fractal_landscape.html","columnNumber":17,"lineNumber":65},"value":{"valueKind":"abstract-object","value":{"objectKind":"builtin","canonicalName":"Array.prototype.push"}},"entryKind":"read-property"}
{"name":{"valueKind":"concrete-string","value":"nextCoord"},"sourceLocation":{"fileName":"test/10k/fractal_landscape.html","columnNumber":32,"lineNumber":65},"value":{"valueKind":"abstract-primitive","value":"NUM_OTHER"},"entryKind":"read-variable"}
{"function":{"valueKind":"abstract-object","value":{"objectKind":"builtin","canonicalName":"Array.prototype.push"}},"arguments":[{"valueKind":"abstract-primitive","value":"NUM_OTHER"}],"sourceLocation":{"fileName":"test/10k/fractal_landscape.html","columnNumber":17,"lineNumber":65},"entryKind":"call","base":{"valueKind":"abstract-object","value":{"objectKind":"allocation-site","allocationSite":{"fileName":"test/10k/fractal_landscape.html","columnNumber":29,"lineNumber":54}}}}
{"name":{"valueKind":"concrete-string","value":"i"},"sourceLocation":{"fileName":"test/10k/fractal_landscape.html","columnNumber":40,"lineNumber":57},"value":{"valueKind":"abstract-primitive","value":"0"},"entryKind":"read-variable"}
{"name":{"valueKind":"concrete-string","value":"i"},"sourceLocation":{"fileName":"test/10k/fractal_landscape.html","columnNumber":25,"lineNumber":57},"value":{"valueKind":"abstract-primitive","value":"1"},"entryKind":"read-variable"}
{"name":{"valueKind":"concrete-string","value":"newCoords"},"sourceLocation":{"fileName":"test/10k/fractal_landscape.html","columnNumber":13,"lineNumber":67},"value":{"valueKind":"abstract-object","value":{"objectKind":"allocation-site","allocationSite":{"fileName":"test/10k/fractal_landscape.html","columnNumber":29,"lineNumber":54}}},"entryKind":"read-variable"}
{"name":{"valueKind":"concrete-string","value":"push"},"sourceLocation":{"fileName":"test/10k/fractal_landscape.html","columnNumber":13,"lineNumber":67},"value":{"valueKind":"abstract-object","value":{"objectKind":"builtin","canonicalName":"Array.prototype.push"}},"entryKind":"read-property"}
{"name":{"valueKind":"concrete-string","value":"theCoords"},"sourceLocation":{"fileName":"test/10k/fractal_landscape.html","columnNumber":28,"lineNumber":67},"value":{"valueKind":"abstract-object","value":{"objectKind":"allocation-site","allocationSite":{"fileName":"test/10k/fractal_landscape.html","columnNumber":25,"lineNumber":10}}},"entryKind":"read-variable"}
{"name":{"valueKind":"concrete-string","value":"theCoords"},"sourceLocation":{"fileName":"test/10k/fractal_landscape.html","columnNumber":38,"lineNumber":67},"value":{"valueKind":"abstract-object","value":{"objectKind":"allocation-site","allocationSite":{"fileName":"test/10k/fractal_landscape.html","columnNumber":25,"lineNumber":10}}},"entryKind":"read-variable"}
{"name":{"valueKind":"concrete-string","value":"length"},"sourceLocation":{"fileName":"test/10k/fractal_landscape.html","columnNumber":38,"lineNumber":67},"value":{"valueKind":"abstract-primitive","value":"NUM_UINT"},"entryKind":"read-property"}
{"name":{"valueKind":"abstract-primitive","value":"1"},"sourceLocation":{"fileName":"test/10k/fractal_landscape.html","columnNumber":28,"lineNumber":67},"value":{"valueKind":"abstract-primitive","value":"NUM_OTHER"},"entryKind":"read-property"}
{"function":{"valueKind":"abstract-object","value":{"objectKind":"builtin","canonicalName":"Array.prototype.push"}},"arguments":[{"valueKind":"abstract-primitive","value":"NUM_OTHER"}],"sourceLocation":{"fileName":"test/10k/fractal_landscape.html","columnNumber":13,"lineNumber":67},"entryKind":"call","base":{"valueKind":"abstract-object","value":{"objectKind":"allocation-site","allocationSite":{"fileName":"test/10k/fractal_landscape.html","columnNumber":29,"lineNumber":54}}}}
{"name":{"valueKind":"concrete-string","value":"newCoords"},"sourceLocation":{"fileName":"test/10k/fractal_landscape.html","columnNumber":20,"lineNumber":68},"value":{"valueKind":"abstract-object","value":{"objectKind":"allocation-site","allocationSite":{"fileName":"test/10k/fractal_landscape.html","columnNumber":29,"lineNumber":54}}},"entryKind":"read-variable"}
{"returnValue":{"valueKind":"abstract-object","value":{"objectKind":"allocation-site","allocationSite":{"fileName":"test/10k/fractal_landscape.html","columnNumber":29,"lineNumber":54}}},"sourceLocation":{"fileName":"test/10k/fractal_landscape.html","columnNumber":9,"lineNumber":49},"entryKind":"function-exit"}
{"name":{"valueKind":"concrete-string","value":"theCoords"},"sourceLocation":{"fileName":"test/10k/fractal_landscape.html","columnNumber":29,"lineNumber":40},"value":{"valueKind":"abstract-object","value":{"objectKind":"allocation-site","allocationSite":{"fileName":"test/10k/fractal_landscape.html","columnNumber":29,"lineNumber":54}}},"entryKind":"write-variable"}
{"name":{"valueKind":"concrete-string","value":"drawLandscape"},"sourceLocation":{"fileName":"test/10k/fractal_landscape.html","columnNumber":17,"lineNumber":41},"value":{"valueKind":"abstract-object","value":{"objectKind":"allocation-site","allocationSite":{"fileName":"test/10k/fractal_landscape.html","columnNumber":9,"lineNumber":71}}},"entryKind":"read-variable"}
{"name":{"valueKind":"concrete-string","value":"theCoords"},"sourceLocation":{"fileName":"test/10k/fractal_landscape.html","columnNumber":31,"lineNumber":41},"value":{"valueKind":"abstract-object","value":{"objectKind":"allocation-site","allocationSite":{"fileName":"test/10k/fractal_landscape.html","columnNumber":29,"lineNumber":54}}},"entryKind":"read-variable"}
{"function":{"valueKind":"abstract-object","value":{"objectKind":"allocation-site","allocationSite":{"fileName":"test/10k/fractal_landscape.html","columnNumber":9,"lineNumber":71}}},"arguments":[{"valueKind":"abstract-object","value":{"objectKind":"allocation-site","allocationSite":{"fileName":"test/10k/fractal_landscape.html","columnNumber":29,"lineNumber":54}}}],"sourceLocation":{"fileName":"test/10k/fractal_landscape.html","columnNumber":17,"lineNumber":41},"entryKind":"call","base":{"valueKind":"abstract-object","value":{"objectKind":"builtin","canonicalName":"<the global object>"}}}
{"arguments":[{"valueKind":"abstract-object","value":{"objectKind":"allocation-site","allocationSite":{"fileName":"test/10k/fractal_landscape.html","columnNumber":29,"lineNumber":54}}}],"sourceLocation":{"fileName":"test/10k/fractal_landscape.html","columnNumber":9,"lineNumber":71},"entryKind":"function-entry","base":{"valueKind":"abstract-object","value":{"objectKind":"builtin","canonicalName":"<the global object>"}}}
{"name":{"valueKind":"concrete-string","value":"ctx"},"sourceLocation":{"fileName":"test/10k/fractal_landscape.html","columnNumber":13,"lineNumber":73},"value":{"valueKind":"abstract-object","value":{"objectKind":"other"}},"entryKind":"read-variable"}
{"name":{"valueKind":"concrete-string","value":"clearRect"},"sourceLocation":{"fileName":"test/10k/fractal_landscape.html","columnNumber":13,"lineNumber":73},"value":{"valueKind":"abstract-object","value":{"objectKind":"other"}},"entryKind":"read-property"}
{"name":{"valueKind":"concrete-string","value":"xsize"},"sourceLocation":{"fileName":"test/10k/fractal_landscape.html","columnNumber":33,"lineNumber":73},"value":{"valueKind":"abstract-primitive","value":"NUM_UINT"},"entryKind":"read-variable"}
{"name":{"valueKind":"concrete-string","value":"ysize"},"sourceLocation":{"fileName":"test/10k/fractal_landscape.html","columnNumber":40,"lineNumber":73},"value":{"valueKind":"abstract-primitive","value":"NUM_UINT"},"entryKind":"read-variable"}
{"function":{"valueKind":"abstract-object","value":{"objectKind":"other"}},"arguments":[{"valueKind":"abstract-primitive","value":"0"},{"valueKind":"abstract-primitive","value":"0"},{"valueKind":"abstract-primitive","value":"NUM_UINT"},{"valueKind":"abstract-primitive","value":"NUM_UINT"}],"sourceLocation":{"fileName":"test/10k/fractal_landscape.html","columnNumber":13,"lineNumber":73},"entryKind":"call","base":{"valueKind":"abstract-object","value":{"objectKind":"other"}}}
{"name":{"valueKind":"concrete-string","value":"ctx"},"sourceLocation":{"fileName":"test/10k/fractal_landscape.html","columnNumber":13,"lineNumber":74},"value":{"valueKind":"abstract-object","value":{"objectKind":"other"}},"entryKind":"read-variable"}
{"name":{"valueKind":"concrete-string","value":"lineargradient"},"sourceLocation":{"fileName":"test/10k/fractal_landscape.html","columnNumber":29,"lineNumber":74},"value":{"valueKind":"abstract-object","value":{"objectKind":"other"}},"entryKind":"read-variable"}
{"name":{"valueKind":"concrete-string","value":"fillStyle"},"sourceLocation":{"fileName":"test/10k/fractal_landscape.html","columnNumber":13,"lineNumber":74},"value":{"valueKind":"abstract-object","value":{"objectKind":"other"}},"entryKind":"write-property"}
{"name":{"valueKind":"concrete-string","value":"ctx"},"sourceLocation":{"fileName":"test/10k/fractal_landscape.html","columnNumber":13,"lineNumber":75},"value":{"valueKind":"abstract-object","value":{"objectKind":"other"}},"entryKind":"read-variable"}
{"name":{"valueKind":"concrete-string","value":"beginPath"},"sourceLocation":{"fileName":"test/10k/fractal_landscape.html","columnNumber":13,"lineNumber":75},"value":{"valueKind":"abstract-object","value":{"objectKind":"other"}},"entryKind":"read-property"}
{"function":{"valueKind":"abstract-object","value":{"objectKind":"other"}},"arguments":[],"sourceLocation":{"fileName":"test/10k/fractal_landscape.html","columnNumber":13,"lineNumber":75},"entryKind":"call","base":{"valueKind":"abstract-object","value":{"objectKind":"other"}}}
{"name":{"valueKind":"concrete-string","value":"ctx"},"sourceLocation":{"fileName":"test/10k/fractal_landscape.html","columnNumber":13,"lineNumber":76},"value":{"valueKind":"abstract-object","value":{"objectKind":"other"}},"entryKind":"read-variable"}
{"name":{"valueKind":"concrete-string","value":"moveTo"},"sourceLocation":{"fileName":"test/10k/fractal_landscape.html","columnNumber":13,"lineNumber":76},"value":{"valueKind":"abstract-object","value":{"objectKind":"other"}},"entryKind":"read-property"}
{"name":{"valueKind":"concrete-string","value":"ysize"},"sourceLocation":{"fileName":"test/10k/fractal_landscape.html","columnNumber":27,"lineNumber":76},"value":{"valueKind":"abstract-primitive","value":"NUM_UINT"},"entryKind":"read-variable"}
{"function":{"valueKind":"abstract-object","value":{"objectKind":"other"}},"arguments":[{"valueKind":"abstract-primitive","value":"0"},{"valueKind":"abstract-primitive","value":"NUM_UINT"}],"sourceLocation":{"fileName":"test/10k/fractal_landscape.html","columnNumber":13,"lineNumber":76},"entryKind":"call","base":{"valueKind":"abstract-object","value":{"objectKind":"other"}}}
{"name":{"valueKind":"concrete-string","value":"j"},"sourceLocation":{"fileName":"test/10k/fractal_landscape.html","columnNumber":22,"lineNumber":79},"value":{"valueKind":"abstract-primitive","value":"0"},"entryKind":"write-variable"}
{"name":{"valueKind":"concrete-string","value":"j"},"sourceLocation":{"fileName":"test/10k/fractal_landscape.html","columnNumber":25,"lineNumber":79},"value":{"valueKind":"abstract-primitive","value":"0"},"entryKind":"read-variable"}
{"name":{"valueKind":"concrete-string","value":"theCoords"},"sourceLocation":{"fileName":"test/10k/fractal_landscape.html","columnNumber":29,"lineNumber":79},"value":{"valueKind":"abstract-object","value":{"objectKind":"allocation-site","allocationSite":{"fileName":"test/10k/fractal_landscape.html","columnNumber":29,"lineNumber":54}}},"entryKind":"read-variable"}
{"name":{"valueKind":"concrete-string","value":"length"},"sourceLocation":{"fileName":"test/10k/fractal_landscape.html","columnNumber":29,"lineNumber":79},"value":{"valueKind":"abstract-primitive","value":"NUM_UINT"},"entryKind":"read-property"}
{"name":{"valueKind":"concrete-string","value":"xsize"},"sourceLocation":{"fileName":"test/10k/fractal_landscape.html","columnNumber":27,"lineNumber":80},"value":{"valueKind":"abstract-primitive","value":"NUM_UINT"},"entryKind":"read-variable"}
{"name":{"valueKind":"concrete-string","value":"theCoords"},"sourceLocation":{"fileName":"test/10k/fractal_landscape.html","columnNumber":36,"lineNumber":80},"value":{"valueKind":"abstract-object","value":{"objectKind":"allocation-site","allocationSite":{"fileName":"test/10k/fractal_landscape.html","columnNumber":29,"lineNumber":54}}},"entryKind":"read-variable"}
{"name":{"valueKind":"concrete-string","value":"length"},"sourceLocation":{"fileName":"test/10k/fractal_landscape.html","columnNumber":36,"lineNumber":80},"value":{"valueKind":"abstract-primitive","value":"NUM_UINT"},"entryKind":"read-property"}
{"name":{"valueKind":"concrete-string","value":"xCoord"},"sourceLocation":{"fileName":"test/10k/fractal_landscape.html","columnNumber":27,"lineNumber":80},"value":{"valueKind":"abstract-primitive","value":"NUM_UINT"},"entryKind":"write-variable"}
{"name":{"valueKind":"concrete-string","value":"xCoord"},"sourceLocation":{"fileName":"test/10k/fractal_landscape.html","columnNumber":26,"lineNumber":81},"value":{"valueKind":"abstract-primitive","value":"NUM_UINT"},"entryKind":"read-variable"}
{"name":{"valueKind":"concrete-string","value":"j"},"sourceLocation":{"fileName":"test/10k/fractal_landscape.html","columnNumber":35,"lineNumber":81},"value":{"valueKind":"abstract-primitive","value":"0"},"entryKind":"read-variable"}
{"name":{"valueKind":"concrete-string","value":"xCoord"},"sourceLocation":{"fileName":"test/10k/fractal_landscape.html","columnNumber":26,"lineNumber":81},"value":{"valueKind":"abstract-primitive","value":"0"},"entryKind":"write-variable"}
{"name":{"valueKind":"concrete-string","value":"ysize"},"sourceLocation":{"fileName":"test/10k/fractal_landscape.html","columnNumber":26,"lineNumber":82},"value":{"valueKind":"abstract-primitive","value":"NUM_UINT"},"entryKind":"read-variable"}
{"name":{"valueKind":"concrete-string","value":"theCoords"},"sourceLocation":{"fileName":"test/10k/fractal_landscape.html","columnNumber":35,"lineNumber":82},"value":{"valueKind":"abstract-object","value":{"objectKind":"allocation-site","allocationSite":{"fileName":"test/10k/fractal_landscape.html","columnNumber":29,"lineNumber":54}}},"entryKind":"read-variable"}
{"name":{"valueKind":"concrete-string","value":"j"},"sourceLocation":{"fileName":"test/10k/fractal_landscape.html","columnNumber":45,"lineNumber":82},"value":{"valueKind":"abstract-primitive","value":"0"},"entryKind":"read-variable"}
{"name":{"valueKind":"abstract-primitive","value":"0"},"sourceLocation":{"fileName":"test/10k/fractal_landscape.html","columnNumber":35,"lineNumber":82},"value":{"valueKind":"abstract-primitive","value":"NUM_OTHER"},"entryKind":"read-property"}
{"name":{"valueKind":"concrete-string","value":"ysize"},"sourceLocation":{"fileName":"test/10k/fractal_landscape.html","columnNumber":50,"lineNumber":82},"value":{"valueKind":"abstract-primitive","value":"NUM_UINT"},"entryKind":"read-variable"}
{"name":{"valueKind":"concrete-string","value":"yCoord"},"sourceLocation":{"fileName":"test/10k/fractal_landscape.html","columnNumber":26,"lineNumber":82},"value":{"valueKind":"abstract-primitive","value":"NUM_UINT"},"entryKind":"write-variable"}
{"name":{"valueKind":"concrete-string","value":"ctx"},"sourceLocation":{"fileName":"test/10k/fractal_landscape.html","columnNumber":17,"lineNumber":83},"value":{"valueKind":"abstract-object","value":{"objectKind":"other"}},"entryKind":"read-variable"}
{"name":{"valueKind":"concrete-string","value":"lineTo"},"sourceLocation":{"fileName":"test/10k/fractal_landscape.html","columnNumber":17,"lineNumber":83},"value":{"valueKind":"abstract-object","value":{"objectKind":"other"}},"entryKind":"read-property"}
{"name":{"valueKind":"concrete-string","value":"xCoord"},"sourceLocation":{"fileName":"test/10k/fractal_landscape.html","columnNumber":28,"lineNumber":83},"value":{"valueKind":"abstract-primitive","value":"0"},"entryKind":"read-variable"}
{"name":{"valueKind":"concrete-string","value":"yCoord"},"sourceLocation":{"fileName":"test/10k/fractal_landscape.html","columnNumber":36,"lineNumber":83},"value":{"valueKind":"abstract-primitive","value":"NUM_UINT"},"entryKind":"read-variable"}
{"function":{"valueKind":"abstract-object","value":{"objectKind":"other"}},"arguments":[{"valueKind":"abstract-primitive","value":"0"},{"valueKind":"abstract-primitive","value":"NUM_UINT"}],"sourceLocation":{"fileName":"test/10k/fractal_landscape.html","columnNumber":17,"lineNumber":83},"entryKind":"call","base":{"valueKind":"abstract-object","value":{"objectKind":"other"}}}
{"name":{"valueKind":"concrete-string","value":"j"},"sourceLocation":{"fileName":"test/10k/fractal_landscape.html","columnNumber":47,"lineNumber":79},"value":{"valueKind":"abstract-primitive","value":"0"},"entryKind":"read-variable"}
{"name":{"valueKind":"concrete-string","value":"j"},"sourceLocation":{"fileName":"test/10k/fractal_landscape.html","columnNumber":25,"lineNumber":79},"value":{"valueKind":"abstract-primitive","value":"1"},"entryKind":"read-variable"}
{"name":{"valueKind":"concrete-string","value":"j"},"sourceLocation":{"fileName":"test/10k/fractal_landscape.html","columnNumber":35,"lineNumber":81},"value":{"valueKind":"abstract-primitive","value":"1"},"entryKind":"read-variable"}
{"name":{"valueKind":"concrete-string","value":"xCoord"},"sourceLocation":{"fileName":"test/10k/fractal_landscape.html","columnNumber":26,"lineNumber":81},"value":{"valueKind":"abstract-primitive","value":"NUM_UINT"},"entryKind":"write-variable"}
{"name":{"valueKind":"concrete-string","value":"j"},"sourceLocation":{"fileName":"test/10k/fractal_landscape.html","columnNumber":45,"lineNumber":82},"value":{"valueKind":"abstract-primitive","value":"1"},"entryKind":"read-variable"}
{"name":{"valueKind":"abstract-primitive","value":"1"},"sourceLocation":{"fileName":"test/10k/fractal_landscape.html","columnNumber":35,"lineNumber":82},"value":{"valueKind":"abstract-primitive","value":"NUM_OTHER"},"entryKind":"read-property"}
{"name":{"valueKind":"concrete-string","value":"yCoord"},"sourceLocation":{"fileName":"test/10k/fractal_landscape.html","columnNumber":26,"lineNumber":82},"value":{"valueKind":"abstract-primitive","value":"NUM_OTHER"},"entryKind":"write-variable"}
{"name":{"valueKind":"concrete-string","value":"xCoord"},"sourceLocation":{"fileName":"test/10k/fractal_landscape.html","columnNumber":28,"lineNumber":83},"value":{"valueKind":"abstract-primitive","value":"NUM_UINT"},"entryKind":"read-variable"}
{"name":{"valueKind":"concrete-string","value":"yCoord"},"sourceLocation":{"fileName":"test/10k/fractal_landscape.html","columnNumber":36,"lineNumber":83},"value":{"valueKind":"abstract-primitive","value":"NUM_OTHER"},"entryKind":"read-variable"}
{"function":{"valueKind":"abstract-object","value":{"objectKind":"other"}},"arguments":[{"valueKind":"abstract-primitive","value":"NUM_UINT"},{"valueKind":"abstract-primitive","value":"NUM_OTHER"}],"sourceLocation":{"fileName":"test/10k/fractal_landscape.html","columnNumber":17,"lineNumber":83},"entryKind":"call","base":{"valueKind":"abstract-object","value":{"objectKind":"other"}}}
{"name":{"valueKind":"concrete-string","value":"j"},"sourceLocation":{"fileName":"test/10k/fractal_landscape.html","columnNumber":47,"lineNumber":79},"value":{"valueKind":"abstract-primitive","value":"1"},"entryKind":"read-variable"}
{"name":{"valueKind":"concrete-string","value":"j"},"sourceLocation":{"fileName":"test/10k/fractal_landscape.html","columnNumber":25,"lineNumber":79},"value":{"valueKind":"abstract-primitive","value":"NUM_UINT"},"entryKind":"read-variable"}
{"name":{"valueKind":"concrete-string","value":"j"},"sourceLocation":{"fileName":"test/10k/fractal_landscape.html","columnNumber":35,"lineNumber":81},"value":{"valueKind":"abstract-primitive","value":"NUM_UINT"},"entryKind":"read-variable"}
{"name":{"valueKind":"concrete-string","value":"j"},"sourceLocation":{"fileName":"test/10k/fractal_landscape.html","columnNumber":45,"lineNumber":82},"value":{"valueKind":"abstract-primitive","value":"NUM_UINT"},"entryKind":"read-variable"}
{"name":{"valueKind":"abstract-primitive","value":"NUM_UINT"},"sourceLocation":{"fileName":"test/10k/fractal_landscape.html","columnNumber":35,"lineNumber":82},"value":{"valueKind":"abstract-primitive","value":"NUM_OTHER"},"entryKind":"read-property"}
{"function":{"valueKind":"abstract-object","value":{"objectKind":"other"}},"arguments":[{"valueKind":"abstract-primitive","value":"NUM_UINT"},{"valueKind":"abstract-primitive","value":"NUM_UINT"}],"sourceLocation":{"fileName":"test/10k/fractal_landscape.html","columnNumber":17,"lineNumber":83},"entryKind":"call","base":{"valueKind":"abstract-object","value":{"objectKind":"other"}}}
{"name":{"valueKind":"concrete-string","value":"j"},"sourceLocation":{"fileName":"test/10k/fractal_landscape.html","columnNumber":47,"lineNumber":79},"value":{"valueKind":"abstract-primitive","value":"NUM_UINT"},"entryKind":"read-variable"}
{"name":{"valueKind":"concrete-string","value":"ctx"},"sourceLocation":{"fileName":"test/10k/fractal_landscape.html","columnNumber":13,"lineNumber":85},"value":{"valueKind":"abstract-object","value":{"objectKind":"other"}},"entryKind":"read-variable"}
{"name":{"valueKind":"concrete-string","value":"lineTo"},"sourceLocation":{"fileName":"test/10k/fractal_landscape.html","columnNumber":13,"lineNumber":85},"value":{"valueKind":"abstract-object","value":{"objectKind":"other"}},"entryKind":"read-property"}
{"name":{"valueKind":"concrete-string","value":"xsize"},"sourceLocation":{"fileName":"test/10k/fractal_landscape.html","columnNumber":24,"lineNumber":85},"value":{"valueKind":"abstract-primitive","value":"NUM_UINT"},"entryKind":"read-variable"}
{"name":{"valueKind":"concrete-string","value":"ysize"},"sourceLocation":{"fileName":"test/10k/fractal_landscape.html","columnNumber":31,"lineNumber":85},"value":{"valueKind":"abstract-primitive","value":"NUM_UINT"},"entryKind":"read-variable"}
{"function":{"valueKind":"abstract-object","value":{"objectKind":"other"}},"arguments":[{"valueKind":"abstract-primitive","value":"NUM_UINT"},{"valueKind":"abstract-primitive","value":"NUM_UINT"}],"sourceLocation":{"fileName":"test/10k/fractal_landscape.html","columnNumber":13,"lineNumber":85},"entryKind":"call","base":{"valueKind":"abstract-object","value":{"objectKind":"other"}}}
{"name":{"valueKind":"concrete-string","value":"ctx"},"sourceLocation":{"fileName":"test/10k/fractal_landscape.html","columnNumber":13,"lineNumber":86},"value":{"valueKind":"abstract-object","value":{"objectKind":"other"}},"entryKind":"read-variable"}
{"name":{"valueKind":"concrete-string","value":"fill"},"sourceLocation":{"fileName":"test/10k/fractal_landscape.html","columnNumber":13,"lineNumber":86},"value":{"valueKind":"abstract-object","value":{"objectKind":"other"}},"entryKind":"read-property"}
{"function":{"valueKind":"abstract-object","value":{"objectKind":"other"}},"arguments":[],"sourceLocation":{"fileName":"test/10k/fractal_landscape.html","columnNumber":13,"lineNumber":86},"entryKind":"call","base":{"valueKind":"abstract-object","value":{"objectKind":"other"}}}
{"returnValue":{"valueKind":"abstract-primitive","value":"undefined"},"sourceLocation":{"fileName":"test/10k/fractal_landscape.html","columnNumber":9,"lineNumber":71},"entryKind":"function-exit"}
{"name":{"valueKind":"concrete-string","value":"IntervalCounter"},"sourceLocation":{"fileName":"test/10k/fractal_landscape.html","columnNumber":17,"lineNumber":42},"value":{"valueKind":"abstract-primitive","value":"0"},"entryKind":"read-variable"}
{"name":{"valueKind":"concrete-string","value":"IntervalCounter"},"sourceLocation":{"fileName":"test/10k/fractal_landscape.html","columnNumber":17,"lineNumber":42},"value":{"valueKind":"abstract-primitive","value":"1"},"entryKind":"write-variable"}
{"returnValue":{"valueKind":"abstract-primitive","value":"undefined"},"sourceLocation":{"fileName":"test/10k/fractal_landscape.html","columnNumber":9,"lineNumber":38},"entryKind":"function-exit"}
{"name":{"valueKind":"concrete-string","value":"IntervalCounter"},"sourceLocation":{"fileName":"test/10k/fractal_landscape.html","columnNumber":17,"lineNumber":39},"value":{"valueKind":"abstract-primitive","value":"1"},"entryKind":"read-variable"}
{"name":{"valueKind":"concrete-string","value":"theCoords"},"sourceLocation":{"fileName":"test/10k/fractal_landscape.html","columnNumber":40,"lineNumber":40},"value":{"valueKind":"abstract-object","value":{"objectKind":"allocation-site","allocationSite":{"fileName":"test/10k/fractal_landscape.html","columnNumber":29,"lineNumber":54}}},"entryKind":"read-variable"}
{"name":{"valueKind":"concrete-string","value":"displacement"},"sourceLocation":{"fileName":"test/10k/fractal_landscape.html","columnNumber":51,"lineNumber":40},"value":{"valueKind":"abstract-primitive","value":"NUM_OTHER"},"entryKind":"read-variable"}
{"function":{"valueKind":"abstract-object","value":{"objectKind":"allocation-site","allocationSite":{"fileName":"test/10k/fractal_landscape.html","columnNumber":9,"lineNumber":49}}},"arguments":[{"valueKind":"abstract-object","value":{"objectKind":"allocation-site","allocationSite":{"fileName":"test/10k/fractal_landscape.html","columnNumber":29,"lineNumber":54}}},{"valueKind":"abstract-primitive","value":"NUM_OTHER"}],"sourceLocation":{"fileName":"test/10k/fractal_landscape.html","columnNumber":29,"lineNumber":40},"entryKind":"call","base":{"valueKind":"abstract-object","value":{"objectKind":"builtin","canonicalName":"<the global object>"}}}
{"arguments":[{"valueKind":"abstract-object","value":{"objectKind":"allocation-site","allocationSite":{"fileName":"test/10k/fractal_landscape.html","columnNumber":29,"lineNumber":54}}},{"valueKind":"abstract-primitive","value":"NUM_OTHER"}],"sourceLocation":{"fileName":"test/10k/fractal_landscape.html","columnNumber":9,"lineNumber":49},"entryKind":"function-entry","base":{"valueKind":"abstract-object","value":{"objectKind":"builtin","canonicalName":"<the global object>"}}}
{"name":{"valueKind":"concrete-string","value":"theCoords"},"sourceLocation":{"fileName":"test/10k/fractal_landscape.html","columnNumber":17,"lineNumber":51},"value":{"valueKind":"abstract-object","value":{"objectKind":"allocation-site","allocationSite":{"fileName":"test/10k/fractal_landscape.html","columnNumber":29,"lineNumber":54}}},"entryKind":"read-variable"}
{"name":{"valueKind":"concrete-string","value":"theCoords"},"sourceLocation":{"fileName":"test/10k/fractal_landscape.html","columnNumber":29,"lineNumber":55},"value":{"valueKind":"abstract-object","value":{"objectKind":"allocation-site","allocationSite":{"fileName":"test/10k/fractal_landscape.html","columnNumber":29,"lineNumber":54}}},"entryKind":"read-variable"}
{"name":{"valueKind":"concrete-string","value":"theLength"},"sourceLocation":{"fileName":"test/10k/fractal_landscape.html","columnNumber":29,"lineNumber":55},"value":{"valueKind":"abstract-primitive","value":"NUM_UINT"},"entryKind":"write-variable"}
{"name":{"valueKind":"concrete-string","value":"theLength"},"sourceLocation":{"fileName":"test/10k/fractal_landscape.html","columnNumber":29,"lineNumber":57},"value":{"valueKind":"abstract-primitive","value":"NUM_UINT"},"entryKind":"read-variable"}
{"name":{"valueKind":"concrete-string","value":"theCoords"},"sourceLocation":{"fileName":"test/10k/fractal_landscape.html","columnNumber":39,"lineNumber":60},"value":{"valueKind":"abstract-object","value":{"objectKind":"allocation-site","allocationSite":{"fileName":"test/10k/fractal_landscape.html","columnNumber":29,"lineNumber":54}}},"entryKind":"read-variable"}
{"name":{"valueKind":"concrete-string","value":"theCoords"},"sourceLocation":{"fileName":"test/10k/fractal_landscape.html","columnNumber":58,"lineNumber":60},"value":{"valueKind":"abstract-object","value":{"objectKind":"allocation-site","allocationSite":{"fileName":"test/10k/fractal_landscape.html","columnNumber":29,"lineNumber":54}}},"entryKind":"read-variable"}
{"name":{"valueKind":"concrete-string","value":"displacedCoord"},"sourceLocation":{"fileName":"test/10k/fractal_landscape.html","columnNumber":38,"lineNumber":60},"value":{"valueKind":"abstract-primitive","value":"NUM_OTHER"},"entryKind":"write-variable"}
{"name":{"valueKind":"concrete-string","value":"theCoords"},"sourceLocation":{"fileName":"test/10k/fractal_landscape.html","columnNumber":33,"lineNumber":62},"value":{"valueKind":"abstract-object","value":{"objectKind":"allocation-site","allocationSite":{"fileName":"test/10k/fractal_landscape.html","columnNumber":29,"lineNumber":54}}},"entryKind":"read-variable"}
{"name":{"valueKind":"concrete-string","value":"displacedCoord"},"sourceLocation":{"fileName":"test/10k/fractal_landscape.html","columnNumber":48,"lineNumber":62},"value":{"valueKind":"abstract-primitive","value":"NUM_OTHER"},"entryKind":"read-variable"}
{"name":{"valueKind":"concrete-string","value":"theCoords"},"sourceLocation":{"fileName":"test/10k/fractal_landscape.html","columnNumber":32,"lineNumber":64},"value":{"valueKind":"abstract-object","value":{"objectKind":"allocation-site","allocationSite":{"fileName":"test/10k/fractal_landscape.html","columnNumber":29,"lineNumber":54}}},"entryKind":"read-variable"}
{"name":{"valueKind":"concrete-string","value":"i"},"sourceLocation":{"fileName":"test/10k/fractal_landscape.html","columnNumber":49,"lineNumber":60},"value":{"valueKind":"abstract-primitive","value":"1"},"entryKind":"read-variable"}
{"name":{"valueKind":"abstract-primitive","value":"NUM_UINT"},"sourceLocation":{"fileName":"test/10k/fractal_landscape.html","columnNumber":39,"lineNumber":60},"value":{"valueKind":"abstract-primitive","value":"NUM_OTHER"},"entryKind":"read-property"}
{"name":{"valueKind":"concrete-string","value":"i"},"sourceLocation":{"fileName":"test/10k/fractal_landscape.html","columnNumber":68,"lineNumber":60},"value":{"valueKind":"abstract-primitive","value":"1"},"entryKind":"read-variable"}
{"name":{"valueKind":"abstract-primitive","value":"1"},"sourceLocation":{"fileName":"test/10k/fractal_landscape.html","columnNumber":58,"lineNumber":60},"value":{"valueKind":"abstract-primitive","value":"NUM_OTHER"},"entryKind":"read-property"}
{"name":{"valueKind":"concrete-string","value":"i"},"sourceLocation":{"fileName":"test/10k/fractal_landscape.html","columnNumber":43,"lineNumber":62},"value":{"valueKind":"abstract-primitive","value":"1"},"entryKind":"read-variable"}
{"name":{"valueKind":"abstract-primitive","value":"1"},"sourceLocation":{"fileName":"test/10k/fractal_landscape.html","columnNumber":33,"lineNumber":62},"value":{"valueKind":"abstract-primitive","value":"NUM_OTHER"},"entryKind":"read-property"}
{"name":{"valueKind":"concrete-string","value":"i"},"sourceLocation":{"fileName":"test/10k/fractal_landscape.html","columnNumber":42,"lineNumber":64},"value":{"valueKind":"abstract-primitive","value":"1"},"entryKind":"read-variable"}
{"name":{"valueKind":"abstract-primitive","value":"1"},"sourceLocation":{"fileName":"test/10k/fractal_landscape.html","columnNumber":32,"lineNumber":64},"value":{"valueKind":"abstract-primitive","value":"NUM_OTHER"},"entryKind":"read-property"}
{"name":{"valueKind":"concrete-string","value":"i"},"sourceLocation":{"fileName":"test/10k/fractal_landscape.html","columnNumber":40,"lineNumber":57},"value":{"valueKind":"abstract-primitive","value":"1"},"entryKind":"read-variable"}
{"name":{"valueKind":"concrete-string","value":"i"},"sourceLocation":{"fileName":"test/10k/fractal_landscape.html","columnNumber":25,"lineNumber":57},"value":{"valueKind":"abstract-primitive","value":"NUM_UINT"},"entryKind":"read-variable"}
{"name":{"valueKind":"concrete-string","value":"theCoords"},"sourceLocation":{"fileName":"test/10k/fractal_landscape.html","columnNumber":28,"lineNumber":67},"value":{"valueKind":"abstract-object","value":{"objectKind":"allocation-site","allocationSite":{"fileName":"test/10k/fractal_landscape.html","columnNumber":29,"lineNumber":54}}},"entryKind":"read-variable"}
{"name":{"valueKind":"concrete-string","value":"theCoords"},"sourceLocation":{"fileName":"test/10k/fractal_landscape.html","columnNumber":38,"lineNumber":67},"value":{"valueKind":"abstract-object","value":{"objectKind":"allocation-site","allocationSite":{"fileName":"test/10k/fractal_landscape.html","columnNumber":29,"lineNumber":54}}},"entryKind":"read-variable"}
{"name":{"valueKind":"abstract-primitive","value":"NUM_UINT"},"sourceLocation":{"fileName":"test/10k/fractal_landscape.html","columnNumber":28,"lineNumber":67},"value":{"valueKind":"abstract-primitive","value":"NUM_OTHER"},"entryKind":"read-property"}
{"name":{"valueKind":"concrete-string","value":"IntervalCounter"},"sourceLocation":{"fileName":"test/10k/fractal_landscape.html","columnNumber":17,"lineNumber":42},"value":{"valueKind":"abstract-primitive","value":"1"},"entryKind":"read-variable"}
{"name":{"valueKind":"concrete-string","value":"IntervalCounter"},"sourceLocation":{"fileName":"test/10k/fractal_landscape.html","columnNumber":17,"lineNumber":42},"value":{"valueKind":"abstract-primitive","value":"NUM_UINT"},"entryKind":"write-variable"}
{"name":{"valueKind":"concrete-string","value":"IntervalCounter"},"sourceLocation":{"fileName":"test/10k/fractal_landscape.html","columnNumber":17,"lineNumber":39},"value":{"valueKind":"abstract-primitive","value":"NUM_UINT"},"entryKind":"read-variable"}
{"name":{"valueKind":"concrete-string","value":"i"},"sourceLocation":{"fileName":"test/10k/fractal_landscape.html","columnNumber":49,"lineNumber":60},"value":{"valueKind":"abstract-primitive","value":"NUM_UINT"},"entryKind":"read-variable"}
{"name":{"valueKind":"concrete-string","value":"i"},"sourceLocation":{"fileName":"test/10k/fractal_landscape.html","columnNumber":68,"lineNumber":60},"value":{"valueKind":"abstract-primitive","value":"NUM_UINT"},"entryKind":"read-variable"}
{"name":{"valueKind":"abstract-primitive","value":"NUM_UINT"},"sourceLocation":{"fileName":"test/10k/fractal_landscape.html","columnNumber":58,"lineNumber":60},"value":{"valueKind":"abstract-primitive","value":"NUM_OTHER"},"entryKind":"read-property"}
{"name":{"valueKind":"concrete-string","value":"i"},"sourceLocation":{"fileName":"test/10k/fractal_landscape.html","columnNumber":43,"lineNumber":62},"value":{"valueKind":"abstract-primitive","value":"NUM_UINT"},"entryKind":"read-variable"}
{"name":{"valueKind":"abstract-primitive","value":"NUM_UINT"},"sourceLocation":{"fileName":"test/10k/fractal_landscape.html","columnNumber":33,"lineNumber":62},"value":{"valueKind":"abstract-primitive","value":"NUM_OTHER"},"entryKind":"read-property"}
{"name":{"valueKind":"concrete-string","value":"i"},"sourceLocation":{"fileName":"test/10k/fractal_landscape.html","columnNumber":42,"lineNumber":64},"value":{"valueKind":"abstract-primitive","value":"NUM_UINT"},"entryKind":"read-variable"}
{"name":{"valueKind":"abstract-primitive","value":"NUM_UINT"},"sourceLocation":{"fileName":"test/10k/fractal_landscape.html","columnNumber":32,"lineNumber":64},"value":{"valueKind":"abstract-primitive","value":"NUM_OTHER"},"entryKind":"read-property"}
{"name":{"valueKind":"concrete-string","value":"i"},"sourceLocation":{"fileName":"test/10k/fractal_landscape.html","columnNumber":40,"lineNumber":57},"value":{"valueKind":"abstract-primitive","value":"NUM_UINT"},"entryKind":"read-variable"}
{"name":{"valueKind":"concrete-string","value":"IntervalCounter"},"sourceLocation":{"fileName":"test/10k/fractal_landscape.html","columnNumber":17,"lineNumber":42},"value":{"valueKind":"abstract-primitive","value":"NUM_UINT"},"entryKind":"read-variable"}
{"name":{"valueKind":"concrete-string","value":"xCoord"},"sourceLocation":{"fileName":"test/10k/fractal_landscape.html","columnNumber":27,"lineNumber":80},"value":{"valueKind":"abstract-primitive","value":"NUM_OTHER"},"entryKind":"write-variable"}
{"name":{"valueKind":"concrete-string","value":"xCoord"},"sourceLocation":{"fileName":"test/10k/fractal_landscape.html","columnNumber":26,"lineNumber":81},"value":{"valueKind":"abstract-primitive","value":"NUM_OTHER"},"entryKind":"read-variable"}
{"name":{"valueKind":"concrete-string","value":"xCoord"},"sourceLocation":{"fileName":"test/10k/fractal_landscape.html","columnNumber":26,"lineNumber":81},"value":{"valueKind":"abstract-primitive","value":"NUM_OTHER"},"entryKind":"write-variable"}
{"name":{"valueKind":"concrete-string","value":"xCoord"},"sourceLocation":{"fileName":"test/10k/fractal_landscape.html","columnNumber":28,"lineNumber":83},"value":{"valueKind":"abstract-primitive","value":"NUM_OTHER"},"entryKind":"read-variable"}
{"function":{"valueKind":"abstract-object","value":{"objectKind":"other"}},"arguments":[{"valueKind":"abstract-primitive","value":"NUM_OTHER"},{"valueKind":"abstract-primitive","value":"NUM_OTHER"}],"sourceLocation":{"fileName":"test/10k/fractal_landscape.html","columnNumber":17,"lineNumber":83},"entryKind":"call","base":{"valueKind":"abstract-object","value":{"objectKind":"other"}}}
{"name":{"valueKind":"concrete-string","value":"clearInterval"},"sourceLocation":{"fileName":"test/10k/fractal_landscape.html","columnNumber":17,"lineNumber":45},"value":{"valueKind":"abstract-object","value":{"objectKind":"other"}},"entryKind":"read-variable"}
{"name":{"valueKind":"concrete-string","value":"animInterval"},"sourceLocation":{"fileName":"test/10k/fractal_landscape.html","columnNumber":31,"lineNumber":45},"value":{"valueKind":"abstract-primitive","value":"1"},"entryKind":"read-variable"}
{"function":{"valueKind":"abstract-object","value":{"objectKind":"other"}},"arguments":[{"valueKind":"abstract-primitive","value":"1"}],"sourceLocation":{"fileName":"test/10k/fractal_landscape.html","columnNumber":17,"lineNumber":45},"entryKind":"call","base":{"valueKind":"abstract-object","value":{"objectKind":"builtin","canonicalName":"<the global object>"}}}
{"name":{"valueKind":"concrete-string","value":"animInterval"},"sourceLocation":{"fileName":"test/10k/fractal_landscape.html","columnNumber":28,"lineNumber":35},"value":{"valueKind":"abstract-primitive","value":"NUM_UINT"},"entryKind":"write-variable"}
{"name":{"valueKind":"concrete-string","value":"animInterval"},"sourceLocation":{"fileName":"test/10k/fractal_landscape.html","columnNumber":31,"lineNumber":45},"value":{"valueKind":"abstract-primitive","value":"NUM_UINT"},"entryKind":"read-variable"}
{"function":{"valueKind":"abstract-object","value":{"objectKind":"other"}},"arguments":[{"valueKind":"abstract-primitive","value":"NUM_UINT"}],"sourceLocation":{"fileName":"test/10k/fractal_landscape.html","columnNumber":17,"lineNumber":45},"entryKind":"call","base":{"valueKind":"abstract-object","value":{"objectKind":"builtin","canonicalName":"<the global object>"}}}
{"name":{"valueKind":"concrete-string","value":"selectedIndex"},"sourceLocation":{"fileName":"test/10k/fractal_landscape.html","columnNumber":28,"lineNumber":15},"value":{"valueKind":"abstract-primitive","value":"0"},"entryKind":"read-property"}
{"name":{"valueKind":"concrete-string","value":"mountain"},"sourceLocation":{"fileName":"test/10k/fractal_landscape.html","columnNumber":28,"lineNumber":15},"value":{"valueKind":"abstract-primitive","value":"0"},"entryKind":"write-variable"}
{"name":{"valueKind":"concrete-string","value":"mountain"},"sourceLocation":{"fileName":"test/10k/fractal_landscape.html","columnNumber":17,"lineNumber":16},"value":{"valueKind":"abstract-primitive","value":"0"},"entryKind":"read-variable"}
{"name":{"valueKind":"concrete-string","value":"displacement"},"sourceLocation":{"fileName":"test/10k/fractal_landscape.html","columnNumber":32,"lineNumber":20},"value":{"valueKind":"abstract-primitive","value":"NUM_OTHER"},"entryKind":"write-variable"}
