{"name":{"valueKind":"concrete-string","value":"GRAV_CONSTANT"},"sourceLocation":{"fileName":"test/10k/gravity.html","columnNumber":17,"lineNumber":31},"value":{"valueKind":"abstract-primitive","value":"NUM_UINT"},"entryKind":"write-variable"}
{"name":{"valueKind":"concrete-string","value":"window"},"sourceLocation":{"fileName":"test/10k/gravity.html","columnNumber":1,"lineNumber":33},"value":{"valueKind":"abstract-object","value":{"objectKind":"builtin","canonicalName":"<the global object>"}},"entryKind":"read-variable"}
{"name":{"valueKind":"concrete-string","value":"onload"},"sourceLocation":{"fileName":"test/10k/gravity.html","columnNumber":1,"lineNumber":33},"value":{"valueKind":"abstract-object","value":{"objectKind":"allocation-site","allocationSite":{"fileName":"test/10k/gravity.html","columnNumber":17,"lineNumber":33}}},"entryKind":"write-property"}
{"arguments":[{"valueKind":"abstract-object","value":{"objectKind":"other"}}],"sourceLocation":{"fileName":"test/10k/gravity.html","columnNumber":17,"lineNumber":33},"entryKind":"function-entry","base":{"valueKind":"abstract-object","value":{"objectKind":"builtin","canonicalName":"<the global object>"}}}
{"name":{"valueKind":"concrete-string","value":"document"},"sourceLocation":{"fileName":"test/10k/gravity.html","columnNumber":14,"lineNumber":34},"value":{"valueKind":"abstract-object","value":{"objectKind":"other"}},"entryKind":"read-variable"}
{"name":{"valueKind":"concrete-string","value":"getElementById"},"sourceLocation":{"fileName":"test/10k/gravity.html","columnNumber":14,"lineNumber":34},"value":{"valueKind":"abstract-object","value":{"objectKind":"other"}},"entryKind":"read-property"}
{"function":{"valueKind":"abstract-object","value":{"objectKind":"other"}},"arguments":[{"valueKind":"abstract-primitive","value":"STR_IDENTIFIER"}],"sourceLocation":{"fileName":"test/10k/gravity.html","columnNumber":14,"lineNumber":34},"entryKind":"call","base":{"valueKind":"abstract-object","value":{"objectKind":"other"}}}
{"name":{"valueKind":"concrete-string","value":"canvas"},"sourceLocation":{"fileName":"test/10k/gravity.html","columnNumber":14,"lineNumber":34},"value":{"valueKind":"abstract-object","value":{"objectKind":"other"}},"entryKind":"write-variable"}
{"name":{"valueKind":"concrete-string","value":"canvas"},"sourceLocation":{"fileName":"test/10k/gravity.html","columnNumber":5,"lineNumber":35},"value":{"valueKind":"abstract-object","value":{"objectKind":"other"}},"entryKind":"read-variable"}
{"name":{"valueKind":"concrete-string","value":"innerWidth"},"sourceLocation":{"fileName":"test/10k/gravity.html","columnNumber":20,"lineNumber":35},"value":{"valueKind":"abstract-primitive","value":"NUM_UINT"},"entryKind":"read-variable"}
{"name":{"valueKind":"concrete-string","value":"width"},"sourceLocation":{"fileName":"test/10k/gravity.html","columnNumber":5,"lineNumber":35},"value":{"valueKind":"abstract-primitive","value":"NUM_UINT"},"entryKind":"write-property"}
{"name":{"valueKind":"concrete-string","value":"canvas"},"sourceLocation":{"fileName":"test/10k/gravity.html","columnNumber":5,"lineNumber":36},"value":{"valueKind":"abstract-object","value":{"objectKind":"other"}},"entryKind":"read-variable"}
{"name":{"valueKind":"concrete-string","value":"innerHeight"},"sourceLocation":{"fileName":"test/10k/gravity.html","columnNumber":21,"lineNumber":36},"value":{"valueKind":"abstract-primitive","value":"NUM_UINT"},"entryKind":"read-variable"}
{"name":{"valueKind":"concrete-string","value":"height"},"sourceLocation":{"fileName":"test/10k/gravity.html","columnNumber":5,"lineNumber":36},"value":{"valueKind":"abstract-primitive","value":"NUM_UINT"},"entryKind":"write-property"}
{"name":{"valueKind":"concrete-string","value":"canvas"},"sourceLocation":{"fileName":"test/10k/gravity.html","columnNumber":11,"lineNumber":37},"value":{"valueKind":"abstract-object","value":{"objectKind":"other"}},"entryKind":"read-variable"}
{"name":{"valueKind":"concrete-string","value":"getContext"},"sourceLocation":{"fileName":"test/10k/gravity.html","columnNumber":11,"lineNumber":37},"value":{"valueKind":"abstract-object","value":{"objectKind":"other"}},"entryKind":"read-property"}
{"function":{"valueKind":"abstract-object","value":{"objectKind":"other"}},"arguments":[{"valueKind":"abstract-primitive","value":"STR_IDENTIFIERPARTS"}],"sourceLocation":{"fileName":"test/10k/gravity.html","columnNumber":11,"lineNumber":37},"entryKind":"call","base":{"valueKind":"abstract-object","value":{"objectKind":"other"}}}
{"name":{"valueKind":"concrete-string","value":"ctx"},"sourceLocation":{"fileName":"test/10k/gravity.html","columnNumber":11,"lineNumber":37},"value":{"valueKind":"abstract-object","value":{"objectKind":"other"}},"entryKind":"write-variable"}
{"name":{"valueKind":"concrete-string","value":"ctx"},"sourceLocation":{"fileName":"test/10k/gravity.html","columnNumber":5,"lineNumber":38},"value":{"valueKind":"abstract-object","value":{"objectKind":"other"}},"entryKind":"read-variable"}
{"name":{"valueKind":"concrete-string","value":"lineCap"},"sourceLocation":{"fileName":"test/10k/gravity.html","columnNumber":5,"lineNumber":38},"value":{"valueKind":"abstract-primitive","value":"STR_IDENTIFIER"},"entryKind":"write-property"}
{"name":{"valueKind":"concrete-string","value":"itercount"},"sourceLocation":{"fileName":"test/10k/gravity.html","columnNumber":17,"lineNumber":39},"value":{"valueKind":"abstract-primitive","value":"0"},"entryKind":"write-variable"}
{"name":{"valueKind":"concrete-string","value":"lastframe"},"sourceLocation":{"fileName":"test/10k/gravity.html","columnNumber":17,"lineNumber":41},"value":{"valueKind":"abstract-primitive","value":"0"},"entryKind":"write-variable"}
{"name":{"valueKind":"concrete-string","value":"starttime"},"sourceLocation":{"fileName":"test/10k/gravity.html","columnNumber":17,"lineNumber":51},"value":{"valueKind":"abstract-primitive","value":"0"},"entryKind":"write-variable"}
{"name":{"valueKind":"concrete-string","value":"innerWidth"},"sourceLocation":{"fileName":"test/10k/gravity.html","columnNumber":16,"lineNumber":52},"value":{"valueKind":"abstract-primitive","value":"NUM_UINT"},"entryKind":"read-variable"}
{"name":{"valueKind":"concrete-string","value":"innerHeight"},"sourceLocation":{"fileName":"test/10k/gravity.html","columnNumber":32,"lineNumber":52},"value":{"valueKind":"abstract-primitive","value":"NUM_UINT"},"entryKind":"read-variable"}
{"name":{"valueKind":"concrete-string","value":"pos"},"sourceLocation":{"fileName":"test/10k/gravity.html","columnNumber":15,"lineNumber":52},"value":{"valueKind":"abstract-object","value":{"objectKind":"allocation-site","allocationSite":{"fileName":"test/10k/gravity.html","columnNumber":15,"lineNumber":52}}},"entryKind":"write-variable"}
{"name":{"valueKind":"concrete-string","value":"recent_pos"},"sourceLocation":{"fileName":"test/10k/gravity.html","columnNumber":22,"lineNumber":54},"value":{"valueKind":"abstract-object","value":{"objectKind":"allocation-site","allocationSite":{"fileName":"test/10k/gravity.html","columnNumber":22,"lineNumber":54}}},"entryKind":"write-variable"}
{"name":{"valueKind":"concrete-string","value":"planets"},"sourceLocation":{"fileName":"test/10k/gravity.html","columnNumber":19,"lineNumber":56},"value":{"valueKind":"abstract-object","value":{"objectKind":"allocation-site","allocationSite":{"fileName":"test/10k/gravity.html","columnNumber":19,"lineNumber":56}}},"entryKind":"write-variable"}
{"name":{"valueKind":"concrete-string","value":"i"},"sourceLocation":{"fileName":"test/10k/gravity.html","columnNumber":18,"lineNumber":57},"value":{"valueKind":"abstract-primitive","value":"0"},"entryKind":"write-variable"}
{"name":{"valueKind":"concrete-string","value":"i"},"sourceLocation":{"fileName":"test/10k/gravity.html","columnNumber":21,"lineNumber":57},"value":{"valueKind":"abstract-primitive","value":"0"},"entryKind":"read-variable"}
{"name":{"valueKind":"concrete-string","value":"innerWidth"},"sourceLocation":{"fileName":"test/10k/gravity.html","columnNumber":25,"lineNumber":57},"value":{"valueKind":"abstract-primitive","value":"NUM_UINT"},"entryKind":"read-variable"}
{"name":{"valueKind":"concrete-string","value":"innerHeight"},"sourceLocation":{"fileName":"test/10k/gravity.html","columnNumber":38,"lineNumber":57},"value":{"valueKind":"abstract-primitive","value":"NUM_UINT"},"entryKind":"read-variable"}
{"name":{"valueKind":"concrete-string","value":"planets"},"sourceLocation":{"fileName":"test/10k/gravity.html","columnNumber":9,"lineNumber":58},"value":{"valueKind":"abstract-object","value":{"objectKind":"allocation-site","allocationSite":{"fileName":"test/10k/gravity.html","columnNumber":19,"lineNumber":56}}},"entryKind":"read-variable"}
{"name":{"valueKind":"concrete-string","value":"push"},"sourceLocation":{"fileName":"test/10k/gravity.html","columnNumber":9,"lineNumber":58},"value":{"valueKind":"abstract-object","value":{"objectKind":"builtin","canonicalName":"Array.prototype.push"}},"entryKind":"read-property"}
{"name":{"valueKind":"concrete-string","value":"Math"},"sourceLocation":{"fileName":"test/10k/gravity.html","columnNumber":23,"lineNumber":58},"value":{"valueKind":"abstract-object","value":{"objectKind":"builtin","canonicalName":"Math"}},"entryKind":"read-variable"}
{"name":{"valueKind":"concrete-string","value":"random"},"sourceLocation":{"fileName":"test/10k/gravity.html","columnNumber":23,"lineNumber":58},"value":{"valueKind":"abstract-object","value":{"objectKind":"builtin","canonicalName":"Math.random"}},"entryKind":"read-property"}
{"function":{"valueKind":"abstract-object","value":{"objectKind":"builtin","canonicalName":"Math.random"}},"arguments":[],"sourceLocation":{"fileName":"test/10k/gravity.html","columnNumber":23,"lineNumber":58},"entryKind":"call","base":{"valueKind":"abstract-object","value":{"objectKind":"builtin","canonicalName":"Math"}}}
{"name":{"valueKind":"concrete-string","value":"innerWidth"},"sourceLocation":{"fileName":"test/10k/gravity.html","columnNumber":39,"lineNumber":58},"value":{"valueKind":"abstract-primitive","value":"NUM_UINT"},"entryKind":"read-variable"}
{"name":{"valueKind":"concrete-string","value":"Math"},"sourceLocation":{"fileName":"test/10k/gravity.html","columnNumber":50,"lineNumber":58},"value":{"valueKind":"abstract-object","value":{"objectKind":"builtin","canonicalName":"Math"}},"entryKind":"read-variable"}
{"name":{"valueKind":"concrete-string","value":"random"},"sourceLocation":{"fileName":"test/10k/gravity.html","columnNumber":50,"lineNumber":58},"value":{"valueKind":"abstract-object","value":{"objectKind":"builtin","canonicalName":"Math.random"}},"entryKind":"read-property"}
{"function":{"valueKind":"abstract-object","value":{"objectKind":"builtin","canonicalName":"Math.random"}},"arguments":[],"sourceLocation":{"fileName":"test/10k/gravity.html","columnNumber":50,"lineNumber":58},"entryKind":"call","base":{"valueKind":"abstract-object","value":{"objectKind":"builtin","canonicalName":"Math"}}}
{"name":{"valueKind":"concrete-string","value":"innerHeight"},"sourceLocation":{"fileName":"test/10k/gravity.html","columnNumber":66,"lineNumber":58},"value":{"valueKind":"abstract-primitive","value":"NUM_UINT"},"entryKind":"read-variable"}
{"name":{"valueKind":"concrete-string","value":"Math"},"sourceLocation":{"fileName":"test/10k/gravity.html","columnNumber":83,"lineNumber":58},"value":{"valueKind":"abstract-object","value":{"objectKind":"builtin","canonicalName":"Math"}},"entryKind":"read-variable"}
{"name":{"valueKind":"concrete-string","value":"random"},"sourceLocation":{"fileName":"test/10k/gravity.html","columnNumber":83,"lineNumber":58},"value":{"valueKind":"abstract-object","value":{"objectKind":"builtin","canonicalName":"Math.random"}},"entryKind":"read-property"}
{"function":{"valueKind":"abstract-object","value":{"objectKind":"builtin","canonicalName":"Math.random"}},"arguments":[],"sourceLocation":{"fileName":"test/10k/gravity.html","columnNumber":83,"lineNumber":58},"entryKind":"call","base":{"valueKind":"abstract-object","value":{"objectKind":"builtin","canonicalName":"Math"}}}
{"function":{"valueKind":"abstract-object","value":{"objectKind":"builtin","canonicalName":"Array.prototype.push"}},"arguments":[{"valueKind":"abstract-object","value":{"objectKind":"allocation-site","allocationSite":{"fileName":"test/10k/gravity.html","columnNumber":22,"lineNumber":58}}}],"sourceLocation":{"fileName":"test/10k/gravity.html","columnNumber":9,"lineNumber":58},"entryKind":"call","base":{"valueKind":"abstract-object","value":{"objectKind":"allocation-site","allocationSite":{"fileName":"test/10k/gravity.html","columnNumber":19,"lineNumber":56}}}}
{"name":{"valueKind":"concrete-string","value":"i"},"sourceLocation":{"fileName":"test/10k/gravity.html","columnNumber":60,"lineNumber":57},"value":{"valueKind":"abstract-primitive","value":"0"},"entryKind":"read-variable"}
{"name":{"valueKind":"concrete-string","value":"i"},"sourceLocation":{"fileName":"test/10k/gravity.html","columnNumber":21,"lineNumber":57},"value":{"valueKind":"abstract-primitive","value":"1"},"entryKind":"read-variable"}
{"name":{"valueKind":"concrete-string","value":"i"},"sourceLocation":{"fileName":"test/10k/gravity.html","columnNumber":60,"lineNumber":57},"value":{"valueKind":"abstract-primitive","value":"1"},"entryKind":"read-variable"}
{"name":{"valueKind":"concrete-string","value":"i"},"sourceLocation":{"fileName":"test/10k/gravity.html","columnNumber":21,"lineNumber":57},"value":{"valueKind":"abstract-primitive","value":"NUM_UINT"},"entryKind":"read-variable"}
{"name":{"valueKind":"concrete-string","value":"i"},"sourceLocation":{"fileName":"test/10k/gravity.html","columnNumber":60,"lineNumber":57},"value":{"valueKind":"abstract-primitive","value":"NUM_UINT"},"entryKind":"read-variable"}
{"name":{"valueKind":"concrete-string","value":"gvectors"},"sourceLocation":{"fileName":"test/10k/gravity.html","columnNumber":20,"lineNumber":60},"value":{"valueKind":"abstract-object","value":{"objectKind":"allocation-site","allocationSite":{"fileName":"test/10k/gravity.html","columnNumber":20,"lineNumber":60}}},"entryKind":"write-variable"}
{"name":{"valueKind":"concrete-string","value":"i"},"sourceLocation":{"fileName":"test/10k/gravity.html","columnNumber":18,"lineNumber":61},"value":{"valueKind":"abstract-primitive","value":"0"},"entryKind":"write-variable"}
{"name":{"valueKind":"concrete-string","value":"i"},"sourceLocation":{"fileName":"test/10k/gravity.html","columnNumber":21,"lineNumber":61},"value":{"valueKind":"abstract-primitive","value":"0"},"entryKind":"read-variable"}
{"name":{"valueKind":"concrete-string","value":"planets"},"sourceLocation":{"fileName":"test/10k/gravity.html","columnNumber":25,"lineNumber":61},"value":{"valueKind":"abstract-object","value":{"objectKind":"allocation-site","allocationSite":{"fileName":"test/10k/gravity.html","columnNumber":19,"lineNumber":56}}},"entryKind":"read-variable"}
{"name":{"valueKind":"concrete-string","value":"length"},"sourceLocation":{"fileName":"test/10k/gravity.html","columnNumber":25,"lineNumber":61},"value":{"valueKind":"abstract-primitive","value":"NUM_UINT"},"entryKind":"read-property"}
{"name":{"valueKind":"concrete-string","value":"gvectors"},"sourceLocation":{"fileName":"test/10k/gravity.html","columnNumber":9,"lineNumber":62},"value":{"valueKind":"abstract-object","value":{"objectKind":"allocation-site","allocationSite":{"fileName":"test/10k/gravity.html","columnNumber":20,"lineNumber":60}}},"entryKind":"read-variable"}
{"name":{"valueKind":"concrete-string","value":"i"},"sourceLocation":{"fileName":"test/10k/gravity.html","columnNumber":18,"lineNumber":62},"value":{"valueKind":"abstract-primitive","value":"0"},"entryKind":"read-variable"}
{"name":{"valueKind":"concrete-string","value":"gvect"},"sourceLocation":{"fileName":"test/10k/gravity.html","columnNumber":23,"lineNumber":62},"value":{"valueKind":"abstract-object","value":{"objectKind":"allocation-site","allocationSite":{"fileName":"test/10k/gravity.html","columnNumber":5,"lineNumber":122}}},"entryKind":"read-variable"}
{"name":{"valueKind":"concrete-string","value":"pos"},"sourceLocation":{"fileName":"test/10k/gravity.html","columnNumber":29,"lineNumber":62},"value":{"valueKind":"abstract-object","value":{"objectKind":"allocation-site","allocationSite":{"fileName":"test/10k/gravity.html","columnNumber":15,"lineNumber":52}}},"entryKind":"read-variable"}
{"name":{"valueKind":"abstract-primitive","value":"0"},"sourceLocation":{"fileName":"test/10k/gravity.html","columnNumber":29,"lineNumber":62},"value":{"valueKind":"abstract-primitive","value":"NUM_UINT"},"entryKind":"read-property"}
{"name":{"valueKind":"concrete-string","value":"pos"},"sourceLocation":{"fileName":"test/10k/gravity.html","columnNumber":37,"lineNumber":62},"value":{"valueKind":"abstract-object","value":{"objectKind":"allocation-site","allocationSite":{"fileName":"test/10k/gravity.html","columnNumber":15,"lineNumber":52}}},"entryKind":"read-variable"}
{"name":{"valueKind":"abstract-primitive","value":"1"},"sourceLocation":{"fileName":"test/10k/gravity.html","columnNumber":37,"lineNumber":62},"value":{"valueKind":"abstract-primitive","value":"NUM_OTHER"},"entryKind":"read-property"}
{"name":{"valueKind":"concrete-string","value":"planets"},"sourceLocation":{"fileName":"test/10k/gravity.html","columnNumber":45,"lineNumber":62},"value":{"valueKind":"abstract-object","value":{"objectKind":"allocation-site","allocationSite":{"fileName":"test/10k/gravity.html","columnNumber":19,"lineNumber":56}}},"entryKind":"read-variable"}
{"name":{"valueKind":"concrete-string","value":"i"},"sourceLocation":{"fileName":"test/10k/gravity.html","columnNumber":53,"lineNumber":62},"value":{"valueKind":"abstract-primitive","value":"0"},"entryKind":"read-variable"}
{"name":{"valueKind":"abstract-primitive","value":"0"},"sourceLocation":{"fileName":"test/10k/gravity.html","columnNumber":45,"lineNumber":62},"value":{"valueKind":"abstract-object","value":{"objectKind":"allocation-site","allocationSite":{"fileName":"test/10k/gravity.html","columnNumber":22,"lineNumber":58}}},"entryKind":"read-property"}
{"name":{"valueKind":"abstract-primitive","value":"0"},"sourceLocation":{"fileName":"test/10k/gravity.html","columnNumber":45,"lineNumber":62},"value":{"valueKind":"abstract-primitive","value":"NUM_OTHER"},"entryKind":"read-property"}
{"name":{"valueKind":"concrete-string","value":"planets"},"sourceLocation":{"fileName":"test/10k/gravity.html","columnNumber":60,"lineNumber":62},"value":{"valueKind":"abstract-object","value":{"objectKind":"allocation-site","allocationSite":{"fileName":"test/10k/gravity.html","columnNumber":19,"lineNumber":56}}},"entryKind":"read-variable"}
{"name":{"valueKind":"concrete-string","value":"i"},"sourceLocation":{"fileName":"test/10k/gravity.html","columnNumber":68,"lineNumber":62},"value":{"valueKind":"abstract-primitive","value":"0"},"entryKind":"read-variable"}
{"name":{"valueKind":"abstract-primitive","value":"0"},"sourceLocation":{"fileName":"test/10k/gravity.html","columnNumber":60,"lineNumber":62},"value":{"valueKind":"abstract-object","value":{"objectKind":"allocation-site","allocationSite":{"fileName":"test/10k/gravity.html","columnNumber":22,"lineNumber":58}}},"entryKind":"read-property"}
{"name":{"valueKind":"abstract-primitive","value":"1"},"sourceLocation":{"fileName":"test/10k/gravity.html","columnNumber":60,"lineNumber":62},"value":{"valueKind":"abstract-primitive","value":"NUM_OTHER"},"entryKind":"read-property"}
{"name":{"valueKind":"concrete-string","value":"planets"},"sourceLocation":{"fileName":"test/10k/gravity.html","columnNumber":75,"lineNumber":62},"value":{"valueKind":"abstract-object","value":{"objectKind":"allocation-site","allocationSite":{"fileName":"test/10k/gravity.html","columnNumber":19,"lineNumber":56}}},"entryKind":"read-variable"}
{"name":{"valueKind":"concrete-string","value":"i"},"sourceLocation":{"fileName":"test/10k/gravity.html","columnNumber":83,"lineNumber":62},"value":{"valueKind":"abstract-primitive","value":"0"},"entryKind":"read-variable"}
{"name":{"valueKind":"abstract-primitive","value":"0"},"sourceLocation":{"fileName":"test/10k/gravity.html","columnNumber":75,"lineNumber":62},"value":{"valueKind":"abstract-object","value":{"objectKind":"allocation-site","allocationSite":{"fileName":"test/10k/gravity.html","columnNumber":22,"lineNumber":58}}},"entryKind":"read-property"}
{"name":{"valueKind":"abstract-primitive","value":"NUM_UINT"},"sourceLocation":{"fileName":"test/10k/gravity.html","columnNumber":75,"lineNumber":62},"value":{"valueKind":"abstract-primitive","value":"NUM_OTHER"},"entryKind":"read-property"}
{"name":{"valueKind":"concrete-string","value":"GRAV_CONSTANT"},"sourceLocation":{"fileName":"test/10k/gravity.html","columnNumber":91,"lineNumber":62},"value":{"valueKind":"abstract-primitive","value":"NUM_UINT"},"entryKind":"read-variable"}
{"function":{"valueKind":"abstract-object","value":{"objectKind":"allocation-site","allocationSite":{"fileName":"test/10k/gravity.html","columnNumber":5,"lineNumber":122}}},"arguments":[{"valueKind":"abstract-primitive","value":"NUM_UINT"},{"valueKind":"abstract-primitive","value":"NUM_OTHER"},{"valueKind":"abstract-primitive","value":"NUM_OTHER"},{"valueKind":"abstract-primitive","value":"NUM_OTHER"},{"valueKind":"abstract-primitive","value":"NUM_OTHER"}],"sourceLocation":{"fileName":"test/10k/gravity.html","columnNumber":23,"lineNumber":62},"entryKind":"call","base":{"valueKind":"abstract-object","value":{"objectKind":"builtin","canonicalName":"<the global object>"}}}
{"arguments":[{"valueKind":"abstract-primitive","value":"NUM_UINT"},{"valueKind":"abstract-primitive","value":"NUM_OTHER"},{"valueKind":"abstract-primitive","value":"NUM_OTHER"},{"valueKind":"abstract-primitive","value":"NUM_OTHER"},{"valueKind":"abstract-primitive","value":"NUM_OTHER"}],"sourceLocation":{"fileName":"test/10k/gravity.html","columnNumber":5,"lineNumber":122},"entryKind":"function-entry","base":{"valueKind":"abstract-object","value":{"objectKind":"builtin","canonicalName":"<the global object>"}}}
{"name":{"valueKind":"concrete-string","value":"px"},"sourceLocation":{"fileName":"test/10k/gravity.html","columnNumber":18,"lineNumber":123},"value":{"valueKind":"abstract-primitive","value":"NUM_OTHER"},"entryKind":"read-variable"}
{"name":{"valueKind":"concrete-string","value":"x"},"sourceLocation":{"fileName":"test/10k/gravity.html","columnNumber":23,"lineNumber":123},"value":{"valueKind":"abstract-primitive","value":"NUM_UINT"},"entryKind":"read-variable"}
{"name":{"valueKind":"concrete-string","value":"dx"},"sourceLocation":{"fileName":"test/10k/gravity.html","columnNumber":18,"lineNumber":123},"value":{"valueKind":"abstract-primitive","value":"NUM_OTHER"},"entryKind":"write-variable"}
{"name":{"valueKind":"concrete-string","value":"py"},"sourceLocation":{"fileName":"test/10k/gravity.html","columnNumber":31,"lineNumber":123},"value":{"valueKind":"abstract-primitive","value":"NUM_OTHER"},"entryKind":"read-variable"}
{"name":{"valueKind":"concrete-string","value":"y"},"sourceLocation":{"fileName":"test/10k/gravity.html","columnNumber":36,"lineNumber":123},"value":{"valueKind":"abstract-primitive","value":"NUM_OTHER"},"entryKind":"read-variable"}
{"name":{"valueKind":"concrete-string","value":"dy"},"sourceLocation":{"fileName":"test/10k/gravity.html","columnNumber":31,"lineNumber":123},"value":{"valueKind":"abstract-primitive","value":"NUM_OTHER"},"entryKind":"write-variable"}
{"name":{"valueKind":"concrete-string","value":"dx"},"sourceLocation":{"fileName":"test/10k/gravity.html","columnNumber":19,"lineNumber":124},"value":{"valueKind":"abstract-primitive","value":"NUM_OTHER"},"entryKind":"read-variable"}
{"name":{"valueKind":"concrete-string","value":"dx"},"sourceLocation":{"fileName":"test/10k/gravity.html","columnNumber":24,"lineNumber":124},"value":{"valueKind":"abstract-primitive","value":"NUM_OTHER"},"entryKind":"read-variable"}
{"name":{"valueKind":"concrete-string","value":"dy"},"sourceLocation":{"fileName":"test/10k/gravity.html","columnNumber":29,"lineNumber":124},"value":{"valueKind":"abstract-primitive","value":"NUM_OTHER"},"entryKind":"read-variable"}
{"name":{"valueKind":"concrete-string","value":"dy"},"sourceLocation":{"fileName":"test/10k/gravity.html","columnNumber":34,"lineNumber":124},"value":{"valueKind":"abstract-primitive","value":"NUM_OTHER"},"entryKind":"read-variable"}
{"name":{"valueKind":"concrete-string","value":"dsq"},"sourceLocation":{"fileName":"test/10k/gravity.html","columnNumber":19,"lineNumber":124},"value":{"valueKind":"abstract-primitive","value":"NUM_OTHER"},"entryKind":"write-variable"}
{"name":{"valueKind":"concrete-string","value":"Math"},"sourceLocation":{"fileName":"test/10k/gravity.html","columnNumber":17,"lineNumber":125},"value":{"valueKind":"abstract-object","value":{"objectKind":"builtin","canonicalName":"Math"}},"entryKind":"read-variable"}
{"name":{"valueKind":"concrete-string","value":"sqrt"},"sourceLocation":{"fileName":"test/10k/gravity.html","columnNumber":17,"lineNumber":125},"value":{"valueKind":"abstract-object","value":{"objectKind":"builtin","canonicalName":"Math.sqrt"}},"entryKind":"read-property"}
{"name":{"valueKind":"concrete-string","value":"dsq"},"sourceLocation":{"fileName":"test/10k/gravity.html","columnNumber":27,"lineNumber":125},"value":{"valueKind":"abstract-primitive","value":"NUM_OTHER"},"entryKind":"read-variable"}
{"function":{"valueKind":"abstract-object","value":{"objectKind":"builtin","canonicalName":"Math.sqrt"}},"arguments":[{"valueKind":"abstract-primitive","value":"NUM_OTHER"}],"sourceLocation":{"fileName":"test/10k/gravity.html","columnNumber":17,"lineNumber":125},"entryKind":"call","base":{"valueKind":"abstract-object","value":{"objectKind":"builtin","canonicalName":"Math"}}}
{"name":{"valueKind":"concrete-string","value":"d"},"sourceLocation":{"fileName":"test/10k/gravity.html","columnNumber":17,"lineNumber":125},"value":{"valueKind":"abstract-primitive","value":"NUM_OTHER"},"entryKind":"write-variable"}
{"name":{"valueKind":"concrete-string","value":"m"},"sourceLocation":{"fileName":"test/10k/gravity.html","columnNumber":17,"lineNumber":126},"value":{"valueKind":"abstract-primitive","value":"NUM_OTHER"},"entryKind":"read-variable"}
{"name":{"valueKind":"concrete-string","value":"dsq"},"sourceLocation":{"fileName":"test/10k/gravity.html","columnNumber":25,"lineNumber":126},"value":{"valueKind":"abstract-primitive","value":"NUM_OTHER"},"entryKind":"read-variable"}
{"name":{"valueKind":"concrete-string","value":"g"},"sourceLocation":{"fileName":"test/10k/gravity.html","columnNumber":17,"lineNumber":126},"value":{"valueKind":"abstract-primitive","value":"NUM_OTHER"},"entryKind":"write-variable"}
{"name":{"valueKind":"concrete-string","value":"dx"},"sourceLocation":{"fileName":"test/10k/gravity.html","columnNumber":17,"lineNumber":129},"value":{"valueKind":"abstract-primitive","value":"NUM_OTHER"},"entryKind":"read-variable"}
{"name":{"valueKind":"concrete-string","value":"d"},"sourceLocation":{"fileName":"test/10k/gravity.html","columnNumber":22,"lineNumber":129},"value":{"valueKind":"abstract-primitive","value":"NUM_OTHER"},"entryKind":"read-variable"}
{"name":{"valueKind":"concrete-string","value":"g"},"sourceLocation":{"fileName":"test/10k/gravity.html","columnNumber":26,"lineNumber":129},"value":{"valueKind":"abstract-primitive","value":"NUM_OTHER"},"entryKind":"read-variable"}
{"name":{"valueKind":"concrete-string","value":"dy"},"sourceLocation":{"fileName":"test/10k/gravity.html","columnNumber":30,"lineNumber":129},"value":{"valueKind":"abstract-primitive","value":"NUM_OTHER"},"entryKind":"read-variable"}
{"name":{"valueKind":"concrete-string","value":"d"},"sourceLocation":{"fileName":"test/10k/gravity.html","columnNumber":35,"lineNumber":129},"value":{"valueKind":"abstract-primitive","value":"NUM_OTHER"},"entryKind":"read-variable"}
{"name":{"valueKind":"concrete-string","value":"g"},"sourceLocation":{"fileName":"test/10k/gravity.html","columnNumber":39,"lineNumber":129},"value":{"valueKind":"abstract-primitive","value":"NUM_OTHER"},"entryKind":"read-variable"}
{"returnValue":{"valueKind":"abstract-object","value":{"objectKind":"allocation-site","allocationSite":{"fileName":"test/10k/gravity.html","columnNumber":16,"lineNumber":129}}},"sourceLocation":{"fileName":"test/10k/gravity.html","columnNumber":5,"lineNumber":122},"entryKind":"function-exit"}
{"name":{"valueKind":"abstract-primitive","value":"0"},"sourceLocation":{"fileName":"test/10k/gravity.html","columnNumber":9,"lineNumber":62},"value":{"valueKind":"abstract-object","value":{"objectKind":"allocation-site","allocationSite":{"fileName":"test/10k/gravity.html","columnNumber":16,"lineNumber":129}}},"entryKind":"write-property"}
{"name":{"valueKind":"concrete-string","value":"i"},"sourceLocation":{"fileName":"test/10k/gravity.html","columnNumber":41,"lineNumber":61},"value":{"valueKind":"abstract-primitive","value":"0"},"entryKind":"read-variable"}
{"name":{"valueKind":"concrete-string","value":"i"},"sourceLocation":{"fileName":"test/10k/gravity.html","columnNumber":21,"lineNumber":61},"value":{"valueKind":"abstract-primitive","value":"1"},"entryKind":"read-variable"}
{"name":{"valueKind":"concrete-string","value":"i"},"sourceLocation":{"fileName":"test/10k/gravity.html","columnNumber":18,"lineNumber":62},"value":{"valueKind":"abstract-primitive","value":"1"},"entryKind":"read-variable"}
{"name":{"valueKind":"concrete-string","value":"i"},"sourceLocation":{"fileName":"test/10k/gravity.html","columnNumber":53,"lineNumber":62},"value":{"valueKind":"abstract-primitive","value":"1"},"entryKind":"read-variable"}
{"name":{"valueKind":"abstract-primitive","value":"1"},"sourceLocation":{"fileName":"test/10k/gravity.html","columnNumber":45,"lineNumber":62},"value":{"valueKind":"abstract-object","value":{"objectKind":"allocation-site","allocationSite":{"fileName":"test/10k/gravity.html","columnNumber":22,"lineNumber":58}}},"entryKind":"read-property"}
{"name":{"valueKind":"concrete-string","value":"i"},"sourceLocation":{"fileName":"test/10k/gravity.html","columnNumber":68,"lineNumber":62},"value":{"valueKind":"abstract-primitive","value":"1"},"entryKind":"read-variable"}
{"name":{"valueKind":"abstract-primitive","value":"1"},"sourceLocation":{"fileName":"test/10k/gravity.html","columnNumber":60,"lineNumber":62},"value":{"valueKind":"abstract-object","value":{"objectKind":"allocation-site","allocationSite":{"fileName":"test/10k/gravity.html","columnNumber":22,"lineNumber":58}}},"entryKind":"read-property"}
{"name":{"valueKind":"concrete-string","value":"i"},"sourceLocation":{"fileName":"test/10k/gravity.html","columnNumber":83,"lineNumber":62},"value":{"valueKind":"abstract-primitive","value":"1"},"entryKind":"read-variable"}
{"name":{"valueKind":"abstract-primitive","value":"1"},"sourceLocation":{"fileName":"test/10k/gravity.html","columnNumber":75,"lineNumber":62},"value":{"valueKind":"abstract-object","value":{"objectKind":"allocation-site","allocationSite":{"fileName":"test/10k/gravity.html","columnNumber":22,"lineNumber":58}}},"entryKind":"read-property"}
{"name":{"valueKind":"abstract-primitive","value":"1"},"sourceLocation":{"fileName":"test/10k/gravity.html","columnNumber":9,"lineNumber":62},"value":{"valueKind":"abstract-object","value":{"objectKind":"allocation-site","allocationSite":{"fileName":"test/10k/gravity.html","columnNumber":16,"lineNumber":129}}},"entryKind":"write-property"}
{"name":{"valueKind":"concrete-string","value":"i"},"sourceLocation":{"fileName":"test/10k/gravity.html","columnNumber":41,"lineNumber":61},"value":{"valueKind":"abstract-primitive","value":"1"},"entryKind":"read-variable"}
{"name":{"valueKind":"concrete-string","value":"i"},"sourceLocation":{"fileName":"test/10k/gravity.html","columnNumber":21,"lineNumber":61},"value":{"valueKind":"abstract-primitive","value":"NUM_UINT"},"entryKind":"read-variable"}
{"name":{"valueKind":"concrete-string","value":"i"},"sourceLocation":{"fileName":"test/10k/gravity.html","columnNumber":18,"lineNumber":62},"value":{"valueKind":"abstract-primitive","value":"NUM_UINT"},"entryKind":"read-variable"}
{"name":{"valueKind":"concrete-string","value":"i"},"sourceLocation":{"fileName":"test/10k/gravity.html","columnNumber":53,"lineNumber":62},"value":{"valueKind":"abstract-primitive","value":"NUM_UINT"},"entryKind":"read-variable"}
{"name":{"valueKind":"abstract-primitive","value":"NUM_UINT"},"sourceLocation":{"fileName":"test/10k/gravity.html","columnNumber":45,"lineNumber":62},"value":{"valueKind":"abstract-object","value":{"objectKind":"allocation-site","allocationSite":{"fileName":"test/10k/gravity.html","columnNumber":22,"lineNumber":58}}},"entryKind":"read-property"}
{"name":{"valueKind":"concrete-string","value":"i"},"sourceLocation":{"fileName":"test/10k/gravity.html","columnNumber":68,"lineNumber":62},"value":{"valueKind":"abstract-primitive","value":"NUM_UINT"},"entryKind":"read-variable"}
{"name":{"valueKind":"abstract-primitive","value":"NUM_UINT"},"sourceLocation":{"fileName":"test/10k/gravity.html","columnNumber":60,"lineNumber":62},"value":{"valueKind":"abstract-object","value":{"objectKind":"allocation-site","allocationSite":{"fileName":"test/10k/gravity.html","columnNumber":22,"lineNumber":58}}},"entryKind":"read-property"}
{"name":{"valueKind":"concrete-string","value":"i"},"sourceLocation":{"fileName":"test/10k/gravity.html","columnNumber":83,"lineNumber":62},"value":{"valueKind":"abstract-primitive","value":"NUM_UINT"},"entryKind":"read-variable"}
{"name":{"valueKind":"abstract-primitive","value":"NUM_UINT"},"sourceLocation":{"fileName":"test/10k/gravity.html","columnNumber":75,"lineNumber":62},"value":{"valueKind":"abstract-object","value":{"objectKind":"allocation-site","allocationSite":{"fileName":"test/10k/gravity.html","columnNumber":22,"lineNumber":58}}},"entryKind":"read-property"}
{"name":{"valueKind":"abstract-primitive","value":"NUM_UINT"},"sourceLocation":{"fileName":"test/10k/gravity.html","columnNumber":9,"lineNumber":62},"value":{"valueKind":"abstract-object","value":{"objectKind":"allocation-site","allocationSite":{"fileName":"test/10k/gravity.html","columnNumber":16,"lineNumber":129}}},"entryKind":"write-property"}
{"name":{"valueKind":"concrete-string","value":"i"},"sourceLocation":{"fileName":"test/10k/gravity.html","columnNumber":41,"lineNumber":61},"value":{"valueKind":"abstract-primitive","value":"NUM_UINT"},"entryKind":"read-variable"}
{"name":{"valueKind":"concrete-string","value":"document"},"sourceLocation":{"fileName":"test/10k/gravity.html","columnNumber":5,"lineNumber":66},"value":{"valueKind":"abstract-object","value":{"objectKind":"other"}},"entryKind":"read-variable"}
{"name":{"valueKind":"concrete-string","value":"body"},"sourceLocation":{"fileName":"test/10k/gravity.html","columnNumber":5,"lineNumber":66},"value":{"valueKind":"abstract-object","value":{"objectKind":"other"}},"entryKind":"read-property"}
{"name":{"valueKind":"concrete-string","value":"onmousemove"},"sourceLocation":{"fileName":"test/10k/gravity.html","columnNumber":5,"lineNumber":66},"value":{"valueKind":"abstract-object","value":{"objectKind":"allocation-site","allocationSite":{"fileName":"test/10k/gravity.html","columnNumber":33,"lineNumber":66}}},"entryKind":"write-property"}
{"name":{"valueKind":"concrete-string","value":"document"},"sourceLocation":{"fileName":"test/10k/gravity.html","columnNumber":5,"lineNumber":97},"value":{"valueKind":"abstract-object","value":{"objectKind":"other"}},"entryKind":"read-variable"}
{"name":{"valueKind":"concrete-string","value":"body"},"sourceLocation":{"fileName":"test/10k/gravity.html","columnNumber":5,"lineNumber":97},"value":{"valueKind":"abstract-object","value":{"objectKind":"other"}},"entryKind":"read-property"}
{"name":{"valueKind":"concrete-string","value":"onmousemove"},"sourceLocation":{"fileName":"test/10k/gravity.html","columnNumber":5,"lineNumber":97},"value":{"valueKind":"abstract-object","value":{"objectKind":"allocation-site","allocationSite":{"fileName":"test/10k/gravity.html","columnNumber":33,"lineNumber":66}}},"entryKind":"read-property"}
{"name":{"valueKind":"concrete-string","value":"innerWidth"},"sourceLocation":{"fileName":"test/10k/gravity.html","columnNumber":18,"lineNumber":98},"value":{"valueKind":"abstract-primitive","value":"NUM_UINT"},"entryKind":"read-variable"}
{"name":{"valueKind":"concrete-string","value":"innerHeight"},"sourceLocation":{"fileName":"test/10k/gravity.html","columnNumber":18,"lineNumber":99},"value":{"valueKind":"abstract-primitive","value":"NUM_UINT"},"entryKind":"read-variable"}
{"function":{"valueKind":"abstract-object","value":{"objectKind":"allocation-site","allocationSite":{"fileName":"test/10k/gravity.html","columnNumber":33,"lineNumber":66}}},"arguments":[{"valueKind":"abstract-object","value":{"objectKind":"allocation-site","allocationSite":{"fileName":"test/10k/gravity.html","columnNumber":31,"lineNumber":97}}}],"sourceLocation":{"fileName":"test/10k/gravity.html","columnNumber":5,"lineNumber":97},"entryKind":"call","base":{"valueKind":"abstract-object","value":{"objectKind":"other"}}}
{"arguments":[{"valueKind":"abstract-object","value":{"objectKind":"allocation-site","allocationSite":{"fileName":"test/10k/gravity.html","columnNumber":31,"lineNumber":97}}}],"sourceLocation":{"fileName":"test/10k/gravity.html","columnNumber":33,"lineNumber":66},"entryKind":"function-entry","base":{"valueKind":"abstract-object","value":{"objectKind":"other"}}}
{"name":{"valueKind":"concrete-string","value":"window"},"sourceLocation":{"fileName":"test/10k/gravity.html","columnNumber":14,"lineNumber":67},"value":{"valueKind":"abstract-object","value":{"objectKind":"builtin","canonicalName":"<the global object>"}},"entryKind":"read-variable"}
{"name":{"valueKind":"concrete-string","value":"motion"},"sourceLocation":{"fileName":"test/10k/gravity.html","columnNumber":14,"lineNumber":67},"value":{"valueKind":"abstract-primitive","value":"undefined"},"entryKind":"read-property"}
{"name":{"valueKind":"concrete-string","value":"ctx"},"sourceLocation":{"fileName":"test/10k/gravity.html","columnNumber":13,"lineNumber":68},"value":{"valueKind":"abstract-object","value":{"objectKind":"other"}},"entryKind":"read-variable"}
{"name":{"valueKind":"concrete-string","value":"clearRect"},"sourceLocation":{"fileName":"test/10k/gravity.html","columnNumber":13,"lineNumber":68},"value":{"valueKind":"abstract-object","value":{"objectKind":"other"}},"entryKind":"read-property"}
{"name":{"valueKind":"concrete-string","value":"innerWidth"},"sourceLocation":{"fileName":"test/10k/gravity.html","columnNumber":33,"lineNumber":68},"value":{"valueKind":"abstract-primitive","value":"NUM_UINT"},"entryKind":"read-variable"}
{"name":{"valueKind":"concrete-string","value":"innerHeight"},"sourceLocation":{"fileName":"test/10k/gravity.html","columnNumber":45,"lineNumber":68},"value":{"valueKind":"abstract-primitive","value":"NUM_UINT"},"entryKind":"read-variable"}
{"function":{"valueKind":"abstract-object","value":{"objectKind":"other"}},"arguments":[{"valueKind":"abstract-primitive","value":"0"},{"valueKind":"abstract-primitive","value":"0"},{"valueKind":"abstract-primitive","value":"NUM_UINT"},{"valueKind":"abstract-primitive","value":"NUM_UINT"}],"sourceLocation":{"fileName":"test/10k/gravity.html","columnNumber":13,"lineNumber":68},"entryKind":"call","base":{"valueKind":"abstract-object","value":{"objectKind":"other"}}}
{"name":{"valueKind":"concrete-string","value":"e"},"sourceLocation":{"fileName":"test/10k/gravity.html","columnNumber":36,"lineNumber":70},"value":{"valueKind":"abstract-object","value":{"objectKind":"allocation-site","allocationSite":{"fileName":"test/10k/gravity.html","columnNumber":31,"lineNumber":97}}},"entryKind":"read-variable"}
{"name":{"valueKind":"concrete-string","value":"clientX"},"sourceLocation":{"fileName":"test/10k/gravity.html","columnNumber":36,"lineNumber":70},"value":{"valueKind":"abstract-primitive","value":"NUM_UINT"},"entryKind":"read-property"}
{"name":{"valueKind":"concrete-string","value":"innerWidth"},"sourceLocation":{"fileName":"test/10k/gravity.html","columnNumber":48,"lineNumber":70},"value":{"valueKind":"abstract-primitive","value":"NUM_UINT"},"entryKind":"read-variable"}
{"name":{"valueKind":"concrete-string","value":"e"},"sourceLocation":{"fileName":"test/10k/gravity.html","columnNumber":71,"lineNumber":70},"value":{"valueKind":"abstract-object","value":{"objectKind":"allocation-site","allocationSite":{"fileName":"test/10k/gravity.html","columnNumber":31,"lineNumber":97}}},"entryKind":"read-variable"}
{"name":{"valueKind":"concrete-string","value":"clientY"},"sourceLocation":{"fileName":"test/10k/gravity.html","columnNumber":71,"lineNumber":70},"value":{"valueKind":"abstract-primitive","value":"NUM_OTHER"},"entryKind":"read-property"}
{"name":{"valueKind":"concrete-string","value":"innerHeight"},"sourceLocation":{"fileName":"test/10k/gravity.html","columnNumber":83,"lineNumber":70},"value":{"valueKind":"abstract-primitive","value":"NUM_UINT"},"entryKind":"read-variable"}
{"name":{"valueKind":"concrete-string","value":"initial_vector"},"sourceLocation":{"fileName":"test/10k/gravity.html","columnNumber":34,"lineNumber":70},"value":{"valueKind":"abstract-object","value":{"objectKind":"allocation-site","allocationSite":{"fileName":"test/10k/gravity.html","columnNumber":34,"lineNumber":70}}},"entryKind":"write-variable"}
{"name":{"valueKind":"concrete-string","value":"Math"},"sourceLocation":{"fileName":"test/10k/gravity.html","columnNumber":23,"lineNumber":71},"value":{"valueKind":"abstract-object","value":{"objectKind":"builtin","canonicalName":"Math"}},"entryKind":"read-variable"}
{"name":{"valueKind":"concrete-string","value":"sqrt"},"sourceLocation":{"fileName":"test/10k/gravity.html","columnNumber":23,"lineNumber":71},"value":{"valueKind":"abstract-object","value":{"objectKind":"builtin","canonicalName":"Math.sqrt"}},"entryKind":"read-property"}
{"name":{"valueKind":"concrete-string","value":"initial_vector"},"sourceLocation":{"fileName":"test/10k/gravity.html","columnNumber":33,"lineNumber":71},"value":{"valueKind":"abstract-object","value":{"objectKind":"allocation-site","allocationSite":{"fileName":"test/10k/gravity.html","columnNumber":34,"lineNumber":70}}},"entryKind":"read-variable"}
{"name":{"valueKind":"abstract-primitive","value":"0"},"sourceLocation":{"fileName":"test/10k/gravity.html","columnNumber":33,"lineNumber":71},"value":{"valueKind":"abstract-primitive","value":"0"},"entryKind":"read-property"}
{"name":{"valueKind":"concrete-string","value":"initial_vector"},"sourceLocation":{"fileName":"test/10k/gravity.html","columnNumber":53,"lineNumber":71},"value":{"valueKind":"abstract-object","value":{"objectKind":"allocation-site","allocationSite":{"fileName":"test/10k/gravity.html","columnNumber":34,"lineNumber":70}}},"entryKind":"read-variable"}
{"name":{"valueKind":"abstract-primitive","value":"0"},"sourceLocation":{"fileName":"test/10k/gravity.html","columnNumber":53,"lineNumber":71},"value":{"valueKind":"abstract-primitive","value":"0"},"entryKind":"read-property"}
{"name":{"valueKind":"concrete-string","value":"initial_vector"},"sourceLocation":{"fileName":"test/10k/gravity.html","columnNumber":73,"lineNumber":71},"value":{"valueKind":"abstract-object","value":{"objectKind":"allocation-site","allocationSite":{"fileName":"test/10k/gravity.html","columnNumber":34,"lineNumber":70}}},"entryKind":"read-variable"}
{"name":{"valueKind":"abstract-primitive","value":"1"},"sourceLocation":{"fileName":"test/10k/gravity.html","columnNumber":73,"lineNumber":71},"value":{"valueKind":"abstract-primitive","value":"0"},"entryKind":"read-property"}
{"name":{"valueKind":"concrete-string","value":"initial_vector"},"sourceLocation":{"fileName":"test/10k/gravity.html","columnNumber":93,"lineNumber":71},"value":{"valueKind":"abstract-object","value":{"objectKind":"allocation-site","allocationSite":{"fileName":"test/10k/gravity.html","columnNumber":34,"lineNumber":70}}},"entryKind":"read-variable"}
{"name":{"valueKind":"abstract-primitive","value":"1"},"sourceLocation":{"fileName":"test/10k/gravity.html","columnNumber":93,"lineNumber":71},"value":{"valueKind":"abstract-primitive","value":"0"},"entryKind":"read-property"}
{"function":{"valueKind":"abstract-object","value":{"objectKind":"builtin","canonicalName":"Math.sqrt"}},"arguments":[{"valueKind":"abstract-primitive","value":"0"}],"sourceLocation":{"fileName":"test/10k/gravity.html","columnNumber":23,"lineNumber":71},"entryKind":"call","base":{"valueKind":"abstract-object","value":{"objectKind":"builtin","canonicalName":"Math"}}}
{"name":{"valueKind":"concrete-string","value":"len"},"sourceLocation":{"fileName":"test/10k/gravity.html","columnNumber":23,"lineNumber":71},"value":{"valueKind":"abstract-primitive","value":"0"},"entryKind":"write-variable"}
{"name":{"valueKind":"concrete-string","value":"ctx"},"sourceLocation":{"fileName":"test/10k/gravity.html","columnNumber":13,"lineNumber":73},"value":{"valueKind":"abstract-object","value":{"objectKind":"other"}},"entryKind":"read-variable"}
{"name":{"valueKind":"concrete-string","value":"Math"},"sourceLocation":{"fileName":"test/10k/gravity.html","columnNumber":40,"lineNumber":73},"value":{"valueKind":"abstract-object","value":{"objectKind":"builtin","canonicalName":"Math"}},"entryKind":"read-variable"}
{"name":{"valueKind":"concrete-string","value":"min"},"sourceLocation":{"fileName":"test/10k/gravity.html","columnNumber":40,"lineNumber":73},"value":{"valueKind":"abstract-object","value":{"objectKind":"builtin","canonicalName":"Math.min"}},"entryKind":"read-property"}
{"name":{"valueKind":"concrete-string","value":"Math"},"sourceLocation":{"fileName":"test/10k/gravity.html","columnNumber":54,"lineNumber":73},"value":{"valueKind":"abstract-object","value":{"objectKind":"builtin","canonicalName":"Math"}},"entryKind":"read-variable"}
{"name":{"valueKind":"concrete-string","value":"floor"},"sourceLocation":{"fileName":"test/10k/gravity.html","columnNumber":54,"lineNumber":73},"value":{"valueKind":"abstract-object","value":{"objectKind":"builtin","canonicalName":"Math.floor"}},"entryKind":"read-property"}
{"name":{"valueKind":"concrete-string","value":"len"},"sourceLocation":{"fileName":"test/10k/gravity.html","columnNumber":70,"lineNumber":73},"value":{"valueKind":"abstract-primitive","value":"0"},"entryKind":"read-variable"}
{"function":{"valueKind":"abstract-object","value":{"objectKind":"builtin","canonicalName":"Math.floor"}},"arguments":[{"valueKind":"abstract-primitive","value":"0"}],"sourceLocation":{"fileName":"test/10k/gravity.html","columnNumber":54,"lineNumber":73},"entryKind":"call","base":{"valueKind":"abstract-object","value":{"objectKind":"builtin","canonicalName":"Math"}}}
{"function":{"valueKind":"abstract-object","value":{"objectKind":"builtin","canonicalName":"Math.min"}},"arguments":[{"valueKind":"abstract-primitive","value":"NUM_UINT"},{"valueKind":"abstract-primitive","value":"0"}],"sourceLocation":{"fileName":"test/10k/gravity.html","columnNumber":40,"lineNumber":73},"entryKind":"call","base":{"valueKind":"abstract-object","value":{"objectKind":"builtin","canonicalName":"Math"}}}
{"name":{"valueKind":"concrete-string","value":"strokeStyle"},"sourceLocation":{"fileName":"test/10k/gravity.html","columnNumber":13,"lineNumber":73},"value":{"valueKind":"abstract-primitive","value":"STR_OTHER"},"entryKind":"write-property"}
{"name":{"valueKind":"concrete-string","value":"ctx"},"sourceLocation":{"fileName":"test/10k/gravity.html","columnNumber":13,"lineNumber":74},"value":{"valueKind":"abstract-object","value":{"objectKind":"other"}},"entryKind":"read-variable"}
{"name":{"valueKind":"concrete-string","value":"lineWidth"},"sourceLocation":{"fileName":"test/10k/gravity.html","columnNumber":13,"lineNumber":74},"value":{"valueKind":"abstract-primitive","value":"STR_UINT"},"entryKind":"write-property"}
{"name":{"valueKind":"concrete-string","value":"i"},"sourceLocation":{"fileName":"test/10k/gravity.html","columnNumber":26,"lineNumber":75},"value":{"valueKind":"abstract-primitive","value":"0"},"entryKind":"write-variable"}
{"name":{"valueKind":"concrete-string","value":"i"},"sourceLocation":{"fileName":"test/10k/gravity.html","columnNumber":29,"lineNumber":75},"value":{"valueKind":"abstract-primitive","value":"0"},"entryKind":"read-variable"}
{"name":{"valueKind":"concrete-string","value":"planets"},"sourceLocation":{"fileName":"test/10k/gravity.html","columnNumber":33,"lineNumber":75},"value":{"valueKind":"abstract-object","value":{"objectKind":"allocation-site","allocationSite":{"fileName":"test/10k/gravity.html","columnNumber":19,"lineNumber":56}}},"entryKind":"read-variable"}
{"name":{"valueKind":"concrete-string","value":"length"},"sourceLocation":{"fileName":"test/10k/gravity.html","columnNumber":33,"lineNumber":75},"value":{"valueKind":"abstract-primitive","value":"NUM_UINT"},"entryKind":"read-property"}
{"name":{"valueKind":"concrete-string","value":"circle"},"sourceLocation":{"fileName":"test/10k/gravity.html","columnNumber":17,"lineNumber":76},"value":{"valueKind":"abstract-object","value":{"objectKind":"allocation-site","allocationSite":{"fileName":"test/10k/gravity.html","columnNumber":5,"lineNumber":44}}},"entryKind":"read-variable"}
{"name":{"valueKind":"concrete-string","value":"planets"},"sourceLocation":{"fileName":"test/10k/gravity.html","columnNumber":24,"lineNumber":76},"value":{"valueKind":"abstract-object","value":{"objectKind":"allocation-site","allocationSite":{"fileName":"test/10k/gravity.html","columnNumber":19,"lineNumber":56}}},"entryKind":"read-variable"}
{"name":{"valueKind":"concrete-string","value":"i"},"sourceLocation":{"fileName":"test/10k/gravity.html","columnNumber":32,"lineNumber":76},"value":{"valueKind":"abstract-primitive","value":"0"},"entryKind":"read-variable"}
{"name":{"valueKind":"abstract-primitive","value":"0"},"sourceLocation":{"fileName":"test/10k/gravity.html","columnNumber":24,"lineNumber":76},"value":{"valueKind":"abstract-object","value":{"objectKind":"allocation-site","allocationSite":{"fileName":"test/10k/gravity.html","columnNumber":22,"lineNumber":58}}},"entryKind":"read-property"}
{"name":{"valueKind":"abstract-primitive","value":"0"},"sourceLocation":{"fileName":"test/10k/gravity.html","columnNumber":24,"lineNumber":76},"value":{"valueKind":"abstract-primitive","value":"NUM_OTHER"},"entryKind":"read-property"}
{"name":{"valueKind":"concrete-string","value":"planets"},"sourceLocation":{"fileName":"test/10k/gravity.html","columnNumber":39,"lineNumber":76},"value":{"valueKind":"abstract-object","value":{"objectKind":"allocation-site","allocationSite":{"fileName":"test/10k/gravity.html","columnNumber":19,"lineNumber":56}}},"entryKind":"read-variable"}
{"name":{"valueKind":"concrete-string","value":"i"},"sourceLocation":{"fileName":"test/10k/gravity.html","columnNumber":47,"lineNumber":76},"value":{"valueKind":"abstract-primitive","value":"0"},"entryKind":"read-variable"}
{"name":{"valueKind":"abstract-primitive","value":"0"},"sourceLocation":{"fileName":"test/10k/gravity.html","columnNumber":39,"lineNumber":76},"value":{"valueKind":"abstract-object","value":{"objectKind":"allocation-site","allocationSite":{"fileName":"test/10k/gravity.html","columnNumber":22,"lineNumber":58}}},"entryKind":"read-property"}
{"name":{"valueKind":"abstract-primitive","value":"1"},"sourceLocation":{"fileName":"test/10k/gravity.html","columnNumber":39,"lineNumber":76},"value":{"valueKind":"abstract-primitive","value":"NUM_OTHER"},"entryKind":"read-property"}
{"name":{"valueKind":"concrete-string","value":"planets"},"sourceLocation":{"fileName":"test/10k/gravity.html","columnNumber":54,"lineNumber":76},"value":{"valueKind":"abstract-object","value":{"objectKind":"allocation-site","allocationSite":{"fileName":"test/10k/gravity.html","columnNumber":19,"lineNumber":56}}},"entryKind":"read-variable"}
{"name":{"valueKind":"concrete-string","value":"i"},"sourceLocation":{"fileName":"test/10k/gravity.html","columnNumber":62,"lineNumber":76},"value":{"valueKind":"abstract-primitive","value":"0"},"entryKind":"read-variable"}
{"name":{"valueKind":"abstract-primitive","value":"0"},"sourceLocation":{"fileName":"test/10k/gravity.html","columnNumber":54,"lineNumber":76},"value":{"valueKind":"abstract-object","value":{"objectKind":"allocation-site","allocationSite":{"fileName":"test/10k/gravity.html","columnNumber":22,"lineNumber":58}}},"entryKind":"read-property"}
{"name":{"valueKind":"abstract-primitive","value":"NUM_UINT"},"sourceLocation":{"fileName":"test/10k/gravity.html","columnNumber":54,"lineNumber":76},"value":{"valueKind":"abstract-primitive","value":"NUM_OTHER"},"entryKind":"read-property"}
{"function":{"valueKind":"abstract-object","value":{"objectKind":"allocation-site","allocationSite":{"fileName":"test/10k/gravity.html","columnNumber":5,"lineNumber":44}}},"arguments":[{"valueKind":"abstract-primitive","value":"NUM_OTHER"},{"valueKind":"abstract-primitive","value":"NUM_OTHER"},{"valueKind":"abstract-primitive","value":"NUM_OTHER"}],"sourceLocation":{"fileName":"test/10k/gravity.html","columnNumber":17,"lineNumber":76},"entryKind":"call","base":{"valueKind":"abstract-object","value":{"objectKind":"builtin","canonicalName":"<the global object>"}}}
{"arguments":[{"valueKind":"abstract-primitive","value":"NUM_OTHER"},{"valueKind":"abstract-primitive","value":"NUM_OTHER"},{"valueKind":"abstract-primitive","value":"NUM_OTHER"}],"sourceLocation":{"fileName":"test/10k/gravity.html","columnNumber":5,"lineNumber":44},"entryKind":"function-entry","base":{"valueKind":"abstract-object","value":{"objectKind":"builtin","canonicalName":"<the global object>"}}}
{"name":{"valueKind":"concrete-string","value":"ctx"},"sourceLocation":{"fileName":"test/10k/gravity.html","columnNumber":9,"lineNumber":45},"value":{"valueKind":"abstract-object","value":{"objectKind":"other"}},"entryKind":"read-variable"}
{"name":{"valueKind":"concrete-string","value":"beginPath"},"sourceLocation":{"fileName":"test/10k/gravity.html","columnNumber":9,"lineNumber":45},"value":{"valueKind":"abstract-object","value":{"objectKind":"other"}},"entryKind":"read-property"}
{"function":{"valueKind":"abstract-object","value":{"objectKind":"other"}},"arguments":[],"sourceLocation":{"fileName":"test/10k/gravity.html","columnNumber":9,"lineNumber":45},"entryKind":"call","base":{"valueKind":"abstract-object","value":{"objectKind":"other"}}}
{"name":{"valueKind":"concrete-string","value":"ctx"},"sourceLocation":{"fileName":"test/10k/gravity.html","columnNumber":9,"lineNumber":46},"value":{"valueKind":"abstract-object","value":{"objectKind":"other"}},"entryKind":"read-variable"}
{"name":{"valueKind":"concrete-string","value":"arc"},"sourceLocation":{"fileName":"test/10k/gravity.html","columnNumber":9,"lineNumber":46},"value":{"valueKind":"abstract-object","value":{"objectKind":"other"}},"entryKind":"read-property"}
{"name":{"valueKind":"concrete-string","value":"x"},"sourceLocation":{"fileName":"test/10k/gravity.html","columnNumber":17,"lineNumber":46},"value":{"valueKind":"abstract-primitive","value":"NUM_OTHER"},"entryKind":"read-variable"}
{"name":{"valueKind":"concrete-string","value":"y"},"sourceLocation":{"fileName":"test/10k/gravity.html","columnNumber":20,"lineNumber":46},"value":{"valueKind":"abstract-primitive","value":"NUM_OTHER"},"entryKind":"read-variable"}
{"name":{"valueKind":"concrete-string","value":"r"},"sourceLocation":{"fileName":"test/10k/gravity.html","columnNumber":23,"lineNumber":46},"value":{"valueKind":"abstract-primitive","value":"NUM_OTHER"},"entryKind":"read-variable"}
{"name":{"valueKind":"concrete-string","value":"Math"},"sourceLocation":{"fileName":"test/10k/gravity.html","columnNumber":29,"lineNumber":46},"value":{"valueKind":"abstract-object","value":{"objectKind":"builtin","canonicalName":"Math"}},"entryKind":"read-variable"}
{"name":{"valueKind":"concrete-string","value":"PI"},"sourceLocation":{"fileName":"test/10k/gravity.html","columnNumber":29,"lineNumber":46},"value":{"valueKind":"abstract-primitive","value":"NUM_OTHER"},"entryKind":"read-property"}
{"function":{"valueKind":"abstract-object","value":{"objectKind":"other"}},"arguments":[{"valueKind":"abstract-primitive","value":"NUM_OTHER"},{"valueKind":"abstract-primitive","value":"NUM_OTHER"},{"valueKind":"abstract-primitive","value":"NUM_OTHER"},{"valueKind":"abstract-primitive","value":"0"},{"valueKind":"abstract-primitive","value":"NUM_OTHER"},{"valueKind":"abstract-primitive","value":"true"}],"sourceLocation":{"fileName":"test/10k/gravity.html","columnNumber":9,"lineNumber":46},"entryKind":"call","base":{"valueKind":"abstract-object","value":{"objectKind":"other"}}}
{"name":{"valueKind":"concrete-string","value":"ctx"},"sourceLocation":{"fileName":"test/10k/gravity.html","columnNumber":9,"lineNumber":47},"value":{"valueKind":"abstract-object","value":{"objectKind":"other"}},"entryKind":"read-variable"}
{"name":{"valueKind":"concrete-string","value":"stroke"},"sourceLocation":{"fileName":"test/10k/gravity.html","columnNumber":9,"lineNumber":47},"value":{"valueKind":"abstract-object","value":{"objectKind":"other"}},"entryKind":"read-property"}
{"function":{"valueKind":"abstract-object","value":{"objectKind":"other"}},"arguments":[],"sourceLocation":{"fileName":"test/10k/gravity.html","columnNumber":9,"lineNumber":47},"entryKind":"call","base":{"valueKind":"abstract-object","value":{"objectKind":"other"}}}
{"returnValue":{"valueKind":"abstract-primitive","value":"undefined"},"sourceLocation":{"fileName":"test/10k/gravity.html","columnNumber":5,"lineNumber":44},"entryKind":"function-exit"}
{"name":{"valueKind":"concrete-string","value":"circle"},"sourceLocation":{"fileName":"test/10k/gravity.html","columnNumber":17,"lineNumber":77},"value":{"valueKind":"abstract-object","value":{"objectKind":"allocation-site","allocationSite":{"fileName":"test/10k/gravity.html","columnNumber":5,"lineNumber":44}}},"entryKind":"read-variable"}
{"name":{"valueKind":"concrete-string","value":"planets"},"sourceLocation":{"fileName":"test/10k/gravity.html","columnNumber":24,"lineNumber":77},"value":{"valueKind":"abstract-object","value":{"objectKind":"allocation-site","allocationSite":{"fileName":"test/10k/gravity.html","columnNumber":19,"lineNumber":56}}},"entryKind":"read-variable"}
{"name":{"valueKind":"concrete-string","value":"i"},"sourceLocation":{"fileName":"test/10k/gravity.html","columnNumber":32,"lineNumber":77},"value":{"valueKind":"abstract-primitive","value":"0"},"entryKind":"read-variable"}
{"name":{"valueKind":"abstract-primitive","value":"0"},"sourceLocation":{"fileName":"test/10k/gravity.html","columnNumber":24,"lineNumber":77},"value":{"valueKind":"abstract-object","value":{"objectKind":"allocation-site","allocationSite":{"fileName":"test/10k/gravity.html","columnNumber":22,"lineNumber":58}}},"entryKind":"read-property"}
{"name":{"valueKind":"abstract-primitive","value":"0"},"sourceLocation":{"fileName":"test/10k/gravity.html","columnNumber":24,"lineNumber":77},"value":{"valueKind":"abstract-primitive","value":"NUM_OTHER"},"entryKind":"read-property"}
{"name":{"valueKind":"concrete-string","value":"planets"},"sourceLocation":{"fileName":"test/10k/gravity.html","columnNumber":39,"lineNumber":77},"value":{"valueKind":"abstract-object","value":{"objectKind":"allocation-site","allocationSite":{"fileName":"test/10k/gravity.html","columnNumber":19,"lineNumber":56}}},"entryKind":"read-variable"}
{"name":{"valueKind":"concrete-string","value":"i"},"sourceLocation":{"fileName":"test/10k/gravity.html","columnNumber":47,"lineNumber":77},"value":{"valueKind":"abstract-primitive","value":"0"},"entryKind":"read-variable"}
{"name":{"valueKind":"abstract-primitive","value":"0"},"sourceLocation":{"fileName":"test/10k/gravity.html","columnNumber":39,"lineNumber":77},"value":{"valueKind":"abstract-object","value":{"objectKind":"allocation-site","allocationSite":{"fileName":"test/10k/gravity.html","columnNumber":22,"lineNumber":58}}},"entryKind":"read-property"}
{"name":{"valueKind":"abstract-primitive","value":"1"},"sourceLocation":{"fileName":"test/10k/gravity.html","columnNumber":39,"lineNumber":77},"value":{"valueKind":"abstract-primitive","value":"NUM_OTHER"},"entryKind":"read-property"}
{"function":{"valueKind":"abstract-object","value":{"objectKind":"allocation-site","allocationSite":{"fileName":"test/10k/gravity.html","columnNumber":5,"lineNumber":44}}},"arguments":[{"valueKind":"abstract-primitive","value":"NUM_OTHER"},{"valueKind":"abstract-primitive","value":"NUM_OTHER"},{"valueKind":"abstract-primitive","value":"NUM_UINT"}],"sourceLocation":{"fileName":"test/10k/gravity.html","columnNumber":17,"lineNumber":77},"entryKind":"call","base":{"valueKind":"abstract-object","value":{"objectKind":"builtin","canonicalName":"<the global object>"}}}
{"arguments":[{"valueKind":"abstract-primitive","value":"NUM_OTHER"},{"valueKind":"abstract-primitive","value":"NUM_OTHER"},{"valueKind":"abstract-primitive","value":"NUM_UINT"}],"sourceLocation":{"fileName":"test/10k/gravity.html","columnNumber":5,"lineNumber":44},"entryKind":"function-entry","base":{"valueKind":"abstract-object","value":{"objectKind":"builtin","canonicalName":"<the global object>"}}}
{"name":{"valueKind":"concrete-string","value":"r"},"sourceLocation":{"fileName":"test/10k/gravity.html","columnNumber":23,"lineNumber":46},"value":{"valueKind":"abstract-primitive","value":"NUM_UINT"},"entryKind":"read-variable"}
{"function":{"valueKind":"abstract-object","value":{"objectKind":"other"}},"arguments":[{"valueKind":"abstract-primitive","value":"NUM_OTHER"},{"valueKind":"abstract-primitive","value":"NUM_OTHER"},{"valueKind":"abstract-primitive","value":"NUM_UINT"},{"valueKind":"abstract-primitive","value":"0"},{"valueKind":"abstract-primitive","value":"NUM_OTHER"},{"valueKind":"abstract-primitive","value":"true"}],"sourceLocation":{"fileName":"test/10k/gravity.html","columnNumber":9,"lineNumber":46},"entryKind":"call","base":{"valueKind":"abstract-object","value":{"objectKind":"other"}}}
{"name":{"valueKind":"concrete-string","value":"i"},"sourceLocation":{"fileName":"test/10k/gravity.html","columnNumber":49,"lineNumber":75},"value":{"valueKind":"abstract-primitive","value":"0"},"entryKind":"read-variable"}
{"name":{"valueKind":"concrete-string","value":"i"},"sourceLocation":{"fileName":"test/10k/gravity.html","columnNumber":29,"lineNumber":75},"value":{"valueKind":"abstract-primitive","value":"1"},"entryKind":"read-variable"}
{"name":{"valueKind":"concrete-string","value":"i"},"sourceLocation":{"fileName":"test/10k/gravity.html","columnNumber":32,"lineNumber":76},"value":{"valueKind":"abstract-primitive","value":"1"},"entryKind":"read-variable"}
{"name":{"valueKind":"abstract-primitive","value":"1"},"sourceLocation":{"fileName":"test/10k/gravity.html","columnNumber":24,"lineNumber":76},"value":{"valueKind":"abstract-object","value":{"objectKind":"allocation-site","allocationSite":{"fileName":"test/10k/gravity.html","columnNumber":22,"lineNumber":58}}},"entryKind":"read-property"}
{"name":{"valueKind":"concrete-string","value":"i"},"sourceLocation":{"fileName":"test/10k/gravity.html","columnNumber":47,"lineNumber":76},"value":{"valueKind":"abstract-primitive","value":"1"},"entryKind":"read-variable"}
{"name":{"valueKind":"abstract-primitive","value":"1"},"sourceLocation":{"fileName":"test/10k/gravity.html","columnNumber":39,"lineNumber":76},"value":{"valueKind":"abstract-object","value":{"objectKind":"allocation-site","allocationSite":{"fileName":"test/10k/gravity.html","columnNumber":22,"lineNumber":58}}},"entryKind":"read-property"}
{"name":{"valueKind":"concrete-string","value":"i"},"sourceLocation":{"fileName":"test/10k/gravity.html","columnNumber":62,"lineNumber":76},"value":{"valueKind":"abstract-primitive","value":"1"},"entryKind":"read-variable"}
{"name":{"valueKind":"abstract-primitive","value":"1"},"sourceLocation":{"fileName":"test/10k/gravity.html","columnNumber":54,"lineNumber":76},"value":{"valueKind":"abstract-object","value":{"objectKind":"allocation-site","allocationSite":{"fileName":"test/10k/gravity.html","columnNumber":22,"lineNumber":58}}},"entryKind":"read-property"}
{"name":{"valueKind":"concrete-string","value":"i"},"sourceLocation":{"fileName":"test/10k/gravity.html","columnNumber":32,"lineNumber":77},"value":{"valueKind":"abstract-primitive","value":"1"},"entryKind":"read-variable"}
{"name":{"valueKind":"abstract-primitive","value":"1"},"sourceLocation":{"fileName":"test/10k/gravity.html","columnNumber":24,"lineNumber":77},"value":{"valueKind":"abstract-object","value":{"objectKind":"allocation-site","allocationSite":{"fileName":"test/10k/gravity.html","columnNumber":22,"lineNumber":58}}},"entryKind":"read-property"}
{"name":{"valueKind":"concrete-string","value":"i"},"sourceLocation":{"fileName":"test/10k/gravity.html","columnNumber":47,"lineNumber":77},"value":{"valueKind":"abstract-primitive","value":"1"},"entryKind":"read-variable"}
{"name":{"valueKind":"abstract-primitive","value":"1"},"sourceLocation":{"fileName":"test/10k/gravity.html","columnNumber":39,"lineNumber":77},"value":{"valueKind":"abstract-object","value":{"objectKind":"allocation-site","allocationSite":{"fileName":"test/10k/gravity.html","columnNumber":22,"lineNumber":58}}},"entryKind":"read-property"}
{"name":{"valueKind":"concrete-string","value":"i"},"sourceLocation":{"fileName":"test/10k/gravity.html","columnNumber":49,"lineNumber":75},"value":{"valueKind":"abstract-primitive","value":"1"},"entryKind":"read-variable"}
{"name":{"valueKind":"concrete-string","value":"i"},"sourceLocation":{"fileName":"test/10k/gravity.html","columnNumber":29,"lineNumber":75},"value":{"valueKind":"abstract-primitive","value":"NUM_UINT"},"entryKind":"read-variable"}
{"name":{"valueKind":"concrete-string","value":"i"},"sourceLocation":{"fileName":"test/10k/gravity.html","columnNumber":32,"lineNumber":76},"value":{"valueKind":"abstract-primitive","value":"NUM_UINT"},"entryKind":"read-variable"}
{"name":{"valueKind":"abstract-primitive","value":"NUM_UINT"},"sourceLocation":{"fileName":"test/10k/gravity.html","columnNumber":24,"lineNumber":76},"value":{"valueKind":"abstract-object","value":{"objectKind":"allocation-site","allocationSite":{"fileName":"test/10k/gravity.html","columnNumber":22,"lineNumber":58}}},"entryKind":"read-property"}
{"name":{"valueKind":"concrete-string","value":"i"},"sourceLocation":{"fileName":"test/10k/gravity.html","columnNumber":47,"lineNumber":76},"value":{"valueKind":"abstract-primitive","value":"NUM_UINT"},"entryKind":"read-variable"}
{"name":{"valueKind":"abstract-primitive","value":"NUM_UINT"},"sourceLocation":{"fileName":"test/10k/gravity.html","columnNumber":39,"lineNumber":76},"value":{"valueKind":"abstract-object","value":{"objectKind":"allocation-site","allocationSite":{"fileName":"test/10k/gravity.html","columnNumber":22,"lineNumber":58}}},"entryKind":"read-property"}
{"name":{"valueKind":"concrete-string","value":"i"},"sourceLocation":{"fileName":"test/10k/gravity.html","columnNumber":62,"lineNumber":76},"value":{"valueKind":"abstract-primitive","value":"NUM_UINT"},"entryKind":"read-variable"}
{"name":{"valueKind":"abstract-primitive","value":"NUM_UINT"},"sourceLocation":{"fileName":"test/10k/gravity.html","columnNumber":54,"lineNumber":76},"value":{"valueKind":"abstract-object","value":{"objectKind":"allocation-site","allocationSite":{"fileName":"test/10k/gravity.html","columnNumber":22,"lineNumber":58}}},"entryKind":"read-property"}
{"name":{"valueKind":"concrete-string","value":"i"},"sourceLocation":{"fileName":"test/10k/gravity.html","columnNumber":32,"lineNumber":77},"value":{"valueKind":"abstract-primitive","value":"NUM_UINT"},"entryKind":"read-variable"}
{"name":{"valueKind":"abstract-primitive","value":"NUM_UINT"},"sourceLocation":{"fileName":"test/10k/gravity.html","columnNumber":24,"lineNumber":77},"value":{"valueKind":"abstract-object","value":{"objectKind":"allocation-site","allocationSite":{"fileName":"test/10k/gravity.html","columnNumber":22,"lineNumber":58}}},"entryKind":"read-property"}
{"name":{"valueKind":"concrete-string","value":"i"},"sourceLocation":{"fileName":"test/10k/gravity.html","columnNumber":47,"lineNumber":77},"value":{"valueKind":"abstract-primitive","value":"NUM_UINT"},"entryKind":"read-variable"}
{"name":{"valueKind":"abstract-primitive","value":"NUM_UINT"},"sourceLocation":{"fileName":"test/10k/gravity.html","columnNumber":39,"lineNumber":77},"value":{"valueKind":"abstract-object","value":{"objectKind":"allocation-site","allocationSite":{"fileName":"test/10k/gravity.html","columnNumber":22,"lineNumber":58}}},"entryKind":"read-property"}
{"name":{"valueKind":"concrete-string","value":"i"},"sourceLocation":{"fileName":"test/10k/gravity.html","columnNumber":49,"lineNumber":75},"value":{"valueKind":"abstract-primitive","value":"NUM_UINT"},"entryKind":"read-variable"}
{"name":{"valueKind":"concrete-string","value":"ctx"},"sourceLocation":{"fileName":"test/10k/gravity.html","columnNumber":13,"lineNumber":79},"value":{"valueKind":"abstract-object","value":{"objectKind":"other"}},"entryKind":"read-variable"}
{"name":{"valueKind":"concrete-string","value":"lineWidth"},"sourceLocation":{"fileName":"test/10k/gravity.html","columnNumber":13,"lineNumber":79},"value":{"valueKind":"abstract-primitive","value":"STR_UINT"},"entryKind":"write-property"}
{"name":{"valueKind":"concrete-string","value":"ctx"},"sourceLocation":{"fileName":"test/10k/gravity.html","columnNumber":13,"lineNumber":82},"value":{"valueKind":"abstract-object","value":{"objectKind":"other"}},"entryKind":"read-variable"}
{"name":{"valueKind":"concrete-string","value":"Math"},"sourceLocation":{"fileName":"test/10k/gravity.html","columnNumber":40,"lineNumber":82},"value":{"valueKind":"abstract-object","value":{"objectKind":"builtin","canonicalName":"Math"}},"entryKind":"read-variable"}
{"name":{"valueKind":"concrete-string","value":"min"},"sourceLocation":{"fileName":"test/10k/gravity.html","columnNumber":40,"lineNumber":82},"value":{"valueKind":"abstract-object","value":{"objectKind":"builtin","canonicalName":"Math.min"}},"entryKind":"read-property"}
{"name":{"valueKind":"concrete-string","value":"Math"},"sourceLocation":{"fileName":"test/10k/gravity.html","columnNumber":54,"lineNumber":82},"value":{"valueKind":"abstract-object","value":{"objectKind":"builtin","canonicalName":"Math"}},"entryKind":"read-variable"}
{"name":{"valueKind":"concrete-string","value":"floor"},"sourceLocation":{"fileName":"test/10k/gravity.html","columnNumber":54,"lineNumber":82},"value":{"valueKind":"abstract-object","value":{"objectKind":"builtin","canonicalName":"Math.floor"}},"entryKind":"read-property"}
{"name":{"valueKind":"concrete-string","value":"len"},"sourceLocation":{"fileName":"test/10k/gravity.html","columnNumber":70,"lineNumber":82},"value":{"valueKind":"abstract-primitive","value":"0"},"entryKind":"read-variable"}
{"function":{"valueKind":"abstract-object","value":{"objectKind":"builtin","canonicalName":"Math.floor"}},"arguments":[{"valueKind":"abstract-primitive","value":"0"}],"sourceLocation":{"fileName":"test/10k/gravity.html","columnNumber":54,"lineNumber":82},"entryKind":"call","base":{"valueKind":"abstract-object","value":{"objectKind":"builtin","canonicalName":"Math"}}}
{"function":{"valueKind":"abstract-object","value":{"objectKind":"builtin","canonicalName":"Math.min"}},"arguments":[{"valueKind":"abstract-primitive","value":"NUM_UINT"},{"valueKind":"abstract-primitive","value":"0"}],"sourceLocation":{"fileName":"test/10k/gravity.html","columnNumber":40,"lineNumber":82},"entryKind":"call","base":{"valueKind":"abstract-object","value":{"objectKind":"builtin","canonicalName":"Math"}}}
{"name":{"valueKind":"concrete-string","value":"strokeStyle"},"sourceLocation":{"fileName":"test/10k/gravity.html","columnNumber":13,"lineNumber":82},"value":{"valueKind":"abstract-primitive","value":"STR_OTHER"},"entryKind":"write-property"}
{"name":{"valueKind":"concrete-string","value":"ctx"},"sourceLocation":{"fileName":"test/10k/gravity.html","columnNumber":13,"lineNumber":84},"value":{"valueKind":"abstract-object","value":{"objectKind":"other"}},"entryKind":"read-variable"}
{"name":{"valueKind":"concrete-string","value":"beginPath"},"sourceLocation":{"fileName":"test/10k/gravity.html","columnNumber":13,"lineNumber":84},"value":{"valueKind":"abstract-object","value":{"objectKind":"other"}},"entryKind":"read-property"}
{"function":{"valueKind":"abstract-object","value":{"objectKind":"other"}},"arguments":[],"sourceLocation":{"fileName":"test/10k/gravity.html","columnNumber":13,"lineNumber":84},"entryKind":"call","base":{"valueKind":"abstract-object","value":{"objectKind":"other"}}}
{"name":{"valueKind":"concrete-string","value":"ctx"},"sourceLocation":{"fileName":"test/10k/gravity.html","columnNumber":13,"lineNumber":85},"value":{"valueKind":"abstract-object","value":{"objectKind":"other"}},"entryKind":"read-variable"}
{"name":{"valueKind":"concrete-string","value":"moveTo"},"sourceLocation":{"fileName":"test/10k/gravity.html","columnNumber":13,"lineNumber":85},"value":{"valueKind":"abstract-object","value":{"objectKind":"other"}},"entryKind":"read-property"}
{"name":{"valueKind":"concrete-string","value":"innerWidth"},"sourceLocation":{"fileName":"test/10k/gravity.html","columnNumber":25,"lineNumber":85},"value":{"valueKind":"abstract-primitive","value":"NUM_UINT"},"entryKind":"read-variable"}
{"name":{"valueKind":"concrete-string","value":"innerHeight"},"sourceLocation":{"fileName":"test/10k/gravity.html","columnNumber":43,"lineNumber":85},"value":{"valueKind":"abstract-primitive","value":"NUM_UINT"},"entryKind":"read-variable"}
{"function":{"valueKind":"abstract-object","value":{"objectKind":"other"}},"arguments":[{"valueKind":"abstract-primitive","value":"NUM_UINT"},{"valueKind":"abstract-primitive","value":"NUM_OTHER"}],"sourceLocation":{"fileName":"test/10k/gravity.html","columnNumber":13,"lineNumber":85},"entryKind":"call","base":{"valueKind":"abstract-object","value":{"objectKind":"other"}}}
{"name":{"valueKind":"concrete-string","value":"ctx"},"sourceLocation":{"fileName":"test/10k/gravity.html","columnNumber":13,"lineNumber":86},"value":{"valueKind":"abstract-object","value":{"objectKind":"other"}},"entryKind":"read-variable"}
{"name":{"valueKind":"concrete-string","value":"lineTo"},"sourceLocation":{"fileName":"test/10k/gravity.html","columnNumber":13,"lineNumber":86},"value":{"valueKind":"abstract-object","value":{"objectKind":"other"}},"entryKind":"read-property"}
{"name":{"valueKind":"concrete-string","value":"innerWidth"},"sourceLocation":{"fileName":"test/10k/gravity.html","columnNumber":25,"lineNumber":86},"value":{"valueKind":"abstract-primitive","value":"NUM_UINT"},"entryKind":"read-variable"}
{"name":{"valueKind":"concrete-string","value":"initial_vector"},"sourceLocation":{"fileName":"test/10k/gravity.html","columnNumber":43,"lineNumber":86},"value":{"valueKind":"abstract-object","value":{"objectKind":"allocation-site","allocationSite":{"fileName":"test/10k/gravity.html","columnNumber":34,"lineNumber":70}}},"entryKind":"read-variable"}
{"name":{"valueKind":"abstract-primitive","value":"0"},"sourceLocation":{"fileName":"test/10k/gravity.html","columnNumber":43,"lineNumber":86},"value":{"valueKind":"abstract-primitive","value":"0"},"entryKind":"read-property"}
{"name":{"valueKind":"concrete-string","value":"innerHeight"},"sourceLocation":{"fileName":"test/10k/gravity.html","columnNumber":68,"lineNumber":86},"value":{"valueKind":"abstract-primitive","value":"NUM_UINT"},"entryKind":"read-variable"}
{"name":{"valueKind":"concrete-string","value":"initial_vector"},"sourceLocation":{"fileName":"test/10k/gravity.html","columnNumber":87,"lineNumber":86},"value":{"valueKind":"abstract-object","value":{"objectKind":"allocation-site","allocationSite":{"fileName":"test/10k/gravity.html","columnNumber":34,"lineNumber":70}}},"entryKind":"read-variable"}
{"name":{"valueKind":"abstract-primitive","value":"1"},"sourceLocation":{"fileName":"test/10k/gravity.html","columnNumber":87,"lineNumber":86},"value":{"valueKind":"abstract-primitive","value":"0"},"entryKind":"read-property"}
{"function":{"valueKind":"abstract-object","value":{"objectKind":"other"}},"arguments":[{"valueKind":"abstract-primitive","value":"NUM_UINT"},{"valueKind":"abstract-primitive","value":"NUM_OTHER"}],"sourceLocation":{"fileName":"test/10k/gravity.html","columnNumber":13,"lineNumber":86},"entryKind":"call","base":{"valueKind":"abstract-object","value":{"objectKind":"other"}}}
{"name":{"valueKind":"concrete-string","value":"ctx"},"sourceLocation":{"fileName":"test/10k/gravity.html","columnNumber":13,"lineNumber":87},"value":{"valueKind":"abstract-object","value":{"objectKind":"other"}},"entryKind":"read-variable"}
{"name":{"valueKind":"concrete-string","value":"stroke"},"sourceLocation":{"fileName":"test/10k/gravity.html","columnNumber":13,"lineNumber":87},"value":{"valueKind":"abstract-object","value":{"objectKind":"other"}},"entryKind":"read-property"}
{"function":{"valueKind":"abstract-object","value":{"objectKind":"other"}},"arguments":[],"sourceLocation":{"fileName":"test/10k/gravity.html","columnNumber":13,"lineNumber":87},"entryKind":"call","base":{"valueKind":"abstract-object","value":{"objectKind":"other"}}}
{"name":{"valueKind":"concrete-string","value":"ctx"},"sourceLocation":{"fileName":"test/10k/gravity.html","columnNumber":13,"lineNumber":88},"value":{"valueKind":"abstract-object","value":{"objectKind":"other"}},"entryKind":"read-variable"}
{"name":{"valueKind":"concrete-string","value":"closePath"},"sourceLocation":{"fileName":"test/10k/gravity.html","columnNumber":13,"lineNumber":88},"value":{"valueKind":"abstract-object","value":{"objectKind":"other"}},"entryKind":"read-property"}
{"function":{"valueKind":"abstract-object","value":{"objectKind":"other"}},"arguments":[],"sourceLocation":{"fileName":"test/10k/gravity.html","columnNumber":13,"lineNumber":88},"entryKind":"call","base":{"valueKind":"abstract-object","value":{"objectKind":"other"}}}
{"name":{"valueKind":"concrete-string","value":"ctx"},"sourceLocation":{"fileName":"test/10k/gravity.html","columnNumber":13,"lineNumber":90},"value":{"valueKind":"abstract-object","value":{"objectKind":"other"}},"entryKind":"read-variable"}
{"name":{"valueKind":"concrete-string","value":"lineWidth"},"sourceLocation":{"fileName":"test/10k/gravity.html","columnNumber":13,"lineNumber":90},"value":{"valueKind":"abstract-primitive","value":"STR_UINT"},"entryKind":"write-property"}
{"name":{"valueKind":"concrete-string","value":"ctx"},"sourceLocation":{"fileName":"test/10k/gravity.html","columnNumber":13,"lineNumber":91},"value":{"valueKind":"abstract-object","value":{"objectKind":"other"}},"entryKind":"read-variable"}
{"name":{"valueKind":"concrete-string","value":"fillStyle"},"sourceLocation":{"fileName":"test/10k/gravity.html","columnNumber":13,"lineNumber":91},"value":{"valueKind":"abstract-primitive","value":"STR_OTHER"},"entryKind":"write-property"}
{"name":{"valueKind":"concrete-string","value":"circle"},"sourceLocation":{"fileName":"test/10k/gravity.html","columnNumber":13,"lineNumber":92},"value":{"valueKind":"abstract-object","value":{"objectKind":"allocation-site","allocationSite":{"fileName":"test/10k/gravity.html","columnNumber":5,"lineNumber":44}}},"entryKind":"read-variable"}
{"name":{"valueKind":"concrete-string","value":"innerWidth"},"sourceLocation":{"fileName":"test/10k/gravity.html","columnNumber":20,"lineNumber":92},"value":{"valueKind":"abstract-primitive","value":"NUM_UINT"},"entryKind":"read-variable"}
{"name":{"valueKind":"concrete-string","value":"innerHeight"},"sourceLocation":{"fileName":"test/10k/gravity.html","columnNumber":36,"lineNumber":92},"value":{"valueKind":"abstract-primitive","value":"NUM_UINT"},"entryKind":"read-variable"}
{"function":{"valueKind":"abstract-object","value":{"objectKind":"allocation-site","allocationSite":{"fileName":"test/10k/gravity.html","columnNumber":5,"lineNumber":44}}},"arguments":[{"valueKind":"abstract-primitive","value":"NUM_UINT"},{"valueKind":"abstract-primitive","value":"NUM_OTHER"},{"valueKind":"abstract-primitive","value":"NUM_UINT"}],"sourceLocation":{"fileName":"test/10k/gravity.html","columnNumber":13,"lineNumber":92},"entryKind":"call","base":{"valueKind":"abstract-object","value":{"objectKind":"builtin","canonicalName":"<the global object>"}}}
{"arguments":[{"valueKind":"abstract-primitive","value":"NUM_UINT"},{"valueKind":"abstract-primitive","value":"NUM_OTHER"},{"valueKind":"abstract-primitive","value":"NUM_UINT"}],"sourceLocation":{"fileName":"test/10k/gravity.html","columnNumber":5,"lineNumber":44},"entryKind":"function-entry","base":{"valueKind":"abstract-object","value":{"objectKind":"builtin","canonicalName":"<the global object>"}}}
{"name":{"valueKind":"concrete-string","value":"x"},"sourceLocation":{"fileName":"test/10k/gravity.html","columnNumber":17,"lineNumber":46},"value":{"valueKind":"abstract-primitive","value":"NUM_UINT"},"entryKind":"read-variable"}
{"function":{"valueKind":"abstract-object","value":{"objectKind":"other"}},"arguments":[{"valueKind":"abstract-primitive","value":"NUM_UINT"},{"valueKind":"abstract-primitive","value":"NUM_OTHER"},{"valueKind":"abstract-primitive","value":"NUM_UINT"},{"valueKind":"abstract-primitive","value":"0"},{"valueKind":"abstract-primitive","value":"NUM_OTHER"},{"valueKind":"abstract-primitive","value":"true"}],"sourceLocation":{"fileName":"test/10k/gravity.html","columnNumber":9,"lineNumber":46},"entryKind":"call","base":{"valueKind":"abstract-object","value":{"objectKind":"other"}}}
{"name":{"valueKind":"concrete-string","value":"ctx"},"sourceLocation":{"fileName":"test/10k/gravity.html","columnNumber":13,"lineNumber":93},"value":{"valueKind":"abstract-object","value":{"objectKind":"other"}},"entryKind":"read-variable"}
{"name":{"valueKind":"concrete-string","value":"fill"},"sourceLocation":{"fileName":"test/10k/gravity.html","columnNumber":13,"lineNumber":93},"value":{"valueKind":"abstract-object","value":{"objectKind":"other"}},"entryKind":"read-property"}
{"function":{"valueKind":"abstract-object","value":{"objectKind":"other"}},"arguments":[],"sourceLocation":{"fileName":"test/10k/gravity.html","columnNumber":13,"lineNumber":93},"entryKind":"call","base":{"valueKind":"abstract-object","value":{"objectKind":"other"}}}
{"returnValue":{"valueKind":"abstract-primitive","value":"undefined"},"sourceLocation":{"fileName":"test/10k/gravity.html","columnNumber":33,"lineNumber":66},"entryKind":"function-exit"}
{"name":{"valueKind":"concrete-string","value":"document"},"sourceLocation":{"fileName":"test/10k/gravity.html","columnNumber":5,"lineNumber":102},"value":{"valueKind":"abstract-object","value":{"objectKind":"other"}},"entryKind":"read-variable"}
{"name":{"valueKind":"concrete-string","value":"body"},"sourceLocation":{"fileName":"test/10k/gravity.html","columnNumber":5,"lineNumber":102},"value":{"valueKind":"abstract-object","value":{"objectKind":"other"}},"entryKind":"read-property"}
{"name":{"valueKind":"concrete-string","value":"onclick"},"sourceLocation":{"fileName":"test/10k/gravity.html","columnNumber":5,"lineNumber":102},"value":{"valueKind":"abstract-object","value":{"objectKind":"allocation-site","allocationSite":{"fileName":"test/10k/gravity.html","columnNumber":29,"lineNumber":102}}},"entryKind":"write-property"}
{"returnValue":{"valueKind":"abstract-primitive","value":"undefined"},"sourceLocation":{"fileName":"test/10k/gravity.html","columnNumber":17,"lineNumber":33},"entryKind":"function-exit"}
{"arguments":[{"valueKind":"abstract-object","value":{"objectKind":"other"}}],"sourceLocation":{"fileName":"test/10k/gravity.html","columnNumber":33,"lineNumber":66},"entryKind":"function-entry","base":{"valueKind":"abstract-object","value":{"objectKind":"other"}}}
{"name":{"valueKind":"concrete-string","value":"e"},"sourceLocation":{"fileName":"test/10k/gravity.html","columnNumber":36,"lineNumber":70},"value":{"valueKind":"abstract-object","value":{"objectKind":"other"}},"entryKind":"read-variable"}
{"name":{"valueKind":"concrete-string","value":"e"},"sourceLocation":{"fileName":"test/10k/gravity.html","columnNumber":71,"lineNumber":70},"value":{"valueKind":"abstract-object","value":{"objectKind":"other"}},"entryKind":"read-variable"}
{"name":{"valueKind":"concrete-string","value":"clientY"},"sourceLocation":{"fileName":"test/10k/gravity.html","columnNumber":71,"lineNumber":70},"value":{"valueKind":"abstract-primitive","value":"NUM_UINT"},"entryKind":"read-property"}
{"name":{"valueKind":"abstract-primitive","value":"0"},"sourceLocation":{"fileName":"test/10k/gravity.html","columnNumber":33,"lineNumber":71},"value":{"valueKind":"abstract-primitive","value":"NUM_OTHER"},"entryKind":"read-property"}
{"name":{"valueKind":"abstract-primitive","value":"0"},"sourceLocation":{"fileName":"test/10k/gravity.html","columnNumber":53,"lineNumber":71},"value":{"valueKind":"abstract-primitive","value":"NUM_OTHER"},"entryKind":"read-property"}
{"name":{"valueKind":"abstract-primitive","value":"1"},"sourceLocation":{"fileName":"test/10k/gravity.html","columnNumber":73,"lineNumber":71},"value":{"valueKind":"abstract-primitive","value":"NUM_OTHER"},"entryKind":"read-property"}
{"name":{"valueKind":"abstract-primitive","value":"1"},"sourceLocation":{"fileName":"test/10k/gravity.html","columnNumber":93,"lineNumber":71},"value":{"valueKind":"abstract-primitive","value":"NUM_OTHER"},"entryKind":"read-property"}
{"function":{"valueKind":"abstract-object","value":{"objectKind":"builtin","canonicalName":"Math.sqrt"}},"arguments":[{"valueKind":"abstract-primitive","value":"NUM_OTHER"}],"sourceLocation":{"fileName":"test/10k/gravity.html","columnNumber":23,"lineNumber":71},"entryKind":"call","base":{"valueKind":"abstract-object","value":{"objectKind":"builtin","canonicalName":"Math"}}}
{"name":{"valueKind":"concrete-string","value":"len"},"sourceLocation":{"fileName":"test/10k/gravity.html","columnNumber":23,"lineNumber":71},"value":{"valueKind":"abstract-primitive","value":"NUM_OTHER"},"entryKind":"write-variable"}
{"name":{"valueKind":"concrete-string","value":"len"},"sourceLocation":{"fileName":"test/10k/gravity.html","columnNumber":70,"lineNumber":73},"value":{"valueKind":"abstract-primitive","value":"NUM_OTHER"},"entryKind":"read-variable"}
{"function":{"valueKind":"abstract-object","value":{"objectKind":"builtin","canonicalName":"Math.floor"}},"arguments":[{"valueKind":"abstract-primitive","value":"NUM_OTHER"}],"sourceLocation":{"fileName":"test/10k/gravity.html","columnNumber":54,"lineNumber":73},"entryKind":"call","base":{"valueKind":"abstract-object","value":{"objectKind":"builtin","canonicalName":"Math"}}}
{"function":{"valueKind":"abstract-object","value":{"objectKind":"builtin","canonicalName":"Math.min"}},"arguments":[{"valueKind":"abstract-primitive","value":"NUM_UINT"},{"valueKind":"abstract-primitive","value":"NUM_UINT"}],"sourceLocation":{"fileName":"test/10k/gravity.html","columnNumber":40,"lineNumber":73},"entryKind":"call","base":{"valueKind":"abstract-object","value":{"objectKind":"builtin","canonicalName":"Math"}}}
{"name":{"valueKind":"concrete-string","value":"len"},"sourceLocation":{"fileName":"test/10k/gravity.html","columnNumber":70,"lineNumber":82},"value":{"valueKind":"abstract-primitive","value":"NUM_OTHER"},"entryKind":"read-variable"}
{"function":{"valueKind":"abstract-object","value":{"objectKind":"builtin","canonicalName":"Math.floor"}},"arguments":[{"valueKind":"abstract-primitive","value":"NUM_OTHER"}],"sourceLocation":{"fileName":"test/10k/gravity.html","columnNumber":54,"lineNumber":82},"entryKind":"call","base":{"valueKind":"abstract-object","value":{"objectKind":"builtin","canonicalName":"Math"}}}
{"function":{"valueKind":"abstract-object","value":{"objectKind":"builtin","canonicalName":"Math.min"}},"arguments":[{"valueKind":"abstract-primitive","value":"NUM_UINT"},{"valueKind":"abstract-primitive","value":"NUM_UINT"}],"sourceLocation":{"fileName":"test/10k/gravity.html","columnNumber":40,"lineNumber":82},"entryKind":"call","base":{"valueKind":"abstract-object","value":{"objectKind":"builtin","canonicalName":"Math"}}}
{"name":{"valueKind":"abstract-primitive","value":"0"},"sourceLocation":{"fileName":"test/10k/gravity.html","columnNumber":43,"lineNumber":86},"value":{"valueKind":"abstract-primitive","value":"NUM_OTHER"},"entryKind":"read-property"}
{"name":{"valueKind":"abstract-primitive","value":"1"},"sourceLocation":{"fileName":"test/10k/gravity.html","columnNumber":87,"lineNumber":86},"value":{"valueKind":"abstract-primitive","value":"NUM_OTHER"},"entryKind":"read-property"}
{"function":{"valueKind":"abstract-object","value":{"objectKind":"other"}},"arguments":[{"valueKind":"abstract-primitive","value":"NUM_UINT"},{"valueKind":"abstract-primitive","value":"NUM_UINT"}],"sourceLocation":{"fileName":"test/10k/gravity.html","columnNumber":13,"lineNumber":86},"entryKind":"call","base":{"valueKind":"abstract-object","value":{"objectKind":"other"}}}
