{"sha":"db6cdb226fed9f780f077193b1329604c2b6a43f", "time":1465383987}
{"entryKind":"call","function":{"valueKind":"abstract-object","value":{"objectKind":"allocation-site","allocationSite":{"fileName":"test/uneval/uneval46.js","lineNumber":"1","columnNumber":"1"}}},"base":{"valueKind":"abstract-object","value":{"objectKind":"builtin","canonicalName":"<the global object>"}},"arguments":[{"valueKind":"abstract-primitive","value":"STR_UINT"}],"sourceLocation":{"fileName":"test/uneval/uneval46.js","lineNumber":"11","columnNumber":"16"}}
{"entryKind":"call","function":{"valueKind":"abstract-object","value":{"objectKind":"allocation-site","allocationSite":{"fileName":"test/uneval/uneval46.js","lineNumber":"1","columnNumber":"1"}}},"base":{"valueKind":"abstract-object","value":{"objectKind":"builtin","canonicalName":"<the global object>"}},"arguments":[{"valueKind":"abstract-primitive","value":"STR_UINT"}],"sourceLocation":{"fileName":"test/uneval/uneval46.js","lineNumber":"12","columnNumber":"16"}}
{"entryKind":"call","function":{"valueKind":"abstract-object","value":{"objectKind":"allocation-site","allocationSite":{"fileName":"test/uneval/uneval46.js","lineNumber":"6","columnNumber":"1"}}},"base":{"valueKind":"abstract-object","value":{"objectKind":"builtin","canonicalName":"<the global object>"}},"arguments":[{"valueKind":"abstract-primitive","value":"STR_UINT"}],"sourceLocation":{"fileName":"test/uneval/uneval46.js","lineNumber":"3","columnNumber":"12"}}
{"entryKind":"call","function":{"valueKind":"abstract-object","value":{"objectKind":"other"}},"base":{"valueKind":"abstract-object","value":{"objectKind":"builtin","canonicalName":"<the global object>"}},"arguments":[{"valueKind":"abstract-primitive","value":"NUM_UINT"}],"sourceLocation":{"fileName":"test/uneval/uneval46.js","lineNumber":"11","columnNumber":"1"}}
{"entryKind":"call","function":{"valueKind":"abstract-object","value":{"objectKind":"other"}},"base":{"valueKind":"abstract-object","value":{"objectKind":"builtin","canonicalName":"<the global object>"}},"arguments":[{"valueKind":"abstract-primitive","value":"NUM_UINT"}],"sourceLocation":{"fileName":"test/uneval/uneval46.js","lineNumber":"12","columnNumber":"1"}}
{"entryKind":"dynamic-code","code":"z = 3","sourceLocation":{"fileName":"test/uneval/uneval46.js","lineNumber":"8","columnNumber":"16"}}
{"entryKind":"dynamic-code","code":"z = 5","sourceLocation":{"fileName":"test/uneval/uneval46.js","lineNumber":"8","columnNumber":"16"}}
{"entryKind":"function-entry","base":{"valueKind":"abstract-object","value":{"objectKind":"builtin","canonicalName":"<the global object>"}},"arguments":[{"valueKind":"abstract-primitive","value":"STR_UINT"}],"sourceLocation":{"fileName":"test/uneval/uneval46.js","lineNumber":"1","columnNumber":"1"}}
{"entryKind":"function-entry","base":{"valueKind":"abstract-object","value":{"objectKind":"builtin","canonicalName":"<the global object>"}},"arguments":[{"valueKind":"abstract-primitive","value":"STR_UINT"}],"sourceLocation":{"fileName":"test/uneval/uneval46.js","lineNumber":"6","columnNumber":"1"}}
{"entryKind":"function-exit","returnValue":{"valueKind":"abstract-primitive","value":"NUM_UINT"},"sourceLocation":{"fileName":"test/uneval/uneval46.js","lineNumber":"1","columnNumber":"1"}}
{"entryKind":"function-exit","returnValue":{"valueKind":"abstract-primitive","value":"NUM_UINT"},"sourceLocation":{"fileName":"test/uneval/uneval46.js","lineNumber":"6","columnNumber":"1"}}
{"entryKind":"read-variable","name":{"valueKind":"concrete-string","value":"TAJS_dumpValue"},"value":{"valueKind":"abstract-object","value":{"objectKind":"other"}},"sourceLocation":{"fileName":"test/uneval/uneval46.js","lineNumber":"11","columnNumber":"1"}}
{"entryKind":"read-variable","name":{"valueKind":"concrete-string","value":"TAJS_dumpValue"},"value":{"valueKind":"abstract-object","value":{"objectKind":"other"}},"sourceLocation":{"fileName":"test/uneval/uneval46.js","lineNumber":"12","columnNumber":"1"}}
{"entryKind":"read-variable","name":{"valueKind":"concrete-string","value":"a"},"value":{"valueKind":"abstract-primitive","value":"STR_UINT"},"sourceLocation":{"fileName":"test/uneval/uneval46.js","lineNumber":"8","columnNumber":"25"}}
{"entryKind":"read-variable","name":{"valueKind":"concrete-string","value":"f"},"value":{"valueKind":"abstract-object","value":{"objectKind":"allocation-site","allocationSite":{"fileName":"test/uneval/uneval46.js","lineNumber":"1","columnNumber":"1"}}},"sourceLocation":{"fileName":"test/uneval/uneval46.js","lineNumber":"11","columnNumber":"16"}}
{"entryKind":"read-variable","name":{"valueKind":"concrete-string","value":"f"},"value":{"valueKind":"abstract-object","value":{"objectKind":"allocation-site","allocationSite":{"fileName":"test/uneval/uneval46.js","lineNumber":"1","columnNumber":"1"}}},"sourceLocation":{"fileName":"test/uneval/uneval46.js","lineNumber":"12","columnNumber":"16"}}
{"entryKind":"read-variable","name":{"valueKind":"concrete-string","value":"g"},"value":{"valueKind":"abstract-object","value":{"objectKind":"allocation-site","allocationSite":{"fileName":"test/uneval/uneval46.js","lineNumber":"6","columnNumber":"1"}}},"sourceLocation":{"fileName":"test/uneval/uneval46.js","lineNumber":"3","columnNumber":"12"}}
{"entryKind":"read-variable","name":{"valueKind":"concrete-string","value":"x"},"value":{"valueKind":"abstract-primitive","value":"STR_UINT"},"sourceLocation":{"fileName":"test/uneval/uneval46.js","lineNumber":"2","columnNumber":"9"}}
{"entryKind":"read-variable","name":{"valueKind":"concrete-string","value":"y"},"value":{"valueKind":"abstract-primitive","value":"STR_UINT"},"sourceLocation":{"fileName":"test/uneval/uneval46.js","lineNumber":"7","columnNumber":"8"}}
{"entryKind":"read-variable","name":{"valueKind":"concrete-string","value":"z"},"value":{"valueKind":"abstract-primitive","value":"STR_UINT"},"sourceLocation":{"fileName":"test/uneval/uneval46.js","lineNumber":"3","columnNumber":"14"}}
{"entryKind":"write-variable","name":{"valueKind":"concrete-string","value":"a"},"value":{"valueKind":"abstract-primitive","value":"STR_UINT"},"sourceLocation":{"fileName":"test/uneval/uneval46.js","lineNumber":"7","columnNumber":"8"}}
{"entryKind":"write-variable","name":{"valueKind":"concrete-string","value":"z"},"value":{"valueKind":"abstract-primitive","value":"NUM_UINT"},"sourceLocation":{"fileName":"eval(test/uneval/uneval46.js","lineNumber":"8","columnNumber":"16"}}
{"entryKind":"write-variable","name":{"valueKind":"concrete-string","value":"z"},"value":{"valueKind":"abstract-primitive","value":"STR_UINT"},"sourceLocation":{"fileName":"test/uneval/uneval46.js","lineNumber":"2","columnNumber":"9"}}
