{"sha":"c9c3886921843abef297860441434996163ee5a5", "time":1465383987}
{"entryKind":"call","function":{"valueKind":"abstract-object","value":{"objectKind":"allocation-site","allocationSite":{"fileName":"test/wala/newfn.js","lineNumber":"2","columnNumber":"12"}}},"base":{"valueKind":"abstract-object","value":{"objectKind":"builtin","canonicalName":"<the global object>"}},"arguments":[{"valueKind":"abstract-primitive","value":"NUM_UINT"},{"valueKind":"abstract-primitive","value":"NUM_UINT"},{"valueKind":"abstract-primitive","value":"NUM_UINT"}],"sourceLocation":{"fileName":"test/wala/newfn.js","lineNumber":"8","columnNumber":"9"}}
{"entryKind":"call","function":{"valueKind":"abstract-object","value":{"objectKind":"allocation-site","allocationSite":{"fileName":"test/wala/newfn.js","lineNumber":"4","columnNumber":"12"}}},"base":{"valueKind":"abstract-object","value":{"objectKind":"builtin","canonicalName":"<the global object>"}},"arguments":[{"valueKind":"abstract-primitive","value":"NUM_UINT"},{"valueKind":"abstract-primitive","value":"NUM_UINT"},{"valueKind":"abstract-primitive","value":"1"}],"sourceLocation":{"fileName":"test/wala/newfn.js","lineNumber":"10","columnNumber":"9"}}
{"entryKind":"call","function":{"valueKind":"abstract-object","value":{"objectKind":"allocation-site","allocationSite":{"fileName":"test/wala/newfn.js","lineNumber":"6","columnNumber":"12"}}},"base":{"valueKind":"abstract-object","value":{"objectKind":"builtin","canonicalName":"<the global object>"}},"arguments":[{"valueKind":"abstract-primitive","value":"NUM_UINT"},{"valueKind":"abstract-primitive","value":"NUM_UINT"},{"valueKind":"abstract-primitive","value":"NUM_UINT"}],"sourceLocation":{"fileName":"test/wala/newfn.js","lineNumber":"12","columnNumber":"9"}}
{"entryKind":"call","function":{"valueKind":"abstract-object","value":{"objectKind":"builtin","canonicalName":"Function"}},"base":{"valueKind":"abstract-object","value":{"objectKind":"builtin","canonicalName":"<the global object>"}},"arguments":[{"valueKind":"abstract-primitive","value":"STR_IDENTIFIER"},{"valueKind":"abstract-primitive","value":"STR_IDENTIFIER"},{"valueKind":"abstract-primitive","value":"STR_IDENTIFIER"},{"valueKind":"abstract-primitive","value":"STR_OTHER"}],"sourceLocation":{"fileName":"test/wala/newfn.js","lineNumber":"2","columnNumber":"12"}}
{"entryKind":"call","function":{"valueKind":"abstract-object","value":{"objectKind":"builtin","canonicalName":"Function"}},"base":{"valueKind":"abstract-object","value":{"objectKind":"builtin","canonicalName":"<the global object>"}},"arguments":[{"valueKind":"abstract-primitive","value":"STR_OTHER"},{"valueKind":"abstract-primitive","value":"STR_IDENTIFIER"},{"valueKind":"abstract-primitive","value":"STR_OTHER"}],"sourceLocation":{"fileName":"test/wala/newfn.js","lineNumber":"6","columnNumber":"12"}}
{"entryKind":"call","function":{"valueKind":"abstract-object","value":{"objectKind":"builtin","canonicalName":"Function"}},"base":{"valueKind":"abstract-object","value":{"objectKind":"builtin","canonicalName":"<the global object>"}},"arguments":[{"valueKind":"abstract-primitive","value":"STR_OTHER"},{"valueKind":"abstract-primitive","value":"STR_OTHER"}],"sourceLocation":{"fileName":"test/wala/newfn.js","lineNumber":"4","columnNumber":"12"}}
{"entryKind":"call","function":{"valueKind":"abstract-object","value":{"objectKind":"other"}},"base":{"valueKind":"abstract-object","value":{"objectKind":"builtin","canonicalName":"<the global object>"}},"arguments":[{"valueKind":"abstract-primitive","value":"NUM_UINT"}],"sourceLocation":{"fileName":"test/wala/newfn.js","lineNumber":"17","columnNumber":"1"}}
{"entryKind":"call","function":{"valueKind":"abstract-object","value":{"objectKind":"other"}},"base":{"valueKind":"abstract-object","value":{"objectKind":"builtin","canonicalName":"<the global object>"}},"arguments":[{"valueKind":"abstract-primitive","value":"NUM_UINT"}],"sourceLocation":{"fileName":"test/wala/newfn.js","lineNumber":"18","columnNumber":"1"}}
{"entryKind":"call","function":{"valueKind":"abstract-object","value":{"objectKind":"other"}},"base":{"valueKind":"abstract-object","value":{"objectKind":"builtin","canonicalName":"<the global object>"}},"arguments":[{"valueKind":"abstract-primitive","value":"NUM_UINT"}],"sourceLocation":{"fileName":"test/wala/newfn.js","lineNumber":"19","columnNumber":"1"}}
{"entryKind":"call","function":{"valueKind":"abstract-object","value":{"objectKind":"other"}},"base":{"valueKind":"abstract-object","value":{"objectKind":"builtin","canonicalName":"<the global object>"}},"arguments":[{"valueKind":"abstract-primitive","value":"true"}],"sourceLocation":{"fileName":"test/wala/newfn.js","lineNumber":"14","columnNumber":"1"}}
{"entryKind":"call","function":{"valueKind":"abstract-object","value":{"objectKind":"other"}},"base":{"valueKind":"abstract-object","value":{"objectKind":"builtin","canonicalName":"<the global object>"}},"arguments":[{"valueKind":"abstract-primitive","value":"true"}],"sourceLocation":{"fileName":"test/wala/newfn.js","lineNumber":"15","columnNumber":"1"}}
{"entryKind":"call","function":{"valueKind":"abstract-object","value":{"objectKind":"other"}},"base":{"valueKind":"abstract-object","value":{"objectKind":"builtin","canonicalName":"<the global object>"}},"arguments":[{"valueKind":"abstract-primitive","value":"true"}],"sourceLocation":{"fileName":"test/wala/newfn.js","lineNumber":"16","columnNumber":"1"}}
{"entryKind":"dynamic-code","code":"(function(a, b, c) { return a+b+c })","sourceLocation":{"fileName":"test/wala/newfn.js","lineNumber":"2","columnNumber":"12"}}
{"entryKind":"dynamic-code","code":"(function(a, b, c) { return a+b+c })","sourceLocation":{"fileName":"test/wala/newfn.js","lineNumber":"4","columnNumber":"12"}}
{"entryKind":"dynamic-code","code":"(function(a, b, c) { return a+b+c })","sourceLocation":{"fileName":"test/wala/newfn.js","lineNumber":"6","columnNumber":"12"}}
{"entryKind":"function-entry","base":{"valueKind":"abstract-object","value":{"objectKind":"builtin","canonicalName":"<the global object>"}},"arguments":[{"valueKind":"abstract-primitive","value":"NUM_UINT"},{"valueKind":"abstract-primitive","value":"NUM_UINT"},{"valueKind":"abstract-primitive","value":"1"}],"sourceLocation":{"fileName":"eval(test/wala/newfn.js","lineNumber":"4","columnNumber":"12"}}
{"entryKind":"function-entry","base":{"valueKind":"abstract-object","value":{"objectKind":"builtin","canonicalName":"<the global object>"}},"arguments":[{"valueKind":"abstract-primitive","value":"NUM_UINT"},{"valueKind":"abstract-primitive","value":"NUM_UINT"},{"valueKind":"abstract-primitive","value":"NUM_UINT"}],"sourceLocation":{"fileName":"eval(test/wala/newfn.js","lineNumber":"2","columnNumber":"12"}}
{"entryKind":"function-entry","base":{"valueKind":"abstract-object","value":{"objectKind":"builtin","canonicalName":"<the global object>"}},"arguments":[{"valueKind":"abstract-primitive","value":"NUM_UINT"},{"valueKind":"abstract-primitive","value":"NUM_UINT"},{"valueKind":"abstract-primitive","value":"NUM_UINT"}],"sourceLocation":{"fileName":"eval(test/wala/newfn.js","lineNumber":"6","columnNumber":"12"}}
{"entryKind":"function-exit","returnValue":{"valueKind":"abstract-primitive","value":"NUM_UINT"},"sourceLocation":{"fileName":"eval(test/wala/newfn.js","lineNumber":"2","columnNumber":"12"}}
{"entryKind":"function-exit","returnValue":{"valueKind":"abstract-primitive","value":"NUM_UINT"},"sourceLocation":{"fileName":"eval(test/wala/newfn.js","lineNumber":"4","columnNumber":"12"}}
{"entryKind":"function-exit","returnValue":{"valueKind":"abstract-primitive","value":"NUM_UINT"},"sourceLocation":{"fileName":"eval(test/wala/newfn.js","lineNumber":"6","columnNumber":"12"}}
{"entryKind":"read-variable","name":{"valueKind":"concrete-string","value":"Function"},"value":{"valueKind":"abstract-object","value":{"objectKind":"builtin","canonicalName":"Function"}},"sourceLocation":{"fileName":"test/wala/newfn.js","lineNumber":"2","columnNumber":"16"}}
{"entryKind":"read-variable","name":{"valueKind":"concrete-string","value":"Function"},"value":{"valueKind":"abstract-object","value":{"objectKind":"builtin","canonicalName":"Function"}},"sourceLocation":{"fileName":"test/wala/newfn.js","lineNumber":"4","columnNumber":"16"}}
{"entryKind":"read-variable","name":{"valueKind":"concrete-string","value":"Function"},"value":{"valueKind":"abstract-object","value":{"objectKind":"builtin","canonicalName":"Function"}},"sourceLocation":{"fileName":"test/wala/newfn.js","lineNumber":"6","columnNumber":"16"}}
{"entryKind":"read-variable","name":{"valueKind":"concrete-string","value":"TAJS_assert"},"value":{"valueKind":"abstract-object","value":{"objectKind":"other"}},"sourceLocation":{"fileName":"test/wala/newfn.js","lineNumber":"14","columnNumber":"1"}}
{"entryKind":"read-variable","name":{"valueKind":"concrete-string","value":"TAJS_assert"},"value":{"valueKind":"abstract-object","value":{"objectKind":"other"}},"sourceLocation":{"fileName":"test/wala/newfn.js","lineNumber":"15","columnNumber":"1"}}
{"entryKind":"read-variable","name":{"valueKind":"concrete-string","value":"TAJS_assert"},"value":{"valueKind":"abstract-object","value":{"objectKind":"other"}},"sourceLocation":{"fileName":"test/wala/newfn.js","lineNumber":"16","columnNumber":"1"}}
{"entryKind":"read-variable","name":{"valueKind":"concrete-string","value":"TAJS_dumpValue"},"value":{"valueKind":"abstract-object","value":{"objectKind":"other"}},"sourceLocation":{"fileName":"test/wala/newfn.js","lineNumber":"17","columnNumber":"1"}}
{"entryKind":"read-variable","name":{"valueKind":"concrete-string","value":"TAJS_dumpValue"},"value":{"valueKind":"abstract-object","value":{"objectKind":"other"}},"sourceLocation":{"fileName":"test/wala/newfn.js","lineNumber":"18","columnNumber":"1"}}
{"entryKind":"read-variable","name":{"valueKind":"concrete-string","value":"TAJS_dumpValue"},"value":{"valueKind":"abstract-object","value":{"objectKind":"other"}},"sourceLocation":{"fileName":"test/wala/newfn.js","lineNumber":"19","columnNumber":"1"}}
{"entryKind":"read-variable","name":{"valueKind":"concrete-string","value":"a"},"value":{"valueKind":"abstract-primitive","value":"NUM_UINT"},"sourceLocation":{"fileName":"eval(test/wala/newfn.js","lineNumber":"2","columnNumber":"12"}}
{"entryKind":"read-variable","name":{"valueKind":"concrete-string","value":"a"},"value":{"valueKind":"abstract-primitive","value":"NUM_UINT"},"sourceLocation":{"fileName":"eval(test/wala/newfn.js","lineNumber":"4","columnNumber":"12"}}
{"entryKind":"read-variable","name":{"valueKind":"concrete-string","value":"a"},"value":{"valueKind":"abstract-primitive","value":"NUM_UINT"},"sourceLocation":{"fileName":"eval(test/wala/newfn.js","lineNumber":"6","columnNumber":"12"}}
{"entryKind":"read-variable","name":{"valueKind":"concrete-string","value":"b"},"value":{"valueKind":"abstract-primitive","value":"NUM_UINT"},"sourceLocation":{"fileName":"eval(test/wala/newfn.js","lineNumber":"2","columnNumber":"12"}}
{"entryKind":"read-variable","name":{"valueKind":"concrete-string","value":"b"},"value":{"valueKind":"abstract-primitive","value":"NUM_UINT"},"sourceLocation":{"fileName":"eval(test/wala/newfn.js","lineNumber":"4","columnNumber":"12"}}
{"entryKind":"read-variable","name":{"valueKind":"concrete-string","value":"b"},"value":{"valueKind":"abstract-primitive","value":"NUM_UINT"},"sourceLocation":{"fileName":"eval(test/wala/newfn.js","lineNumber":"6","columnNumber":"12"}}
{"entryKind":"read-variable","name":{"valueKind":"concrete-string","value":"c"},"value":{"valueKind":"abstract-primitive","value":"1"},"sourceLocation":{"fileName":"eval(test/wala/newfn.js","lineNumber":"4","columnNumber":"12"}}
{"entryKind":"read-variable","name":{"valueKind":"concrete-string","value":"c"},"value":{"valueKind":"abstract-primitive","value":"NUM_UINT"},"sourceLocation":{"fileName":"eval(test/wala/newfn.js","lineNumber":"2","columnNumber":"12"}}
{"entryKind":"read-variable","name":{"valueKind":"concrete-string","value":"c"},"value":{"valueKind":"abstract-primitive","value":"NUM_UINT"},"sourceLocation":{"fileName":"eval(test/wala/newfn.js","lineNumber":"6","columnNumber":"12"}}
{"entryKind":"read-variable","name":{"valueKind":"concrete-string","value":"fun1"},"value":{"valueKind":"abstract-object","value":{"objectKind":"allocation-site","allocationSite":{"fileName":"test/wala/newfn.js","lineNumber":"2","columnNumber":"12"}}},"sourceLocation":{"fileName":"test/wala/newfn.js","lineNumber":"8","columnNumber":"9"}}
{"entryKind":"read-variable","name":{"valueKind":"concrete-string","value":"fun2"},"value":{"valueKind":"abstract-object","value":{"objectKind":"allocation-site","allocationSite":{"fileName":"test/wala/newfn.js","lineNumber":"4","columnNumber":"12"}}},"sourceLocation":{"fileName":"test/wala/newfn.js","lineNumber":"10","columnNumber":"9"}}
{"entryKind":"read-variable","name":{"valueKind":"concrete-string","value":"fun3"},"value":{"valueKind":"abstract-object","value":{"objectKind":"allocation-site","allocationSite":{"fileName":"test/wala/newfn.js","lineNumber":"6","columnNumber":"12"}}},"sourceLocation":{"fileName":"test/wala/newfn.js","lineNumber":"12","columnNumber":"9"}}
{"entryKind":"read-variable","name":{"valueKind":"concrete-string","value":"x"},"value":{"valueKind":"abstract-primitive","value":"NUM_UINT"},"sourceLocation":{"fileName":"test/wala/newfn.js","lineNumber":"14","columnNumber":"13"}}
{"entryKind":"read-variable","name":{"valueKind":"concrete-string","value":"x"},"value":{"valueKind":"abstract-primitive","value":"NUM_UINT"},"sourceLocation":{"fileName":"test/wala/newfn.js","lineNumber":"17","columnNumber":"16"}}
{"entryKind":"read-variable","name":{"valueKind":"concrete-string","value":"y"},"value":{"valueKind":"abstract-primitive","value":"NUM_UINT"},"sourceLocation":{"fileName":"test/wala/newfn.js","lineNumber":"15","columnNumber":"13"}}
{"entryKind":"read-variable","name":{"valueKind":"concrete-string","value":"y"},"value":{"valueKind":"abstract-primitive","value":"NUM_UINT"},"sourceLocation":{"fileName":"test/wala/newfn.js","lineNumber":"18","columnNumber":"16"}}
{"entryKind":"read-variable","name":{"valueKind":"concrete-string","value":"z"},"value":{"valueKind":"abstract-primitive","value":"NUM_UINT"},"sourceLocation":{"fileName":"test/wala/newfn.js","lineNumber":"16","columnNumber":"13"}}
{"entryKind":"read-variable","name":{"valueKind":"concrete-string","value":"z"},"value":{"valueKind":"abstract-primitive","value":"NUM_UINT"},"sourceLocation":{"fileName":"test/wala/newfn.js","lineNumber":"19","columnNumber":"16"}}
{"entryKind":"write-variable","name":{"valueKind":"concrete-string","value":"fun1"},"value":{"valueKind":"abstract-object","value":{"objectKind":"allocation-site","allocationSite":{"fileName":"test/wala/newfn.js","lineNumber":"2","columnNumber":"12"}}},"sourceLocation":{"fileName":"test/wala/newfn.js","lineNumber":"2","columnNumber":"12"}}
{"entryKind":"write-variable","name":{"valueKind":"concrete-string","value":"fun2"},"value":{"valueKind":"abstract-object","value":{"objectKind":"allocation-site","allocationSite":{"fileName":"test/wala/newfn.js","lineNumber":"4","columnNumber":"12"}}},"sourceLocation":{"fileName":"test/wala/newfn.js","lineNumber":"4","columnNumber":"12"}}
{"entryKind":"write-variable","name":{"valueKind":"concrete-string","value":"fun3"},"value":{"valueKind":"abstract-object","value":{"objectKind":"allocation-site","allocationSite":{"fileName":"test/wala/newfn.js","lineNumber":"6","columnNumber":"12"}}},"sourceLocation":{"fileName":"test/wala/newfn.js","lineNumber":"6","columnNumber":"12"}}
{"entryKind":"write-variable","name":{"valueKind":"concrete-string","value":"x"},"value":{"valueKind":"abstract-primitive","value":"NUM_UINT"},"sourceLocation":{"fileName":"test/wala/newfn.js","lineNumber":"8","columnNumber":"9"}}
{"entryKind":"write-variable","name":{"valueKind":"concrete-string","value":"y"},"value":{"valueKind":"abstract-primitive","value":"NUM_UINT"},"sourceLocation":{"fileName":"test/wala/newfn.js","lineNumber":"10","columnNumber":"9"}}
{"entryKind":"write-variable","name":{"valueKind":"concrete-string","value":"z"},"value":{"valueKind":"abstract-primitive","value":"NUM_UINT"},"sourceLocation":{"fileName":"test/wala/newfn.js","lineNumber":"12","columnNumber":"9"}}
