{"entryKind":"call","function":{"valueKind":"abstract-object","value":{"objectKind":"allocation-site","allocationSite":{"fileName":"test/wala/simple-lexical.js","lineNumber":"14","columnNumber":"3"}}},"base":{"valueKind":"abstract-object","value":{"objectKind":"builtin","canonicalName":"<the global object>"}},"arguments":[{"valueKind":"abstract-primitive","value":"NUM_UINT"}],"sourceLocation":{"fileName":"test/wala/simple-lexical.js","lineNumber":"25","columnNumber":"3"}}
{"entryKind":"call","function":{"valueKind":"abstract-object","value":{"objectKind":"allocation-site","allocationSite":{"fileName":"test/wala/simple-lexical.js","lineNumber":"19","columnNumber":"3"}}},"base":{"valueKind":"abstract-object","value":{"objectKind":"builtin","canonicalName":"<the global object>"}},"arguments":[{"valueKind":"abstract-primitive","value":"NUM_UINT"}],"sourceLocation":{"fileName":"test/wala/simple-lexical.js","lineNumber":"29","columnNumber":"3"}}
{"entryKind":"call","function":{"valueKind":"abstract-object","value":{"objectKind":"allocation-site","allocationSite":{"fileName":"test/wala/simple-lexical.js","lineNumber":"2","columnNumber":"1"}}},"base":{"valueKind":"abstract-object","value":{"objectKind":"builtin","canonicalName":"<the global object>"}},"arguments":[{"valueKind":"abstract-primitive","value":"NUM_UINT"}],"sourceLocation":{"fileName":"test/wala/simple-lexical.js","lineNumber":"72","columnNumber":"14"}}
{"entryKind":"call","function":{"valueKind":"abstract-object","value":{"objectKind":"allocation-site","allocationSite":{"fileName":"test/wala/simple-lexical.js","lineNumber":"31","columnNumber":"4"}}},"base":{"valueKind":"abstract-object","value":{"objectKind":"builtin","canonicalName":"<the global object>"}},"arguments":[{"valueKind":"abstract-object","value":{"objectKind":"allocation-site","allocationSite":{"fileName":"test/wala/simple-lexical.js","lineNumber":"6","columnNumber":"3"}}},{"valueKind":"abstract-primitive","value":"NUM_UINT"}],"sourceLocation":{"fileName":"test/wala/simple-lexical.js","lineNumber":"31","columnNumber":"3"}}
{"entryKind":"call","function":{"valueKind":"abstract-object","value":{"objectKind":"allocation-site","allocationSite":{"fileName":"test/wala/simple-lexical.js","lineNumber":"33","columnNumber":"3"}}},"base":{"valueKind":"abstract-object","value":{"objectKind":"builtin","canonicalName":"<the global object>"}},"arguments":[],"sourceLocation":{"fileName":"test/wala/simple-lexical.js","lineNumber":"67","columnNumber":"3"}}
{"entryKind":"call","function":{"valueKind":"abstract-object","value":{"objectKind":"allocation-site","allocationSite":{"fileName":"test/wala/simple-lexical.js","lineNumber":"6","columnNumber":"3"}}},"base":{"valueKind":"abstract-object","value":{"objectKind":"builtin","canonicalName":"<the global object>"}},"arguments":[{"valueKind":"abstract-primitive","value":"NUM_UINT"}],"sourceLocation":{"fileName":"test/wala/simple-lexical.js","lineNumber":"16","columnNumber":"5"}}
{"entryKind":"call","function":{"valueKind":"abstract-object","value":{"objectKind":"allocation-site","allocationSite":{"fileName":"test/wala/simple-lexical.js","lineNumber":"6","columnNumber":"3"}}},"base":{"valueKind":"abstract-object","value":{"objectKind":"builtin","canonicalName":"<the global object>"}},"arguments":[{"valueKind":"abstract-primitive","value":"NUM_UINT"}],"sourceLocation":{"fileName":"test/wala/simple-lexical.js","lineNumber":"27","columnNumber":"3"}}
{"entryKind":"call","function":{"valueKind":"abstract-object","value":{"objectKind":"allocation-site","allocationSite":{"fileName":"test/wala/simple-lexical.js","lineNumber":"6","columnNumber":"3"}}},"base":{"valueKind":"abstract-object","value":{"objectKind":"builtin","canonicalName":"<the global object>"}},"arguments":[{"valueKind":"abstract-primitive","value":"NUM_UINT"}],"sourceLocation":{"fileName":"test/wala/simple-lexical.js","lineNumber":"31","columnNumber":"32"}}
{"entryKind":"call","function":{"valueKind":"abstract-object","value":{"objectKind":"other"}},"base":{"valueKind":"abstract-object","value":{"objectKind":"builtin","canonicalName":"<the global object>"}},"arguments":[{"valueKind":"abstract-primitive","value":"NUM_UINT"},{"valueKind":"abstract-primitive","value":"STR_IDENTIFIER"}],"sourceLocation":{"fileName":"test/wala/simple-lexical.js","lineNumber":"74","columnNumber":"1"}}
{"entryKind":"function-entry","base":{"valueKind":"abstract-object","value":{"objectKind":"builtin","canonicalName":"<the global object>"}},"arguments":[],"sourceLocation":{"fileName":"test/wala/simple-lexical.js","lineNumber":"33","columnNumber":"3"}}
{"entryKind":"function-entry","base":{"valueKind":"abstract-object","value":{"objectKind":"builtin","canonicalName":"<the global object>"}},"arguments":[{"valueKind":"abstract-object","value":{"objectKind":"allocation-site","allocationSite":{"fileName":"test/wala/simple-lexical.js","lineNumber":"6","columnNumber":"3"}}},{"valueKind":"abstract-primitive","value":"NUM_UINT"}],"sourceLocation":{"fileName":"test/wala/simple-lexical.js","lineNumber":"31","columnNumber":"4"}}
{"entryKind":"function-entry","base":{"valueKind":"abstract-object","value":{"objectKind":"builtin","canonicalName":"<the global object>"}},"arguments":[{"valueKind":"abstract-primitive","value":"NUM_UINT"}],"sourceLocation":{"fileName":"test/wala/simple-lexical.js","lineNumber":"14","columnNumber":"3"}}
{"entryKind":"function-entry","base":{"valueKind":"abstract-object","value":{"objectKind":"builtin","canonicalName":"<the global object>"}},"arguments":[{"valueKind":"abstract-primitive","value":"NUM_UINT"}],"sourceLocation":{"fileName":"test/wala/simple-lexical.js","lineNumber":"19","columnNumber":"3"}}
{"entryKind":"function-entry","base":{"valueKind":"abstract-object","value":{"objectKind":"builtin","canonicalName":"<the global object>"}},"arguments":[{"valueKind":"abstract-primitive","value":"NUM_UINT"}],"sourceLocation":{"fileName":"test/wala/simple-lexical.js","lineNumber":"2","columnNumber":"1"}}
{"entryKind":"function-entry","base":{"valueKind":"abstract-object","value":{"objectKind":"builtin","canonicalName":"<the global object>"}},"arguments":[{"valueKind":"abstract-primitive","value":"NUM_UINT"}],"sourceLocation":{"fileName":"test/wala/simple-lexical.js","lineNumber":"6","columnNumber":"3"}}
{"entryKind":"function-exit","returnValue":{"valueKind":"abstract-primitive","value":"NUM_UINT"},"sourceLocation":{"fileName":"test/wala/simple-lexical.js","lineNumber":"2","columnNumber":"1"}}
{"entryKind":"function-exit","returnValue":{"valueKind":"abstract-primitive","value":"NUM_UINT"},"sourceLocation":{"fileName":"test/wala/simple-lexical.js","lineNumber":"33","columnNumber":"3"}}
{"entryKind":"function-exit","returnValue":{"valueKind":"abstract-primitive","value":"undefined"},"sourceLocation":{"fileName":"test/wala/simple-lexical.js","lineNumber":"14","columnNumber":"3"}}
{"entryKind":"function-exit","returnValue":{"valueKind":"abstract-primitive","value":"undefined"},"sourceLocation":{"fileName":"test/wala/simple-lexical.js","lineNumber":"19","columnNumber":"3"}}
{"entryKind":"function-exit","returnValue":{"valueKind":"abstract-primitive","value":"undefined"},"sourceLocation":{"fileName":"test/wala/simple-lexical.js","lineNumber":"31","columnNumber":"4"}}
{"entryKind":"function-exit","returnValue":{"valueKind":"abstract-primitive","value":"undefined"},"sourceLocation":{"fileName":"test/wala/simple-lexical.js","lineNumber":"6","columnNumber":"3"}}
{"entryKind":"read-variable","name":{"valueKind":"concrete-string","value":"TAJS_assert"},"value":{"valueKind":"abstract-object","value":{"objectKind":"other"}},"sourceLocation":{"fileName":"test/wala/simple-lexical.js","lineNumber":"74","columnNumber":"1"}}
{"entryKind":"read-variable","name":{"valueKind":"concrete-string","value":"f"},"value":{"valueKind":"abstract-object","value":{"objectKind":"allocation-site","allocationSite":{"fileName":"test/wala/simple-lexical.js","lineNumber":"6","columnNumber":"3"}}},"sourceLocation":{"fileName":"test/wala/simple-lexical.js","lineNumber":"31","columnNumber":"32"}}
{"entryKind":"read-variable","name":{"valueKind":"concrete-string","value":"inner"},"value":{"valueKind":"abstract-object","value":{"objectKind":"allocation-site","allocationSite":{"fileName":"test/wala/simple-lexical.js","lineNumber":"6","columnNumber":"3"}}},"sourceLocation":{"fileName":"test/wala/simple-lexical.js","lineNumber":"12","columnNumber":"19"}}
{"entryKind":"read-variable","name":{"valueKind":"concrete-string","value":"inner"},"value":{"valueKind":"abstract-object","value":{"objectKind":"allocation-site","allocationSite":{"fileName":"test/wala/simple-lexical.js","lineNumber":"6","columnNumber":"3"}}},"sourceLocation":{"fileName":"test/wala/simple-lexical.js","lineNumber":"27","columnNumber":"3"}}
{"entryKind":"read-variable","name":{"valueKind":"concrete-string","value":"inner2"},"value":{"valueKind":"abstract-object","value":{"objectKind":"allocation-site","allocationSite":{"fileName":"test/wala/simple-lexical.js","lineNumber":"14","columnNumber":"3"}}},"sourceLocation":{"fileName":"test/wala/simple-lexical.js","lineNumber":"25","columnNumber":"3"}}
{"entryKind":"read-variable","name":{"valueKind":"concrete-string","value":"inner3"},"value":{"valueKind":"abstract-object","value":{"objectKind":"allocation-site","allocationSite":{"fileName":"test/wala/simple-lexical.js","lineNumber":"19","columnNumber":"3"}}},"sourceLocation":{"fileName":"test/wala/simple-lexical.js","lineNumber":"29","columnNumber":"3"}}
{"entryKind":"read-variable","name":{"valueKind":"concrete-string","value":"innerName"},"value":{"valueKind":"abstract-object","value":{"objectKind":"allocation-site","allocationSite":{"fileName":"test/wala/simple-lexical.js","lineNumber":"6","columnNumber":"3"}}},"sourceLocation":{"fileName":"test/wala/simple-lexical.js","lineNumber":"16","columnNumber":"5"}}
{"entryKind":"read-variable","name":{"valueKind":"concrete-string","value":"innerName"},"value":{"valueKind":"abstract-object","value":{"objectKind":"allocation-site","allocationSite":{"fileName":"test/wala/simple-lexical.js","lineNumber":"6","columnNumber":"3"}}},"sourceLocation":{"fileName":"test/wala/simple-lexical.js","lineNumber":"31","columnNumber":"42"}}
{"entryKind":"read-variable","name":{"valueKind":"concrete-string","value":"level1"},"value":{"valueKind":"abstract-object","value":{"objectKind":"allocation-site","allocationSite":{"fileName":"test/wala/simple-lexical.js","lineNumber":"33","columnNumber":"3"}}},"sourceLocation":{"fileName":"test/wala/simple-lexical.js","lineNumber":"67","columnNumber":"3"}}
{"entryKind":"read-variable","name":{"valueKind":"concrete-string","value":"outer"},"value":{"valueKind":"abstract-object","value":{"objectKind":"allocation-site","allocationSite":{"fileName":"test/wala/simple-lexical.js","lineNumber":"2","columnNumber":"1"}}},"sourceLocation":{"fileName":"test/wala/simple-lexical.js","lineNumber":"72","columnNumber":"14"}}
{"entryKind":"read-variable","name":{"valueKind":"concrete-string","value":"result"},"value":{"valueKind":"abstract-primitive","value":"NUM_UINT"},"sourceLocation":{"fileName":"test/wala/simple-lexical.js","lineNumber":"74","columnNumber":"13"}}
{"entryKind":"read-variable","name":{"valueKind":"concrete-string","value":"x"},"value":{"valueKind":"abstract-primitive","value":"0"},"sourceLocation":{"fileName":"test/wala/simple-lexical.js","lineNumber":"20","columnNumber":"16"}}
{"entryKind":"read-variable","name":{"valueKind":"concrete-string","value":"x"},"value":{"valueKind":"abstract-primitive","value":"0"},"sourceLocation":{"fileName":"test/wala/simple-lexical.js","lineNumber":"20","columnNumber":"24"}}
{"entryKind":"read-variable","name":{"valueKind":"concrete-string","value":"x"},"value":{"valueKind":"abstract-primitive","value":"1"},"sourceLocation":{"fileName":"test/wala/simple-lexical.js","lineNumber":"20","columnNumber":"16"}}
{"entryKind":"read-variable","name":{"valueKind":"concrete-string","value":"x"},"value":{"valueKind":"abstract-primitive","value":"1"},"sourceLocation":{"fileName":"test/wala/simple-lexical.js","lineNumber":"20","columnNumber":"24"}}
{"entryKind":"read-variable","name":{"valueKind":"concrete-string","value":"x"},"value":{"valueKind":"abstract-primitive","value":"NUM_UINT"},"sourceLocation":{"fileName":"test/wala/simple-lexical.js","lineNumber":"20","columnNumber":"16"}}
{"entryKind":"read-variable","name":{"valueKind":"concrete-string","value":"x"},"value":{"valueKind":"abstract-primitive","value":"NUM_UINT"},"sourceLocation":{"fileName":"test/wala/simple-lexical.js","lineNumber":"20","columnNumber":"24"}}
{"entryKind":"read-variable","name":{"valueKind":"concrete-string","value":"x"},"value":{"valueKind":"abstract-primitive","value":"NUM_UINT"},"sourceLocation":{"fileName":"test/wala/simple-lexical.js","lineNumber":"25","columnNumber":"11"}}
{"entryKind":"read-variable","name":{"valueKind":"concrete-string","value":"x"},"value":{"valueKind":"abstract-primitive","value":"NUM_UINT"},"sourceLocation":{"fileName":"test/wala/simple-lexical.js","lineNumber":"3","columnNumber":"3"}}
{"entryKind":"read-variable","name":{"valueKind":"concrete-string","value":"x"},"value":{"valueKind":"abstract-primitive","value":"NUM_UINT"},"sourceLocation":{"fileName":"test/wala/simple-lexical.js","lineNumber":"31","columnNumber":"34"}}
{"entryKind":"read-variable","name":{"valueKind":"concrete-string","value":"x"},"value":{"valueKind":"abstract-primitive","value":"NUM_UINT"},"sourceLocation":{"fileName":"test/wala/simple-lexical.js","lineNumber":"4","columnNumber":"11"}}
{"entryKind":"read-variable","name":{"valueKind":"concrete-string","value":"x"},"value":{"valueKind":"abstract-primitive","value":"NUM_UINT"},"sourceLocation":{"fileName":"test/wala/simple-lexical.js","lineNumber":"60","columnNumber":"5"}}
{"entryKind":"read-variable","name":{"valueKind":"concrete-string","value":"x"},"value":{"valueKind":"abstract-primitive","value":"NUM_UINT"},"sourceLocation":{"fileName":"test/wala/simple-lexical.js","lineNumber":"61","columnNumber":"9"}}
{"entryKind":"read-variable","name":{"valueKind":"concrete-string","value":"x"},"value":{"valueKind":"abstract-primitive","value":"NUM_UINT"},"sourceLocation":{"fileName":"test/wala/simple-lexical.js","lineNumber":"64","columnNumber":"12"}}
{"entryKind":"read-variable","name":{"valueKind":"concrete-string","value":"x"},"value":{"valueKind":"abstract-primitive","value":"NUM_UINT"},"sourceLocation":{"fileName":"test/wala/simple-lexical.js","lineNumber":"69","columnNumber":"10"}}
{"entryKind":"read-variable","name":{"valueKind":"concrete-string","value":"x"},"value":{"valueKind":"abstract-primitive","value":"NUM_UINT"},"sourceLocation":{"fileName":"test/wala/simple-lexical.js","lineNumber":"7","columnNumber":"5"}}
{"entryKind":"read-variable","name":{"valueKind":"concrete-string","value":"x"},"value":{"valueKind":"abstract-primitive","value":"NUM_UINT"},"sourceLocation":{"fileName":"test/wala/simple-lexical.js","lineNumber":"9","columnNumber":"5"}}
{"entryKind":"read-variable","name":{"valueKind":"concrete-string","value":"y"},"value":{"valueKind":"abstract-primitive","value":"NUM_UINT"},"sourceLocation":{"fileName":"test/wala/simple-lexical.js","lineNumber":"15","columnNumber":"9"}}
{"entryKind":"read-variable","name":{"valueKind":"concrete-string","value":"y"},"value":{"valueKind":"abstract-primitive","value":"NUM_UINT"},"sourceLocation":{"fileName":"test/wala/simple-lexical.js","lineNumber":"16","columnNumber":"16"}}
{"entryKind":"read-variable","name":{"valueKind":"concrete-string","value":"y"},"value":{"valueKind":"abstract-primitive","value":"NUM_UINT"},"sourceLocation":{"fileName":"test/wala/simple-lexical.js","lineNumber":"21","columnNumber":"7"}}
{"entryKind":"read-variable","name":{"valueKind":"concrete-string","value":"y"},"value":{"valueKind":"abstract-primitive","value":"NUM_UINT"},"sourceLocation":{"fileName":"test/wala/simple-lexical.js","lineNumber":"7","columnNumber":"10"}}
{"entryKind":"read-variable","name":{"valueKind":"concrete-string","value":"z"},"value":{"valueKind":"abstract-primitive","value":"NUM_UINT"},"sourceLocation":{"fileName":"test/wala/simple-lexical.js","lineNumber":"69","columnNumber":"12"}}
{"entryKind":"read-variable","name":{"valueKind":"concrete-string","value":"z"},"value":{"valueKind":"abstract-primitive","value":"NUM_UINT"},"sourceLocation":{"fileName":"test/wala/simple-lexical.js","lineNumber":"8","columnNumber":"5"}}
{"entryKind":"write-variable","name":{"valueKind":"concrete-string","value":"innerName"},"value":{"valueKind":"abstract-object","value":{"objectKind":"allocation-site","allocationSite":{"fileName":"test/wala/simple-lexical.js","lineNumber":"6","columnNumber":"3"}}},"sourceLocation":{"fileName":"test/wala/simple-lexical.js","lineNumber":"12","columnNumber":"19"}}
{"entryKind":"write-variable","name":{"valueKind":"concrete-string","value":"result"},"value":{"valueKind":"abstract-primitive","value":"NUM_UINT"},"sourceLocation":{"fileName":"test/wala/simple-lexical.js","lineNumber":"72","columnNumber":"14"}}
{"entryKind":"write-variable","name":{"valueKind":"concrete-string","value":"x"},"value":{"valueKind":"abstract-primitive","value":"0"},"sourceLocation":{"fileName":"test/wala/simple-lexical.js","lineNumber":"20","columnNumber":"13"}}
{"entryKind":"write-variable","name":{"valueKind":"concrete-string","value":"x"},"value":{"valueKind":"abstract-primitive","value":"1"},"sourceLocation":{"fileName":"test/wala/simple-lexical.js","lineNumber":-1,"columnNumber":-1}}
{"entryKind":"write-variable","name":{"valueKind":"concrete-string","value":"x"},"value":{"valueKind":"abstract-primitive","value":"NUM_UINT"},"sourceLocation":{"fileName":"test/wala/simple-lexical.js","lineNumber":"7","columnNumber":"10"}}
{"entryKind":"write-variable","name":{"valueKind":"concrete-string","value":"x"},"value":{"valueKind":"abstract-primitive","value":"NUM_UINT"},"sourceLocation":{"fileName":"test/wala/simple-lexical.js","lineNumber":-1,"columnNumber":-1}}
{"entryKind":"write-variable","name":{"valueKind":"concrete-string","value":"y"},"value":{"valueKind":"abstract-primitive","value":"NUM_UINT"},"sourceLocation":{"fileName":"test/wala/simple-lexical.js","lineNumber":-1,"columnNumber":-1}}
{"entryKind":"write-variable","name":{"valueKind":"concrete-string","value":"z"},"value":{"valueKind":"abstract-primitive","value":"NUM_UINT"},"sourceLocation":{"fileName":"test/wala/simple-lexical.js","lineNumber":"4","columnNumber":"11"}}
{"entryKind":"write-variable","name":{"valueKind":"concrete-string","value":"z"},"value":{"valueKind":"abstract-primitive","value":"NUM_UINT"},"sourceLocation":{"fileName":"test/wala/simple-lexical.js","lineNumber":"8","columnNumber":"10"}}
