{"sha":"74f3f4e3266bc25a811611ec86a9643a4faa9eef", "time":1465383987}
{"entryKind":"call","function":{"valueKind":"abstract-object","value":{"objectKind":"other"}},"base":{"valueKind":"abstract-object","value":{"objectKind":"allocation-site","allocationSite":{"fileName":"test/wala/string-prims.js","lineNumber":"2","columnNumber":"13"}}},"arguments":[],"sourceLocation":{"fileName":"test/wala/string-prims.js","lineNumber":"10","columnNumber":"16"}}
{"entryKind":"call","function":{"valueKind":"abstract-object","value":{"objectKind":"other"}},"base":{"valueKind":"abstract-object","value":{"objectKind":"allocation-site","allocationSite":{"fileName":"test/wala/string-prims.js","lineNumber":"2","columnNumber":"13"}}},"arguments":[{"valueKind":"abstract-primitive","value":"STR_OTHER"}],"sourceLocation":{"fileName":"test/wala/string-prims.js","lineNumber":"4","columnNumber":"13"}}
{"entryKind":"call","function":{"valueKind":"abstract-object","value":{"objectKind":"other"}},"base":{"valueKind":"abstract-object","value":{"objectKind":"builtin","canonicalName":"<the global object>"}},"arguments":[{"valueKind":"abstract-object","value":{"objectKind":"other"}}],"sourceLocation":{"fileName":"test/wala/string-prims.js","lineNumber":"11","columnNumber":"1"}}
{"entryKind":"call","function":{"valueKind":"abstract-object","value":{"objectKind":"other"}},"base":{"valueKind":"abstract-object","value":{"objectKind":"builtin","canonicalName":"<the global object>"}},"arguments":[{"valueKind":"abstract-primitive","value":"STR_IDENTIFIER"}],"sourceLocation":{"fileName":"test/wala/string-prims.js","lineNumber":"13","columnNumber":"1"}}
{"entryKind":"call","function":{"valueKind":"abstract-object","value":{"objectKind":"other"}},"base":{"valueKind":"abstract-object","value":{"objectKind":"builtin","canonicalName":"<the global object>"}},"arguments":[{"valueKind":"abstract-primitive","value":"STR_IDENTIFIERPARTS"}],"sourceLocation":{"fileName":"test/wala/string-prims.js","lineNumber":"12","columnNumber":"1"}}
{"entryKind":"call","function":{"valueKind":"abstract-object","value":{"objectKind":"other"}},"base":{"valueKind":"abstract-object","value":{"objectKind":"builtin","canonicalName":"<the global object>"}},"arguments":[{"valueKind":"abstract-primitive","value":"STR_OTHER"}],"sourceLocation":{"fileName":"test/wala/string-prims.js","lineNumber":"10","columnNumber":"1"}}
{"entryKind":"call","function":{"valueKind":"abstract-object","value":{"objectKind":"other"}},"base":{"valueKind":"abstract-object","value":{"objectKind":"builtin","canonicalName":"<the global object>"}},"arguments":[{"valueKind":"abstract-primitive","value":"STR_OTHER"}],"sourceLocation":{"fileName":"test/wala/string-prims.js","lineNumber":"2","columnNumber":"13"}}
{"entryKind":"call","function":{"valueKind":"abstract-object","value":{"objectKind":"other"}},"base":{"valueKind":"abstract-primitive","value":"STR_IDENTIFIERPARTS"},"arguments":[],"sourceLocation":{"fileName":"test/wala/string-prims.js","lineNumber":"8","columnNumber":"22"}}
{"entryKind":"read-property","name":{"valueKind":"abstract-primitive","value":"0"},"value":{"valueKind":"abstract-primitive","value":"STR_IDENTIFIERPARTS"},"sourceLocation":{"fileName":"test/wala/string-prims.js","lineNumber":"6","columnNumber":"17"}}
{"entryKind":"read-property","name":{"valueKind":"concrete-string","value":"split"},"value":{"valueKind":"abstract-object","value":{"objectKind":"other"}},"sourceLocation":{"fileName":"test/wala/string-prims.js","lineNumber":"4","columnNumber":"13"}}
{"entryKind":"read-property","name":{"valueKind":"concrete-string","value":"toUpperCase"},"value":{"valueKind":"abstract-object","value":{"objectKind":"other"}},"sourceLocation":{"fileName":"test/wala/string-prims.js","lineNumber":"8","columnNumber":"22"}}
{"entryKind":"read-property","name":{"valueKind":"concrete-string","value":"valueOf"},"value":{"valueKind":"abstract-object","value":{"objectKind":"other"}},"sourceLocation":{"fileName":"test/wala/string-prims.js","lineNumber":"10","columnNumber":"16"}}
{"entryKind":"read-variable","name":{"valueKind":"concrete-string","value":"String"},"value":{"valueKind":"abstract-object","value":{"objectKind":"other"}},"sourceLocation":{"fileName":"test/wala/string-prims.js","lineNumber":"2","columnNumber":"17"}}
{"entryKind":"read-variable","name":{"valueKind":"concrete-string","value":"TAJS_dumpObject"},"value":{"valueKind":"abstract-object","value":{"objectKind":"other"}},"sourceLocation":{"fileName":"test/wala/string-prims.js","lineNumber":"11","columnNumber":"1"}}
{"entryKind":"read-variable","name":{"valueKind":"concrete-string","value":"TAJS_dumpValue"},"value":{"valueKind":"abstract-object","value":{"objectKind":"other"}},"sourceLocation":{"fileName":"test/wala/string-prims.js","lineNumber":"10","columnNumber":"1"}}
{"entryKind":"read-variable","name":{"valueKind":"concrete-string","value":"TAJS_dumpValue"},"value":{"valueKind":"abstract-object","value":{"objectKind":"other"}},"sourceLocation":{"fileName":"test/wala/string-prims.js","lineNumber":"12","columnNumber":"1"}}
{"entryKind":"read-variable","name":{"valueKind":"concrete-string","value":"TAJS_dumpValue"},"value":{"valueKind":"abstract-object","value":{"objectKind":"other"}},"sourceLocation":{"fileName":"test/wala/string-prims.js","lineNumber":"13","columnNumber":"1"}}
{"entryKind":"read-variable","name":{"valueKind":"concrete-string","value":"firstWord"},"value":{"valueKind":"abstract-primitive","value":"STR_IDENTIFIERPARTS"},"sourceLocation":{"fileName":"test/wala/string-prims.js","lineNumber":"12","columnNumber":"16"}}
{"entryKind":"read-variable","name":{"valueKind":"concrete-string","value":"firstWord"},"value":{"valueKind":"abstract-primitive","value":"STR_IDENTIFIERPARTS"},"sourceLocation":{"fileName":"test/wala/string-prims.js","lineNumber":"8","columnNumber":"22"}}
{"entryKind":"read-variable","name":{"valueKind":"concrete-string","value":"firstWordUpper"},"value":{"valueKind":"abstract-primitive","value":"STR_IDENTIFIER"},"sourceLocation":{"fileName":"test/wala/string-prims.js","lineNumber":"13","columnNumber":"16"}}
{"entryKind":"read-variable","name":{"valueKind":"concrete-string","value":"stuff"},"value":{"valueKind":"abstract-object","value":{"objectKind":"allocation-site","allocationSite":{"fileName":"test/wala/string-prims.js","lineNumber":"2","columnNumber":"13"}}},"sourceLocation":{"fileName":"test/wala/string-prims.js","lineNumber":"10","columnNumber":"16"}}
{"entryKind":"read-variable","name":{"valueKind":"concrete-string","value":"stuff"},"value":{"valueKind":"abstract-object","value":{"objectKind":"allocation-site","allocationSite":{"fileName":"test/wala/string-prims.js","lineNumber":"2","columnNumber":"13"}}},"sourceLocation":{"fileName":"test/wala/string-prims.js","lineNumber":"4","columnNumber":"13"}}
{"entryKind":"read-variable","name":{"valueKind":"concrete-string","value":"words"},"value":{"valueKind":"abstract-object","value":{"objectKind":"other"}},"sourceLocation":{"fileName":"test/wala/string-prims.js","lineNumber":"11","columnNumber":"17"}}
{"entryKind":"read-variable","name":{"valueKind":"concrete-string","value":"words"},"value":{"valueKind":"abstract-object","value":{"objectKind":"other"}},"sourceLocation":{"fileName":"test/wala/string-prims.js","lineNumber":"6","columnNumber":"17"}}
{"entryKind":"write-variable","name":{"valueKind":"concrete-string","value":"firstWord"},"value":{"valueKind":"abstract-primitive","value":"STR_IDENTIFIERPARTS"},"sourceLocation":{"fileName":"test/wala/string-prims.js","lineNumber":"6","columnNumber":"17"}}
{"entryKind":"write-variable","name":{"valueKind":"concrete-string","value":"firstWordUpper"},"value":{"valueKind":"abstract-primitive","value":"STR_IDENTIFIER"},"sourceLocation":{"fileName":"test/wala/string-prims.js","lineNumber":"8","columnNumber":"22"}}
{"entryKind":"write-variable","name":{"valueKind":"concrete-string","value":"stuff"},"value":{"valueKind":"abstract-object","value":{"objectKind":"allocation-site","allocationSite":{"fileName":"test/wala/string-prims.js","lineNumber":"2","columnNumber":"13"}}},"sourceLocation":{"fileName":"test/wala/string-prims.js","lineNumber":"2","columnNumber":"13"}}
{"entryKind":"write-variable","name":{"valueKind":"concrete-string","value":"words"},"value":{"valueKind":"abstract-object","value":{"objectKind":"other"}},"sourceLocation":{"fileName":"test/wala/string-prims.js","lineNumber":"4","columnNumber":"13"}}
